/Users/apple/Library/Mobile Documents/com~apple~CloudDocs/SProjects/myagent-continuous-ai-builder/venv/lib/python3.9/site-packages/urllib3/__init__.py:35: NotOpenSSLWarning: urllib3 v2 only supports OpenSSL 1.1.1+, currently the 'ssl' module is compiled with 'LibreSSL 2.8.3'. See: https://github.com/urllib3/urllib3/issues/3020
  warnings.warn(
============================= test session starts ==============================
platform darwin -- Python 3.9.6, pytest-8.1.1, pluggy-1.6.0
rootdir: /Users/apple/Library/Mobile Documents/com~apple~CloudDocs/SProjects/myagent-continuous-ai-builder
configfile: pytest.ini
plugins: asyncio-0.23.5, anyio-4.12.0, langsmith-0.4.37, cov-4.1.0
asyncio: mode=strict
collected 24 items

tests/unit/test_gpt5_p9_deployment.py .F..FF...FF....FFF.FFFFF           [100%]

=================================== FAILURES ===================================
_________ TestDeploymentOrchestrator.test_deployment_config_validation _________

self = <test_gpt5_p9_deployment.TestDeploymentOrchestrator object at 0x1486ac340>
deployment_orchestrator = <test_gpt5_p9_deployment.MockDeploymentOrchestrator object at 0x1486e1fd0>
sample_deployment_config = DeploymentConfig(deployment_id='test_deploy_001', application_name='myagent-api', version='v1.2.3', environment=<Envir...'}, rollback_enabled=True, max_deployment_duration=1800, health_check_endpoints=['/health', '/api/health', '/metrics'])

    @pytest.mark.asyncio
    async def test_deployment_config_validation(self, deployment_orchestrator, sample_deployment_config):
        """Test deployment configuration validation"""
        await deployment_orchestrator.initialize()
    
        # Test valid configuration
        validation_result = await deployment_orchestrator._validate_deployment_config(sample_deployment_config)
        assert validation_result["valid"] is True
        assert len(validation_result["errors"]) == 0
    
        # Test invalid configuration - missing application name
>       invalid_config = DeploymentConfig(
            deployment_id="invalid_deploy",
            application_name="",  # Invalid: empty
            version="v1.0.0",
            environment=Environment.DEVELOPMENT,
            strategy=DeploymentStrategy.RECREATE,
            quality_gates=[],
            environment_config={}  # Invalid: missing required keys
        )
E       TypeError: __init__() missing 1 required positional argument: 'secrets'

tests/unit/test_gpt5_p9_deployment.py:939: TypeError
___ TestDeploymentOrchestrator.test_deployment_creation_with_invalid_config ____

self = <test_gpt5_p9_deployment.TestDeploymentOrchestrator object at 0x14868d4f0>
deployment_orchestrator = <test_gpt5_p9_deployment.MockDeploymentOrchestrator object at 0x1487fc580>

    @pytest.mark.asyncio
    async def test_deployment_creation_with_invalid_config(self, deployment_orchestrator):
        """Test deployment creation with invalid configuration"""
        await deployment_orchestrator.initialize()
    
>       invalid_config = DeploymentConfig(
            deployment_id="invalid_deploy",
            application_name="",  # Invalid
            version="v1.0.0",
            environment=Environment.DEVELOPMENT,
            strategy=DeploymentStrategy.RECREATE,
            quality_gates=[],
            environment_config={}  # Invalid
        )
E       TypeError: __init__() missing 1 required positional argument: 'secrets'

tests/unit/test_gpt5_p9_deployment.py:994: TypeError
____ TestDeploymentOrchestrator.test_deployment_pipeline_execution_success _____

self = <test_gpt5_p9_deployment.TestDeploymentOrchestrator object at 0x14868d5e0>
deployment_orchestrator = <test_gpt5_p9_deployment.MockDeploymentOrchestrator object at 0x148808520>
sample_deployment_config = DeploymentConfig(deployment_id='test_deploy_001', application_name='myagent-api', version='v1.2.3', environment=<Envir...'}, rollback_enabled=True, max_deployment_duration=1800, health_check_endpoints=['/health', '/api/health', '/metrics'])

    @pytest.mark.asyncio
    async def test_deployment_pipeline_execution_success(self, deployment_orchestrator, sample_deployment_config):
        """Test successful deployment pipeline execution"""
        await deployment_orchestrator.initialize()
    
        # Create deployment
        deployment_id = await deployment_orchestrator.create_deployment(sample_deployment_config)
    
        # Execute deployment
        result = await deployment_orchestrator.execute_deployment(deployment_id)
    
>       assert result["status"] == DeploymentStatus.SUCCESS.value
E       AssertionError: assert 'rolled_back' == 'success'
E         
E         - success
E         + rolled_back

tests/unit/test_gpt5_p9_deployment.py:1018: AssertionError
________ TestDeploymentOrchestrator.test_deployment_rollback_on_failure ________

self = <test_gpt5_p9_deployment.TestDeploymentOrchestrator object at 0x1486ac8b0>
deployment_orchestrator = <test_gpt5_p9_deployment.MockDeploymentOrchestrator object at 0x14864e7c0>
sample_deployment_config = DeploymentConfig(deployment_id='test_deploy_001', application_name='myagent-api', version='v1.2.3', environment=<Envir...'}, rollback_enabled=True, max_deployment_duration=1800, health_check_endpoints=['/health', '/api/health', '/metrics'])

    @pytest.mark.asyncio
    async def test_deployment_rollback_on_failure(self, deployment_orchestrator, sample_deployment_config):
        """Test deployment rollback on pipeline failure"""
        await deployment_orchestrator.initialize()
    
        # Create quality gate that will fail
        failing_gate = QualityGate(
            name="test_coverage",
            threshold=99.0,  # Very high threshold that will fail
            description="Test coverage must be 99%",
            blocking=True
        )
        sample_deployment_config.quality_gates = [failing_gate]
    
        # Create deployment
        deployment_id = await deployment_orchestrator.create_deployment(sample_deployment_config)
    
        # Execute deployment (should fail and rollback)
        result = await deployment_orchestrator.execute_deployment(deployment_id)
    
        # Should have failed and been rolled back
>       assert result["status"] == DeploymentStatus.FAILED.value
E       AssertionError: assert 'rolled_back' == 'failed'
E         
E         - failed
E         + rolled_back

tests/unit/test_gpt5_p9_deployment.py:1133: AssertionError
___________ TestDeploymentOrchestrator.test_deployment_cancellation ____________

self = <test_gpt5_p9_deployment.TestDeploymentOrchestrator object at 0x14867d3d0>
deployment_orchestrator = <test_gpt5_p9_deployment.MockDeploymentOrchestrator object at 0x1487f7dc0>
sample_deployment_config = DeploymentConfig(deployment_id='test_deploy_001', application_name='myagent-api', version='v1.2.3', environment=<Envir...'}, rollback_enabled=True, max_deployment_duration=1800, health_check_endpoints=['/health', '/api/health', '/metrics'])

    @pytest.mark.asyncio
    async def test_deployment_cancellation(self, deployment_orchestrator, sample_deployment_config):
        """Test deployment cancellation"""
        await deployment_orchestrator.initialize()
    
        # Create deployment
        deployment_id = await deployment_orchestrator.create_deployment(sample_deployment_config)
    
        # Cancel deployment
        result = await deployment_orchestrator.cancel_deployment(deployment_id)
    
>       assert result["status"] == DeploymentStatus.CANCELLED.value
E       AssertionError: assert 'rolled_back' == 'cancelled'
E         
E         - cancelled
E         + rolled_back

tests/unit/test_gpt5_p9_deployment.py:1148: AssertionError
_________ TestDeploymentOrchestrator.test_deployment_status_retrieval __________

self = <test_gpt5_p9_deployment.TestDeploymentOrchestrator object at 0x1486d2b20>
deployment_orchestrator = <test_gpt5_p9_deployment.MockDeploymentOrchestrator object at 0x1487f6c40>
sample_deployment_config = DeploymentConfig(deployment_id='test_deploy_001', application_name='myagent-api', version='v1.2.3', environment=<Envir...'}, rollback_enabled=True, max_deployment_duration=1800, health_check_endpoints=['/health', '/api/health', '/metrics'])

    @pytest.mark.asyncio
    async def test_deployment_status_retrieval(self, deployment_orchestrator, sample_deployment_config):
        """Test deployment status retrieval"""
        await deployment_orchestrator.initialize()
    
        # Create deployment
        deployment_id = await deployment_orchestrator.create_deployment(sample_deployment_config)
    
        # Get status while active
        active_status = await deployment_orchestrator.get_deployment_status(deployment_id)
        assert active_status["status"] == DeploymentStatus.PENDING.value
    
        # Execute deployment
        await deployment_orchestrator.execute_deployment(deployment_id)
    
        # Get status from history
        completed_status = await deployment_orchestrator.get_deployment_status(deployment_id)
>       assert completed_status["status"] == DeploymentStatus.SUCCESS.value
E       AssertionError: assert 'rolled_back' == 'success'
E         
E         - success
E         + rolled_back

tests/unit/test_gpt5_p9_deployment.py:1273: AssertionError
_____ TestDeploymentOrchestrator.test_deployment_with_different_strategies _____

self = <test_gpt5_p9_deployment.TestDeploymentOrchestrator object at 0x1486d2dc0>
deployment_orchestrator = <test_gpt5_p9_deployment.MockDeploymentOrchestrator object at 0x1488babb0>
sample_deployment_config = DeploymentConfig(deployment_id='deploy_blue_green', application_name='myagent-api', version='v1.2.3', environment=<Env...'}, rollback_enabled=True, max_deployment_duration=1800, health_check_endpoints=['/health', '/api/health', '/metrics'])

    @pytest.mark.asyncio
    async def test_deployment_with_different_strategies(self, deployment_orchestrator, sample_deployment_config):
        """Test deployment with different deployment strategies"""
        await deployment_orchestrator.initialize()
    
        strategies = [
            DeploymentStrategy.BLUE_GREEN,
            DeploymentStrategy.ROLLING_UPDATE,
            DeploymentStrategy.CANARY
        ]
    
        for strategy in strategies:
            # Configure deployment with strategy
            sample_deployment_config.deployment_id = f"deploy_{strategy.value}"
            sample_deployment_config.strategy = strategy
            sample_deployment_config.environment = Environment.PRODUCTION
    
            # Create and execute deployment
            deployment_id = await deployment_orchestrator.create_deployment(sample_deployment_config)
            result = await deployment_orchestrator.execute_deployment(deployment_id)
    
>           assert result["status"] == DeploymentStatus.SUCCESS.value
E           AssertionError: assert 'rolled_back' == 'success'
E             
E             - success
E             + rolled_back

tests/unit/test_gpt5_p9_deployment.py:1296: AssertionError
____________ TestDeploymentOrchestrator.test_concurrent_deployments ____________

self = <test_gpt5_p9_deployment.TestDeploymentOrchestrator object at 0x1486db040>
deployment_orchestrator = <test_gpt5_p9_deployment.MockDeploymentOrchestrator object at 0x1488d5940>

    @pytest.mark.asyncio
    async def test_concurrent_deployments(self, deployment_orchestrator):
        """Test handling of concurrent deployments"""
        await deployment_orchestrator.initialize()
    
        # Create multiple deployment configs
        configs = []
        for i in range(3):
>           config = DeploymentConfig(
                deployment_id=f"concurrent_deploy_{i}",
                application_name=f"app_{i}",
                version=f"v1.{i}.0",
                environment=Environment.DEVELOPMENT,
                strategy=DeploymentStrategy.RECREATE,
                quality_gates=[],
                environment_config={
                    "replicas": 1,
                    "cpu_limit": "500m",
                    "memory_limit": "512Mi"
                }
            )
E           TypeError: __init__() missing 1 required positional argument: 'secrets'

tests/unit/test_gpt5_p9_deployment.py:1317: TypeError
__________ TestDeploymentOrchestrator.test_post_deployment_validation __________

self = <test_gpt5_p9_deployment.TestDeploymentOrchestrator object at 0x1486db5b0>
deployment_orchestrator = <test_gpt5_p9_deployment.MockDeploymentOrchestrator object at 0x1488cf910>
sample_deployment_config = DeploymentConfig(deployment_id='test_deploy_001', application_name='myagent-api', version='v1.2.3', environment=<Envir...ging_api_key'}, rollback_enabled=True, max_deployment_duration=1800, health_check_endpoints=['/health', '/api/status'])

    @pytest.mark.asyncio
    async def test_post_deployment_validation(self, deployment_orchestrator, sample_deployment_config):
        """Test post-deployment validation"""
        await deployment_orchestrator.initialize()
    
        # Set up production deployment with validation
        sample_deployment_config.environment = Environment.PRODUCTION
        sample_deployment_config.health_check_endpoints = ["/health", "/api/status"]
    
        # Create and execute deployment
        deployment_id = await deployment_orchestrator.create_deployment(sample_deployment_config)
        result = await deployment_orchestrator.execute_deployment(deployment_id)
    
        # Verify post-deployment validation was performed
>       assert "post_deployment_validation" in result["overall_metrics"]
E       AssertionError: assert 'post_deployment_validation' in {'rollback': {'rollback_duration': 0.5, 'rollback_plan': {'rollback_duration_estimate': 300, 'rollback_strategy': 'pre...lback_version': 'v1.0.1'}, 'rollback_status': 'completed', 'rollback_triggered_at': '2025-11-29T15:12:25.471551', ...}}

tests/unit/test_gpt5_p9_deployment.py:1382: AssertionError
____ TestDeploymentPipelineIntegration.test_pipeline_stages_from_test_data _____

self = <test_gpt5_p9_deployment.TestDeploymentPipelineIntegration object at 0x1486dba60>
deployment_orchestrator = <test_gpt5_p9_deployment.MockDeploymentOrchestrator object at 0x1488d94f0>
gpt5_test_data = {'deployment_strategies': ['rolling_update', 'blue_green', 'canary'], 'pipeline_stages': ['code_checkout', 'dependency..., 'threshold': 85.0}, {'name': 'security_score', 'threshold': 95.0}, {'name': 'performance_score', 'threshold': 90.0}]}

    @pytest.mark.asyncio
    async def test_pipeline_stages_from_test_data(self, deployment_orchestrator, gpt5_test_data):
        """Test pipeline stages configuration from test data"""
        if not gpt5_test_data or 'pipeline_stages' not in gpt5_test_data:
            pytest.skip("GPT-5 deployment test data not available")
    
        await deployment_orchestrator.initialize()
    
        expected_stages = gpt5_test_data['pipeline_stages']
    
        # Create deployment config
>       config = DeploymentConfig(
            deployment_id="pipeline_test",
            application_name="test_app",
            version="v1.0.0",
            environment=Environment.PRODUCTION,
            strategy=DeploymentStrategy.BLUE_GREEN,
            quality_gates=[],
            environment_config={"replicas": 1, "cpu_limit": "1000m", "memory_limit": "1Gi"}
        )
E       TypeError: __init__() missing 1 required positional argument: 'secrets'

tests/unit/test_gpt5_p9_deployment.py:1415: TypeError
_____ TestDeploymentPipelineIntegration.test_quality_gates_from_test_data ______

self = <test_gpt5_p9_deployment.TestDeploymentPipelineIntegration object at 0x1486d2910>
deployment_orchestrator = <test_gpt5_p9_deployment.MockDeploymentOrchestrator object at 0x1488ad4f0>
gpt5_test_data = {'deployment_strategies': ['rolling_update', 'blue_green', 'canary'], 'pipeline_stages': ['code_checkout', 'dependency..., 'threshold': 85.0}, {'name': 'security_score', 'threshold': 95.0}, {'name': 'performance_score', 'threshold': 90.0}]}

    @pytest.mark.asyncio
    async def test_quality_gates_from_test_data(self, deployment_orchestrator, gpt5_test_data):
        """Test quality gates configuration from test data"""
        if not gpt5_test_data or 'quality_gates' not in gpt5_test_data:
            pytest.skip("GPT-5 deployment test data not available")
    
        await deployment_orchestrator.initialize()
    
        test_gates_data = gpt5_test_data['quality_gates']
    
        # Create quality gates from test data
        quality_gates = []
        for gate_data in test_gates_data:
            gate = QualityGate(
                name=gate_data['name'],
                threshold=gate_data['threshold'],
                description=f"Quality gate for {gate_data['name']}",
                blocking=True
            )
            quality_gates.append(gate)
    
        # Create deployment with test data quality gates
>       config = DeploymentConfig(
            deployment_id="quality_gate_test",
            application_name="test_app",
            version="v1.0.0",
            environment=Environment.STAGING,
            strategy=DeploymentStrategy.ROLLING_UPDATE,
            quality_gates=quality_gates,
            environment_config={"replicas": 2, "cpu_limit": "1000m", "memory_limit": "1Gi"}
        )
E       TypeError: __init__() missing 1 required positional argument: 'secrets'

tests/unit/test_gpt5_p9_deployment.py:1455: TypeError
_ TestDeploymentPipelineIntegration.test_deployment_strategies_from_test_data __

self = <test_gpt5_p9_deployment.TestDeploymentPipelineIntegration object at 0x1486d23d0>
deployment_orchestrator = <test_gpt5_p9_deployment.MockDeploymentOrchestrator object at 0x148969ca0>
gpt5_test_data = {'deployment_strategies': ['rolling_update', 'blue_green', 'canary'], 'pipeline_stages': ['code_checkout', 'dependency..., 'threshold': 85.0}, {'name': 'security_score', 'threshold': 95.0}, {'name': 'performance_score', 'threshold': 90.0}]}

    @pytest.mark.asyncio
    async def test_deployment_strategies_from_test_data(self, deployment_orchestrator, gpt5_test_data):
        """Test deployment strategies from test data"""
        if not gpt5_test_data or 'deployment_strategies' not in gpt5_test_data:
            pytest.skip("GPT-5 deployment test data not available")
    
        await deployment_orchestrator.initialize()
    
        test_strategies = gpt5_test_data['deployment_strategies']
    
        for strategy_name in test_strategies:
            # Map string to enum
            strategy_mapping = {
                "rolling_update": DeploymentStrategy.ROLLING_UPDATE,
                "blue_green": DeploymentStrategy.BLUE_GREEN,
                "canary": DeploymentStrategy.CANARY
            }
    
            if strategy_name not in strategy_mapping:
                continue
    
            strategy = strategy_mapping[strategy_name]
    
            # Create deployment with strategy
>           config = DeploymentConfig(
                deployment_id=f"strategy_test_{strategy_name}",
                application_name="test_app",
                version="v1.0.0",
                environment=Environment.PRODUCTION,
                strategy=strategy,
                quality_gates=[],
                environment_config={"replicas": 3, "cpu_limit": "1000m", "memory_limit": "1Gi"}
            )
E           TypeError: __init__() missing 1 required positional argument: 'secrets'

tests/unit/test_gpt5_p9_deployment.py:1506: TypeError
_ TestDeploymentPipelineIntegration.test_multi_environment_deployment_workflow _

self = <test_gpt5_p9_deployment.TestDeploymentPipelineIntegration object at 0x1486ac910>
deployment_orchestrator = <test_gpt5_p9_deployment.MockDeploymentOrchestrator object at 0x1489806a0>
sample_deployment_config = DeploymentConfig(deployment_id='test_deploy_001', application_name='myagent-api', version='v1.2.3', environment=<Envir...'}, rollback_enabled=True, max_deployment_duration=1800, health_check_endpoints=['/health', '/api/health', '/metrics'])

    @pytest.mark.asyncio
    async def test_multi_environment_deployment_workflow(self, deployment_orchestrator, sample_deployment_config):
        """Test complete multi-environment deployment workflow"""
        await deployment_orchestrator.initialize()
    
        environments = [Environment.DEVELOPMENT, Environment.STAGING, Environment.PRODUCTION]
        deployment_results = {}
    
        for env in environments:
            # Configure for environment
>           config = DeploymentConfig(
                deployment_id=f"multi_env_{env.value}",
                application_name="myagent-api",
                version="v1.2.3",
                environment=env,
                strategy=DeploymentStrategy.ROLLING_UPDATE if env == Environment.PRODUCTION else DeploymentStrategy.RECREATE,
                quality_gates=sample_deployment_config.quality_gates,
                environment_config=deployment_orchestrator.environment_configs[env]
            )
E           TypeError: __init__() missing 1 required positional argument: 'secrets'

tests/unit/test_gpt5_p9_deployment.py:1531: TypeError
=============================== warnings summary ===============================
venv/lib/python3.9/site-packages/jupyter_client/connect.py:22
  /Users/apple/Library/Mobile Documents/com~apple~CloudDocs/SProjects/myagent-continuous-ai-builder/venv/lib/python3.9/site-packages/jupyter_client/connect.py:22: DeprecationWarning: Jupyter is migrating its paths to use standard platformdirs
  given by the platformdirs library.  To remove this warning and
  see the appropriate new directories, set the environment variable
  `JUPYTER_PLATFORM_DIRS=1` and then run `jupyter --paths`.
  The use of platformdirs will be the default in `jupyter_core` v6
    from jupyter_core.paths import jupyter_data_dir, jupyter_runtime_dir, secure_write

venv/lib/python3.9/site-packages/torch/nn/modules/transformer.py:20
  /Users/apple/Library/Mobile Documents/com~apple~CloudDocs/SProjects/myagent-continuous-ai-builder/venv/lib/python3.9/site-packages/torch/nn/modules/transformer.py:20: UserWarning: Failed to initialize NumPy: _ARRAY_API not found (Triggered internally at /Users/runner/work/pytorch/pytorch/pytorch/torch/csrc/utils/tensor_numpy.cpp:84.)
    device: torch.device = torch.device(torch._C._get_default_device()),  # torch.device('cpu'),

config/settings.py:19
  /Users/apple/Library/Mobile Documents/com~apple~CloudDocs/SProjects/myagent-continuous-ai-builder/config/settings.py:19: PydanticDeprecatedSince20: Using extra keyword arguments on `Field` is deprecated and will be removed. Use `json_schema_extra` instead. (Extra keys: 'env'). Deprecated in Pydantic V2.0 to be removed in V3.0. See Pydantic V2 Migration Guide at https://errors.pydantic.dev/2.12/migration/
    DEBUG: bool = Field(default=False, env="DEBUG")

config/settings.py:22
  /Users/apple/Library/Mobile Documents/com~apple~CloudDocs/SProjects/myagent-continuous-ai-builder/config/settings.py:22: PydanticDeprecatedSince20: Using extra keyword arguments on `Field` is deprecated and will be removed. Use `json_schema_extra` instead. (Extra keys: 'env'). Deprecated in Pydantic V2.0 to be removed in V3.0. See Pydantic V2 Migration Guide at https://errors.pydantic.dev/2.12/migration/
    API_HOST: str = Field(default="0.0.0.0", env="API_HOST")

config/settings.py:23
  /Users/apple/Library/Mobile Documents/com~apple~CloudDocs/SProjects/myagent-continuous-ai-builder/config/settings.py:23: PydanticDeprecatedSince20: Using extra keyword arguments on `Field` is deprecated and will be removed. Use `json_schema_extra` instead. (Extra keys: 'env'). Deprecated in Pydantic V2.0 to be removed in V3.0. See Pydantic V2 Migration Guide at https://errors.pydantic.dev/2.12/migration/
    API_PORT: int = Field(default=8000, env="API_PORT")

config/settings.py:24
  /Users/apple/Library/Mobile Documents/com~apple~CloudDocs/SProjects/myagent-continuous-ai-builder/config/settings.py:24: PydanticDeprecatedSince20: Using extra keyword arguments on `Field` is deprecated and will be removed. Use `json_schema_extra` instead. (Extra keys: 'env'). Deprecated in Pydantic V2.0 to be removed in V3.0. See Pydantic V2 Migration Guide at https://errors.pydantic.dev/2.12/migration/
    API_WORKERS: int = Field(default=4, env="API_WORKERS")

config/settings.py:25
  /Users/apple/Library/Mobile Documents/com~apple~CloudDocs/SProjects/myagent-continuous-ai-builder/config/settings.py:25: PydanticDeprecatedSince20: Using extra keyword arguments on `Field` is deprecated and will be removed. Use `json_schema_extra` instead. (Extra keys: 'env'). Deprecated in Pydantic V2.0 to be removed in V3.0. See Pydantic V2 Migration Guide at https://errors.pydantic.dev/2.12/migration/
    CORS_ORIGINS: List[str] = Field(

config/settings.py:31
  /Users/apple/Library/Mobile Documents/com~apple~CloudDocs/SProjects/myagent-continuous-ai-builder/config/settings.py:31: PydanticDeprecatedSince20: Using extra keyword arguments on `Field` is deprecated and will be removed. Use `json_schema_extra` instead. (Extra keys: 'env'). Deprecated in Pydantic V2.0 to be removed in V3.0. See Pydantic V2 Migration Guide at https://errors.pydantic.dev/2.12/migration/
    DATABASE_URL: str = Field(

config/settings.py:35
  /Users/apple/Library/Mobile Documents/com~apple~CloudDocs/SProjects/myagent-continuous-ai-builder/config/settings.py:35: PydanticDeprecatedSince20: Using extra keyword arguments on `Field` is deprecated and will be removed. Use `json_schema_extra` instead. (Extra keys: 'env'). Deprecated in Pydantic V2.0 to be removed in V3.0. See Pydantic V2 Migration Guide at https://errors.pydantic.dev/2.12/migration/
    DATABASE_POOL_SIZE: int = Field(default=20, env="DATABASE_POOL_SIZE")

config/settings.py:36
  /Users/apple/Library/Mobile Documents/com~apple~CloudDocs/SProjects/myagent-continuous-ai-builder/config/settings.py:36: PydanticDeprecatedSince20: Using extra keyword arguments on `Field` is deprecated and will be removed. Use `json_schema_extra` instead. (Extra keys: 'env'). Deprecated in Pydantic V2.0 to be removed in V3.0. See Pydantic V2 Migration Guide at https://errors.pydantic.dev/2.12/migration/
    DATABASE_MAX_OVERFLOW: int = Field(default=10, env="DATABASE_MAX_OVERFLOW")

config/settings.py:39
  /Users/apple/Library/Mobile Documents/com~apple~CloudDocs/SProjects/myagent-continuous-ai-builder/config/settings.py:39: PydanticDeprecatedSince20: Using extra keyword arguments on `Field` is deprecated and will be removed. Use `json_schema_extra` instead. (Extra keys: 'env'). Deprecated in Pydantic V2.0 to be removed in V3.0. See Pydantic V2 Migration Guide at https://errors.pydantic.dev/2.12/migration/
    REDIS_URL: str = Field(default="redis://localhost:6379/0", env="REDIS_URL")

config/settings.py:40
  /Users/apple/Library/Mobile Documents/com~apple~CloudDocs/SProjects/myagent-continuous-ai-builder/config/settings.py:40: PydanticDeprecatedSince20: Using extra keyword arguments on `Field` is deprecated and will be removed. Use `json_schema_extra` instead. (Extra keys: 'env'). Deprecated in Pydantic V2.0 to be removed in V3.0. See Pydantic V2 Migration Guide at https://errors.pydantic.dev/2.12/migration/
    REDIS_MAX_CONNECTIONS: int = Field(default=50, env="REDIS_MAX_CONNECTIONS")

config/settings.py:42
  /Users/apple/Library/Mobile Documents/com~apple~CloudDocs/SProjects/myagent-continuous-ai-builder/config/settings.py:42: PydanticDeprecatedSince20: Pydantic V1 style `@validator` validators are deprecated. You should migrate to Pydantic V2 style `@field_validator` validators, see the migration guide for more details. Deprecated in Pydantic V2.0 to be removed in V3.0. See Pydantic V2 Migration Guide at https://errors.pydantic.dev/2.12/migration/
    @validator("DATABASE_URL", pre=True, always=True)

config/settings.py:55
  /Users/apple/Library/Mobile Documents/com~apple~CloudDocs/SProjects/myagent-continuous-ai-builder/config/settings.py:55: PydanticDeprecatedSince20: Using extra keyword arguments on `Field` is deprecated and will be removed. Use `json_schema_extra` instead. (Extra keys: 'env'). Deprecated in Pydantic V2.0 to be removed in V3.0. See Pydantic V2 Migration Guide at https://errors.pydantic.dev/2.12/migration/
    CHROMADB_HOST: str = Field(default="localhost", env="CHROMADB_HOST")

config/settings.py:56
  /Users/apple/Library/Mobile Documents/com~apple~CloudDocs/SProjects/myagent-continuous-ai-builder/config/settings.py:56: PydanticDeprecatedSince20: Using extra keyword arguments on `Field` is deprecated and will be removed. Use `json_schema_extra` instead. (Extra keys: 'env'). Deprecated in Pydantic V2.0 to be removed in V3.0. See Pydantic V2 Migration Guide at https://errors.pydantic.dev/2.12/migration/
    CHROMADB_PORT: int = Field(default=8000, env="CHROMADB_PORT")

config/settings.py:57
  /Users/apple/Library/Mobile Documents/com~apple~CloudDocs/SProjects/myagent-continuous-ai-builder/config/settings.py:57: PydanticDeprecatedSince20: Using extra keyword arguments on `Field` is deprecated and will be removed. Use `json_schema_extra` instead. (Extra keys: 'env'). Deprecated in Pydantic V2.0 to be removed in V3.0. See Pydantic V2 Migration Guide at https://errors.pydantic.dev/2.12/migration/
    CHROMADB_PATH: str = Field(

config/settings.py:63
  /Users/apple/Library/Mobile Documents/com~apple~CloudDocs/SProjects/myagent-continuous-ai-builder/config/settings.py:63: PydanticDeprecatedSince20: Using extra keyword arguments on `Field` is deprecated and will be removed. Use `json_schema_extra` instead. (Extra keys: 'env'). Deprecated in Pydantic V2.0 to be removed in V3.0. See Pydantic V2 Migration Guide at https://errors.pydantic.dev/2.12/migration/
    OPENAI_API_KEY: Optional[str] = Field(default=None, env="OPENAI_API_KEY")

config/settings.py:64
  /Users/apple/Library/Mobile Documents/com~apple~CloudDocs/SProjects/myagent-continuous-ai-builder/config/settings.py:64: PydanticDeprecatedSince20: Using extra keyword arguments on `Field` is deprecated and will be removed. Use `json_schema_extra` instead. (Extra keys: 'env'). Deprecated in Pydantic V2.0 to be removed in V3.0. See Pydantic V2 Migration Guide at https://errors.pydantic.dev/2.12/migration/
    ANTHROPIC_API_KEY: Optional[str] = Field(default=None, env="ANTHROPIC_API_KEY")

config/settings.py:65
  /Users/apple/Library/Mobile Documents/com~apple~CloudDocs/SProjects/myagent-continuous-ai-builder/config/settings.py:65: PydanticDeprecatedSince20: Using extra keyword arguments on `Field` is deprecated and will be removed. Use `json_schema_extra` instead. (Extra keys: 'env'). Deprecated in Pydantic V2.0 to be removed in V3.0. See Pydantic V2 Migration Guide at https://errors.pydantic.dev/2.12/migration/
    OLLAMA_BASE_URL: str = Field(

config/settings.py:71
  /Users/apple/Library/Mobile Documents/com~apple~CloudDocs/SProjects/myagent-continuous-ai-builder/config/settings.py:71: PydanticDeprecatedSince20: Using extra keyword arguments on `Field` is deprecated and will be removed. Use `json_schema_extra` instead. (Extra keys: 'env'). Deprecated in Pydantic V2.0 to be removed in V3.0. See Pydantic V2 Migration Guide at https://errors.pydantic.dev/2.12/migration/
    DEFAULT_LLM_PROVIDER: str = Field(default="openai", env="DEFAULT_LLM_PROVIDER")

config/settings.py:72
  /Users/apple/Library/Mobile Documents/com~apple~CloudDocs/SProjects/myagent-continuous-ai-builder/config/settings.py:72: PydanticDeprecatedSince20: Using extra keyword arguments on `Field` is deprecated and will be removed. Use `json_schema_extra` instead. (Extra keys: 'env'). Deprecated in Pydantic V2.0 to be removed in V3.0. See Pydantic V2 Migration Guide at https://errors.pydantic.dev/2.12/migration/
    DEFAULT_MODEL: str = Field(default="gpt-5-chat-latest", env="DEFAULT_MODEL")

config/settings.py:73
  /Users/apple/Library/Mobile Documents/com~apple~CloudDocs/SProjects/myagent-continuous-ai-builder/config/settings.py:73: PydanticDeprecatedSince20: Using extra keyword arguments on `Field` is deprecated and will be removed. Use `json_schema_extra` instead. (Extra keys: 'env'). Deprecated in Pydantic V2.0 to be removed in V3.0. See Pydantic V2 Migration Guide at https://errors.pydantic.dev/2.12/migration/
    LLM_TEMPERATURE: float = Field(default=0.7, env="LLM_TEMPERATURE")

config/settings.py:74
  /Users/apple/Library/Mobile Documents/com~apple~CloudDocs/SProjects/myagent-continuous-ai-builder/config/settings.py:74: PydanticDeprecatedSince20: Using extra keyword arguments on `Field` is deprecated and will be removed. Use `json_schema_extra` instead. (Extra keys: 'env'). Deprecated in Pydantic V2.0 to be removed in V3.0. See Pydantic V2 Migration Guide at https://errors.pydantic.dev/2.12/migration/
    LLM_MAX_TOKENS: int = Field(default=2000, env="LLM_MAX_TOKENS")

config/settings.py:77
  /Users/apple/Library/Mobile Documents/com~apple~CloudDocs/SProjects/myagent-continuous-ai-builder/config/settings.py:77: PydanticDeprecatedSince20: Using extra keyword arguments on `Field` is deprecated and will be removed. Use `json_schema_extra` instead. (Extra keys: 'env'). Deprecated in Pydantic V2.0 to be removed in V3.0. See Pydantic V2 Migration Guide at https://errors.pydantic.dev/2.12/migration/
    TARGET_TEST_COVERAGE: float = Field(default=95.0, env="TARGET_TEST_COVERAGE")

config/settings.py:78
  /Users/apple/Library/Mobile Documents/com~apple~CloudDocs/SProjects/myagent-continuous-ai-builder/config/settings.py:78: PydanticDeprecatedSince20: Using extra keyword arguments on `Field` is deprecated and will be removed. Use `json_schema_extra` instead. (Extra keys: 'env'). Deprecated in Pydantic V2.0 to be removed in V3.0. See Pydantic V2 Migration Guide at https://errors.pydantic.dev/2.12/migration/
    TARGET_PERFORMANCE_SCORE: float = Field(

config/settings.py:82
  /Users/apple/Library/Mobile Documents/com~apple~CloudDocs/SProjects/myagent-continuous-ai-builder/config/settings.py:82: PydanticDeprecatedSince20: Using extra keyword arguments on `Field` is deprecated and will be removed. Use `json_schema_extra` instead. (Extra keys: 'env'). Deprecated in Pydantic V2.0 to be removed in V3.0. See Pydantic V2 Migration Guide at https://errors.pydantic.dev/2.12/migration/
    TARGET_DOCUMENTATION_COVERAGE: float = Field(

config/settings.py:86
  /Users/apple/Library/Mobile Documents/com~apple~CloudDocs/SProjects/myagent-continuous-ai-builder/config/settings.py:86: PydanticDeprecatedSince20: Using extra keyword arguments on `Field` is deprecated and will be removed. Use `json_schema_extra` instead. (Extra keys: 'env'). Deprecated in Pydantic V2.0 to be removed in V3.0. See Pydantic V2 Migration Guide at https://errors.pydantic.dev/2.12/migration/
    TARGET_CODE_QUALITY_SCORE: float = Field(

config/settings.py:90
  /Users/apple/Library/Mobile Documents/com~apple~CloudDocs/SProjects/myagent-continuous-ai-builder/config/settings.py:90: PydanticDeprecatedSince20: Using extra keyword arguments on `Field` is deprecated and will be removed. Use `json_schema_extra` instead. (Extra keys: 'env'). Deprecated in Pydantic V2.0 to be removed in V3.0. See Pydantic V2 Migration Guide at https://errors.pydantic.dev/2.12/migration/
    TARGET_SECURITY_SCORE: float = Field(default=95.0, env="TARGET_SECURITY_SCORE")

config/settings.py:91
  /Users/apple/Library/Mobile Documents/com~apple~CloudDocs/SProjects/myagent-continuous-ai-builder/config/settings.py:91: PydanticDeprecatedSince20: Using extra keyword arguments on `Field` is deprecated and will be removed. Use `json_schema_extra` instead. (Extra keys: 'env'). Deprecated in Pydantic V2.0 to be removed in V3.0. See Pydantic V2 Migration Guide at https://errors.pydantic.dev/2.12/migration/
    TARGET_USER_SATISFACTION: float = Field(

config/settings.py:97
  /Users/apple/Library/Mobile Documents/com~apple~CloudDocs/SProjects/myagent-continuous-ai-builder/config/settings.py:97: PydanticDeprecatedSince20: Using extra keyword arguments on `Field` is deprecated and will be removed. Use `json_schema_extra` instead. (Extra keys: 'env'). Deprecated in Pydantic V2.0 to be removed in V3.0. See Pydantic V2 Migration Guide at https://errors.pydantic.dev/2.12/migration/
    MAX_AGENT_RETRIES: int = Field(default=3, env="MAX_AGENT_RETRIES")

config/settings.py:98
  /Users/apple/Library/Mobile Documents/com~apple~CloudDocs/SProjects/myagent-continuous-ai-builder/config/settings.py:98: PydanticDeprecatedSince20: Using extra keyword arguments on `Field` is deprecated and will be removed. Use `json_schema_extra` instead. (Extra keys: 'env'). Deprecated in Pydantic V2.0 to be removed in V3.0. See Pydantic V2 Migration Guide at https://errors.pydantic.dev/2.12/migration/
    AGENT_TIMEOUT_SECONDS: int = Field(default=300, env="AGENT_TIMEOUT_SECONDS")

config/settings.py:99
  /Users/apple/Library/Mobile Documents/com~apple~CloudDocs/SProjects/myagent-continuous-ai-builder/config/settings.py:99: PydanticDeprecatedSince20: Using extra keyword arguments on `Field` is deprecated and will be removed. Use `json_schema_extra` instead. (Extra keys: 'env'). Deprecated in Pydantic V2.0 to be removed in V3.0. See Pydantic V2 Migration Guide at https://errors.pydantic.dev/2.12/migration/
    CHECKPOINT_INTERVAL_HOURS: int = Field(

config/settings.py:105
  /Users/apple/Library/Mobile Documents/com~apple~CloudDocs/SProjects/myagent-continuous-ai-builder/config/settings.py:105: PydanticDeprecatedSince20: Using extra keyword arguments on `Field` is deprecated and will be removed. Use `json_schema_extra` instead. (Extra keys: 'env'). Deprecated in Pydantic V2.0 to be removed in V3.0. See Pydantic V2 Migration Guide at https://errors.pydantic.dev/2.12/migration/
    PERSISTENCE_DIR: Path = Field(

config/settings.py:109
  /Users/apple/Library/Mobile Documents/com~apple~CloudDocs/SProjects/myagent-continuous-ai-builder/config/settings.py:109: PydanticDeprecatedSince20: Using extra keyword arguments on `Field` is deprecated and will be removed. Use `json_schema_extra` instead. (Extra keys: 'env'). Deprecated in Pydantic V2.0 to be removed in V3.0. See Pydantic V2 Migration Guide at https://errors.pydantic.dev/2.12/migration/
    LOGS_DIR: Path = Field(default=Path("logs"), env="LOGS_DIR")

config/settings.py:112
  /Users/apple/Library/Mobile Documents/com~apple~CloudDocs/SProjects/myagent-continuous-ai-builder/config/settings.py:112: PydanticDeprecatedSince20: Using extra keyword arguments on `Field` is deprecated and will be removed. Use `json_schema_extra` instead. (Extra keys: 'env'). Deprecated in Pydantic V2.0 to be removed in V3.0. See Pydantic V2 Migration Guide at https://errors.pydantic.dev/2.12/migration/
    SECRET_KEY: str = Field(

config/settings.py:116
  /Users/apple/Library/Mobile Documents/com~apple~CloudDocs/SProjects/myagent-continuous-ai-builder/config/settings.py:116: PydanticDeprecatedSince20: Using extra keyword arguments on `Field` is deprecated and will be removed. Use `json_schema_extra` instead. (Extra keys: 'env'). Deprecated in Pydantic V2.0 to be removed in V3.0. See Pydantic V2 Migration Guide at https://errors.pydantic.dev/2.12/migration/
    JWT_ALGORITHM: str = Field(default="HS256", env="JWT_ALGORITHM")

config/settings.py:117
  /Users/apple/Library/Mobile Documents/com~apple~CloudDocs/SProjects/myagent-continuous-ai-builder/config/settings.py:117: PydanticDeprecatedSince20: Using extra keyword arguments on `Field` is deprecated and will be removed. Use `json_schema_extra` instead. (Extra keys: 'env'). Deprecated in Pydantic V2.0 to be removed in V3.0. See Pydantic V2 Migration Guide at https://errors.pydantic.dev/2.12/migration/
    JWT_EXPIRATION_MINUTES: int = Field(

config/settings.py:123
  /Users/apple/Library/Mobile Documents/com~apple~CloudDocs/SProjects/myagent-continuous-ai-builder/config/settings.py:123: PydanticDeprecatedSince20: Using extra keyword arguments on `Field` is deprecated and will be removed. Use `json_schema_extra` instead. (Extra keys: 'env'). Deprecated in Pydantic V2.0 to be removed in V3.0. See Pydantic V2 Migration Guide at https://errors.pydantic.dev/2.12/migration/
    RATE_LIMIT_PER_MINUTE: int = Field(default=100, env="RATE_LIMIT_PER_MINUTE")

config/settings.py:125
  /Users/apple/Library/Mobile Documents/com~apple~CloudDocs/SProjects/myagent-continuous-ai-builder/config/settings.py:125: PydanticDeprecatedSince20: Pydantic V1 style `@validator` validators are deprecated. You should migrate to Pydantic V2 style `@field_validator` validators, see the migration guide for more details. Deprecated in Pydantic V2.0 to be removed in V3.0. See Pydantic V2 Migration Guide at https://errors.pydantic.dev/2.12/migration/
    @validator("CORS_ORIGINS", pre=True)

config/settings.py:132
  /Users/apple/Library/Mobile Documents/com~apple~CloudDocs/SProjects/myagent-continuous-ai-builder/config/settings.py:132: PydanticDeprecatedSince20: Pydantic V1 style `@validator` validators are deprecated. You should migrate to Pydantic V2 style `@field_validator` validators, see the migration guide for more details. Deprecated in Pydantic V2.0 to be removed in V3.0. See Pydantic V2 Migration Guide at https://errors.pydantic.dev/2.12/migration/
    @validator("PERSISTENCE_DIR", "LOGS_DIR", pre=True)

config/settings.py:13
  /Users/apple/Library/Mobile Documents/com~apple~CloudDocs/SProjects/myagent-continuous-ai-builder/config/settings.py:13: PydanticDeprecatedSince20: Support for class-based `config` is deprecated, use ConfigDict instead. Deprecated in Pydantic V2.0 to be removed in V3.0. See Pydantic V2 Migration Guide at https://errors.pydantic.dev/2.12/migration/
    class Settings(BaseSettings):

tests/conftest.py:506
  /Users/apple/Library/Mobile Documents/com~apple~CloudDocs/SProjects/myagent-continuous-ai-builder/tests/conftest.py:506: PytestUnknownMarkWarning: Unknown pytest.mark.unit - is this a typo?  You can register custom marks to avoid this warning - for details, see https://docs.pytest.org/en/stable/how-to/mark.html
    item.add_marker(pytest.mark.unit)

tests/unit/test_gpt5_p9_deployment.py::TestDeploymentOrchestrator::test_deployment_orchestrator_initialization
  /Users/apple/Library/Mobile Documents/com~apple~CloudDocs/SProjects/myagent-continuous-ai-builder/venv/lib/python3.9/site-packages/pytest_asyncio/plugin.py:769: DeprecationWarning: The event_loop fixture provided by pytest-asyncio has been redefined in
  /Users/apple/Library/Mobile Documents/com~apple~CloudDocs/SProjects/myagent-continuous-ai-builder/tests/conftest.py:49
  Replacing the event_loop fixture with a custom implementation is deprecated
  and will lead to errors in the future.
  If you want to request an asyncio event loop with a scope other than function
  scope, use the "scope" argument to the asyncio mark when marking the tests.
  If you want to return different types of event loops, use the event_loop_policy
  fixture.
  
    warnings.warn(

-- Docs: https://docs.pytest.org/en/stable/how-to/capture-warnings.html
=========================== short test summary info ============================
FAILED tests/unit/test_gpt5_p9_deployment.py::TestDeploymentOrchestrator::test_deployment_config_validation
FAILED tests/unit/test_gpt5_p9_deployment.py::TestDeploymentOrchestrator::test_deployment_creation_with_invalid_config
FAILED tests/unit/test_gpt5_p9_deployment.py::TestDeploymentOrchestrator::test_deployment_pipeline_execution_success
FAILED tests/unit/test_gpt5_p9_deployment.py::TestDeploymentOrchestrator::test_deployment_rollback_on_failure
FAILED tests/unit/test_gpt5_p9_deployment.py::TestDeploymentOrchestrator::test_deployment_cancellation
FAILED tests/unit/test_gpt5_p9_deployment.py::TestDeploymentOrchestrator::test_deployment_status_retrieval
FAILED tests/unit/test_gpt5_p9_deployment.py::TestDeploymentOrchestrator::test_deployment_with_different_strategies
FAILED tests/unit/test_gpt5_p9_deployment.py::TestDeploymentOrchestrator::test_concurrent_deployments
FAILED tests/unit/test_gpt5_p9_deployment.py::TestDeploymentOrchestrator::test_post_deployment_validation
FAILED tests/unit/test_gpt5_p9_deployment.py::TestDeploymentPipelineIntegration::test_pipeline_stages_from_test_data
FAILED tests/unit/test_gpt5_p9_deployment.py::TestDeploymentPipelineIntegration::test_quality_gates_from_test_data
FAILED tests/unit/test_gpt5_p9_deployment.py::TestDeploymentPipelineIntegration::test_deployment_strategies_from_test_data
FAILED tests/unit/test_gpt5_p9_deployment.py::TestDeploymentPipelineIntegration::test_multi_environment_deployment_workflow
================== 13 failed, 11 passed, 43 warnings in 0.79s ==================
