/Users/apple/Library/Mobile Documents/com~apple~CloudDocs/SProjects/myagent-continuous-ai-builder/venv/lib/python3.9/site-packages/urllib3/__init__.py:35: NotOpenSSLWarning: urllib3 v2 only supports OpenSSL 1.1.1+, currently the 'ssl' module is compiled with 'LibreSSL 2.8.3'. See: https://github.com/urllib3/urllib3/issues/3020
  warnings.warn(

A module that was compiled using NumPy 1.x cannot be run in
NumPy 2.0.2 as it may crash. To support both 1.x and 2.x
versions of NumPy, modules must be compiled with NumPy 2.0.
Some module may need to rebuild instead e.g. with 'pybind11>=2.12'.

If you are a user of the module, the easiest solution will be to
downgrade to 'numpy<2' or try to upgrade the affected module.
We expect that some modules will need time to support NumPy 2.

Traceback (most recent call last):  File "/Library/Developer/CommandLineTools/Library/Frameworks/Python3.framework/Versions/3.9/lib/python3.9/runpy.py", line 197, in _run_module_as_main
    return _run_code(code, main_globals, None,
  File "/Library/Developer/CommandLineTools/Library/Frameworks/Python3.framework/Versions/3.9/lib/python3.9/runpy.py", line 87, in _run_code
    exec(code, run_globals)
  File "/Users/apple/Library/Mobile Documents/com~apple~CloudDocs/SProjects/myagent-continuous-ai-builder/venv/lib/python3.9/site-packages/pytest/__main__.py", line 7, in <module>
    raise SystemExit(pytest.console_main())
  File "/Users/apple/Library/Mobile Documents/com~apple~CloudDocs/SProjects/myagent-continuous-ai-builder/venv/lib/python3.9/site-packages/_pytest/config/__init__.py", line 197, in console_main
    code = main()
  File "/Users/apple/Library/Mobile Documents/com~apple~CloudDocs/SProjects/myagent-continuous-ai-builder/venv/lib/python3.9/site-packages/_pytest/config/__init__.py", line 155, in main
    config = _prepareconfig(args, plugins)
  File "/Users/apple/Library/Mobile Documents/com~apple~CloudDocs/SProjects/myagent-continuous-ai-builder/venv/lib/python3.9/site-packages/_pytest/config/__init__.py", line 337, in _prepareconfig
    config = pluginmanager.hook.pytest_cmdline_parse(
  File "/Users/apple/Library/Mobile Documents/com~apple~CloudDocs/SProjects/myagent-continuous-ai-builder/venv/lib/python3.9/site-packages/pluggy/_hooks.py", line 512, in __call__
    return self._hookexec(self.name, self._hookimpls.copy(), kwargs, firstresult)
  File "/Users/apple/Library/Mobile Documents/com~apple~CloudDocs/SProjects/myagent-continuous-ai-builder/venv/lib/python3.9/site-packages/pluggy/_manager.py", line 120, in _hookexec
    return self._inner_hookexec(hook_name, methods, kwargs, firstresult)
  File "/Users/apple/Library/Mobile Documents/com~apple~CloudDocs/SProjects/myagent-continuous-ai-builder/venv/lib/python3.9/site-packages/pluggy/_callers.py", line 121, in _multicall
    res = hook_impl.function(*args)
  File "/Users/apple/Library/Mobile Documents/com~apple~CloudDocs/SProjects/myagent-continuous-ai-builder/venv/lib/python3.9/site-packages/_pytest/config/__init__.py", line 1143, in pytest_cmdline_parse
    self.parse(args)
  File "/Users/apple/Library/Mobile Documents/com~apple~CloudDocs/SProjects/myagent-continuous-ai-builder/venv/lib/python3.9/site-packages/_pytest/config/__init__.py", line 1492, in parse
    self._preparse(args, addopts=addopts)
  File "/Users/apple/Library/Mobile Documents/com~apple~CloudDocs/SProjects/myagent-continuous-ai-builder/venv/lib/python3.9/site-packages/_pytest/config/__init__.py", line 1396, in _preparse
    self.hook.pytest_load_initial_conftests(
  File "/Users/apple/Library/Mobile Documents/com~apple~CloudDocs/SProjects/myagent-continuous-ai-builder/venv/lib/python3.9/site-packages/pluggy/_hooks.py", line 512, in __call__
    return self._hookexec(self.name, self._hookimpls.copy(), kwargs, firstresult)
  File "/Users/apple/Library/Mobile Documents/com~apple~CloudDocs/SProjects/myagent-continuous-ai-builder/venv/lib/python3.9/site-packages/pluggy/_manager.py", line 120, in _hookexec
    return self._inner_hookexec(hook_name, methods, kwargs, firstresult)
  File "/Users/apple/Library/Mobile Documents/com~apple~CloudDocs/SProjects/myagent-continuous-ai-builder/venv/lib/python3.9/site-packages/pluggy/_callers.py", line 121, in _multicall
    res = hook_impl.function(*args)
  File "/Users/apple/Library/Mobile Documents/com~apple~CloudDocs/SProjects/myagent-continuous-ai-builder/venv/lib/python3.9/site-packages/_pytest/config/__init__.py", line 1221, in pytest_load_initial_conftests
    self.pluginmanager._set_initial_conftests(
  File "/Users/apple/Library/Mobile Documents/com~apple~CloudDocs/SProjects/myagent-continuous-ai-builder/venv/lib/python3.9/site-packages/_pytest/config/__init__.py", line 579, in _set_initial_conftests
    self._try_load_conftest(
  File "/Users/apple/Library/Mobile Documents/com~apple~CloudDocs/SProjects/myagent-continuous-ai-builder/venv/lib/python3.9/site-packages/_pytest/config/__init__.py", line 617, in _try_load_conftest
    self._loadconftestmodules(
  File "/Users/apple/Library/Mobile Documents/com~apple~CloudDocs/SProjects/myagent-continuous-ai-builder/venv/lib/python3.9/site-packages/_pytest/config/__init__.py", line 657, in _loadconftestmodules
    mod = self._importconftest(
  File "/Users/apple/Library/Mobile Documents/com~apple~CloudDocs/SProjects/myagent-continuous-ai-builder/venv/lib/python3.9/site-packages/_pytest/config/__init__.py", line 708, in _importconftest
    mod = import_path(
  File "/Users/apple/Library/Mobile Documents/com~apple~CloudDocs/SProjects/myagent-continuous-ai-builder/venv/lib/python3.9/site-packages/_pytest/pathlib.py", line 584, in import_path
    importlib.import_module(module_name)
  File "/Library/Developer/CommandLineTools/Library/Frameworks/Python3.framework/Versions/3.9/lib/python3.9/importlib/__init__.py", line 127, in import_module
    return _bootstrap._gcd_import(name[level:], package, level)
  File "/Users/apple/Library/Mobile Documents/com~apple~CloudDocs/SProjects/myagent-continuous-ai-builder/venv/lib/python3.9/site-packages/_pytest/assertion/rewrite.py", line 178, in exec_module
    exec(co, module.__dict__)
  File "/Users/apple/Library/Mobile Documents/com~apple~CloudDocs/SProjects/myagent-continuous-ai-builder/tests/conftest.py", line 17, in <module>
    from core.orchestrator.continuous_director import ContinuousDirector
  File "/Users/apple/Library/Mobile Documents/com~apple~CloudDocs/SProjects/myagent-continuous-ai-builder/core/__init__.py", line 10, in <module>
    from . import agents
  File "/Users/apple/Library/Mobile Documents/com~apple~CloudDocs/SProjects/myagent-continuous-ai-builder/core/agents/__init__.py", line 8, in <module>
    from .coder_agent import CoderAgent
  File "/Users/apple/Library/Mobile Documents/com~apple~CloudDocs/SProjects/myagent-continuous-ai-builder/core/agents/coder_agent.py", line 13, in <module>
    from langchain_openai import ChatOpenAI
  File "/Users/apple/Library/Mobile Documents/com~apple~CloudDocs/SProjects/myagent-continuous-ai-builder/venv/lib/python3.9/site-packages/langchain_openai/__init__.py", line 3, in <module>
    from langchain_openai.chat_models import AzureChatOpenAI, ChatOpenAI
  File "/Users/apple/Library/Mobile Documents/com~apple~CloudDocs/SProjects/myagent-continuous-ai-builder/venv/lib/python3.9/site-packages/langchain_openai/chat_models/__init__.py", line 3, in <module>
    from langchain_openai.chat_models.azure import AzureChatOpenAI
  File "/Users/apple/Library/Mobile Documents/com~apple~CloudDocs/SProjects/myagent-continuous-ai-builder/venv/lib/python3.9/site-packages/langchain_openai/chat_models/azure.py", line 11, in <module>
    from langchain_core.language_models import LanguageModelInput
  File "/Users/apple/Library/Mobile Documents/com~apple~CloudDocs/SProjects/myagent-continuous-ai-builder/venv/lib/python3.9/site-packages/langchain_core/language_models/__init__.py", line 112, in __getattr__
    result = import_attr(attr_name, module_name, __spec__.parent)
  File "/Users/apple/Library/Mobile Documents/com~apple~CloudDocs/SProjects/myagent-continuous-ai-builder/venv/lib/python3.9/site-packages/langchain_core/_import_utils.py", line 36, in import_attr
    module = import_module(f".{module_name}", package=package)
  File "/Library/Developer/CommandLineTools/Library/Frameworks/Python3.framework/Versions/3.9/lib/python3.9/importlib/__init__.py", line 127, in import_module
    return _bootstrap._gcd_import(name[level:], package, level)
  File "/Users/apple/Library/Mobile Documents/com~apple~CloudDocs/SProjects/myagent-continuous-ai-builder/venv/lib/python3.9/site-packages/langchain_core/language_models/base.py", line 44, in <module>
    from transformers import GPT2TokenizerFast  # type: ignore[import-not-found]
  File "/Users/apple/Library/Mobile Documents/com~apple~CloudDocs/SProjects/myagent-continuous-ai-builder/venv/lib/python3.9/site-packages/transformers/__init__.py", line 27, in <module>
    from . import dependency_versions_check
  File "/Users/apple/Library/Mobile Documents/com~apple~CloudDocs/SProjects/myagent-continuous-ai-builder/venv/lib/python3.9/site-packages/transformers/dependency_versions_check.py", line 16, in <module>
    from .utils.versions import require_version, require_version_core
  File "/Users/apple/Library/Mobile Documents/com~apple~CloudDocs/SProjects/myagent-continuous-ai-builder/venv/lib/python3.9/site-packages/transformers/utils/__init__.py", line 24, in <module>
    from .auto_docstring import (
  File "/Users/apple/Library/Mobile Documents/com~apple~CloudDocs/SProjects/myagent-continuous-ai-builder/venv/lib/python3.9/site-packages/transformers/utils/auto_docstring.py", line 30, in <module>
    from .generic import ModelOutput
  File "/Users/apple/Library/Mobile Documents/com~apple~CloudDocs/SProjects/myagent-continuous-ai-builder/venv/lib/python3.9/site-packages/transformers/utils/generic.py", line 51, in <module>
    import torch
  File "/Users/apple/Library/Mobile Documents/com~apple~CloudDocs/SProjects/myagent-continuous-ai-builder/venv/lib/python3.9/site-packages/torch/__init__.py", line 1477, in <module>
    from .functional import *  # noqa: F403
  File "/Users/apple/Library/Mobile Documents/com~apple~CloudDocs/SProjects/myagent-continuous-ai-builder/venv/lib/python3.9/site-packages/torch/functional.py", line 9, in <module>
    import torch.nn.functional as F
  File "/Users/apple/Library/Mobile Documents/com~apple~CloudDocs/SProjects/myagent-continuous-ai-builder/venv/lib/python3.9/site-packages/torch/nn/__init__.py", line 1, in <module>
    from .modules import *  # noqa: F403
  File "/Users/apple/Library/Mobile Documents/com~apple~CloudDocs/SProjects/myagent-continuous-ai-builder/venv/lib/python3.9/site-packages/torch/nn/modules/__init__.py", line 35, in <module>
    from .transformer import TransformerEncoder, TransformerDecoder, \
  File "/Users/apple/Library/Mobile Documents/com~apple~CloudDocs/SProjects/myagent-continuous-ai-builder/venv/lib/python3.9/site-packages/torch/nn/modules/transformer.py", line 20, in <module>
    device: torch.device = torch.device(torch._C._get_default_device()),  # torch.device('cpu'),
tree-sitter not available; will use Python ast fallback
[32m2025-11-29 15:16:08[0m | [1mINFO    [0m | [36mconfig.logging_config[0m:[36msetup_logging[0m:[36m100[0m - [1mLogging configured: level=INFO, file_logging=True[0m
============================= test session starts ==============================
platform darwin -- Python 3.9.6, pytest-8.1.1, pluggy-1.6.0
rootdir: /Users/apple/Library/Mobile Documents/com~apple~CloudDocs/SProjects/myagent-continuous-ai-builder
configfile: pytest.ini
plugins: asyncio-0.23.5, anyio-4.12.0, langsmith-0.4.37, cov-4.1.0
asyncio: mode=strict
collected 24 items

tests/unit/test_gpt5_p9_deployment.py .....DEBUG: Executing stage DeploymentStage.CODE_CHECKOUT
DEBUG: Stage DeploymentStage.CODE_CHECKOUT result: DeploymentStatus.SUCCESS
DEBUG: Executing stage DeploymentStage.DEPENDENCY_INSTALLATION
DEBUG: Stage DeploymentStage.DEPENDENCY_INSTALLATION result: DeploymentStatus.SUCCESS
DEBUG: Executing stage DeploymentStage.UNIT_TESTS
DEBUG: Stage DeploymentStage.UNIT_TESTS result: DeploymentStatus.SUCCESS
DEBUG: Gate test_coverage: val=96.5, thresh=95.0, passed=True
DEBUG: Gate code_quality: val=None, thresh=85.0, passed=None
DEBUG: Gate security_score: val=None, thresh=95.0, passed=None
DEBUG: Gate performance_score: val=None, thresh=90.0, passed=None
DEBUG: Quality gates failed: ['code_quality', 'security_score']
F..DEBUG: Executing stage DeploymentStage.CODE_CHECKOUT
DEBUG: Stage DeploymentStage.CODE_CHECKOUT result: DeploymentStatus.SUCCESS
DEBUG: Executing stage DeploymentStage.DEPENDENCY_INSTALLATION
DEBUG: Stage DeploymentStage.DEPENDENCY_INSTALLATION result: DeploymentStatus.SUCCESS
DEBUG: Executing stage DeploymentStage.UNIT_TESTS
DEBUG: Stage DeploymentStage.UNIT_TESTS result: DeploymentStatus.SUCCESS
DEBUG: Gate test_coverage: val=96.5, thresh=95.0, passed=True
DEBUG: Gate code_quality: val=None, thresh=85.0, passed=None
DEBUG: Gate security_score: val=None, thresh=95.0, passed=None
DEBUG: Gate performance_score: val=None, thresh=90.0, passed=None
DEBUG: Quality gates failed: ['code_quality', 'security_score']
FDEBUG: Executing stage DeploymentStage.CODE_CHECKOUT
DEBUG: Stage DeploymentStage.CODE_CHECKOUT result: DeploymentStatus.SUCCESS
DEBUG: Executing stage DeploymentStage.DEPENDENCY_INSTALLATION
DEBUG: Stage DeploymentStage.DEPENDENCY_INSTALLATION result: DeploymentStatus.SUCCESS
DEBUG: Executing stage DeploymentStage.UNIT_TESTS
DEBUG: Stage DeploymentStage.UNIT_TESTS result: DeploymentStatus.SUCCESS
DEBUG: Gate test_coverage: val=96.5, thresh=99.0, passed=False
DEBUG: Quality gates failed: ['test_coverage']
...DEBUG: Executing stage DeploymentStage.CODE_CHECKOUT
DEBUG: Stage DeploymentStage.CODE_CHECKOUT result: DeploymentStatus.SUCCESS
DEBUG: Executing stage DeploymentStage.DEPENDENCY_INSTALLATION
DEBUG: Stage DeploymentStage.DEPENDENCY_INSTALLATION result: DeploymentStatus.SUCCESS
DEBUG: Executing stage DeploymentStage.UNIT_TESTS
DEBUG: Stage DeploymentStage.UNIT_TESTS result: DeploymentStatus.SUCCESS
DEBUG: Gate test_coverage: val=96.5, thresh=95.0, passed=True
DEBUG: Gate code_quality: val=None, thresh=85.0, passed=None
DEBUG: Gate security_score: val=None, thresh=95.0, passed=None
DEBUG: Gate performance_score: val=None, thresh=90.0, passed=None
DEBUG: Quality gates failed: ['code_quality', 'security_score']
.DEBUG: Executing stage DeploymentStage.CODE_CHECKOUT
DEBUG: Stage DeploymentStage.CODE_CHECKOUT result: DeploymentStatus.SUCCESS
DEBUG: Executing stage DeploymentStage.DEPENDENCY_INSTALLATION
DEBUG: Stage DeploymentStage.DEPENDENCY_INSTALLATION result: DeploymentStatus.SUCCESS
DEBUG: Executing stage DeploymentStage.UNIT_TESTS
DEBUG: Stage DeploymentStage.UNIT_TESTS result: DeploymentStatus.SUCCESS
DEBUG: Gate test_coverage: val=96.5, thresh=95.0, passed=True
DEBUG: Gate code_quality: val=None, thresh=85.0, passed=None
DEBUG: Gate security_score: val=None, thresh=95.0, passed=None
DEBUG: Gate performance_score: val=None, thresh=90.0, passed=None
DEBUG: Quality gates failed: ['code_quality', 'security_score']
..DEBUG: Executing stage DeploymentStage.CODE_CHECKOUT
DEBUG: Stage DeploymentStage.CODE_CHECKOUT result: DeploymentStatus.SUCCESS
DEBUG: Executing stage DeploymentStage.DEPENDENCY_INSTALLATION
DEBUG: Stage DeploymentStage.DEPENDENCY_INSTALLATION result: DeploymentStatus.SUCCESS
DEBUG: Executing stage DeploymentStage.UNIT_TESTS
DEBUG: Stage DeploymentStage.UNIT_TESTS result: DeploymentStatus.SUCCESS
DEBUG: Gate test_coverage: val=96.5, thresh=95.0, passed=True
DEBUG: Gate code_quality: val=None, thresh=85.0, passed=None
DEBUG: Gate security_score: val=None, thresh=95.0, passed=None
DEBUG: Gate performance_score: val=None, thresh=90.0, passed=None
DEBUG: Quality gates failed: ['code_quality', 'security_score']
FDEBUG: Executing stage DeploymentStage.CODE_CHECKOUT
DEBUG: Stage DeploymentStage.CODE_CHECKOUT result: DeploymentStatus.SUCCESS
DEBUG: Executing stage DeploymentStage.DEPENDENCY_INSTALLATION
DEBUG: Stage DeploymentStage.DEPENDENCY_INSTALLATION result: DeploymentStatus.SUCCESS
DEBUG: Executing stage DeploymentStage.UNIT_TESTS
DEBUG: Stage DeploymentStage.UNIT_TESTS result: DeploymentStatus.SUCCESS
DEBUG: Gate test_coverage: val=96.5, thresh=95.0, passed=True
DEBUG: Gate code_quality: val=None, thresh=85.0, passed=None
DEBUG: Gate security_score: val=None, thresh=95.0, passed=None
DEBUG: Gate performance_score: val=None, thresh=90.0, passed=None
DEBUG: Quality gates failed: ['code_quality', 'security_score']
FDEBUG: Executing stage DeploymentStage.CODE_CHECKOUT
DEBUG: Stage DeploymentStage.CODE_CHECKOUT result: DeploymentStatus.SUCCESS
DEBUG: Executing stage DeploymentStage.DEPENDENCY_INSTALLATION
DEBUG: Stage DeploymentStage.DEPENDENCY_INSTALLATION result: DeploymentStatus.SUCCESS
DEBUG: Executing stage DeploymentStage.UNIT_TESTS
DEBUG: Stage DeploymentStage.UNIT_TESTS result: DeploymentStatus.SUCCESS
DEBUG: Executing stage DeploymentStage.INTEGRATION_TESTS
DEBUG: Stage DeploymentStage.INTEGRATION_TESTS result: DeploymentStatus.SUCCESS
DEBUG: Executing stage DeploymentStage.SECURITY_SCAN
DEBUG: Stage DeploymentStage.SECURITY_SCAN result: DeploymentStatus.SUCCESS
DEBUG: Executing stage DeploymentStage.BUILD_ARTIFACTS
DEBUG: Stage DeploymentStage.BUILD_ARTIFACTS result: DeploymentStatus.SUCCESS
DEBUG: Executing stage DeploymentStage.CODE_CHECKOUT
DEBUG: Stage DeploymentStage.CODE_CHECKOUT result: DeploymentStatus.SUCCESS
DEBUG: Executing stage DeploymentStage.DEPENDENCY_INSTALLATION
DEBUG: Stage DeploymentStage.DEPENDENCY_INSTALLATION result: DeploymentStatus.SUCCESS
DEBUG: Executing stage DeploymentStage.UNIT_TESTS
DEBUG: Stage DeploymentStage.UNIT_TESTS result: DeploymentStatus.SUCCESS
DEBUG: Executing stage DeploymentStage.INTEGRATION_TESTS
DEBUG: Stage DeploymentStage.INTEGRATION_TESTS result: DeploymentStatus.SUCCESS
DEBUG: Executing stage DeploymentStage.SECURITY_SCAN
DEBUG: Stage DeploymentStage.SECURITY_SCAN result: DeploymentStatus.SUCCESS
DEBUG: Executing stage DeploymentStage.BUILD_ARTIFACTS
DEBUG: Stage DeploymentStage.BUILD_ARTIFACTS result: DeploymentStatus.SUCCESS
DEBUG: Executing stage DeploymentStage.CODE_CHECKOUT
DEBUG: Stage DeploymentStage.CODE_CHECKOUT result: DeploymentStatus.SUCCESS
DEBUG: Executing stage DeploymentStage.DEPENDENCY_INSTALLATION
DEBUG: Stage DeploymentStage.DEPENDENCY_INSTALLATION result: DeploymentStatus.SUCCESS
DEBUG: Executing stage DeploymentStage.UNIT_TESTS
DEBUG: Stage DeploymentStage.UNIT_TESTS result: DeploymentStatus.SUCCESS
DEBUG: Executing stage DeploymentStage.INTEGRATION_TESTS
DEBUG: Stage DeploymentStage.INTEGRATION_TESTS result: DeploymentStatus.SUCCESS
DEBUG: Executing stage DeploymentStage.SECURITY_SCAN
DEBUG: Stage DeploymentStage.SECURITY_SCAN result: DeploymentStatus.SUCCESS
DEBUG: Executing stage DeploymentStage.BUILD_ARTIFACTS
DEBUG: Stage DeploymentStage.BUILD_ARTIFACTS result: DeploymentStatus.SUCCESS
..DEBUG: Executing stage DeploymentStage.CODE_CHECKOUT
DEBUG: Stage DeploymentStage.CODE_CHECKOUT result: DeploymentStatus.SUCCESS
DEBUG: Executing stage DeploymentStage.DEPENDENCY_INSTALLATION
DEBUG: Stage DeploymentStage.DEPENDENCY_INSTALLATION result: DeploymentStatus.SUCCESS
DEBUG: Executing stage DeploymentStage.UNIT_TESTS
DEBUG: Stage DeploymentStage.UNIT_TESTS result: DeploymentStatus.SUCCESS
DEBUG: Gate test_coverage: val=96.5, thresh=95.0, passed=True
DEBUG: Gate code_quality: val=None, thresh=85.0, passed=None
DEBUG: Gate security_score: val=None, thresh=95.0, passed=None
DEBUG: Gate performance_score: val=None, thresh=90.0, passed=None
DEBUG: Quality gates failed: ['code_quality', 'security_score']
F.DEBUG: Executing stage DeploymentStage.CODE_CHECKOUT
DEBUG: Stage DeploymentStage.CODE_CHECKOUT result: DeploymentStatus.SUCCESS
DEBUG: Executing stage DeploymentStage.DEPENDENCY_INSTALLATION
DEBUG: Stage DeploymentStage.DEPENDENCY_INSTALLATION result: DeploymentStatus.SUCCESS
DEBUG: Executing stage DeploymentStage.UNIT_TESTS
DEBUG: Stage DeploymentStage.UNIT_TESTS result: DeploymentStatus.SUCCESS
DEBUG: Gate test_coverage: val=96.5, thresh=95.0, passed=True
DEBUG: Gate code_quality: val=None, thresh=85.0, passed=None
DEBUG: Gate security_score: val=None, thresh=95.0, passed=None
DEBUG: Gate performance_score: val=None, thresh=90.0, passed=None
DEBUG: Quality gates failed: ['code_quality', 'security_score', 'performance_score']
FDEBUG: Executing stage DeploymentStage.CODE_CHECKOUT
DEBUG: Stage DeploymentStage.CODE_CHECKOUT result: DeploymentStatus.SUCCESS
DEBUG: Executing stage DeploymentStage.DEPENDENCY_INSTALLATION
DEBUG: Stage DeploymentStage.DEPENDENCY_INSTALLATION result: DeploymentStatus.SUCCESS
DEBUG: Executing stage DeploymentStage.UNIT_TESTS
DEBUG: Stage DeploymentStage.UNIT_TESTS result: DeploymentStatus.SUCCESS
DEBUG: Executing stage DeploymentStage.INTEGRATION_TESTS
DEBUG: Stage DeploymentStage.INTEGRATION_TESTS result: DeploymentStatus.SUCCESS
DEBUG: Executing stage DeploymentStage.SECURITY_SCAN
DEBUG: Stage DeploymentStage.SECURITY_SCAN result: DeploymentStatus.SUCCESS
DEBUG: Executing stage DeploymentStage.BUILD_ARTIFACTS
DEBUG: Stage DeploymentStage.BUILD_ARTIFACTS result: DeploymentStatus.SUCCESS
DEBUG: Executing stage DeploymentStage.DEPLOY_STAGING
DEBUG: Stage DeploymentStage.DEPLOY_STAGING result: DeploymentStatus.SUCCESS
DEBUG: Executing stage DeploymentStage.SMOKE_TESTS
DEBUG: Stage DeploymentStage.SMOKE_TESTS result: DeploymentStatus.SUCCESS
DEBUG: Executing stage DeploymentStage.DEPLOY_PRODUCTION
DEBUG: Stage DeploymentStage.DEPLOY_PRODUCTION result: DeploymentStatus.SUCCESS
DEBUG: Executing stage DeploymentStage.POST_DEPLOYMENT_VALIDATION
DEBUG: Stage DeploymentStage.POST_DEPLOYMENT_VALIDATION result: DeploymentStatus.SUCCESS
DEBUG: Executing stage DeploymentStage.CODE_CHECKOUT
DEBUG: Stage DeploymentStage.CODE_CHECKOUT result: DeploymentStatus.SUCCESS
DEBUG: Executing stage DeploymentStage.DEPENDENCY_INSTALLATION
DEBUG: Stage DeploymentStage.DEPENDENCY_INSTALLATION result: DeploymentStatus.SUCCESS
DEBUG: Executing stage DeploymentStage.UNIT_TESTS
DEBUG: Stage DeploymentStage.UNIT_TESTS result: DeploymentStatus.SUCCESS
DEBUG: Executing stage DeploymentStage.INTEGRATION_TESTS
DEBUG: Stage DeploymentStage.INTEGRATION_TESTS result: DeploymentStatus.SUCCESS
DEBUG: Executing stage DeploymentStage.SECURITY_SCAN
DEBUG: Stage DeploymentStage.SECURITY_SCAN result: DeploymentStatus.SUCCESS
DEBUG: Executing stage DeploymentStage.BUILD_ARTIFACTS
DEBUG: Stage DeploymentStage.BUILD_ARTIFACTS result: DeploymentStatus.SUCCESS
DEBUG: Executing stage DeploymentStage.DEPLOY_STAGING
DEBUG: Stage DeploymentStage.DEPLOY_STAGING result: DeploymentStatus.SUCCESS
DEBUG: Executing stage DeploymentStage.SMOKE_TESTS
DEBUG: Stage DeploymentStage.SMOKE_TESTS result: DeploymentStatus.SUCCESS
DEBUG: Executing stage DeploymentStage.DEPLOY_PRODUCTION
DEBUG: Stage DeploymentStage.DEPLOY_PRODUCTION result: DeploymentStatus.SUCCESS
DEBUG: Executing stage DeploymentStage.POST_DEPLOYMENT_VALIDATION
DEBUG: Stage DeploymentStage.POST_DEPLOYMENT_VALIDATION result: DeploymentStatus.SUCCESS
DEBUG: Executing stage DeploymentStage.CODE_CHECKOUT
DEBUG: Stage DeploymentStage.CODE_CHECKOUT result: DeploymentStatus.SUCCESS
DEBUG: Executing stage DeploymentStage.DEPENDENCY_INSTALLATION
DEBUG: Stage DeploymentStage.DEPENDENCY_INSTALLATION result: DeploymentStatus.SUCCESS
DEBUG: Executing stage DeploymentStage.UNIT_TESTS
DEBUG: Stage DeploymentStage.UNIT_TESTS result: DeploymentStatus.SUCCESS
DEBUG: Executing stage DeploymentStage.INTEGRATION_TESTS
DEBUG: Stage DeploymentStage.INTEGRATION_TESTS result: DeploymentStatus.SUCCESS
DEBUG: Executing stage DeploymentStage.SECURITY_SCAN
DEBUG: Stage DeploymentStage.SECURITY_SCAN result: DeploymentStatus.SUCCESS
DEBUG: Executing stage DeploymentStage.BUILD_ARTIFACTS
DEBUG: Stage DeploymentStage.BUILD_ARTIFACTS result: DeploymentStatus.SUCCESS
DEBUG: Executing stage DeploymentStage.DEPLOY_STAGING
DEBUG: Stage DeploymentStage.DEPLOY_STAGING result: DeploymentStatus.SUCCESS
DEBUG: Executing stage DeploymentStage.SMOKE_TESTS
DEBUG: Stage DeploymentStage.SMOKE_TESTS result: DeploymentStatus.SUCCESS
DEBUG: Executing stage DeploymentStage.DEPLOY_PRODUCTION
DEBUG: Stage DeploymentStage.DEPLOY_PRODUCTION result: DeploymentStatus.SUCCESS
DEBUG: Executing stage DeploymentStage.POST_DEPLOYMENT_VALIDATION
DEBUG: Stage DeploymentStage.POST_DEPLOYMENT_VALIDATION result: DeploymentStatus.SUCCESS
.DEBUG: Executing stage DeploymentStage.CODE_CHECKOUT
DEBUG: Stage DeploymentStage.CODE_CHECKOUT result: DeploymentStatus.SUCCESS
DEBUG: Executing stage DeploymentStage.DEPENDENCY_INSTALLATION
DEBUG: Stage DeploymentStage.DEPENDENCY_INSTALLATION result: DeploymentStatus.SUCCESS
DEBUG: Executing stage DeploymentStage.UNIT_TESTS
DEBUG: Stage DeploymentStage.UNIT_TESTS result: DeploymentStatus.SUCCESS
DEBUG: Gate test_coverage: val=96.5, thresh=95.0, passed=True
DEBUG: Gate code_quality: val=None, thresh=85.0, passed=None
DEBUG: Gate security_score: val=None, thresh=95.0, passed=None
DEBUG: Gate performance_score: val=None, thresh=90.0, passed=None
DEBUG: Quality gates failed: ['code_quality', 'security_score']
DEBUG: Executing stage DeploymentStage.CODE_CHECKOUT
DEBUG: Stage DeploymentStage.CODE_CHECKOUT result: DeploymentStatus.SUCCESS
DEBUG: Executing stage DeploymentStage.DEPENDENCY_INSTALLATION
DEBUG: Stage DeploymentStage.DEPENDENCY_INSTALLATION result: DeploymentStatus.SUCCESS
DEBUG: Executing stage DeploymentStage.UNIT_TESTS
DEBUG: Stage DeploymentStage.UNIT_TESTS result: DeploymentStatus.SUCCESS
DEBUG: Gate test_coverage: val=96.5, thresh=95.0, passed=True
DEBUG: Gate code_quality: val=None, thresh=85.0, passed=None
DEBUG: Gate security_score: val=None, thresh=95.0, passed=None
DEBUG: Gate performance_score: val=None, thresh=90.0, passed=None
DEBUG: Quality gates failed: ['code_quality', 'security_score']
DEBUG: Executing stage DeploymentStage.CODE_CHECKOUT
DEBUG: Stage DeploymentStage.CODE_CHECKOUT result: DeploymentStatus.SUCCESS
DEBUG: Executing stage DeploymentStage.DEPENDENCY_INSTALLATION
DEBUG: Stage DeploymentStage.DEPENDENCY_INSTALLATION result: DeploymentStatus.SUCCESS
DEBUG: Executing stage DeploymentStage.UNIT_TESTS
DEBUG: Stage DeploymentStage.UNIT_TESTS result: DeploymentStatus.SUCCESS
DEBUG: Gate test_coverage: val=96.5, thresh=95.0, passed=True
DEBUG: Gate code_quality: val=None, thresh=85.0, passed=None
DEBUG: Gate security_score: val=None, thresh=95.0, passed=None
DEBUG: Gate performance_score: val=None, thresh=90.0, passed=None
DEBUG: Quality gates failed: ['code_quality', 'security_score']
F

=================================== FAILURES ===================================
____ TestDeploymentOrchestrator.test_deployment_pipeline_execution_success _____

self = <test_gpt5_p9_deployment.TestDeploymentOrchestrator object at 0x14c45b280>
deployment_orchestrator = <test_gpt5_p9_deployment.MockDeploymentOrchestrator object at 0x14c710790>
sample_deployment_config = DeploymentConfig(deployment_id='test_deploy_001', application_name='myagent-api', version='v1.2.3', environment=<Envir...'}, rollback_enabled=True, max_deployment_duration=1800, health_check_endpoints=['/health', '/api/health', '/metrics'])

    @pytest.mark.asyncio
    async def test_deployment_pipeline_execution_success(self, deployment_orchestrator, sample_deployment_config):
        """Test successful deployment pipeline execution"""
        await deployment_orchestrator.initialize()
    
        # Create deployment
        deployment_id = await deployment_orchestrator.create_deployment(sample_deployment_config)
    
        # Execute deployment
        result = await deployment_orchestrator.execute_deployment(deployment_id)
    
>       assert result["status"] == DeploymentStatus.SUCCESS.value
E       AssertionError: assert 'rolled_back' == 'success'
E         
E         - success
E         + rolled_back

tests/unit/test_gpt5_p9_deployment.py:1022: AssertionError
__________ TestDeploymentOrchestrator.test_quality_gates_integration ___________

self = <test_gpt5_p9_deployment.TestDeploymentOrchestrator object at 0x14c45b250>
deployment_orchestrator = <test_gpt5_p9_deployment.MockDeploymentOrchestrator object at 0x14c73efa0>
sample_deployment_config = DeploymentConfig(deployment_id='test_deploy_001', application_name='myagent-api', version='v1.2.3', environment=<Envir...'}, rollback_enabled=True, max_deployment_duration=1800, health_check_endpoints=['/health', '/api/health', '/metrics'])

    @pytest.mark.asyncio
    async def test_quality_gates_integration(self, deployment_orchestrator, sample_deployment_config):
        """Test quality gates integration with pipeline"""
        await deployment_orchestrator.initialize()
    
        # Create deployment
        deployment_id = await deployment_orchestrator.create_deployment(sample_deployment_config)
    
        # Execute deployment
        result = await deployment_orchestrator.execute_deployment(deployment_id)
    
        # Find stage with quality gates
        unit_test_stage = next(
            (sr for sr in result["stage_results"] if sr["stage"] == DeploymentStage.UNIT_TESTS.value),
            None
        )
    
        assert unit_test_stage is not None
>       assert "quality_gates" in unit_test_stage["metrics"]
E       AssertionError: assert 'quality_gates' in {'coverage_percentage': 92.0, 'test_execution_time': 0.5, 'tests_passed': 48, 'tests_run': 50}

tests/unit/test_gpt5_p9_deployment.py:1110: AssertionError
_________ TestDeploymentOrchestrator.test_deployment_status_retrieval __________

self = <test_gpt5_p9_deployment.TestDeploymentOrchestrator object at 0x14c455370>
deployment_orchestrator = <test_gpt5_p9_deployment.MockDeploymentOrchestrator object at 0x14c389490>
sample_deployment_config = DeploymentConfig(deployment_id='test_deploy_001', application_name='myagent-api', version='v1.2.3', environment=<Envir...'}, rollback_enabled=True, max_deployment_duration=1800, health_check_endpoints=['/health', '/api/health', '/metrics'])

    @pytest.mark.asyncio
    async def test_deployment_status_retrieval(self, deployment_orchestrator, sample_deployment_config):
        """Test deployment status retrieval"""
        await deployment_orchestrator.initialize()
    
        # Create deployment
        deployment_id = await deployment_orchestrator.create_deployment(sample_deployment_config)
    
        # Get status while active
        active_status = await deployment_orchestrator.get_deployment_status(deployment_id)
        assert active_status["status"] == DeploymentStatus.PENDING.value
    
        # Execute deployment
        await deployment_orchestrator.execute_deployment(deployment_id)
    
        # Get status from history
        completed_status = await deployment_orchestrator.get_deployment_status(deployment_id)
>       assert completed_status["status"] == DeploymentStatus.SUCCESS.value
E       AssertionError: assert 'rolled_back' == 'success'
E         
E         - success
E         + rolled_back

tests/unit/test_gpt5_p9_deployment.py:1278: AssertionError
_____ TestDeploymentOrchestrator.test_deployment_with_different_strategies _____

self = <test_gpt5_p9_deployment.TestDeploymentOrchestrator object at 0x14c4553a0>
deployment_orchestrator = <test_gpt5_p9_deployment.MockDeploymentOrchestrator object at 0x14c3aedc0>
sample_deployment_config = DeploymentConfig(deployment_id='deploy_blue_green', application_name='myagent-api', version='v1.2.3', environment=<Env...'}, rollback_enabled=True, max_deployment_duration=1800, health_check_endpoints=['/health', '/api/health', '/metrics'])

    @pytest.mark.asyncio
    async def test_deployment_with_different_strategies(self, deployment_orchestrator, sample_deployment_config):
        """Test deployment with different deployment strategies"""
        await deployment_orchestrator.initialize()
    
        strategies = [
            DeploymentStrategy.BLUE_GREEN,
            DeploymentStrategy.ROLLING_UPDATE,
            DeploymentStrategy.CANARY
        ]
    
        for strategy in strategies:
            # Configure deployment with strategy
            sample_deployment_config.deployment_id = f"deploy_{strategy.value}"
            sample_deployment_config.strategy = strategy
            sample_deployment_config.environment = Environment.PRODUCTION
    
            # Create and execute deployment
            deployment_id = await deployment_orchestrator.create_deployment(sample_deployment_config)
            result = await deployment_orchestrator.execute_deployment(deployment_id)
    
>           assert result["status"] == DeploymentStatus.SUCCESS.value
E           AssertionError: assert 'rolled_back' == 'success'
E             
E             - success
E             + rolled_back

tests/unit/test_gpt5_p9_deployment.py:1301: AssertionError
__________ TestDeploymentOrchestrator.test_post_deployment_validation __________

self = <test_gpt5_p9_deployment.TestDeploymentOrchestrator object at 0x14c455d00>
deployment_orchestrator = <test_gpt5_p9_deployment.MockDeploymentOrchestrator object at 0x14c6e3310>
sample_deployment_config = DeploymentConfig(deployment_id='test_deploy_001', application_name='myagent-api', version='v1.2.3', environment=<Envir...ging_api_key'}, rollback_enabled=True, max_deployment_duration=1800, health_check_endpoints=['/health', '/api/status'])

    @pytest.mark.asyncio
    async def test_post_deployment_validation(self, deployment_orchestrator, sample_deployment_config):
        """Test post-deployment validation"""
        await deployment_orchestrator.initialize()
    
        # Set up production deployment with validation
        sample_deployment_config.environment = Environment.PRODUCTION
        sample_deployment_config.health_check_endpoints = ["/health", "/api/status"]
    
        # Create and execute deployment
        deployment_id = await deployment_orchestrator.create_deployment(sample_deployment_config)
        result = await deployment_orchestrator.execute_deployment(deployment_id)
    
        # Verify post-deployment validation was performed
>       assert "post_deployment_validation" in result["overall_metrics"]
E       AssertionError: assert 'post_deployment_validation' in {'failed_gates': ['code_quality', 'security_score'], 'failure_reason': 'quality_gate_failure', 'rollback': {'rollback_...ne, 'threshold': 95.0}, 'test_coverage': {'blocking': True, 'current_value': 96.5, 'passed': True, 'threshold': 95.0}}}

tests/unit/test_gpt5_p9_deployment.py:1388: AssertionError
_____ TestDeploymentPipelineIntegration.test_quality_gates_from_test_data ______

self = <test_gpt5_p9_deployment.TestDeploymentPipelineIntegration object at 0x14c455b80>
deployment_orchestrator = <test_gpt5_p9_deployment.MockDeploymentOrchestrator object at 0x14c3a5430>
gpt5_test_data = {'deployment_strategies': ['rolling_update', 'blue_green', 'canary'], 'pipeline_stages': ['code_checkout', 'dependency..., 'threshold': 85.0}, {'name': 'security_score', 'threshold': 95.0}, {'name': 'performance_score', 'threshold': 90.0}]}

    @pytest.mark.asyncio
    async def test_quality_gates_from_test_data(self, deployment_orchestrator, gpt5_test_data):
        """Test quality gates configuration from test data"""
        if not gpt5_test_data or 'quality_gates' not in gpt5_test_data:
            pytest.skip("GPT-5 deployment test data not available")
    
        await deployment_orchestrator.initialize()
    
        test_gates_data = gpt5_test_data['quality_gates']
    
        # Create quality gates from test data
        quality_gates = []
        for gate_data in test_gates_data:
            gate = QualityGate(
                name=gate_data['name'],
                threshold=gate_data['threshold'],
                description=f"Quality gate for {gate_data['name']}",
                blocking=True
            )
            quality_gates.append(gate)
    
        # Create deployment with test data quality gates
        config = DeploymentConfig(
            deployment_id="quality_gate_test",
            application_name="test_app",
            version="v1.0.0",
            environment=Environment.STAGING,
            strategy=DeploymentStrategy.ROLLING_UPDATE,
            quality_gates=quality_gates,
            environment_config={"replicas": 2, "cpu_limit": "1000m", "memory_limit": "1Gi"},
            secrets={}
        )
    
        deployment_id = await deployment_orchestrator.create_deployment(config)
        result = await deployment_orchestrator.execute_deployment(deployment_id)
    
        # Verify quality gates were evaluated
        stage_with_gates = next(
            (sr for sr in result["stage_results"]
             if "quality_gates" in sr.get("metrics", {})),
            None
        )
    
>       assert stage_with_gates is not None
E       assert None is not None

tests/unit/test_gpt5_p9_deployment.py:1483: AssertionError
_ TestDeploymentPipelineIntegration.test_multi_environment_deployment_workflow _

self = <test_gpt5_p9_deployment.TestDeploymentPipelineIntegration object at 0x14c3ff610>
deployment_orchestrator = <test_gpt5_p9_deployment.MockDeploymentOrchestrator object at 0x14c66f280>
sample_deployment_config = DeploymentConfig(deployment_id='test_deploy_001', application_name='myagent-api', version='v1.2.3', environment=<Envir...'}, rollback_enabled=True, max_deployment_duration=1800, health_check_endpoints=['/health', '/api/health', '/metrics'])

    @pytest.mark.asyncio
    async def test_multi_environment_deployment_workflow(self, deployment_orchestrator, sample_deployment_config):
        """Test complete multi-environment deployment workflow"""
        await deployment_orchestrator.initialize()
    
        environments = [Environment.DEVELOPMENT, Environment.STAGING, Environment.PRODUCTION]
        deployment_results = {}
    
        for env in environments:
            # Configure for environment
            config = DeploymentConfig(
                deployment_id=f"multi_env_{env.value}",
                application_name="myagent-api",
                version="v1.2.3",
                environment=env,
                strategy=DeploymentStrategy.ROLLING_UPDATE if env == Environment.PRODUCTION else DeploymentStrategy.RECREATE,
                quality_gates=sample_deployment_config.quality_gates,
                environment_config=deployment_orchestrator.environment_configs[env],
                secrets={}
            )
    
            # Create and execute deployment
            deployment_id = await deployment_orchestrator.create_deployment(config)
            result = await deployment_orchestrator.execute_deployment(deployment_id)
    
            deployment_results[env.value] = result
    
        # Verify all deployments succeeded
        for env_name, result in deployment_results.items():
>           assert result["status"] == DeploymentStatus.SUCCESS.value
E           AssertionError: assert 'rolled_back' == 'success'
E             
E             - success
E             + rolled_back

tests/unit/test_gpt5_p9_deployment.py:1559: AssertionError
=============================== warnings summary ===============================
venv/lib/python3.9/site-packages/jupyter_client/connect.py:22
  /Users/apple/Library/Mobile Documents/com~apple~CloudDocs/SProjects/myagent-continuous-ai-builder/venv/lib/python3.9/site-packages/jupyter_client/connect.py:22: DeprecationWarning: Jupyter is migrating its paths to use standard platformdirs
  given by the platformdirs library.  To remove this warning and
  see the appropriate new directories, set the environment variable
  `JUPYTER_PLATFORM_DIRS=1` and then run `jupyter --paths`.
  The use of platformdirs will be the default in `jupyter_core` v6
    from jupyter_core.paths import jupyter_data_dir, jupyter_runtime_dir, secure_write

venv/lib/python3.9/site-packages/torch/nn/modules/transformer.py:20
  /Users/apple/Library/Mobile Documents/com~apple~CloudDocs/SProjects/myagent-continuous-ai-builder/venv/lib/python3.9/site-packages/torch/nn/modules/transformer.py:20: UserWarning: Failed to initialize NumPy: _ARRAY_API not found (Triggered internally at /Users/runner/work/pytorch/pytorch/pytorch/torch/csrc/utils/tensor_numpy.cpp:84.)
    device: torch.device = torch.device(torch._C._get_default_device()),  # torch.device('cpu'),

config/settings.py:19
  /Users/apple/Library/Mobile Documents/com~apple~CloudDocs/SProjects/myagent-continuous-ai-builder/config/settings.py:19: PydanticDeprecatedSince20: Using extra keyword arguments on `Field` is deprecated and will be removed. Use `json_schema_extra` instead. (Extra keys: 'env'). Deprecated in Pydantic V2.0 to be removed in V3.0. See Pydantic V2 Migration Guide at https://errors.pydantic.dev/2.12/migration/
    DEBUG: bool = Field(default=False, env="DEBUG")

config/settings.py:22
  /Users/apple/Library/Mobile Documents/com~apple~CloudDocs/SProjects/myagent-continuous-ai-builder/config/settings.py:22: PydanticDeprecatedSince20: Using extra keyword arguments on `Field` is deprecated and will be removed. Use `json_schema_extra` instead. (Extra keys: 'env'). Deprecated in Pydantic V2.0 to be removed in V3.0. See Pydantic V2 Migration Guide at https://errors.pydantic.dev/2.12/migration/
    API_HOST: str = Field(default="0.0.0.0", env="API_HOST")

config/settings.py:23
  /Users/apple/Library/Mobile Documents/com~apple~CloudDocs/SProjects/myagent-continuous-ai-builder/config/settings.py:23: PydanticDeprecatedSince20: Using extra keyword arguments on `Field` is deprecated and will be removed. Use `json_schema_extra` instead. (Extra keys: 'env'). Deprecated in Pydantic V2.0 to be removed in V3.0. See Pydantic V2 Migration Guide at https://errors.pydantic.dev/2.12/migration/
    API_PORT: int = Field(default=8000, env="API_PORT")

config/settings.py:24
  /Users/apple/Library/Mobile Documents/com~apple~CloudDocs/SProjects/myagent-continuous-ai-builder/config/settings.py:24: PydanticDeprecatedSince20: Using extra keyword arguments on `Field` is deprecated and will be removed. Use `json_schema_extra` instead. (Extra keys: 'env'). Deprecated in Pydantic V2.0 to be removed in V3.0. See Pydantic V2 Migration Guide at https://errors.pydantic.dev/2.12/migration/
    API_WORKERS: int = Field(default=4, env="API_WORKERS")

config/settings.py:25
  /Users/apple/Library/Mobile Documents/com~apple~CloudDocs/SProjects/myagent-continuous-ai-builder/config/settings.py:25: PydanticDeprecatedSince20: Using extra keyword arguments on `Field` is deprecated and will be removed. Use `json_schema_extra` instead. (Extra keys: 'env'). Deprecated in Pydantic V2.0 to be removed in V3.0. See Pydantic V2 Migration Guide at https://errors.pydantic.dev/2.12/migration/
    CORS_ORIGINS: List[str] = Field(

config/settings.py:31
  /Users/apple/Library/Mobile Documents/com~apple~CloudDocs/SProjects/myagent-continuous-ai-builder/config/settings.py:31: PydanticDeprecatedSince20: Using extra keyword arguments on `Field` is deprecated and will be removed. Use `json_schema_extra` instead. (Extra keys: 'env'). Deprecated in Pydantic V2.0 to be removed in V3.0. See Pydantic V2 Migration Guide at https://errors.pydantic.dev/2.12/migration/
    DATABASE_URL: str = Field(

config/settings.py:35
  /Users/apple/Library/Mobile Documents/com~apple~CloudDocs/SProjects/myagent-continuous-ai-builder/config/settings.py:35: PydanticDeprecatedSince20: Using extra keyword arguments on `Field` is deprecated and will be removed. Use `json_schema_extra` instead. (Extra keys: 'env'). Deprecated in Pydantic V2.0 to be removed in V3.0. See Pydantic V2 Migration Guide at https://errors.pydantic.dev/2.12/migration/
    DATABASE_POOL_SIZE: int = Field(default=20, env="DATABASE_POOL_SIZE")

config/settings.py:36
  /Users/apple/Library/Mobile Documents/com~apple~CloudDocs/SProjects/myagent-continuous-ai-builder/config/settings.py:36: PydanticDeprecatedSince20: Using extra keyword arguments on `Field` is deprecated and will be removed. Use `json_schema_extra` instead. (Extra keys: 'env'). Deprecated in Pydantic V2.0 to be removed in V3.0. See Pydantic V2 Migration Guide at https://errors.pydantic.dev/2.12/migration/
    DATABASE_MAX_OVERFLOW: int = Field(default=10, env="DATABASE_MAX_OVERFLOW")

config/settings.py:39
  /Users/apple/Library/Mobile Documents/com~apple~CloudDocs/SProjects/myagent-continuous-ai-builder/config/settings.py:39: PydanticDeprecatedSince20: Using extra keyword arguments on `Field` is deprecated and will be removed. Use `json_schema_extra` instead. (Extra keys: 'env'). Deprecated in Pydantic V2.0 to be removed in V3.0. See Pydantic V2 Migration Guide at https://errors.pydantic.dev/2.12/migration/
    REDIS_URL: str = Field(default="redis://localhost:6379/0", env="REDIS_URL")

config/settings.py:40
  /Users/apple/Library/Mobile Documents/com~apple~CloudDocs/SProjects/myagent-continuous-ai-builder/config/settings.py:40: PydanticDeprecatedSince20: Using extra keyword arguments on `Field` is deprecated and will be removed. Use `json_schema_extra` instead. (Extra keys: 'env'). Deprecated in Pydantic V2.0 to be removed in V3.0. See Pydantic V2 Migration Guide at https://errors.pydantic.dev/2.12/migration/
    REDIS_MAX_CONNECTIONS: int = Field(default=50, env="REDIS_MAX_CONNECTIONS")

config/settings.py:42
  /Users/apple/Library/Mobile Documents/com~apple~CloudDocs/SProjects/myagent-continuous-ai-builder/config/settings.py:42: PydanticDeprecatedSince20: Pydantic V1 style `@validator` validators are deprecated. You should migrate to Pydantic V2 style `@field_validator` validators, see the migration guide for more details. Deprecated in Pydantic V2.0 to be removed in V3.0. See Pydantic V2 Migration Guide at https://errors.pydantic.dev/2.12/migration/
    @validator("DATABASE_URL", pre=True, always=True)

config/settings.py:55
  /Users/apple/Library/Mobile Documents/com~apple~CloudDocs/SProjects/myagent-continuous-ai-builder/config/settings.py:55: PydanticDeprecatedSince20: Using extra keyword arguments on `Field` is deprecated and will be removed. Use `json_schema_extra` instead. (Extra keys: 'env'). Deprecated in Pydantic V2.0 to be removed in V3.0. See Pydantic V2 Migration Guide at https://errors.pydantic.dev/2.12/migration/
    CHROMADB_HOST: str = Field(default="localhost", env="CHROMADB_HOST")

config/settings.py:56
  /Users/apple/Library/Mobile Documents/com~apple~CloudDocs/SProjects/myagent-continuous-ai-builder/config/settings.py:56: PydanticDeprecatedSince20: Using extra keyword arguments on `Field` is deprecated and will be removed. Use `json_schema_extra` instead. (Extra keys: 'env'). Deprecated in Pydantic V2.0 to be removed in V3.0. See Pydantic V2 Migration Guide at https://errors.pydantic.dev/2.12/migration/
    CHROMADB_PORT: int = Field(default=8000, env="CHROMADB_PORT")

config/settings.py:57
  /Users/apple/Library/Mobile Documents/com~apple~CloudDocs/SProjects/myagent-continuous-ai-builder/config/settings.py:57: PydanticDeprecatedSince20: Using extra keyword arguments on `Field` is deprecated and will be removed. Use `json_schema_extra` instead. (Extra keys: 'env'). Deprecated in Pydantic V2.0 to be removed in V3.0. See Pydantic V2 Migration Guide at https://errors.pydantic.dev/2.12/migration/
    CHROMADB_PATH: str = Field(

config/settings.py:63
  /Users/apple/Library/Mobile Documents/com~apple~CloudDocs/SProjects/myagent-continuous-ai-builder/config/settings.py:63: PydanticDeprecatedSince20: Using extra keyword arguments on `Field` is deprecated and will be removed. Use `json_schema_extra` instead. (Extra keys: 'env'). Deprecated in Pydantic V2.0 to be removed in V3.0. See Pydantic V2 Migration Guide at https://errors.pydantic.dev/2.12/migration/
    OPENAI_API_KEY: Optional[str] = Field(default=None, env="OPENAI_API_KEY")

config/settings.py:64
  /Users/apple/Library/Mobile Documents/com~apple~CloudDocs/SProjects/myagent-continuous-ai-builder/config/settings.py:64: PydanticDeprecatedSince20: Using extra keyword arguments on `Field` is deprecated and will be removed. Use `json_schema_extra` instead. (Extra keys: 'env'). Deprecated in Pydantic V2.0 to be removed in V3.0. See Pydantic V2 Migration Guide at https://errors.pydantic.dev/2.12/migration/
    ANTHROPIC_API_KEY: Optional[str] = Field(default=None, env="ANTHROPIC_API_KEY")

config/settings.py:65
  /Users/apple/Library/Mobile Documents/com~apple~CloudDocs/SProjects/myagent-continuous-ai-builder/config/settings.py:65: PydanticDeprecatedSince20: Using extra keyword arguments on `Field` is deprecated and will be removed. Use `json_schema_extra` instead. (Extra keys: 'env'). Deprecated in Pydantic V2.0 to be removed in V3.0. See Pydantic V2 Migration Guide at https://errors.pydantic.dev/2.12/migration/
    OLLAMA_BASE_URL: str = Field(

config/settings.py:71
  /Users/apple/Library/Mobile Documents/com~apple~CloudDocs/SProjects/myagent-continuous-ai-builder/config/settings.py:71: PydanticDeprecatedSince20: Using extra keyword arguments on `Field` is deprecated and will be removed. Use `json_schema_extra` instead. (Extra keys: 'env'). Deprecated in Pydantic V2.0 to be removed in V3.0. See Pydantic V2 Migration Guide at https://errors.pydantic.dev/2.12/migration/
    DEFAULT_LLM_PROVIDER: str = Field(default="openai", env="DEFAULT_LLM_PROVIDER")

config/settings.py:72
  /Users/apple/Library/Mobile Documents/com~apple~CloudDocs/SProjects/myagent-continuous-ai-builder/config/settings.py:72: PydanticDeprecatedSince20: Using extra keyword arguments on `Field` is deprecated and will be removed. Use `json_schema_extra` instead. (Extra keys: 'env'). Deprecated in Pydantic V2.0 to be removed in V3.0. See Pydantic V2 Migration Guide at https://errors.pydantic.dev/2.12/migration/
    DEFAULT_MODEL: str = Field(default="gpt-5-chat-latest", env="DEFAULT_MODEL")

config/settings.py:73
  /Users/apple/Library/Mobile Documents/com~apple~CloudDocs/SProjects/myagent-continuous-ai-builder/config/settings.py:73: PydanticDeprecatedSince20: Using extra keyword arguments on `Field` is deprecated and will be removed. Use `json_schema_extra` instead. (Extra keys: 'env'). Deprecated in Pydantic V2.0 to be removed in V3.0. See Pydantic V2 Migration Guide at https://errors.pydantic.dev/2.12/migration/
    LLM_TEMPERATURE: float = Field(default=0.7, env="LLM_TEMPERATURE")

config/settings.py:74
  /Users/apple/Library/Mobile Documents/com~apple~CloudDocs/SProjects/myagent-continuous-ai-builder/config/settings.py:74: PydanticDeprecatedSince20: Using extra keyword arguments on `Field` is deprecated and will be removed. Use `json_schema_extra` instead. (Extra keys: 'env'). Deprecated in Pydantic V2.0 to be removed in V3.0. See Pydantic V2 Migration Guide at https://errors.pydantic.dev/2.12/migration/
    LLM_MAX_TOKENS: int = Field(default=2000, env="LLM_MAX_TOKENS")

config/settings.py:77
  /Users/apple/Library/Mobile Documents/com~apple~CloudDocs/SProjects/myagent-continuous-ai-builder/config/settings.py:77: PydanticDeprecatedSince20: Using extra keyword arguments on `Field` is deprecated and will be removed. Use `json_schema_extra` instead. (Extra keys: 'env'). Deprecated in Pydantic V2.0 to be removed in V3.0. See Pydantic V2 Migration Guide at https://errors.pydantic.dev/2.12/migration/
    TARGET_TEST_COVERAGE: float = Field(default=95.0, env="TARGET_TEST_COVERAGE")

config/settings.py:78
  /Users/apple/Library/Mobile Documents/com~apple~CloudDocs/SProjects/myagent-continuous-ai-builder/config/settings.py:78: PydanticDeprecatedSince20: Using extra keyword arguments on `Field` is deprecated and will be removed. Use `json_schema_extra` instead. (Extra keys: 'env'). Deprecated in Pydantic V2.0 to be removed in V3.0. See Pydantic V2 Migration Guide at https://errors.pydantic.dev/2.12/migration/
    TARGET_PERFORMANCE_SCORE: float = Field(

config/settings.py:82
  /Users/apple/Library/Mobile Documents/com~apple~CloudDocs/SProjects/myagent-continuous-ai-builder/config/settings.py:82: PydanticDeprecatedSince20: Using extra keyword arguments on `Field` is deprecated and will be removed. Use `json_schema_extra` instead. (Extra keys: 'env'). Deprecated in Pydantic V2.0 to be removed in V3.0. See Pydantic V2 Migration Guide at https://errors.pydantic.dev/2.12/migration/
    TARGET_DOCUMENTATION_COVERAGE: float = Field(

config/settings.py:86
  /Users/apple/Library/Mobile Documents/com~apple~CloudDocs/SProjects/myagent-continuous-ai-builder/config/settings.py:86: PydanticDeprecatedSince20: Using extra keyword arguments on `Field` is deprecated and will be removed. Use `json_schema_extra` instead. (Extra keys: 'env'). Deprecated in Pydantic V2.0 to be removed in V3.0. See Pydantic V2 Migration Guide at https://errors.pydantic.dev/2.12/migration/
    TARGET_CODE_QUALITY_SCORE: float = Field(

config/settings.py:90
  /Users/apple/Library/Mobile Documents/com~apple~CloudDocs/SProjects/myagent-continuous-ai-builder/config/settings.py:90: PydanticDeprecatedSince20: Using extra keyword arguments on `Field` is deprecated and will be removed. Use `json_schema_extra` instead. (Extra keys: 'env'). Deprecated in Pydantic V2.0 to be removed in V3.0. See Pydantic V2 Migration Guide at https://errors.pydantic.dev/2.12/migration/
    TARGET_SECURITY_SCORE: float = Field(default=95.0, env="TARGET_SECURITY_SCORE")

config/settings.py:91
  /Users/apple/Library/Mobile Documents/com~apple~CloudDocs/SProjects/myagent-continuous-ai-builder/config/settings.py:91: PydanticDeprecatedSince20: Using extra keyword arguments on `Field` is deprecated and will be removed. Use `json_schema_extra` instead. (Extra keys: 'env'). Deprecated in Pydantic V2.0 to be removed in V3.0. See Pydantic V2 Migration Guide at https://errors.pydantic.dev/2.12/migration/
    TARGET_USER_SATISFACTION: float = Field(

config/settings.py:97
  /Users/apple/Library/Mobile Documents/com~apple~CloudDocs/SProjects/myagent-continuous-ai-builder/config/settings.py:97: PydanticDeprecatedSince20: Using extra keyword arguments on `Field` is deprecated and will be removed. Use `json_schema_extra` instead. (Extra keys: 'env'). Deprecated in Pydantic V2.0 to be removed in V3.0. See Pydantic V2 Migration Guide at https://errors.pydantic.dev/2.12/migration/
    MAX_AGENT_RETRIES: int = Field(default=3, env="MAX_AGENT_RETRIES")

config/settings.py:98
  /Users/apple/Library/Mobile Documents/com~apple~CloudDocs/SProjects/myagent-continuous-ai-builder/config/settings.py:98: PydanticDeprecatedSince20: Using extra keyword arguments on `Field` is deprecated and will be removed. Use `json_schema_extra` instead. (Extra keys: 'env'). Deprecated in Pydantic V2.0 to be removed in V3.0. See Pydantic V2 Migration Guide at https://errors.pydantic.dev/2.12/migration/
    AGENT_TIMEOUT_SECONDS: int = Field(default=300, env="AGENT_TIMEOUT_SECONDS")

config/settings.py:99
  /Users/apple/Library/Mobile Documents/com~apple~CloudDocs/SProjects/myagent-continuous-ai-builder/config/settings.py:99: PydanticDeprecatedSince20: Using extra keyword arguments on `Field` is deprecated and will be removed. Use `json_schema_extra` instead. (Extra keys: 'env'). Deprecated in Pydantic V2.0 to be removed in V3.0. See Pydantic V2 Migration Guide at https://errors.pydantic.dev/2.12/migration/
    CHECKPOINT_INTERVAL_HOURS: int = Field(

config/settings.py:105
  /Users/apple/Library/Mobile Documents/com~apple~CloudDocs/SProjects/myagent-continuous-ai-builder/config/settings.py:105: PydanticDeprecatedSince20: Using extra keyword arguments on `Field` is deprecated and will be removed. Use `json_schema_extra` instead. (Extra keys: 'env'). Deprecated in Pydantic V2.0 to be removed in V3.0. See Pydantic V2 Migration Guide at https://errors.pydantic.dev/2.12/migration/
    PERSISTENCE_DIR: Path = Field(

config/settings.py:109
  /Users/apple/Library/Mobile Documents/com~apple~CloudDocs/SProjects/myagent-continuous-ai-builder/config/settings.py:109: PydanticDeprecatedSince20: Using extra keyword arguments on `Field` is deprecated and will be removed. Use `json_schema_extra` instead. (Extra keys: 'env'). Deprecated in Pydantic V2.0 to be removed in V3.0. See Pydantic V2 Migration Guide at https://errors.pydantic.dev/2.12/migration/
    LOGS_DIR: Path = Field(default=Path("logs"), env="LOGS_DIR")

config/settings.py:112
  /Users/apple/Library/Mobile Documents/com~apple~CloudDocs/SProjects/myagent-continuous-ai-builder/config/settings.py:112: PydanticDeprecatedSince20: Using extra keyword arguments on `Field` is deprecated and will be removed. Use `json_schema_extra` instead. (Extra keys: 'env'). Deprecated in Pydantic V2.0 to be removed in V3.0. See Pydantic V2 Migration Guide at https://errors.pydantic.dev/2.12/migration/
    SECRET_KEY: str = Field(

config/settings.py:116
  /Users/apple/Library/Mobile Documents/com~apple~CloudDocs/SProjects/myagent-continuous-ai-builder/config/settings.py:116: PydanticDeprecatedSince20: Using extra keyword arguments on `Field` is deprecated and will be removed. Use `json_schema_extra` instead. (Extra keys: 'env'). Deprecated in Pydantic V2.0 to be removed in V3.0. See Pydantic V2 Migration Guide at https://errors.pydantic.dev/2.12/migration/
    JWT_ALGORITHM: str = Field(default="HS256", env="JWT_ALGORITHM")

config/settings.py:117
  /Users/apple/Library/Mobile Documents/com~apple~CloudDocs/SProjects/myagent-continuous-ai-builder/config/settings.py:117: PydanticDeprecatedSince20: Using extra keyword arguments on `Field` is deprecated and will be removed. Use `json_schema_extra` instead. (Extra keys: 'env'). Deprecated in Pydantic V2.0 to be removed in V3.0. See Pydantic V2 Migration Guide at https://errors.pydantic.dev/2.12/migration/
    JWT_EXPIRATION_MINUTES: int = Field(

config/settings.py:123
  /Users/apple/Library/Mobile Documents/com~apple~CloudDocs/SProjects/myagent-continuous-ai-builder/config/settings.py:123: PydanticDeprecatedSince20: Using extra keyword arguments on `Field` is deprecated and will be removed. Use `json_schema_extra` instead. (Extra keys: 'env'). Deprecated in Pydantic V2.0 to be removed in V3.0. See Pydantic V2 Migration Guide at https://errors.pydantic.dev/2.12/migration/
    RATE_LIMIT_PER_MINUTE: int = Field(default=100, env="RATE_LIMIT_PER_MINUTE")

config/settings.py:125
  /Users/apple/Library/Mobile Documents/com~apple~CloudDocs/SProjects/myagent-continuous-ai-builder/config/settings.py:125: PydanticDeprecatedSince20: Pydantic V1 style `@validator` validators are deprecated. You should migrate to Pydantic V2 style `@field_validator` validators, see the migration guide for more details. Deprecated in Pydantic V2.0 to be removed in V3.0. See Pydantic V2 Migration Guide at https://errors.pydantic.dev/2.12/migration/
    @validator("CORS_ORIGINS", pre=True)

config/settings.py:132
  /Users/apple/Library/Mobile Documents/com~apple~CloudDocs/SProjects/myagent-continuous-ai-builder/config/settings.py:132: PydanticDeprecatedSince20: Pydantic V1 style `@validator` validators are deprecated. You should migrate to Pydantic V2 style `@field_validator` validators, see the migration guide for more details. Deprecated in Pydantic V2.0 to be removed in V3.0. See Pydantic V2 Migration Guide at https://errors.pydantic.dev/2.12/migration/
    @validator("PERSISTENCE_DIR", "LOGS_DIR", pre=True)

config/settings.py:13
  /Users/apple/Library/Mobile Documents/com~apple~CloudDocs/SProjects/myagent-continuous-ai-builder/config/settings.py:13: PydanticDeprecatedSince20: Support for class-based `config` is deprecated, use ConfigDict instead. Deprecated in Pydantic V2.0 to be removed in V3.0. See Pydantic V2 Migration Guide at https://errors.pydantic.dev/2.12/migration/
    class Settings(BaseSettings):

tests/conftest.py:506
  /Users/apple/Library/Mobile Documents/com~apple~CloudDocs/SProjects/myagent-continuous-ai-builder/tests/conftest.py:506: PytestUnknownMarkWarning: Unknown pytest.mark.unit - is this a typo?  You can register custom marks to avoid this warning - for details, see https://docs.pytest.org/en/stable/how-to/mark.html
    item.add_marker(pytest.mark.unit)

tests/unit/test_gpt5_p9_deployment.py::TestDeploymentOrchestrator::test_deployment_orchestrator_initialization
  /Users/apple/Library/Mobile Documents/com~apple~CloudDocs/SProjects/myagent-continuous-ai-builder/venv/lib/python3.9/site-packages/pytest_asyncio/plugin.py:769: DeprecationWarning: The event_loop fixture provided by pytest-asyncio has been redefined in
  /Users/apple/Library/Mobile Documents/com~apple~CloudDocs/SProjects/myagent-continuous-ai-builder/tests/conftest.py:49
  Replacing the event_loop fixture with a custom implementation is deprecated
  and will lead to errors in the future.
  If you want to request an asyncio event loop with a scope other than function
  scope, use the "scope" argument to the asyncio mark when marking the tests.
  If you want to return different types of event loops, use the event_loop_policy
  fixture.
  
    warnings.warn(

-- Docs: https://docs.pytest.org/en/stable/how-to/capture-warnings.html
=========================== short test summary info ============================
FAILED tests/unit/test_gpt5_p9_deployment.py::TestDeploymentOrchestrator::test_deployment_pipeline_execution_success
FAILED tests/unit/test_gpt5_p9_deployment.py::TestDeploymentOrchestrator::test_quality_gates_integration
FAILED tests/unit/test_gpt5_p9_deployment.py::TestDeploymentOrchestrator::test_deployment_status_retrieval
FAILED tests/unit/test_gpt5_p9_deployment.py::TestDeploymentOrchestrator::test_deployment_with_different_strategies
FAILED tests/unit/test_gpt5_p9_deployment.py::TestDeploymentOrchestrator::test_post_deployment_validation
FAILED tests/unit/test_gpt5_p9_deployment.py::TestDeploymentPipelineIntegration::test_quality_gates_from_test_data
FAILED tests/unit/test_gpt5_p9_deployment.py::TestDeploymentPipelineIntegration::test_multi_environment_deployment_workflow
================== 7 failed, 17 passed, 43 warnings in 0.72s ===================
