/Users/apple/Library/Mobile Documents/com~apple~CloudDocs/SProjects/myagent-continuous-ai-builder/venv/lib/python3.9/site-packages/urllib3/__init__.py:35: NotOpenSSLWarning: urllib3 v2 only supports OpenSSL 1.1.1+, currently the 'ssl' module is compiled with 'LibreSSL 2.8.3'. See: https://github.com/urllib3/urllib3/issues/3020
  warnings.warn(

A module that was compiled using NumPy 1.x cannot be run in
NumPy 2.0.2 as it may crash. To support both 1.x and 2.x
versions of NumPy, modules must be compiled with NumPy 2.0.
Some module may need to rebuild instead e.g. with 'pybind11>=2.12'.

If you are a user of the module, the easiest solution will be to
downgrade to 'numpy<2' or try to upgrade the affected module.
We expect that some modules will need time to support NumPy 2.

Traceback (most recent call last):  File "/Library/Developer/CommandLineTools/Library/Frameworks/Python3.framework/Versions/3.9/lib/python3.9/runpy.py", line 197, in _run_module_as_main
    return _run_code(code, main_globals, None,
  File "/Library/Developer/CommandLineTools/Library/Frameworks/Python3.framework/Versions/3.9/lib/python3.9/runpy.py", line 87, in _run_code
    exec(code, run_globals)
  File "/Users/apple/Library/Mobile Documents/com~apple~CloudDocs/SProjects/myagent-continuous-ai-builder/venv/lib/python3.9/site-packages/pytest/__main__.py", line 7, in <module>
    raise SystemExit(pytest.console_main())
  File "/Users/apple/Library/Mobile Documents/com~apple~CloudDocs/SProjects/myagent-continuous-ai-builder/venv/lib/python3.9/site-packages/_pytest/config/__init__.py", line 197, in console_main
    code = main()
  File "/Users/apple/Library/Mobile Documents/com~apple~CloudDocs/SProjects/myagent-continuous-ai-builder/venv/lib/python3.9/site-packages/_pytest/config/__init__.py", line 155, in main
    config = _prepareconfig(args, plugins)
  File "/Users/apple/Library/Mobile Documents/com~apple~CloudDocs/SProjects/myagent-continuous-ai-builder/venv/lib/python3.9/site-packages/_pytest/config/__init__.py", line 337, in _prepareconfig
    config = pluginmanager.hook.pytest_cmdline_parse(
  File "/Users/apple/Library/Mobile Documents/com~apple~CloudDocs/SProjects/myagent-continuous-ai-builder/venv/lib/python3.9/site-packages/pluggy/_hooks.py", line 512, in __call__
    return self._hookexec(self.name, self._hookimpls.copy(), kwargs, firstresult)
  File "/Users/apple/Library/Mobile Documents/com~apple~CloudDocs/SProjects/myagent-continuous-ai-builder/venv/lib/python3.9/site-packages/pluggy/_manager.py", line 120, in _hookexec
    return self._inner_hookexec(hook_name, methods, kwargs, firstresult)
  File "/Users/apple/Library/Mobile Documents/com~apple~CloudDocs/SProjects/myagent-continuous-ai-builder/venv/lib/python3.9/site-packages/pluggy/_callers.py", line 121, in _multicall
    res = hook_impl.function(*args)
  File "/Users/apple/Library/Mobile Documents/com~apple~CloudDocs/SProjects/myagent-continuous-ai-builder/venv/lib/python3.9/site-packages/_pytest/config/__init__.py", line 1143, in pytest_cmdline_parse
    self.parse(args)
  File "/Users/apple/Library/Mobile Documents/com~apple~CloudDocs/SProjects/myagent-continuous-ai-builder/venv/lib/python3.9/site-packages/_pytest/config/__init__.py", line 1492, in parse
    self._preparse(args, addopts=addopts)
  File "/Users/apple/Library/Mobile Documents/com~apple~CloudDocs/SProjects/myagent-continuous-ai-builder/venv/lib/python3.9/site-packages/_pytest/config/__init__.py", line 1396, in _preparse
    self.hook.pytest_load_initial_conftests(
  File "/Users/apple/Library/Mobile Documents/com~apple~CloudDocs/SProjects/myagent-continuous-ai-builder/venv/lib/python3.9/site-packages/pluggy/_hooks.py", line 512, in __call__
    return self._hookexec(self.name, self._hookimpls.copy(), kwargs, firstresult)
  File "/Users/apple/Library/Mobile Documents/com~apple~CloudDocs/SProjects/myagent-continuous-ai-builder/venv/lib/python3.9/site-packages/pluggy/_manager.py", line 120, in _hookexec
    return self._inner_hookexec(hook_name, methods, kwargs, firstresult)
  File "/Users/apple/Library/Mobile Documents/com~apple~CloudDocs/SProjects/myagent-continuous-ai-builder/venv/lib/python3.9/site-packages/pluggy/_callers.py", line 121, in _multicall
    res = hook_impl.function(*args)
  File "/Users/apple/Library/Mobile Documents/com~apple~CloudDocs/SProjects/myagent-continuous-ai-builder/venv/lib/python3.9/site-packages/_pytest/config/__init__.py", line 1221, in pytest_load_initial_conftests
    self.pluginmanager._set_initial_conftests(
  File "/Users/apple/Library/Mobile Documents/com~apple~CloudDocs/SProjects/myagent-continuous-ai-builder/venv/lib/python3.9/site-packages/_pytest/config/__init__.py", line 579, in _set_initial_conftests
    self._try_load_conftest(
  File "/Users/apple/Library/Mobile Documents/com~apple~CloudDocs/SProjects/myagent-continuous-ai-builder/venv/lib/python3.9/site-packages/_pytest/config/__init__.py", line 617, in _try_load_conftest
    self._loadconftestmodules(
  File "/Users/apple/Library/Mobile Documents/com~apple~CloudDocs/SProjects/myagent-continuous-ai-builder/venv/lib/python3.9/site-packages/_pytest/config/__init__.py", line 657, in _loadconftestmodules
    mod = self._importconftest(
  File "/Users/apple/Library/Mobile Documents/com~apple~CloudDocs/SProjects/myagent-continuous-ai-builder/venv/lib/python3.9/site-packages/_pytest/config/__init__.py", line 708, in _importconftest
    mod = import_path(
  File "/Users/apple/Library/Mobile Documents/com~apple~CloudDocs/SProjects/myagent-continuous-ai-builder/venv/lib/python3.9/site-packages/_pytest/pathlib.py", line 584, in import_path
    importlib.import_module(module_name)
  File "/Library/Developer/CommandLineTools/Library/Frameworks/Python3.framework/Versions/3.9/lib/python3.9/importlib/__init__.py", line 127, in import_module
    return _bootstrap._gcd_import(name[level:], package, level)
  File "/Users/apple/Library/Mobile Documents/com~apple~CloudDocs/SProjects/myagent-continuous-ai-builder/venv/lib/python3.9/site-packages/_pytest/assertion/rewrite.py", line 178, in exec_module
    exec(co, module.__dict__)
  File "/Users/apple/Library/Mobile Documents/com~apple~CloudDocs/SProjects/myagent-continuous-ai-builder/tests/conftest.py", line 17, in <module>
    from core.orchestrator.continuous_director import ContinuousDirector
  File "/Users/apple/Library/Mobile Documents/com~apple~CloudDocs/SProjects/myagent-continuous-ai-builder/core/__init__.py", line 10, in <module>
    from . import agents
  File "/Users/apple/Library/Mobile Documents/com~apple~CloudDocs/SProjects/myagent-continuous-ai-builder/core/agents/__init__.py", line 8, in <module>
    from .coder_agent import CoderAgent
  File "/Users/apple/Library/Mobile Documents/com~apple~CloudDocs/SProjects/myagent-continuous-ai-builder/core/agents/coder_agent.py", line 13, in <module>
    from langchain_openai import ChatOpenAI
  File "/Users/apple/Library/Mobile Documents/com~apple~CloudDocs/SProjects/myagent-continuous-ai-builder/venv/lib/python3.9/site-packages/langchain_openai/__init__.py", line 3, in <module>
    from langchain_openai.chat_models import AzureChatOpenAI, ChatOpenAI
  File "/Users/apple/Library/Mobile Documents/com~apple~CloudDocs/SProjects/myagent-continuous-ai-builder/venv/lib/python3.9/site-packages/langchain_openai/chat_models/__init__.py", line 3, in <module>
    from langchain_openai.chat_models.azure import AzureChatOpenAI
  File "/Users/apple/Library/Mobile Documents/com~apple~CloudDocs/SProjects/myagent-continuous-ai-builder/venv/lib/python3.9/site-packages/langchain_openai/chat_models/azure.py", line 11, in <module>
    from langchain_core.language_models import LanguageModelInput
  File "/Users/apple/Library/Mobile Documents/com~apple~CloudDocs/SProjects/myagent-continuous-ai-builder/venv/lib/python3.9/site-packages/langchain_core/language_models/__init__.py", line 112, in __getattr__
    result = import_attr(attr_name, module_name, __spec__.parent)
  File "/Users/apple/Library/Mobile Documents/com~apple~CloudDocs/SProjects/myagent-continuous-ai-builder/venv/lib/python3.9/site-packages/langchain_core/_import_utils.py", line 36, in import_attr
    module = import_module(f".{module_name}", package=package)
  File "/Library/Developer/CommandLineTools/Library/Frameworks/Python3.framework/Versions/3.9/lib/python3.9/importlib/__init__.py", line 127, in import_module
    return _bootstrap._gcd_import(name[level:], package, level)
  File "/Users/apple/Library/Mobile Documents/com~apple~CloudDocs/SProjects/myagent-continuous-ai-builder/venv/lib/python3.9/site-packages/langchain_core/language_models/base.py", line 44, in <module>
    from transformers import GPT2TokenizerFast  # type: ignore[import-not-found]
  File "/Users/apple/Library/Mobile Documents/com~apple~CloudDocs/SProjects/myagent-continuous-ai-builder/venv/lib/python3.9/site-packages/transformers/__init__.py", line 27, in <module>
    from . import dependency_versions_check
  File "/Users/apple/Library/Mobile Documents/com~apple~CloudDocs/SProjects/myagent-continuous-ai-builder/venv/lib/python3.9/site-packages/transformers/dependency_versions_check.py", line 16, in <module>
    from .utils.versions import require_version, require_version_core
  File "/Users/apple/Library/Mobile Documents/com~apple~CloudDocs/SProjects/myagent-continuous-ai-builder/venv/lib/python3.9/site-packages/transformers/utils/__init__.py", line 24, in <module>
    from .auto_docstring import (
  File "/Users/apple/Library/Mobile Documents/com~apple~CloudDocs/SProjects/myagent-continuous-ai-builder/venv/lib/python3.9/site-packages/transformers/utils/auto_docstring.py", line 30, in <module>
    from .generic import ModelOutput
  File "/Users/apple/Library/Mobile Documents/com~apple~CloudDocs/SProjects/myagent-continuous-ai-builder/venv/lib/python3.9/site-packages/transformers/utils/generic.py", line 51, in <module>
    import torch
  File "/Users/apple/Library/Mobile Documents/com~apple~CloudDocs/SProjects/myagent-continuous-ai-builder/venv/lib/python3.9/site-packages/torch/__init__.py", line 1477, in <module>
    from .functional import *  # noqa: F403
  File "/Users/apple/Library/Mobile Documents/com~apple~CloudDocs/SProjects/myagent-continuous-ai-builder/venv/lib/python3.9/site-packages/torch/functional.py", line 9, in <module>
    import torch.nn.functional as F
  File "/Users/apple/Library/Mobile Documents/com~apple~CloudDocs/SProjects/myagent-continuous-ai-builder/venv/lib/python3.9/site-packages/torch/nn/__init__.py", line 1, in <module>
    from .modules import *  # noqa: F403
  File "/Users/apple/Library/Mobile Documents/com~apple~CloudDocs/SProjects/myagent-continuous-ai-builder/venv/lib/python3.9/site-packages/torch/nn/modules/__init__.py", line 35, in <module>
    from .transformer import TransformerEncoder, TransformerDecoder, \
  File "/Users/apple/Library/Mobile Documents/com~apple~CloudDocs/SProjects/myagent-continuous-ai-builder/venv/lib/python3.9/site-packages/torch/nn/modules/transformer.py", line 20, in <module>
    device: torch.device = torch.device(torch._C._get_default_device()),  # torch.device('cpu'),
tree-sitter not available; will use Python ast fallback
[32m2025-11-29 15:15:04[0m | [1mINFO    [0m | [36mconfig.logging_config[0m:[36msetup_logging[0m:[36m100[0m - [1mLogging configured: level=INFO, file_logging=True[0m
============================= test session starts ==============================
platform darwin -- Python 3.9.6, pytest-8.1.1, pluggy-1.6.0
rootdir: /Users/apple/Library/Mobile Documents/com~apple~CloudDocs/SProjects/myagent-continuous-ai-builder
configfile: pytest.ini
plugins: asyncio-0.23.5, anyio-4.12.0, langsmith-0.4.37, cov-4.1.0
asyncio: mode=strict
collected 24 items

tests/unit/test_gpt5_p9_deployment.py .....DEBUG: Executing stage DeploymentStage.CODE_CHECKOUT
DEBUG: Stage DeploymentStage.CODE_CHECKOUT result: DeploymentStatus.IN_PROGRESS
DEBUG: Stage failed. Triggering rollback.
F..DEBUG: Executing stage DeploymentStage.CODE_CHECKOUT
DEBUG: Stage DeploymentStage.CODE_CHECKOUT result: DeploymentStatus.IN_PROGRESS
DEBUG: Stage failed. Triggering rollback.
FDEBUG: Executing stage DeploymentStage.CODE_CHECKOUT
DEBUG: Stage DeploymentStage.CODE_CHECKOUT result: DeploymentStatus.IN_PROGRESS
DEBUG: Stage failed. Triggering rollback.
F..DEBUG: Executing stage DeploymentStage.CODE_CHECKOUT
DEBUG: Stage DeploymentStage.CODE_CHECKOUT result: DeploymentStatus.IN_PROGRESS
DEBUG: Stage failed. Triggering rollback.
FDEBUG: Executing stage DeploymentStage.CODE_CHECKOUT
DEBUG: Stage DeploymentStage.CODE_CHECKOUT result: DeploymentStatus.IN_PROGRESS
DEBUG: Stage failed. Triggering rollback.
F.DEBUG: Executing stage DeploymentStage.CODE_CHECKOUT
DEBUG: Stage DeploymentStage.CODE_CHECKOUT result: DeploymentStatus.IN_PROGRESS
DEBUG: Stage failed. Triggering rollback.
FDEBUG: Executing stage DeploymentStage.CODE_CHECKOUT
DEBUG: Stage DeploymentStage.CODE_CHECKOUT result: DeploymentStatus.IN_PROGRESS
DEBUG: Stage failed. Triggering rollback.
FDEBUG: Executing stage DeploymentStage.CODE_CHECKOUT
DEBUG: Stage DeploymentStage.CODE_CHECKOUT result: DeploymentStatus.IN_PROGRESS
DEBUG: Stage failed. Triggering rollback.
DEBUG: Executing stage DeploymentStage.CODE_CHECKOUT
DEBUG: Stage DeploymentStage.CODE_CHECKOUT result: DeploymentStatus.IN_PROGRESS
DEBUG: Stage failed. Triggering rollback.
DEBUG: Executing stage DeploymentStage.CODE_CHECKOUT
DEBUG: Stage DeploymentStage.CODE_CHECKOUT result: DeploymentStatus.IN_PROGRESS
DEBUG: Stage failed. Triggering rollback.
F.DEBUG: Executing stage DeploymentStage.CODE_CHECKOUT
DEBUG: Stage DeploymentStage.CODE_CHECKOUT result: DeploymentStatus.IN_PROGRESS
DEBUG: Stage failed. Triggering rollback.
F.DEBUG: Executing stage DeploymentStage.CODE_CHECKOUT
DEBUG: Stage DeploymentStage.CODE_CHECKOUT result: DeploymentStatus.IN_PROGRESS
DEBUG: Stage failed. Triggering rollback.
FDEBUG: Executing stage DeploymentStage.CODE_CHECKOUT
DEBUG: Stage DeploymentStage.CODE_CHECKOUT result: DeploymentStatus.IN_PROGRESS
DEBUG: Stage failed. Triggering rollback.
FDEBUG: Executing stage DeploymentStage.CODE_CHECKOUT
DEBUG: Stage DeploymentStage.CODE_CHECKOUT result: DeploymentStatus.IN_PROGRESS
DEBUG: Stage failed. Triggering rollback.
F

=================================== FAILURES ===================================
____ TestDeploymentOrchestrator.test_deployment_pipeline_execution_success _____

self = <test_gpt5_p9_deployment.TestDeploymentOrchestrator object at 0x152ae71c0>
deployment_orchestrator = <test_gpt5_p9_deployment.MockDeploymentOrchestrator object at 0x152d9b8b0>
sample_deployment_config = DeploymentConfig(deployment_id='test_deploy_001', application_name='myagent-api', version='v1.2.3', environment=<Envir...'}, rollback_enabled=True, max_deployment_duration=1800, health_check_endpoints=['/health', '/api/health', '/metrics'])

    @pytest.mark.asyncio
    async def test_deployment_pipeline_execution_success(self, deployment_orchestrator, sample_deployment_config):
        """Test successful deployment pipeline execution"""
        await deployment_orchestrator.initialize()
    
        # Create deployment
        deployment_id = await deployment_orchestrator.create_deployment(sample_deployment_config)
    
        # Execute deployment
>       result = await deployment_orchestrator.execute_deployment(deployment_id)

tests/unit/test_gpt5_p9_deployment.py:1020: 
_ _ _ _ _ _ _ _ _ _ _ _ _ _ _ _ _ _ _ _ _ _ _ _ _ _ _ _ _ _ _ _ _ _ _ _ _ _ _ _ 
tests/unit/test_gpt5_p9_deployment.py:337: in execute_deployment
    return execution.to_dict()
tests/unit/test_gpt5_p9_deployment.py:187: in to_dict
    "stage_results": [sr.to_dict() for sr in self.stage_results],
tests/unit/test_gpt5_p9_deployment.py:187: in <listcomp>
    "stage_results": [sr.to_dict() for sr in self.stage_results],
_ _ _ _ _ _ _ _ _ _ _ _ _ _ _ _ _ _ _ _ _ _ _ _ _ _ _ _ _ _ _ _ _ _ _ _ _ _ _ _ 

self = StageResult(stage=DeploymentConfig(deployment_id='test_deploy_001', application_name='myagent-api', version='v1.2.3', ...ime.datetime(2025, 11, 29, 15, 15, 5, 217015), end_time=None, duration=None, output='', error_message=None, metrics={})

    def to_dict(self) -> Dict[str, Any]:
        return {
>           "stage": self.stage.value,
            "status": self.status.value,
            "start_time": self.start_time.isoformat(),
            "end_time": self.end_time.isoformat() if self.end_time else None,
            "duration": self.duration,
            "output": self.output,
            "error_message": self.error_message,
            "metrics": self.metrics
        }
E       AttributeError: 'DeploymentConfig' object has no attribute 'value'

tests/unit/test_gpt5_p9_deployment.py:155: AttributeError
__________ TestDeploymentOrchestrator.test_quality_gates_integration ___________

self = <test_gpt5_p9_deployment.TestDeploymentOrchestrator object at 0x152ae7190>
deployment_orchestrator = <test_gpt5_p9_deployment.MockDeploymentOrchestrator object at 0x152dc6fd0>
sample_deployment_config = DeploymentConfig(deployment_id='test_deploy_001', application_name='myagent-api', version='v1.2.3', environment=<Envir...'}, rollback_enabled=True, max_deployment_duration=1800, health_check_endpoints=['/health', '/api/health', '/metrics'])

    @pytest.mark.asyncio
    async def test_quality_gates_integration(self, deployment_orchestrator, sample_deployment_config):
        """Test quality gates integration with pipeline"""
        await deployment_orchestrator.initialize()
    
        # Create deployment
        deployment_id = await deployment_orchestrator.create_deployment(sample_deployment_config)
    
        # Execute deployment
>       result = await deployment_orchestrator.execute_deployment(deployment_id)

tests/unit/test_gpt5_p9_deployment.py:1101: 
_ _ _ _ _ _ _ _ _ _ _ _ _ _ _ _ _ _ _ _ _ _ _ _ _ _ _ _ _ _ _ _ _ _ _ _ _ _ _ _ 
tests/unit/test_gpt5_p9_deployment.py:337: in execute_deployment
    return execution.to_dict()
tests/unit/test_gpt5_p9_deployment.py:187: in to_dict
    "stage_results": [sr.to_dict() for sr in self.stage_results],
tests/unit/test_gpt5_p9_deployment.py:187: in <listcomp>
    "stage_results": [sr.to_dict() for sr in self.stage_results],
_ _ _ _ _ _ _ _ _ _ _ _ _ _ _ _ _ _ _ _ _ _ _ _ _ _ _ _ _ _ _ _ _ _ _ _ _ _ _ _ 

self = StageResult(stage=DeploymentConfig(deployment_id='test_deploy_001', application_name='myagent-api', version='v1.2.3', ...ime.datetime(2025, 11, 29, 15, 15, 5, 679282), end_time=None, duration=None, output='', error_message=None, metrics={})

    def to_dict(self) -> Dict[str, Any]:
        return {
>           "stage": self.stage.value,
            "status": self.status.value,
            "start_time": self.start_time.isoformat(),
            "end_time": self.end_time.isoformat() if self.end_time else None,
            "duration": self.duration,
            "output": self.output,
            "error_message": self.error_message,
            "metrics": self.metrics
        }
E       AttributeError: 'DeploymentConfig' object has no attribute 'value'

tests/unit/test_gpt5_p9_deployment.py:155: AttributeError
________ TestDeploymentOrchestrator.test_deployment_rollback_on_failure ________

self = <test_gpt5_p9_deployment.TestDeploymentOrchestrator object at 0x152a86280>
deployment_orchestrator = <test_gpt5_p9_deployment.MockDeploymentOrchestrator object at 0x152b2cc10>
sample_deployment_config = DeploymentConfig(deployment_id='test_deploy_001', application_name='myagent-api', version='v1.2.3', environment=<Envir...'}, rollback_enabled=True, max_deployment_duration=1800, health_check_endpoints=['/health', '/api/health', '/metrics'])

    @pytest.mark.asyncio
    async def test_deployment_rollback_on_failure(self, deployment_orchestrator, sample_deployment_config):
        """Test deployment rollback on pipeline failure"""
        await deployment_orchestrator.initialize()
    
        # Create quality gate that will fail
        failing_gate = QualityGate(
            name="test_coverage",
            threshold=99.0,  # Very high threshold that will fail
            description="Test coverage must be 99%",
            blocking=True
        )
        sample_deployment_config.quality_gates = [failing_gate]
    
        # Create deployment
        deployment_id = await deployment_orchestrator.create_deployment(sample_deployment_config)
    
        # Execute deployment (should fail and rollback)
>       result = await deployment_orchestrator.execute_deployment(deployment_id)

tests/unit/test_gpt5_p9_deployment.py:1134: 
_ _ _ _ _ _ _ _ _ _ _ _ _ _ _ _ _ _ _ _ _ _ _ _ _ _ _ _ _ _ _ _ _ _ _ _ _ _ _ _ 
tests/unit/test_gpt5_p9_deployment.py:337: in execute_deployment
    return execution.to_dict()
tests/unit/test_gpt5_p9_deployment.py:187: in to_dict
    "stage_results": [sr.to_dict() for sr in self.stage_results],
tests/unit/test_gpt5_p9_deployment.py:187: in <listcomp>
    "stage_results": [sr.to_dict() for sr in self.stage_results],
_ _ _ _ _ _ _ _ _ _ _ _ _ _ _ _ _ _ _ _ _ _ _ _ _ _ _ _ _ _ _ _ _ _ _ _ _ _ _ _ 

self = StageResult(stage=DeploymentConfig(deployment_id='test_deploy_001', application_name='myagent-api', version='v1.2.3', ...ime.datetime(2025, 11, 29, 15, 15, 5, 741686), end_time=None, duration=None, output='', error_message=None, metrics={})

    def to_dict(self) -> Dict[str, Any]:
        return {
>           "stage": self.stage.value,
            "status": self.status.value,
            "start_time": self.start_time.isoformat(),
            "end_time": self.end_time.isoformat() if self.end_time else None,
            "duration": self.duration,
            "output": self.output,
            "error_message": self.error_message,
            "metrics": self.metrics
        }
E       AttributeError: 'DeploymentConfig' object has no attribute 'value'

tests/unit/test_gpt5_p9_deployment.py:155: AttributeError
______________ TestDeploymentOrchestrator.test_deployment_scaling ______________

self = <test_gpt5_p9_deployment.TestDeploymentOrchestrator object at 0x152a86fd0>
deployment_orchestrator = <test_gpt5_p9_deployment.MockDeploymentOrchestrator object at 0x152a521f0>
sample_deployment_config = DeploymentConfig(deployment_id='test_deploy_001', application_name='myagent-api', version='v1.2.3', environment=<Envir...'}, rollback_enabled=True, max_deployment_duration=1800, health_check_endpoints=['/health', '/api/health', '/metrics'])

    @pytest.mark.asyncio
    async def test_deployment_scaling(self, deployment_orchestrator, sample_deployment_config):
        """Test deployment scaling"""
        await deployment_orchestrator.initialize()
    
        # Create and execute deployment first
        deployment_id = await deployment_orchestrator.create_deployment(sample_deployment_config)
>       await deployment_orchestrator.execute_deployment(deployment_id)

tests/unit/test_gpt5_p9_deployment.py:1183: 
_ _ _ _ _ _ _ _ _ _ _ _ _ _ _ _ _ _ _ _ _ _ _ _ _ _ _ _ _ _ _ _ _ _ _ _ _ _ _ _ 
tests/unit/test_gpt5_p9_deployment.py:337: in execute_deployment
    return execution.to_dict()
tests/unit/test_gpt5_p9_deployment.py:187: in to_dict
    "stage_results": [sr.to_dict() for sr in self.stage_results],
tests/unit/test_gpt5_p9_deployment.py:187: in <listcomp>
    "stage_results": [sr.to_dict() for sr in self.stage_results],
_ _ _ _ _ _ _ _ _ _ _ _ _ _ _ _ _ _ _ _ _ _ _ _ _ _ _ _ _ _ _ _ _ _ _ _ _ _ _ _ 

self = StageResult(stage=DeploymentConfig(deployment_id='test_deploy_001', application_name='myagent-api', version='v1.2.3', ...ime.datetime(2025, 11, 29, 15, 15, 5, 814841), end_time=None, duration=None, output='', error_message=None, metrics={})

    def to_dict(self) -> Dict[str, Any]:
        return {
>           "stage": self.stage.value,
            "status": self.status.value,
            "start_time": self.start_time.isoformat(),
            "end_time": self.end_time.isoformat() if self.end_time else None,
            "duration": self.duration,
            "output": self.output,
            "error_message": self.error_message,
            "metrics": self.metrics
        }
E       AttributeError: 'DeploymentConfig' object has no attribute 'value'

tests/unit/test_gpt5_p9_deployment.py:155: AttributeError
________ TestDeploymentOrchestrator.test_deployment_metrics_collection _________

self = <test_gpt5_p9_deployment.TestDeploymentOrchestrator object at 0x152a86c40>
deployment_orchestrator = <test_gpt5_p9_deployment.MockDeploymentOrchestrator object at 0x152bb4700>
sample_deployment_config = DeploymentConfig(deployment_id='test_deploy_001', application_name='myagent-api', version='v1.2.3', environment=<Envir...'}, rollback_enabled=True, max_deployment_duration=1800, health_check_endpoints=['/health', '/api/health', '/metrics'])

    @pytest.mark.asyncio
    async def test_deployment_metrics_collection(self, deployment_orchestrator, sample_deployment_config):
        """Test deployment metrics collection"""
        await deployment_orchestrator.initialize()
    
        # Create and execute deployment
        deployment_id = await deployment_orchestrator.create_deployment(sample_deployment_config)
>       await deployment_orchestrator.execute_deployment(deployment_id)

tests/unit/test_gpt5_p9_deployment.py:1200: 
_ _ _ _ _ _ _ _ _ _ _ _ _ _ _ _ _ _ _ _ _ _ _ _ _ _ _ _ _ _ _ _ _ _ _ _ _ _ _ _ 
tests/unit/test_gpt5_p9_deployment.py:337: in execute_deployment
    return execution.to_dict()
tests/unit/test_gpt5_p9_deployment.py:187: in to_dict
    "stage_results": [sr.to_dict() for sr in self.stage_results],
tests/unit/test_gpt5_p9_deployment.py:187: in <listcomp>
    "stage_results": [sr.to_dict() for sr in self.stage_results],
_ _ _ _ _ _ _ _ _ _ _ _ _ _ _ _ _ _ _ _ _ _ _ _ _ _ _ _ _ _ _ _ _ _ _ _ _ _ _ _ 

self = StageResult(stage=DeploymentConfig(deployment_id='test_deploy_001', application_name='myagent-api', version='v1.2.3', ...ime.datetime(2025, 11, 29, 15, 15, 5, 884677), end_time=None, duration=None, output='', error_message=None, metrics={})

    def to_dict(self) -> Dict[str, Any]:
        return {
>           "stage": self.stage.value,
            "status": self.status.value,
            "start_time": self.start_time.isoformat(),
            "end_time": self.end_time.isoformat() if self.end_time else None,
            "duration": self.duration,
            "output": self.output,
            "error_message": self.error_message,
            "metrics": self.metrics
        }
E       AttributeError: 'DeploymentConfig' object has no attribute 'value'

tests/unit/test_gpt5_p9_deployment.py:155: AttributeError
_________ TestDeploymentOrchestrator.test_deployment_status_retrieval __________

self = <test_gpt5_p9_deployment.TestDeploymentOrchestrator object at 0x152ae1550>
deployment_orchestrator = <test_gpt5_p9_deployment.MockDeploymentOrchestrator object at 0x152a10ee0>
sample_deployment_config = DeploymentConfig(deployment_id='test_deploy_001', application_name='myagent-api', version='v1.2.3', environment=<Envir...'}, rollback_enabled=True, max_deployment_duration=1800, health_check_endpoints=['/health', '/api/health', '/metrics'])

    @pytest.mark.asyncio
    async def test_deployment_status_retrieval(self, deployment_orchestrator, sample_deployment_config):
        """Test deployment status retrieval"""
        await deployment_orchestrator.initialize()
    
        # Create deployment
        deployment_id = await deployment_orchestrator.create_deployment(sample_deployment_config)
    
        # Get status while active
        active_status = await deployment_orchestrator.get_deployment_status(deployment_id)
        assert active_status["status"] == DeploymentStatus.PENDING.value
    
        # Execute deployment
>       await deployment_orchestrator.execute_deployment(deployment_id)

tests/unit/test_gpt5_p9_deployment.py:1274: 
_ _ _ _ _ _ _ _ _ _ _ _ _ _ _ _ _ _ _ _ _ _ _ _ _ _ _ _ _ _ _ _ _ _ _ _ _ _ _ _ 
tests/unit/test_gpt5_p9_deployment.py:337: in execute_deployment
    return execution.to_dict()
tests/unit/test_gpt5_p9_deployment.py:187: in to_dict
    "stage_results": [sr.to_dict() for sr in self.stage_results],
tests/unit/test_gpt5_p9_deployment.py:187: in <listcomp>
    "stage_results": [sr.to_dict() for sr in self.stage_results],
_ _ _ _ _ _ _ _ _ _ _ _ _ _ _ _ _ _ _ _ _ _ _ _ _ _ _ _ _ _ _ _ _ _ _ _ _ _ _ _ 

self = StageResult(stage=DeploymentConfig(deployment_id='test_deploy_001', application_name='myagent-api', version='v1.2.3', ...ime.datetime(2025, 11, 29, 15, 15, 5, 946541), end_time=None, duration=None, output='', error_message=None, metrics={})

    def to_dict(self) -> Dict[str, Any]:
        return {
>           "stage": self.stage.value,
            "status": self.status.value,
            "start_time": self.start_time.isoformat(),
            "end_time": self.end_time.isoformat() if self.end_time else None,
            "duration": self.duration,
            "output": self.output,
            "error_message": self.error_message,
            "metrics": self.metrics
        }
E       AttributeError: 'DeploymentConfig' object has no attribute 'value'

tests/unit/test_gpt5_p9_deployment.py:155: AttributeError
_____ TestDeploymentOrchestrator.test_deployment_with_different_strategies _____

self = <test_gpt5_p9_deployment.TestDeploymentOrchestrator object at 0x152ae12e0>
deployment_orchestrator = <test_gpt5_p9_deployment.MockDeploymentOrchestrator object at 0x152b73a90>
sample_deployment_config = DeploymentConfig(deployment_id='deploy_blue_green', application_name='myagent-api', version='v1.2.3', environment=<Env...'}, rollback_enabled=True, max_deployment_duration=1800, health_check_endpoints=['/health', '/api/health', '/metrics'])

    @pytest.mark.asyncio
    async def test_deployment_with_different_strategies(self, deployment_orchestrator, sample_deployment_config):
        """Test deployment with different deployment strategies"""
        await deployment_orchestrator.initialize()
    
        strategies = [
            DeploymentStrategy.BLUE_GREEN,
            DeploymentStrategy.ROLLING_UPDATE,
            DeploymentStrategy.CANARY
        ]
    
        for strategy in strategies:
            # Configure deployment with strategy
            sample_deployment_config.deployment_id = f"deploy_{strategy.value}"
            sample_deployment_config.strategy = strategy
            sample_deployment_config.environment = Environment.PRODUCTION
    
            # Create and execute deployment
            deployment_id = await deployment_orchestrator.create_deployment(sample_deployment_config)
>           result = await deployment_orchestrator.execute_deployment(deployment_id)

tests/unit/test_gpt5_p9_deployment.py:1299: 
_ _ _ _ _ _ _ _ _ _ _ _ _ _ _ _ _ _ _ _ _ _ _ _ _ _ _ _ _ _ _ _ _ _ _ _ _ _ _ _ 
tests/unit/test_gpt5_p9_deployment.py:337: in execute_deployment
    return execution.to_dict()
tests/unit/test_gpt5_p9_deployment.py:187: in to_dict
    "stage_results": [sr.to_dict() for sr in self.stage_results],
tests/unit/test_gpt5_p9_deployment.py:187: in <listcomp>
    "stage_results": [sr.to_dict() for sr in self.stage_results],
_ _ _ _ _ _ _ _ _ _ _ _ _ _ _ _ _ _ _ _ _ _ _ _ _ _ _ _ _ _ _ _ _ _ _ _ _ _ _ _ 

self = StageResult(stage=DeploymentConfig(deployment_id='deploy_blue_green', application_name='myagent-api', version='v1.2.3'...time.datetime(2025, 11, 29, 15, 15, 6, 11263), end_time=None, duration=None, output='', error_message=None, metrics={})

    def to_dict(self) -> Dict[str, Any]:
        return {
>           "stage": self.stage.value,
            "status": self.status.value,
            "start_time": self.start_time.isoformat(),
            "end_time": self.end_time.isoformat() if self.end_time else None,
            "duration": self.duration,
            "output": self.output,
            "error_message": self.error_message,
            "metrics": self.metrics
        }
E       AttributeError: 'DeploymentConfig' object has no attribute 'value'

tests/unit/test_gpt5_p9_deployment.py:155: AttributeError
____________ TestDeploymentOrchestrator.test_concurrent_deployments ____________

self = <test_gpt5_p9_deployment.TestDeploymentOrchestrator object at 0x152ae17c0>
deployment_orchestrator = <test_gpt5_p9_deployment.MockDeploymentOrchestrator object at 0x152d715b0>

    @pytest.mark.asyncio
    async def test_concurrent_deployments(self, deployment_orchestrator):
        """Test handling of concurrent deployments"""
        await deployment_orchestrator.initialize()
    
        # Create multiple deployment configs
        configs = []
        for i in range(3):
            config = DeploymentConfig(
                deployment_id=f"concurrent_deploy_{i}",
                application_name=f"app_{i}",
                version=f"v1.{i}.0",
                environment=Environment.DEVELOPMENT,
                strategy=DeploymentStrategy.RECREATE,
                quality_gates=[],
                environment_config={
                    "replicas": 1,
                    "cpu_limit": "500m",
                    "memory_limit": "512Mi"
                },
                secrets={}
            )
            configs.append(config)
    
        # Create deployments concurrently
        create_tasks = [
            deployment_orchestrator.create_deployment(config)
            for config in configs
        ]
        deployment_ids = await asyncio.gather(*create_tasks)
    
        assert len(deployment_ids) == 3
        assert len(deployment_orchestrator.active_deployments) == 3
    
        # Execute deployments concurrently
        execute_tasks = [
            deployment_orchestrator.execute_deployment(deployment_id)
            for deployment_id in deployment_ids
        ]
>       results = await asyncio.gather(*execute_tasks)

tests/unit/test_gpt5_p9_deployment.py:1353: 
_ _ _ _ _ _ _ _ _ _ _ _ _ _ _ _ _ _ _ _ _ _ _ _ _ _ _ _ _ _ _ _ _ _ _ _ _ _ _ _ 
tests/unit/test_gpt5_p9_deployment.py:337: in execute_deployment
    return execution.to_dict()
tests/unit/test_gpt5_p9_deployment.py:187: in to_dict
    "stage_results": [sr.to_dict() for sr in self.stage_results],
tests/unit/test_gpt5_p9_deployment.py:187: in <listcomp>
    "stage_results": [sr.to_dict() for sr in self.stage_results],
_ _ _ _ _ _ _ _ _ _ _ _ _ _ _ _ _ _ _ _ _ _ _ _ _ _ _ _ _ _ _ _ _ _ _ _ _ _ _ _ 

self = StageResult(stage=DeploymentConfig(deployment_id='concurrent_deploy_0', application_name='app_0', version='v1.0.0', en...time.datetime(2025, 11, 29, 15, 15, 6, 92112), end_time=None, duration=None, output='', error_message=None, metrics={})

    def to_dict(self) -> Dict[str, Any]:
        return {
>           "stage": self.stage.value,
            "status": self.status.value,
            "start_time": self.start_time.isoformat(),
            "end_time": self.end_time.isoformat() if self.end_time else None,
            "duration": self.duration,
            "output": self.output,
            "error_message": self.error_message,
            "metrics": self.metrics
        }
E       AttributeError: 'DeploymentConfig' object has no attribute 'value'

tests/unit/test_gpt5_p9_deployment.py:155: AttributeError
__________ TestDeploymentOrchestrator.test_post_deployment_validation __________

self = <test_gpt5_p9_deployment.TestDeploymentOrchestrator object at 0x152ae1c40>
deployment_orchestrator = <test_gpt5_p9_deployment.MockDeploymentOrchestrator object at 0x152a2f460>
sample_deployment_config = DeploymentConfig(deployment_id='test_deploy_001', application_name='myagent-api', version='v1.2.3', environment=<Envir...ging_api_key'}, rollback_enabled=True, max_deployment_duration=1800, health_check_endpoints=['/health', '/api/status'])

    @pytest.mark.asyncio
    async def test_post_deployment_validation(self, deployment_orchestrator, sample_deployment_config):
        """Test post-deployment validation"""
        await deployment_orchestrator.initialize()
    
        # Set up production deployment with validation
        sample_deployment_config.environment = Environment.PRODUCTION
        sample_deployment_config.health_check_endpoints = ["/health", "/api/status"]
    
        # Create and execute deployment
        deployment_id = await deployment_orchestrator.create_deployment(sample_deployment_config)
>       result = await deployment_orchestrator.execute_deployment(deployment_id)

tests/unit/test_gpt5_p9_deployment.py:1385: 
_ _ _ _ _ _ _ _ _ _ _ _ _ _ _ _ _ _ _ _ _ _ _ _ _ _ _ _ _ _ _ _ _ _ _ _ _ _ _ _ 
tests/unit/test_gpt5_p9_deployment.py:337: in execute_deployment
    return execution.to_dict()
tests/unit/test_gpt5_p9_deployment.py:187: in to_dict
    "stage_results": [sr.to_dict() for sr in self.stage_results],
tests/unit/test_gpt5_p9_deployment.py:187: in <listcomp>
    "stage_results": [sr.to_dict() for sr in self.stage_results],
_ _ _ _ _ _ _ _ _ _ _ _ _ _ _ _ _ _ _ _ _ _ _ _ _ _ _ _ _ _ _ _ _ _ _ _ _ _ _ _ 

self = StageResult(stage=DeploymentConfig(deployment_id='test_deploy_001', application_name='myagent-api', version='v1.2.3', ...ime.datetime(2025, 11, 29, 15, 15, 6, 161359), end_time=None, duration=None, output='', error_message=None, metrics={})

    def to_dict(self) -> Dict[str, Any]:
        return {
>           "stage": self.stage.value,
            "status": self.status.value,
            "start_time": self.start_time.isoformat(),
            "end_time": self.end_time.isoformat() if self.end_time else None,
            "duration": self.duration,
            "output": self.output,
            "error_message": self.error_message,
            "metrics": self.metrics
        }
E       AttributeError: 'DeploymentConfig' object has no attribute 'value'

tests/unit/test_gpt5_p9_deployment.py:155: AttributeError
_____ TestDeploymentPipelineIntegration.test_quality_gates_from_test_data ______

self = <test_gpt5_p9_deployment.TestDeploymentPipelineIntegration object at 0x152ae1ac0>
deployment_orchestrator = <test_gpt5_p9_deployment.MockDeploymentOrchestrator object at 0x152c391f0>
gpt5_test_data = {'deployment_strategies': ['rolling_update', 'blue_green', 'canary'], 'pipeline_stages': ['code_checkout', 'dependency..., 'threshold': 85.0}, {'name': 'security_score', 'threshold': 95.0}, {'name': 'performance_score', 'threshold': 90.0}]}

    @pytest.mark.asyncio
    async def test_quality_gates_from_test_data(self, deployment_orchestrator, gpt5_test_data):
        """Test quality gates configuration from test data"""
        if not gpt5_test_data or 'quality_gates' not in gpt5_test_data:
            pytest.skip("GPT-5 deployment test data not available")
    
        await deployment_orchestrator.initialize()
    
        test_gates_data = gpt5_test_data['quality_gates']
    
        # Create quality gates from test data
        quality_gates = []
        for gate_data in test_gates_data:
            gate = QualityGate(
                name=gate_data['name'],
                threshold=gate_data['threshold'],
                description=f"Quality gate for {gate_data['name']}",
                blocking=True
            )
            quality_gates.append(gate)
    
        # Create deployment with test data quality gates
        config = DeploymentConfig(
            deployment_id="quality_gate_test",
            application_name="test_app",
            version="v1.0.0",
            environment=Environment.STAGING,
            strategy=DeploymentStrategy.ROLLING_UPDATE,
            quality_gates=quality_gates,
            environment_config={"replicas": 2, "cpu_limit": "1000m", "memory_limit": "1Gi"},
            secrets={}
        )
    
        deployment_id = await deployment_orchestrator.create_deployment(config)
>       result = await deployment_orchestrator.execute_deployment(deployment_id)

tests/unit/test_gpt5_p9_deployment.py:1474: 
_ _ _ _ _ _ _ _ _ _ _ _ _ _ _ _ _ _ _ _ _ _ _ _ _ _ _ _ _ _ _ _ _ _ _ _ _ _ _ _ 
tests/unit/test_gpt5_p9_deployment.py:337: in execute_deployment
    return execution.to_dict()
tests/unit/test_gpt5_p9_deployment.py:187: in to_dict
    "stage_results": [sr.to_dict() for sr in self.stage_results],
tests/unit/test_gpt5_p9_deployment.py:187: in <listcomp>
    "stage_results": [sr.to_dict() for sr in self.stage_results],
_ _ _ _ _ _ _ _ _ _ _ _ _ _ _ _ _ _ _ _ _ _ _ _ _ _ _ _ _ _ _ _ _ _ _ _ _ _ _ _ 

self = StageResult(stage=DeploymentConfig(deployment_id='quality_gate_test', application_name='test_app', version='v1.0.0', e...ime.datetime(2025, 11, 29, 15, 15, 6, 226171), end_time=None, duration=None, output='', error_message=None, metrics={})

    def to_dict(self) -> Dict[str, Any]:
        return {
>           "stage": self.stage.value,
            "status": self.status.value,
            "start_time": self.start_time.isoformat(),
            "end_time": self.end_time.isoformat() if self.end_time else None,
            "duration": self.duration,
            "output": self.output,
            "error_message": self.error_message,
            "metrics": self.metrics
        }
E       AttributeError: 'DeploymentConfig' object has no attribute 'value'

tests/unit/test_gpt5_p9_deployment.py:155: AttributeError
_ TestDeploymentPipelineIntegration.test_deployment_strategies_from_test_data __

self = <test_gpt5_p9_deployment.TestDeploymentPipelineIntegration object at 0x152ae1070>
deployment_orchestrator = <test_gpt5_p9_deployment.MockDeploymentOrchestrator object at 0x152c18e20>
gpt5_test_data = {'deployment_strategies': ['rolling_update', 'blue_green', 'canary'], 'pipeline_stages': ['code_checkout', 'dependency..., 'threshold': 85.0}, {'name': 'security_score', 'threshold': 95.0}, {'name': 'performance_score', 'threshold': 90.0}]}

    @pytest.mark.asyncio
    async def test_deployment_strategies_from_test_data(self, deployment_orchestrator, gpt5_test_data):
        """Test deployment strategies from test data"""
        if not gpt5_test_data or 'deployment_strategies' not in gpt5_test_data:
            pytest.skip("GPT-5 deployment test data not available")
    
        await deployment_orchestrator.initialize()
    
        test_strategies = gpt5_test_data['deployment_strategies']
    
        for strategy_name in test_strategies:
            # Map string to enum
            strategy_mapping = {
                "rolling_update": DeploymentStrategy.ROLLING_UPDATE,
                "blue_green": DeploymentStrategy.BLUE_GREEN,
                "canary": DeploymentStrategy.CANARY
            }
    
            if strategy_name not in strategy_mapping:
                continue
    
            strategy = strategy_mapping[strategy_name]
    
            # Create deployment with strategy
            config = DeploymentConfig(
                deployment_id=f"strategy_test_{strategy_name}",
                application_name="test_app",
                version="v1.0.0",
                environment=Environment.PRODUCTION,
                strategy=strategy,
                quality_gates=[],
                environment_config={"replicas": 3, "cpu_limit": "1000m", "memory_limit": "1Gi"},
                secrets={}
            )
    
            deployment_id = await deployment_orchestrator.create_deployment(config)
>           result = await deployment_orchestrator.execute_deployment(deployment_id)

tests/unit/test_gpt5_p9_deployment.py:1526: 
_ _ _ _ _ _ _ _ _ _ _ _ _ _ _ _ _ _ _ _ _ _ _ _ _ _ _ _ _ _ _ _ _ _ _ _ _ _ _ _ 
tests/unit/test_gpt5_p9_deployment.py:337: in execute_deployment
    return execution.to_dict()
tests/unit/test_gpt5_p9_deployment.py:187: in to_dict
    "stage_results": [sr.to_dict() for sr in self.stage_results],
tests/unit/test_gpt5_p9_deployment.py:187: in <listcomp>
    "stage_results": [sr.to_dict() for sr in self.stage_results],
_ _ _ _ _ _ _ _ _ _ _ _ _ _ _ _ _ _ _ _ _ _ _ _ _ _ _ _ _ _ _ _ _ _ _ _ _ _ _ _ 

self = StageResult(stage=DeploymentConfig(deployment_id='strategy_test_rolling_update', application_name='test_app', version=...ime.datetime(2025, 11, 29, 15, 15, 6, 293554), end_time=None, duration=None, output='', error_message=None, metrics={})

    def to_dict(self) -> Dict[str, Any]:
        return {
>           "stage": self.stage.value,
            "status": self.status.value,
            "start_time": self.start_time.isoformat(),
            "end_time": self.end_time.isoformat() if self.end_time else None,
            "duration": self.duration,
            "output": self.output,
            "error_message": self.error_message,
            "metrics": self.metrics
        }
E       AttributeError: 'DeploymentConfig' object has no attribute 'value'

tests/unit/test_gpt5_p9_deployment.py:155: AttributeError
_ TestDeploymentPipelineIntegration.test_multi_environment_deployment_workflow _

self = <test_gpt5_p9_deployment.TestDeploymentPipelineIntegration object at 0x152ae7f10>
deployment_orchestrator = <test_gpt5_p9_deployment.MockDeploymentOrchestrator object at 0x152a3f880>
sample_deployment_config = DeploymentConfig(deployment_id='test_deploy_001', application_name='myagent-api', version='v1.2.3', environment=<Envir...'}, rollback_enabled=True, max_deployment_duration=1800, health_check_endpoints=['/health', '/api/health', '/metrics'])

    @pytest.mark.asyncio
    async def test_multi_environment_deployment_workflow(self, deployment_orchestrator, sample_deployment_config):
        """Test complete multi-environment deployment workflow"""
        await deployment_orchestrator.initialize()
    
        environments = [Environment.DEVELOPMENT, Environment.STAGING, Environment.PRODUCTION]
        deployment_results = {}
    
        for env in environments:
            # Configure for environment
            config = DeploymentConfig(
                deployment_id=f"multi_env_{env.value}",
                application_name="myagent-api",
                version="v1.2.3",
                environment=env,
                strategy=DeploymentStrategy.ROLLING_UPDATE if env == Environment.PRODUCTION else DeploymentStrategy.RECREATE,
                quality_gates=sample_deployment_config.quality_gates,
                environment_config=deployment_orchestrator.environment_configs[env],
                secrets={}
            )
    
            # Create and execute deployment
            deployment_id = await deployment_orchestrator.create_deployment(config)
>           result = await deployment_orchestrator.execute_deployment(deployment_id)

tests/unit/test_gpt5_p9_deployment.py:1553: 
_ _ _ _ _ _ _ _ _ _ _ _ _ _ _ _ _ _ _ _ _ _ _ _ _ _ _ _ _ _ _ _ _ _ _ _ _ _ _ _ 
tests/unit/test_gpt5_p9_deployment.py:337: in execute_deployment
    return execution.to_dict()
tests/unit/test_gpt5_p9_deployment.py:187: in to_dict
    "stage_results": [sr.to_dict() for sr in self.stage_results],
tests/unit/test_gpt5_p9_deployment.py:187: in <listcomp>
    "stage_results": [sr.to_dict() for sr in self.stage_results],
_ _ _ _ _ _ _ _ _ _ _ _ _ _ _ _ _ _ _ _ _ _ _ _ _ _ _ _ _ _ _ _ _ _ _ _ _ _ _ _ 

self = StageResult(stage=DeploymentConfig(deployment_id='multi_env_development', application_name='myagent-api', version='v1....ime.datetime(2025, 11, 29, 15, 15, 6, 356190), end_time=None, duration=None, output='', error_message=None, metrics={})

    def to_dict(self) -> Dict[str, Any]:
        return {
>           "stage": self.stage.value,
            "status": self.status.value,
            "start_time": self.start_time.isoformat(),
            "end_time": self.end_time.isoformat() if self.end_time else None,
            "duration": self.duration,
            "output": self.output,
            "error_message": self.error_message,
            "metrics": self.metrics
        }
E       AttributeError: 'DeploymentConfig' object has no attribute 'value'

tests/unit/test_gpt5_p9_deployment.py:155: AttributeError
=============================== warnings summary ===============================
venv/lib/python3.9/site-packages/jupyter_client/connect.py:22
  /Users/apple/Library/Mobile Documents/com~apple~CloudDocs/SProjects/myagent-continuous-ai-builder/venv/lib/python3.9/site-packages/jupyter_client/connect.py:22: DeprecationWarning: Jupyter is migrating its paths to use standard platformdirs
  given by the platformdirs library.  To remove this warning and
  see the appropriate new directories, set the environment variable
  `JUPYTER_PLATFORM_DIRS=1` and then run `jupyter --paths`.
  The use of platformdirs will be the default in `jupyter_core` v6
    from jupyter_core.paths import jupyter_data_dir, jupyter_runtime_dir, secure_write

venv/lib/python3.9/site-packages/torch/nn/modules/transformer.py:20
  /Users/apple/Library/Mobile Documents/com~apple~CloudDocs/SProjects/myagent-continuous-ai-builder/venv/lib/python3.9/site-packages/torch/nn/modules/transformer.py:20: UserWarning: Failed to initialize NumPy: _ARRAY_API not found (Triggered internally at /Users/runner/work/pytorch/pytorch/pytorch/torch/csrc/utils/tensor_numpy.cpp:84.)
    device: torch.device = torch.device(torch._C._get_default_device()),  # torch.device('cpu'),

config/settings.py:19
  /Users/apple/Library/Mobile Documents/com~apple~CloudDocs/SProjects/myagent-continuous-ai-builder/config/settings.py:19: PydanticDeprecatedSince20: Using extra keyword arguments on `Field` is deprecated and will be removed. Use `json_schema_extra` instead. (Extra keys: 'env'). Deprecated in Pydantic V2.0 to be removed in V3.0. See Pydantic V2 Migration Guide at https://errors.pydantic.dev/2.12/migration/
    DEBUG: bool = Field(default=False, env="DEBUG")

config/settings.py:22
  /Users/apple/Library/Mobile Documents/com~apple~CloudDocs/SProjects/myagent-continuous-ai-builder/config/settings.py:22: PydanticDeprecatedSince20: Using extra keyword arguments on `Field` is deprecated and will be removed. Use `json_schema_extra` instead. (Extra keys: 'env'). Deprecated in Pydantic V2.0 to be removed in V3.0. See Pydantic V2 Migration Guide at https://errors.pydantic.dev/2.12/migration/
    API_HOST: str = Field(default="0.0.0.0", env="API_HOST")

config/settings.py:23
  /Users/apple/Library/Mobile Documents/com~apple~CloudDocs/SProjects/myagent-continuous-ai-builder/config/settings.py:23: PydanticDeprecatedSince20: Using extra keyword arguments on `Field` is deprecated and will be removed. Use `json_schema_extra` instead. (Extra keys: 'env'). Deprecated in Pydantic V2.0 to be removed in V3.0. See Pydantic V2 Migration Guide at https://errors.pydantic.dev/2.12/migration/
    API_PORT: int = Field(default=8000, env="API_PORT")

config/settings.py:24
  /Users/apple/Library/Mobile Documents/com~apple~CloudDocs/SProjects/myagent-continuous-ai-builder/config/settings.py:24: PydanticDeprecatedSince20: Using extra keyword arguments on `Field` is deprecated and will be removed. Use `json_schema_extra` instead. (Extra keys: 'env'). Deprecated in Pydantic V2.0 to be removed in V3.0. See Pydantic V2 Migration Guide at https://errors.pydantic.dev/2.12/migration/
    API_WORKERS: int = Field(default=4, env="API_WORKERS")

config/settings.py:25
  /Users/apple/Library/Mobile Documents/com~apple~CloudDocs/SProjects/myagent-continuous-ai-builder/config/settings.py:25: PydanticDeprecatedSince20: Using extra keyword arguments on `Field` is deprecated and will be removed. Use `json_schema_extra` instead. (Extra keys: 'env'). Deprecated in Pydantic V2.0 to be removed in V3.0. See Pydantic V2 Migration Guide at https://errors.pydantic.dev/2.12/migration/
    CORS_ORIGINS: List[str] = Field(

config/settings.py:31
  /Users/apple/Library/Mobile Documents/com~apple~CloudDocs/SProjects/myagent-continuous-ai-builder/config/settings.py:31: PydanticDeprecatedSince20: Using extra keyword arguments on `Field` is deprecated and will be removed. Use `json_schema_extra` instead. (Extra keys: 'env'). Deprecated in Pydantic V2.0 to be removed in V3.0. See Pydantic V2 Migration Guide at https://errors.pydantic.dev/2.12/migration/
    DATABASE_URL: str = Field(

config/settings.py:35
  /Users/apple/Library/Mobile Documents/com~apple~CloudDocs/SProjects/myagent-continuous-ai-builder/config/settings.py:35: PydanticDeprecatedSince20: Using extra keyword arguments on `Field` is deprecated and will be removed. Use `json_schema_extra` instead. (Extra keys: 'env'). Deprecated in Pydantic V2.0 to be removed in V3.0. See Pydantic V2 Migration Guide at https://errors.pydantic.dev/2.12/migration/
    DATABASE_POOL_SIZE: int = Field(default=20, env="DATABASE_POOL_SIZE")

config/settings.py:36
  /Users/apple/Library/Mobile Documents/com~apple~CloudDocs/SProjects/myagent-continuous-ai-builder/config/settings.py:36: PydanticDeprecatedSince20: Using extra keyword arguments on `Field` is deprecated and will be removed. Use `json_schema_extra` instead. (Extra keys: 'env'). Deprecated in Pydantic V2.0 to be removed in V3.0. See Pydantic V2 Migration Guide at https://errors.pydantic.dev/2.12/migration/
    DATABASE_MAX_OVERFLOW: int = Field(default=10, env="DATABASE_MAX_OVERFLOW")

config/settings.py:39
  /Users/apple/Library/Mobile Documents/com~apple~CloudDocs/SProjects/myagent-continuous-ai-builder/config/settings.py:39: PydanticDeprecatedSince20: Using extra keyword arguments on `Field` is deprecated and will be removed. Use `json_schema_extra` instead. (Extra keys: 'env'). Deprecated in Pydantic V2.0 to be removed in V3.0. See Pydantic V2 Migration Guide at https://errors.pydantic.dev/2.12/migration/
    REDIS_URL: str = Field(default="redis://localhost:6379/0", env="REDIS_URL")

config/settings.py:40
  /Users/apple/Library/Mobile Documents/com~apple~CloudDocs/SProjects/myagent-continuous-ai-builder/config/settings.py:40: PydanticDeprecatedSince20: Using extra keyword arguments on `Field` is deprecated and will be removed. Use `json_schema_extra` instead. (Extra keys: 'env'). Deprecated in Pydantic V2.0 to be removed in V3.0. See Pydantic V2 Migration Guide at https://errors.pydantic.dev/2.12/migration/
    REDIS_MAX_CONNECTIONS: int = Field(default=50, env="REDIS_MAX_CONNECTIONS")

config/settings.py:42
  /Users/apple/Library/Mobile Documents/com~apple~CloudDocs/SProjects/myagent-continuous-ai-builder/config/settings.py:42: PydanticDeprecatedSince20: Pydantic V1 style `@validator` validators are deprecated. You should migrate to Pydantic V2 style `@field_validator` validators, see the migration guide for more details. Deprecated in Pydantic V2.0 to be removed in V3.0. See Pydantic V2 Migration Guide at https://errors.pydantic.dev/2.12/migration/
    @validator("DATABASE_URL", pre=True, always=True)

config/settings.py:55
  /Users/apple/Library/Mobile Documents/com~apple~CloudDocs/SProjects/myagent-continuous-ai-builder/config/settings.py:55: PydanticDeprecatedSince20: Using extra keyword arguments on `Field` is deprecated and will be removed. Use `json_schema_extra` instead. (Extra keys: 'env'). Deprecated in Pydantic V2.0 to be removed in V3.0. See Pydantic V2 Migration Guide at https://errors.pydantic.dev/2.12/migration/
    CHROMADB_HOST: str = Field(default="localhost", env="CHROMADB_HOST")

config/settings.py:56
  /Users/apple/Library/Mobile Documents/com~apple~CloudDocs/SProjects/myagent-continuous-ai-builder/config/settings.py:56: PydanticDeprecatedSince20: Using extra keyword arguments on `Field` is deprecated and will be removed. Use `json_schema_extra` instead. (Extra keys: 'env'). Deprecated in Pydantic V2.0 to be removed in V3.0. See Pydantic V2 Migration Guide at https://errors.pydantic.dev/2.12/migration/
    CHROMADB_PORT: int = Field(default=8000, env="CHROMADB_PORT")

config/settings.py:57
  /Users/apple/Library/Mobile Documents/com~apple~CloudDocs/SProjects/myagent-continuous-ai-builder/config/settings.py:57: PydanticDeprecatedSince20: Using extra keyword arguments on `Field` is deprecated and will be removed. Use `json_schema_extra` instead. (Extra keys: 'env'). Deprecated in Pydantic V2.0 to be removed in V3.0. See Pydantic V2 Migration Guide at https://errors.pydantic.dev/2.12/migration/
    CHROMADB_PATH: str = Field(

config/settings.py:63
  /Users/apple/Library/Mobile Documents/com~apple~CloudDocs/SProjects/myagent-continuous-ai-builder/config/settings.py:63: PydanticDeprecatedSince20: Using extra keyword arguments on `Field` is deprecated and will be removed. Use `json_schema_extra` instead. (Extra keys: 'env'). Deprecated in Pydantic V2.0 to be removed in V3.0. See Pydantic V2 Migration Guide at https://errors.pydantic.dev/2.12/migration/
    OPENAI_API_KEY: Optional[str] = Field(default=None, env="OPENAI_API_KEY")

config/settings.py:64
  /Users/apple/Library/Mobile Documents/com~apple~CloudDocs/SProjects/myagent-continuous-ai-builder/config/settings.py:64: PydanticDeprecatedSince20: Using extra keyword arguments on `Field` is deprecated and will be removed. Use `json_schema_extra` instead. (Extra keys: 'env'). Deprecated in Pydantic V2.0 to be removed in V3.0. See Pydantic V2 Migration Guide at https://errors.pydantic.dev/2.12/migration/
    ANTHROPIC_API_KEY: Optional[str] = Field(default=None, env="ANTHROPIC_API_KEY")

config/settings.py:65
  /Users/apple/Library/Mobile Documents/com~apple~CloudDocs/SProjects/myagent-continuous-ai-builder/config/settings.py:65: PydanticDeprecatedSince20: Using extra keyword arguments on `Field` is deprecated and will be removed. Use `json_schema_extra` instead. (Extra keys: 'env'). Deprecated in Pydantic V2.0 to be removed in V3.0. See Pydantic V2 Migration Guide at https://errors.pydantic.dev/2.12/migration/
    OLLAMA_BASE_URL: str = Field(

config/settings.py:71
  /Users/apple/Library/Mobile Documents/com~apple~CloudDocs/SProjects/myagent-continuous-ai-builder/config/settings.py:71: PydanticDeprecatedSince20: Using extra keyword arguments on `Field` is deprecated and will be removed. Use `json_schema_extra` instead. (Extra keys: 'env'). Deprecated in Pydantic V2.0 to be removed in V3.0. See Pydantic V2 Migration Guide at https://errors.pydantic.dev/2.12/migration/
    DEFAULT_LLM_PROVIDER: str = Field(default="openai", env="DEFAULT_LLM_PROVIDER")

config/settings.py:72
  /Users/apple/Library/Mobile Documents/com~apple~CloudDocs/SProjects/myagent-continuous-ai-builder/config/settings.py:72: PydanticDeprecatedSince20: Using extra keyword arguments on `Field` is deprecated and will be removed. Use `json_schema_extra` instead. (Extra keys: 'env'). Deprecated in Pydantic V2.0 to be removed in V3.0. See Pydantic V2 Migration Guide at https://errors.pydantic.dev/2.12/migration/
    DEFAULT_MODEL: str = Field(default="gpt-5-chat-latest", env="DEFAULT_MODEL")

config/settings.py:73
  /Users/apple/Library/Mobile Documents/com~apple~CloudDocs/SProjects/myagent-continuous-ai-builder/config/settings.py:73: PydanticDeprecatedSince20: Using extra keyword arguments on `Field` is deprecated and will be removed. Use `json_schema_extra` instead. (Extra keys: 'env'). Deprecated in Pydantic V2.0 to be removed in V3.0. See Pydantic V2 Migration Guide at https://errors.pydantic.dev/2.12/migration/
    LLM_TEMPERATURE: float = Field(default=0.7, env="LLM_TEMPERATURE")

config/settings.py:74
  /Users/apple/Library/Mobile Documents/com~apple~CloudDocs/SProjects/myagent-continuous-ai-builder/config/settings.py:74: PydanticDeprecatedSince20: Using extra keyword arguments on `Field` is deprecated and will be removed. Use `json_schema_extra` instead. (Extra keys: 'env'). Deprecated in Pydantic V2.0 to be removed in V3.0. See Pydantic V2 Migration Guide at https://errors.pydantic.dev/2.12/migration/
    LLM_MAX_TOKENS: int = Field(default=2000, env="LLM_MAX_TOKENS")

config/settings.py:77
  /Users/apple/Library/Mobile Documents/com~apple~CloudDocs/SProjects/myagent-continuous-ai-builder/config/settings.py:77: PydanticDeprecatedSince20: Using extra keyword arguments on `Field` is deprecated and will be removed. Use `json_schema_extra` instead. (Extra keys: 'env'). Deprecated in Pydantic V2.0 to be removed in V3.0. See Pydantic V2 Migration Guide at https://errors.pydantic.dev/2.12/migration/
    TARGET_TEST_COVERAGE: float = Field(default=95.0, env="TARGET_TEST_COVERAGE")

config/settings.py:78
  /Users/apple/Library/Mobile Documents/com~apple~CloudDocs/SProjects/myagent-continuous-ai-builder/config/settings.py:78: PydanticDeprecatedSince20: Using extra keyword arguments on `Field` is deprecated and will be removed. Use `json_schema_extra` instead. (Extra keys: 'env'). Deprecated in Pydantic V2.0 to be removed in V3.0. See Pydantic V2 Migration Guide at https://errors.pydantic.dev/2.12/migration/
    TARGET_PERFORMANCE_SCORE: float = Field(

config/settings.py:82
  /Users/apple/Library/Mobile Documents/com~apple~CloudDocs/SProjects/myagent-continuous-ai-builder/config/settings.py:82: PydanticDeprecatedSince20: Using extra keyword arguments on `Field` is deprecated and will be removed. Use `json_schema_extra` instead. (Extra keys: 'env'). Deprecated in Pydantic V2.0 to be removed in V3.0. See Pydantic V2 Migration Guide at https://errors.pydantic.dev/2.12/migration/
    TARGET_DOCUMENTATION_COVERAGE: float = Field(

config/settings.py:86
  /Users/apple/Library/Mobile Documents/com~apple~CloudDocs/SProjects/myagent-continuous-ai-builder/config/settings.py:86: PydanticDeprecatedSince20: Using extra keyword arguments on `Field` is deprecated and will be removed. Use `json_schema_extra` instead. (Extra keys: 'env'). Deprecated in Pydantic V2.0 to be removed in V3.0. See Pydantic V2 Migration Guide at https://errors.pydantic.dev/2.12/migration/
    TARGET_CODE_QUALITY_SCORE: float = Field(

config/settings.py:90
  /Users/apple/Library/Mobile Documents/com~apple~CloudDocs/SProjects/myagent-continuous-ai-builder/config/settings.py:90: PydanticDeprecatedSince20: Using extra keyword arguments on `Field` is deprecated and will be removed. Use `json_schema_extra` instead. (Extra keys: 'env'). Deprecated in Pydantic V2.0 to be removed in V3.0. See Pydantic V2 Migration Guide at https://errors.pydantic.dev/2.12/migration/
    TARGET_SECURITY_SCORE: float = Field(default=95.0, env="TARGET_SECURITY_SCORE")

config/settings.py:91
  /Users/apple/Library/Mobile Documents/com~apple~CloudDocs/SProjects/myagent-continuous-ai-builder/config/settings.py:91: PydanticDeprecatedSince20: Using extra keyword arguments on `Field` is deprecated and will be removed. Use `json_schema_extra` instead. (Extra keys: 'env'). Deprecated in Pydantic V2.0 to be removed in V3.0. See Pydantic V2 Migration Guide at https://errors.pydantic.dev/2.12/migration/
    TARGET_USER_SATISFACTION: float = Field(

config/settings.py:97
  /Users/apple/Library/Mobile Documents/com~apple~CloudDocs/SProjects/myagent-continuous-ai-builder/config/settings.py:97: PydanticDeprecatedSince20: Using extra keyword arguments on `Field` is deprecated and will be removed. Use `json_schema_extra` instead. (Extra keys: 'env'). Deprecated in Pydantic V2.0 to be removed in V3.0. See Pydantic V2 Migration Guide at https://errors.pydantic.dev/2.12/migration/
    MAX_AGENT_RETRIES: int = Field(default=3, env="MAX_AGENT_RETRIES")

config/settings.py:98
  /Users/apple/Library/Mobile Documents/com~apple~CloudDocs/SProjects/myagent-continuous-ai-builder/config/settings.py:98: PydanticDeprecatedSince20: Using extra keyword arguments on `Field` is deprecated and will be removed. Use `json_schema_extra` instead. (Extra keys: 'env'). Deprecated in Pydantic V2.0 to be removed in V3.0. See Pydantic V2 Migration Guide at https://errors.pydantic.dev/2.12/migration/
    AGENT_TIMEOUT_SECONDS: int = Field(default=300, env="AGENT_TIMEOUT_SECONDS")

config/settings.py:99
  /Users/apple/Library/Mobile Documents/com~apple~CloudDocs/SProjects/myagent-continuous-ai-builder/config/settings.py:99: PydanticDeprecatedSince20: Using extra keyword arguments on `Field` is deprecated and will be removed. Use `json_schema_extra` instead. (Extra keys: 'env'). Deprecated in Pydantic V2.0 to be removed in V3.0. See Pydantic V2 Migration Guide at https://errors.pydantic.dev/2.12/migration/
    CHECKPOINT_INTERVAL_HOURS: int = Field(

config/settings.py:105
  /Users/apple/Library/Mobile Documents/com~apple~CloudDocs/SProjects/myagent-continuous-ai-builder/config/settings.py:105: PydanticDeprecatedSince20: Using extra keyword arguments on `Field` is deprecated and will be removed. Use `json_schema_extra` instead. (Extra keys: 'env'). Deprecated in Pydantic V2.0 to be removed in V3.0. See Pydantic V2 Migration Guide at https://errors.pydantic.dev/2.12/migration/
    PERSISTENCE_DIR: Path = Field(

config/settings.py:109
  /Users/apple/Library/Mobile Documents/com~apple~CloudDocs/SProjects/myagent-continuous-ai-builder/config/settings.py:109: PydanticDeprecatedSince20: Using extra keyword arguments on `Field` is deprecated and will be removed. Use `json_schema_extra` instead. (Extra keys: 'env'). Deprecated in Pydantic V2.0 to be removed in V3.0. See Pydantic V2 Migration Guide at https://errors.pydantic.dev/2.12/migration/
    LOGS_DIR: Path = Field(default=Path("logs"), env="LOGS_DIR")

config/settings.py:112
  /Users/apple/Library/Mobile Documents/com~apple~CloudDocs/SProjects/myagent-continuous-ai-builder/config/settings.py:112: PydanticDeprecatedSince20: Using extra keyword arguments on `Field` is deprecated and will be removed. Use `json_schema_extra` instead. (Extra keys: 'env'). Deprecated in Pydantic V2.0 to be removed in V3.0. See Pydantic V2 Migration Guide at https://errors.pydantic.dev/2.12/migration/
    SECRET_KEY: str = Field(

config/settings.py:116
  /Users/apple/Library/Mobile Documents/com~apple~CloudDocs/SProjects/myagent-continuous-ai-builder/config/settings.py:116: PydanticDeprecatedSince20: Using extra keyword arguments on `Field` is deprecated and will be removed. Use `json_schema_extra` instead. (Extra keys: 'env'). Deprecated in Pydantic V2.0 to be removed in V3.0. See Pydantic V2 Migration Guide at https://errors.pydantic.dev/2.12/migration/
    JWT_ALGORITHM: str = Field(default="HS256", env="JWT_ALGORITHM")

config/settings.py:117
  /Users/apple/Library/Mobile Documents/com~apple~CloudDocs/SProjects/myagent-continuous-ai-builder/config/settings.py:117: PydanticDeprecatedSince20: Using extra keyword arguments on `Field` is deprecated and will be removed. Use `json_schema_extra` instead. (Extra keys: 'env'). Deprecated in Pydantic V2.0 to be removed in V3.0. See Pydantic V2 Migration Guide at https://errors.pydantic.dev/2.12/migration/
    JWT_EXPIRATION_MINUTES: int = Field(

config/settings.py:123
  /Users/apple/Library/Mobile Documents/com~apple~CloudDocs/SProjects/myagent-continuous-ai-builder/config/settings.py:123: PydanticDeprecatedSince20: Using extra keyword arguments on `Field` is deprecated and will be removed. Use `json_schema_extra` instead. (Extra keys: 'env'). Deprecated in Pydantic V2.0 to be removed in V3.0. See Pydantic V2 Migration Guide at https://errors.pydantic.dev/2.12/migration/
    RATE_LIMIT_PER_MINUTE: int = Field(default=100, env="RATE_LIMIT_PER_MINUTE")

config/settings.py:125
  /Users/apple/Library/Mobile Documents/com~apple~CloudDocs/SProjects/myagent-continuous-ai-builder/config/settings.py:125: PydanticDeprecatedSince20: Pydantic V1 style `@validator` validators are deprecated. You should migrate to Pydantic V2 style `@field_validator` validators, see the migration guide for more details. Deprecated in Pydantic V2.0 to be removed in V3.0. See Pydantic V2 Migration Guide at https://errors.pydantic.dev/2.12/migration/
    @validator("CORS_ORIGINS", pre=True)

config/settings.py:132
  /Users/apple/Library/Mobile Documents/com~apple~CloudDocs/SProjects/myagent-continuous-ai-builder/config/settings.py:132: PydanticDeprecatedSince20: Pydantic V1 style `@validator` validators are deprecated. You should migrate to Pydantic V2 style `@field_validator` validators, see the migration guide for more details. Deprecated in Pydantic V2.0 to be removed in V3.0. See Pydantic V2 Migration Guide at https://errors.pydantic.dev/2.12/migration/
    @validator("PERSISTENCE_DIR", "LOGS_DIR", pre=True)

config/settings.py:13
  /Users/apple/Library/Mobile Documents/com~apple~CloudDocs/SProjects/myagent-continuous-ai-builder/config/settings.py:13: PydanticDeprecatedSince20: Support for class-based `config` is deprecated, use ConfigDict instead. Deprecated in Pydantic V2.0 to be removed in V3.0. See Pydantic V2 Migration Guide at https://errors.pydantic.dev/2.12/migration/
    class Settings(BaseSettings):

tests/conftest.py:506
  /Users/apple/Library/Mobile Documents/com~apple~CloudDocs/SProjects/myagent-continuous-ai-builder/tests/conftest.py:506: PytestUnknownMarkWarning: Unknown pytest.mark.unit - is this a typo?  You can register custom marks to avoid this warning - for details, see https://docs.pytest.org/en/stable/how-to/mark.html
    item.add_marker(pytest.mark.unit)

tests/unit/test_gpt5_p9_deployment.py::TestDeploymentOrchestrator::test_deployment_orchestrator_initialization
  /Users/apple/Library/Mobile Documents/com~apple~CloudDocs/SProjects/myagent-continuous-ai-builder/venv/lib/python3.9/site-packages/pytest_asyncio/plugin.py:769: DeprecationWarning: The event_loop fixture provided by pytest-asyncio has been redefined in
  /Users/apple/Library/Mobile Documents/com~apple~CloudDocs/SProjects/myagent-continuous-ai-builder/tests/conftest.py:49
  Replacing the event_loop fixture with a custom implementation is deprecated
  and will lead to errors in the future.
  If you want to request an asyncio event loop with a scope other than function
  scope, use the "scope" argument to the asyncio mark when marking the tests.
  If you want to return different types of event loops, use the event_loop_policy
  fixture.
  
    warnings.warn(

-- Docs: https://docs.pytest.org/en/stable/how-to/capture-warnings.html
=========================== short test summary info ============================
FAILED tests/unit/test_gpt5_p9_deployment.py::TestDeploymentOrchestrator::test_deployment_pipeline_execution_success
FAILED tests/unit/test_gpt5_p9_deployment.py::TestDeploymentOrchestrator::test_quality_gates_integration
FAILED tests/unit/test_gpt5_p9_deployment.py::TestDeploymentOrchestrator::test_deployment_rollback_on_failure
FAILED tests/unit/test_gpt5_p9_deployment.py::TestDeploymentOrchestrator::test_deployment_scaling
FAILED tests/unit/test_gpt5_p9_deployment.py::TestDeploymentOrchestrator::test_deployment_metrics_collection
FAILED tests/unit/test_gpt5_p9_deployment.py::TestDeploymentOrchestrator::test_deployment_status_retrieval
FAILED tests/unit/test_gpt5_p9_deployment.py::TestDeploymentOrchestrator::test_deployment_with_different_strategies
FAILED tests/unit/test_gpt5_p9_deployment.py::TestDeploymentOrchestrator::test_concurrent_deployments
FAILED tests/unit/test_gpt5_p9_deployment.py::TestDeploymentOrchestrator::test_post_deployment_validation
FAILED tests/unit/test_gpt5_p9_deployment.py::TestDeploymentPipelineIntegration::test_quality_gates_from_test_data
FAILED tests/unit/test_gpt5_p9_deployment.py::TestDeploymentPipelineIntegration::test_deployment_strategies_from_test_data
FAILED tests/unit/test_gpt5_p9_deployment.py::TestDeploymentPipelineIntegration::test_multi_environment_deployment_workflow
================== 12 failed, 12 passed, 43 warnings in 1.62s ==================
