/Users/apple/Library/Mobile Documents/com~apple~CloudDocs/SProjects/myagent-continuous-ai-builder/venv/lib/python3.9/site-packages/urllib3/__init__.py:35: NotOpenSSLWarning: urllib3 v2 only supports OpenSSL 1.1.1+, currently the 'ssl' module is compiled with 'LibreSSL 2.8.3'. See: https://github.com/urllib3/urllib3/issues/3020
  warnings.warn(
============================= test session starts ==============================
platform darwin -- Python 3.9.6, pytest-8.1.1, pluggy-1.6.0
rootdir: /Users/apple/Library/Mobile Documents/com~apple~CloudDocs/SProjects/myagent-continuous-ai-builder
configfile: pytest.ini
plugins: asyncio-0.23.5, anyio-4.12.0, langsmith-0.4.37, cov-4.1.0
asyncio: mode=strict
collected 151 items

tests/unit/test_gpt5_p10_causal.py ......F............F...               [ 15%]
tests/unit/test_gpt5_p4_memory.py FFFFFFFFFFFFFFFFFFFFF.F                [ 30%]
tests/unit/test_gpt5_p5_security.py FFFFFFFFFFFFFFFFF.FF.FF              [ 45%]
tests/unit/test_gpt5_p6_healing.py .........F.......F..........F...      [ 66%]
tests/unit/test_gpt5_p7_knowledge.py .................F.

=================================== FAILURES ===================================
_______________ TestCausalAnalyticsEngine.test_causal_discovery ________________

self = <test_gpt5_p10_causal.TestCausalAnalyticsEngine object at 0x1310f9370>
causal_analytics = <test_gpt5_p10_causal.MockCausalAnalyticsEngine object at 0x1312af0d0>
sample_data = [{'code_complexity': 8.2, 'code_refactoring': 1, 'developer_experience': 5, 'performance_improvement': 25.5}, {'code_c....9}, {'code_complexity': 11.8, 'code_refactoring': 0, 'developer_experience': 4, 'performance_improvement': 12.4}, ...]

    @pytest.mark.asyncio
    async def test_causal_discovery(self, causal_analytics, sample_data):
        """Test causal relationship discovery from data"""
        await causal_analytics.initialize()
    
>       discovered_relationships = await causal_analytics.discover_causal_relationships(
            sample_data,
            CausalMethodType.BACKDOOR
        )

tests/unit/test_gpt5_p10_causal.py:1316: 
_ _ _ _ _ _ _ _ _ _ _ _ _ _ _ _ _ _ _ _ _ _ _ _ _ _ _ _ _ _ _ _ _ _ _ _ _ _ _ _ 
tests/unit/test_gpt5_p10_causal.py:257: in discover_causal_relationships
    await self.add_causal_relationship(relationship)
_ _ _ _ _ _ _ _ _ _ _ _ _ _ _ _ _ _ _ _ _ _ _ _ _ _ _ _ _ _ _ _ _ _ _ _ _ _ _ _ 

self = <test_gpt5_p10_causal.MockCausalAnalyticsEngine object at 0x1312af0d0>
relationship = CausalRelationship(relationship_id='discovered_4c0a77', cause_variable_id='code_refactoring', effect_variable_id='perf..._sources=['backdoor_analysis_dataset_5d8a33c7'], confounders=['code_complexity', 'developer_experience'], mediators=[])

    async def add_causal_relationship(self, relationship: CausalRelationship) -> str:
        """Add causal relationship between variables"""
        if not relationship.relationship_id:
            relationship.relationship_id = f"rel_{uuid.uuid4().hex[:8]}"
    
        # Validate variables exist
        if (relationship.cause_variable_id not in self.variables or
            relationship.effect_variable_id not in self.variables):
>           raise ValueError("Cause or effect variable does not exist")
E           ValueError: Cause or effect variable does not exist

tests/unit/test_gpt5_p10_causal.py:207: ValueError
__________ TestCausalAnalyticsEngine.test_large_scale_causal_analysis __________

self = <test_gpt5_p10_causal.TestCausalAnalyticsEngine object at 0x13112d6d0>
causal_analytics = <test_gpt5_p10_causal.MockCausalAnalyticsEngine object at 0x1313ab730>

    @pytest.mark.asyncio
    async def test_large_scale_causal_analysis(self, causal_analytics):
        """Test causal analysis with larger datasets"""
        await causal_analytics.initialize()
    
        # Generate larger dataset
        large_data = []
        for i in range(1000):
            large_data.append({
                "treatment": i % 2,
                "outcome": 50 + (i % 2) * 10 + (i % 100) * 0.1,
                "confounder1": i % 10,
                "confounder2": (i % 5) * 2.5
            })
    
        # Test causal discovery on large dataset
        start_time = asyncio.get_event_loop().time()
>       discovered_relationships = await causal_analytics.discover_causal_relationships(large_data)

tests/unit/test_gpt5_p10_causal.py:1680: 
_ _ _ _ _ _ _ _ _ _ _ _ _ _ _ _ _ _ _ _ _ _ _ _ _ _ _ _ _ _ _ _ _ _ _ _ _ _ _ _ 
tests/unit/test_gpt5_p10_causal.py:257: in discover_causal_relationships
    await self.add_causal_relationship(relationship)
_ _ _ _ _ _ _ _ _ _ _ _ _ _ _ _ _ _ _ _ _ _ _ _ _ _ _ _ _ _ _ _ _ _ _ _ _ _ _ _ 

self = <test_gpt5_p10_causal.MockCausalAnalyticsEngine object at 0x1313ab730>
relationship = CausalRelationship(relationship_id='discovered_b3fbcd', cause_variable_id='confounder1', effect_variable_id='confounde...5, confidence=0.692365963917331, evidence_sources=['backdoor_analysis_dataset_85de9299'], confounders=[], mediators=[])

    async def add_causal_relationship(self, relationship: CausalRelationship) -> str:
        """Add causal relationship between variables"""
        if not relationship.relationship_id:
            relationship.relationship_id = f"rel_{uuid.uuid4().hex[:8]}"
    
        # Validate variables exist
        if (relationship.cause_variable_id not in self.variables or
            relationship.effect_variable_id not in self.variables):
>           raise ValueError("Cause or effect variable does not exist")
E           ValueError: Cause or effect variable does not exist

tests/unit/test_gpt5_p10_causal.py:207: ValueError
______________ TestHierarchicalMemoryPyramid.test_initialization _______________

self = <test_gpt5_p4_memory.TestHierarchicalMemoryPyramid object at 0x13113f700>
temp_database = '/var/folders/gc/cjnggvbd1bdgsblrng_h4mf40000gn/T/tmp3tvb10ai.db'

    @pytest.mark.asyncio
    async def test_initialization(self, temp_database):
        """Test memory pyramid initialization"""
>       pyramid = HierarchicalMemoryPyramid(database_path=temp_database)
E       TypeError: __init__() got an unexpected keyword argument 'database_path'

tests/unit/test_gpt5_p4_memory.py:40: TypeError
_________ TestHierarchicalMemoryPyramid.test_store_memory_working_tier _________

self = <test_gpt5_p4_memory.TestHierarchicalMemoryPyramid object at 0x13113fa30>
memory_pyramid = <async_generator object TestHierarchicalMemoryPyramid.memory_pyramid at 0x13162e820>

    @pytest.mark.asyncio
    async def test_store_memory_working_tier(self, memory_pyramid):
        """Test storing memory in working tier"""
        content = "User requested fibonacci function implementation"
        memory_type = MemoryType.USER_REQUEST
    
>       memory_id = await memory_pyramid.store_memory(
            content=content,
            memory_type=memory_type,
            importance=0.8
        )
E       AttributeError: 'async_generator' object has no attribute 'store_memory'

tests/unit/test_gpt5_p4_memory.py:63: AttributeError
__________ TestHierarchicalMemoryPyramid.test_store_multiple_memories __________

self = <test_gpt5_p4_memory.TestHierarchicalMemoryPyramid object at 0x13113fcd0>
memory_pyramid = <async_generator object TestHierarchicalMemoryPyramid.memory_pyramid at 0x13142f3a0>

    @pytest.mark.asyncio
    async def test_store_multiple_memories(self, memory_pyramid):
        """Test storing multiple memories in different tiers"""
        memories = [
            {
                "content": "User request for calculator",
                "memory_type": MemoryType.USER_REQUEST,
                "importance": 0.7,
                "tier": MemoryTier.WORKING
            },
            {
                "content": "Implemented basic calculator class",
                "memory_type": MemoryType.IMPLEMENTATION,
                "importance": 0.8,
                "tier": MemoryTier.SHORT_TERM
            },
            {
                "content": "Performance optimization applied",
                "memory_type": MemoryType.OPTIMIZATION,
                "importance": 0.9,
                "tier": MemoryTier.LONG_TERM
            }
        ]
    
        memory_ids = []
        for memory_data in memories:
>           memory_id = await memory_pyramid.store_memory(
                content=memory_data["content"],
                memory_type=memory_data["memory_type"],
                importance=memory_data["importance"],
                tier=memory_data["tier"]
            )
E           AttributeError: 'async_generator' object has no attribute 'store_memory'

tests/unit/test_gpt5_p4_memory.py:104: AttributeError
___________ TestHierarchicalMemoryPyramid.test_retrieve_memory_by_id ___________

self = <test_gpt5_p4_memory.TestHierarchicalMemoryPyramid object at 0x13113ff70>
memory_pyramid = <async_generator object TestHierarchicalMemoryPyramid.memory_pyramid at 0x13142f670>

    @pytest.mark.asyncio
    async def test_retrieve_memory_by_id(self, memory_pyramid):
        """Test retrieving specific memory by ID"""
        content = "Test memory for retrieval"
        memory_type = MemoryType.DECISION
    
>       memory_id = await memory_pyramid.store_memory(
            content=content,
            memory_type=memory_type,
            importance=0.6
        )
E       AttributeError: 'async_generator' object has no attribute 'store_memory'

tests/unit/test_gpt5_p4_memory.py:131: AttributeError
________ TestHierarchicalMemoryPyramid.test_search_memories_by_content _________

self = <test_gpt5_p4_memory.TestHierarchicalMemoryPyramid object at 0x13113fac0>
memory_pyramid = <async_generator object TestHierarchicalMemoryPyramid.memory_pyramid at 0x13142f940>

    @pytest.mark.asyncio
    async def test_search_memories_by_content(self, memory_pyramid):
        """Test searching memories by content"""
        # Store test memories
        test_memories = [
            "Implement fibonacci function using recursion",
            "Optimize fibonacci with memoization",
            "Create unit tests for calculator module",
            "Debug performance issues in sorting algorithm"
        ]
    
        for content in test_memories:
>           await memory_pyramid.store_memory(
                content=content,
                memory_type=MemoryType.IMPLEMENTATION,
                importance=0.7
            )
E           AttributeError: 'async_generator' object has no attribute 'store_memory'

tests/unit/test_gpt5_p4_memory.py:158: AttributeError
__________ TestHierarchicalMemoryPyramid.test_search_memories_by_type __________

self = <test_gpt5_p4_memory.TestHierarchicalMemoryPyramid object at 0x131122820>
memory_pyramid = <async_generator object TestHierarchicalMemoryPyramid.memory_pyramid at 0x13142fc10>

    @pytest.mark.asyncio
    async def test_search_memories_by_type(self, memory_pyramid):
        """Test searching memories by type"""
        # Store memories of different types
        memories_by_type = [
            ("User wants calculator", MemoryType.USER_REQUEST),
            ("Implemented Calculator class", MemoryType.IMPLEMENTATION),
            ("Decided to use Python", MemoryType.DECISION),
            ("Fixed division by zero bug", MemoryType.BUG_FIX),
            ("Optimized algorithm performance", MemoryType.OPTIMIZATION)
        ]
    
        for content, mem_type in memories_by_type:
>           await memory_pyramid.store_memory(
                content=content,
                memory_type=mem_type,
                importance=0.7
            )
E           AttributeError: 'async_generator' object has no attribute 'store_memory'

tests/unit/test_gpt5_p4_memory.py:189: AttributeError
_______ TestHierarchicalMemoryPyramid.test_memory_consolidation_by_count _______

self = <test_gpt5_p4_memory.TestHierarchicalMemoryPyramid object at 0x1311440d0>
memory_pyramid = <async_generator object TestHierarchicalMemoryPyramid.memory_pyramid at 0x13142fee0>

    @pytest.mark.asyncio
    async def test_memory_consolidation_by_count(self, memory_pyramid):
        """Test automatic memory consolidation when working memory is full"""
        # Set low threshold for testing
        pyramid = memory_pyramid
>       pyramid.working_memory_threshold = 3
E       AttributeError: 'async_generator' object has no attribute 'working_memory_threshold'

tests/unit/test_gpt5_p4_memory.py:209: AttributeError
_______ TestHierarchicalMemoryPyramid.test_memory_consolidation_by_time ________

self = <test_gpt5_p4_memory.TestHierarchicalMemoryPyramid object at 0x131144370>
memory_pyramid = <async_generator object TestHierarchicalMemoryPyramid.memory_pyramid at 0x13142fc10>

    @pytest.mark.asyncio
    async def test_memory_consolidation_by_time(self, memory_pyramid):
        """Test time-based memory consolidation"""
        pyramid = memory_pyramid
    
        # Create old memory (simulate)
        old_content = "Old memory for consolidation test"
>       memory_id = await pyramid.store_memory(
            content=old_content,
            memory_type=MemoryType.IMPLEMENTATION,
            importance=0.6
        )
E       AttributeError: 'async_generator' object has no attribute 'store_memory'

tests/unit/test_gpt5_p4_memory.py:238: AttributeError
____________ TestHierarchicalMemoryPyramid.test_memory_compression _____________

self = <test_gpt5_p4_memory.TestHierarchicalMemoryPyramid object at 0x131144610>
memory_pyramid = <async_generator object TestHierarchicalMemoryPyramid.memory_pyramid at 0x1314e71f0>

    @pytest.mark.asyncio
    async def test_memory_compression(self, memory_pyramid):
        """Test memory compression for archive tier"""
        pyramid = memory_pyramid
    
        # Create memories for compression
        related_memories = [
            "Implemented fibonacci function",
            "Added memoization to fibonacci",
            "Optimized fibonacci performance",
            "Fixed fibonacci edge cases"
        ]
    
        memory_ids = []
        for content in related_memories:
>           memory_id = await pyramid.store_memory(
                content=content,
                memory_type=MemoryType.IMPLEMENTATION,
                importance=0.7,
                tier=MemoryTier.LONG_TERM
            )
E           AttributeError: 'async_generator' object has no attribute 'store_memory'

tests/unit/test_gpt5_p4_memory.py:278: AttributeError
_________ TestHierarchicalMemoryPyramid.test_memory_importance_scoring _________

self = <test_gpt5_p4_memory.TestHierarchicalMemoryPyramid object at 0x1311448b0>
memory_pyramid = <async_generator object TestHierarchicalMemoryPyramid.memory_pyramid at 0x1314e7430>

    @pytest.mark.asyncio
    async def test_memory_importance_scoring(self, memory_pyramid):
        """Test memory importance calculation and ranking"""
        # Store memories with different characteristics
        memories = [
            {
                "content": "Critical security vulnerability found",
                "memory_type": MemoryType.BUG_FIX,
                "importance": 0.95,
                "access_count": 10
            },
            {
                "content": "Minor UI improvement suggestion",
                "memory_type": MemoryType.IMPROVEMENT,
                "importance": 0.3,
                "access_count": 1
            },
            {
                "content": "Core algorithm implementation",
                "memory_type": MemoryType.IMPLEMENTATION,
                "importance": 0.8,
                "access_count": 5
            }
        ]
    
        memory_ids = []
        for memory_data in memories:
>           memory_id = await memory_pyramid.store_memory(
                content=memory_data["content"],
                memory_type=memory_data["memory_type"],
                importance=memory_data["importance"]
            )
E           AttributeError: 'async_generator' object has no attribute 'store_memory'

tests/unit/test_gpt5_p4_memory.py:328: AttributeError
___________ TestHierarchicalMemoryPyramid.test_memory_relationships ____________

self = <test_gpt5_p4_memory.TestHierarchicalMemoryPyramid object at 0x131144b50>
memory_pyramid = <async_generator object TestHierarchicalMemoryPyramid.memory_pyramid at 0x1314e7700>

    @pytest.mark.asyncio
    async def test_memory_relationships(self, memory_pyramid):
        """Test memory relationship tracking"""
        # Create parent memory
>       parent_id = await memory_pyramid.store_memory(
            content="User request for calculator application",
            memory_type=MemoryType.USER_REQUEST,
            importance=0.8
        )
E       AttributeError: 'async_generator' object has no attribute 'store_memory'

tests/unit/test_gpt5_p4_memory.py:353: AttributeError
_____________ TestHierarchicalMemoryPyramid.test_memory_statistics _____________

self = <test_gpt5_p4_memory.TestHierarchicalMemoryPyramid object at 0x131144df0>
memory_pyramid = <async_generator object TestHierarchicalMemoryPyramid.memory_pyramid at 0x1314e79d0>

    @pytest.mark.asyncio
    async def test_memory_statistics(self, memory_pyramid):
        """Test memory usage statistics"""
        # Add various memories
        for i in range(10):
>           await memory_pyramid.store_memory(
                content=f"Test memory {i}",
                memory_type=MemoryType.IMPLEMENTATION,
                importance=0.5 + (i * 0.05),
                tier=MemoryTier.WORKING if i < 3 else MemoryTier.SHORT_TERM
            )
E           AttributeError: 'async_generator' object has no attribute 'store_memory'

tests/unit/test_gpt5_p4_memory.py:390: AttributeError
______________ TestHierarchicalMemoryPyramid.test_memory_cleanup _______________

self = <test_gpt5_p4_memory.TestHierarchicalMemoryPyramid object at 0x13114d0d0>
memory_pyramid = <async_generator object TestHierarchicalMemoryPyramid.memory_pyramid at 0x1314e7c10>

    @pytest.mark.asyncio
    async def test_memory_cleanup(self, memory_pyramid):
        """Test memory cleanup and garbage collection"""
        # Create low-importance memories
        low_importance_ids = []
        for i in range(5):
>           memory_id = await memory_pyramid.store_memory(
                content=f"Low importance memory {i}",
                memory_type=MemoryType.OPTIMIZATION,
                importance=0.1,
                tier=MemoryTier.ARCHIVE
            )
E           AttributeError: 'async_generator' object has no attribute 'store_memory'

tests/unit/test_gpt5_p4_memory.py:413: AttributeError
___________ TestHierarchicalMemoryPyramid.test_memory_export_import ____________

self = <test_gpt5_p4_memory.TestHierarchicalMemoryPyramid object at 0x13114d3a0>
memory_pyramid = <async_generator object TestHierarchicalMemoryPyramid.memory_pyramid at 0x1314e7f70>
temp_dir = PosixPath('/var/folders/gc/cjnggvbd1bdgsblrng_h4mf40000gn/T/tmpoxwm99sg')

    @pytest.mark.asyncio
    async def test_memory_export_import(self, memory_pyramid, temp_dir):
        """Test memory export and import functionality"""
        # Store test memories
        test_memories = [
            ("Memory export test 1", MemoryType.USER_REQUEST, 0.8),
            ("Memory export test 2", MemoryType.IMPLEMENTATION, 0.7),
            ("Memory export test 3", MemoryType.DECISION, 0.9)
        ]
    
        original_ids = []
        for content, mem_type, importance in test_memories:
>           memory_id = await memory_pyramid.store_memory(
                content=content,
                memory_type=mem_type,
                importance=importance
            )
E           AttributeError: 'async_generator' object has no attribute 'store_memory'

tests/unit/test_gpt5_p4_memory.py:455: AttributeError
_______ TestHierarchicalMemoryPyramid.test_concurrent_memory_operations ________

self = <test_gpt5_p4_memory.TestHierarchicalMemoryPyramid object at 0x13114d610>
memory_pyramid = <async_generator object TestHierarchicalMemoryPyramid.memory_pyramid at 0x1314e7700>

    @pytest.mark.asyncio
    async def test_concurrent_memory_operations(self, memory_pyramid):
        """Test thread-safe concurrent memory operations"""
        async def store_memories_batch(batch_id: int):
            """Store a batch of memories concurrently"""
            memory_ids = []
            for i in range(5):
                memory_id = await memory_pyramid.store_memory(
                    content=f"Batch {batch_id} - Memory {i}",
                    memory_type=MemoryType.IMPLEMENTATION,
                    importance=0.5
                )
                memory_ids.append(memory_id)
            return memory_ids
    
        # Run concurrent memory storage operations
        tasks = [store_memories_batch(i) for i in range(3)]
>       results = await asyncio.gather(*tasks)

tests/unit/test_gpt5_p4_memory.py:512: 
_ _ _ _ _ _ _ _ _ _ _ _ _ _ _ _ _ _ _ _ _ _ _ _ _ _ _ _ _ _ _ _ _ _ _ _ _ _ _ _ 

batch_id = 0

    async def store_memories_batch(batch_id: int):
        """Store a batch of memories concurrently"""
        memory_ids = []
        for i in range(5):
>           memory_id = await memory_pyramid.store_memory(
                content=f"Batch {batch_id} - Memory {i}",
                memory_type=MemoryType.IMPLEMENTATION,
                importance=0.5
            )
E           AttributeError: 'async_generator' object has no attribute 'store_memory'

tests/unit/test_gpt5_p4_memory.py:502: AttributeError
___________ TestHierarchicalMemoryPyramid.test_memory_tier_promotion ___________

self = <test_gpt5_p4_memory.TestHierarchicalMemoryPyramid object at 0x13114d8b0>
memory_pyramid = <async_generator object TestHierarchicalMemoryPyramid.memory_pyramid at 0x1315bb310>

    @pytest.mark.asyncio
    async def test_memory_tier_promotion(self, memory_pyramid):
        """Test memory promotion between tiers based on access patterns"""
        # Store memory in short-term
>       memory_id = await memory_pyramid.store_memory(
            content="Frequently accessed implementation detail",
            memory_type=MemoryType.IMPLEMENTATION,
            importance=0.6,
            tier=MemoryTier.SHORT_TERM
        )
E       AttributeError: 'async_generator' object has no attribute 'store_memory'

tests/unit/test_gpt5_p4_memory.py:528: AttributeError
________ TestHierarchicalMemoryPyramid.test_memory_pyramid_performance _________

self = <test_gpt5_p4_memory.TestHierarchicalMemoryPyramid object at 0x13114db50>
memory_pyramid = <async_generator object TestHierarchicalMemoryPyramid.memory_pyramid at 0x1315bb550>

    @pytest.mark.asyncio
    async def test_memory_pyramid_performance(self, memory_pyramid):
        """Test memory pyramid performance with large dataset"""
        import time
    
        # Store large number of memories
        start_time = time.time()
        memory_ids = []
    
        for i in range(100):
>           memory_id = await memory_pyramid.store_memory(
                content=f"Performance test memory {i}",
                memory_type=MemoryType.IMPLEMENTATION,
                importance=0.5 + (i % 50) / 100  # Varying importance
            )
E           AttributeError: 'async_generator' object has no attribute 'store_memory'

tests/unit/test_gpt5_p4_memory.py:560: AttributeError
___________________ TestMemoryNode.test_memory_node_creation ___________________

self = <test_gpt5_p4_memory.TestMemoryNode object at 0x131155040>

    def test_memory_node_creation(self):
        """Test memory node creation and initialization"""
>       node = MemoryNode(
            content="Test memory content",
            memory_type=MemoryType.IMPLEMENTATION,
            importance=0.8,
            tier=MemoryTier.WORKING
        )
E       TypeError: __init__() got an unexpected keyword argument 'importance'

tests/unit/test_gpt5_p4_memory.py:599: TypeError
________________ TestMemoryNode.test_memory_node_serialization _________________

self = <test_gpt5_p4_memory.TestMemoryNode object at 0x13114dc10>

    def test_memory_node_serialization(self):
        """Test memory node to/from dictionary conversion"""
>       node = MemoryNode(
            content="Serialization test",
            memory_type=MemoryType.DECISION,
            importance=0.7,
            tier=MemoryTier.SHORT_TERM
        )
E       TypeError: __init__() got an unexpected keyword argument 'importance'

tests/unit/test_gpt5_p4_memory.py:617: TypeError
________________ TestMemoryNode.test_memory_node_update_access _________________

self = <test_gpt5_p4_memory.TestMemoryNode object at 0x13114d790>

    def test_memory_node_update_access(self):
        """Test memory node access tracking"""
>       node = MemoryNode(
            content="Access tracking test",
            memory_type=MemoryType.USER_REQUEST,
            importance=0.6
        )
E       TypeError: __init__() got an unexpected keyword argument 'importance'

tests/unit/test_gpt5_p4_memory.py:643: TypeError
_______________ TestMemoryNode.test_memory_node_importance_decay _______________

self = <test_gpt5_p4_memory.TestMemoryNode object at 0x13114d2e0>

    def test_memory_node_importance_decay(self):
        """Test memory importance decay over time"""
>       node = MemoryNode(
            content="Importance decay test",
            memory_type=MemoryType.OPTIMIZATION,
            importance=0.9
        )
E       TypeError: __init__() got an unexpected keyword argument 'importance'

tests/unit/test_gpt5_p4_memory.py:660: TypeError
__________________ TestMemoryTierEnums.test_memory_type_enum ___________________

self = <test_gpt5_p4_memory.TestMemoryTierEnums object at 0x131144400>

    def test_memory_type_enum(self):
        """Test memory type enumeration values"""
        expected_types = [
            "user_request",
            "implementation",
            "decision",
            "bug_fix",
            "optimization",
            "improvement",
            "error",
            "success"
        ]
    
        for memory_type in MemoryType:
>           assert memory_type.value in expected_types
E           AssertionError: assert 'episodic' in ['user_request', 'implementation', 'decision', 'bug_fix', 'optimization', 'improvement', ...]
E            +  where 'episodic' = <MemoryType.EPISODIC: 'episodic'>.value

tests/unit/test_gpt5_p4_memory.py:701: AssertionError
__________ TestSecurityComplianceScanner.test_scanner_initialization ___________

self = <test_gpt5_p5_security.TestSecurityComplianceScanner object at 0x13116c1f0>

    @pytest.mark.asyncio
    async def test_scanner_initialization(self):
        """Test security scanner initialization"""
        scanner = SecurityComplianceScanner()
    
        # Verify vulnerability patterns loaded
        assert len(scanner.vulnerability_patterns) > 0
        assert VulnerabilityType.SQL_INJECTION in scanner.vulnerability_patterns
        assert VulnerabilityType.XSS in scanner.vulnerability_patterns
        assert VulnerabilityType.HARDCODED_SECRETS in scanner.vulnerability_patterns
    
        # Verify compliance frameworks loaded
>       assert len(scanner.compliance_frameworks) > 0
E       AttributeError: 'SecurityComplianceScanner' object has no attribute 'compliance_frameworks'

tests/unit/test_gpt5_p5_security.py:47: AttributeError
__________ TestSecurityComplianceScanner.test_sql_injection_detection __________

self = <test_gpt5_p5_security.TestSecurityComplianceScanner object at 0x13116c490>
security_scanner = <async_generator object TestSecurityComplianceScanner.security_scanner at 0x1315bbd30>

    @pytest.mark.asyncio
    async def test_sql_injection_detection(self, security_scanner):
        """Test SQL injection vulnerability detection"""
        vulnerable_code_samples = [
            'query = f"SELECT * FROM users WHERE id = {user_id}"',
            'cursor.execute("SELECT * FROM products WHERE name = \'%s\'" % product_name)',
            'sql = "DELETE FROM logs WHERE date < " + cutoff_date',
            'db.raw("INSERT INTO table VALUES (" + values + ")")'
        ]
    
        safe_code_samples = [
            'query = "SELECT * FROM users WHERE id = ?"',
            'cursor.execute("SELECT * FROM products WHERE name = ?", (product_name,))',
            'sql = "DELETE FROM logs WHERE date < %s"',
            'db.query("INSERT INTO table VALUES (?)", (values,))'
        ]
    
        # Test vulnerable code detection
        for code in vulnerable_code_samples:
>           issues = await security_scanner.scan_code_snippet(code)
E           AttributeError: 'async_generator' object has no attribute 'scan_code_snippet'

tests/unit/test_gpt5_p5_security.py:72: AttributeError
________ TestSecurityComplianceScanner.test_xss_vulnerability_detection ________

self = <test_gpt5_p5_security.TestSecurityComplianceScanner object at 0x13116c040>
security_scanner = <async_generator object TestSecurityComplianceScanner.security_scanner at 0x1315bb040>

    @pytest.mark.asyncio
    async def test_xss_vulnerability_detection(self, security_scanner):
        """Test XSS vulnerability detection"""
        vulnerable_code_samples = [
            'return f"<div>{user_input}</div>"',
            'html = "<p>" + request.form["comment"] + "</p>"',
            'content = f"<script>var data = {json_data};</script>"',
            'template = "<h1>" + title + "</h1>"'
        ]
    
        safe_code_samples = [
            'return f"<div>{escape(user_input)}</div>"',
            'html = "<p>" + html.escape(request.form["comment"]) + "</p>"',
            'content = f"<script>var data = {json.dumps(json_data)};</script>"',
            'template = template.render(title=title)'
        ]
    
        # Test vulnerable code detection
        for code in vulnerable_code_samples:
>           issues = await security_scanner.scan_code_snippet(code)
E           AttributeError: 'async_generator' object has no attribute 'scan_code_snippet'

tests/unit/test_gpt5_p5_security.py:107: AttributeError
________ TestSecurityComplianceScanner.test_hardcoded_secrets_detection ________

self = <test_gpt5_p5_security.TestSecurityComplianceScanner object at 0x13116c100>
security_scanner = <async_generator object TestSecurityComplianceScanner.security_scanner at 0x1314e40d0>

    @pytest.mark.asyncio
    async def test_hardcoded_secrets_detection(self, security_scanner):
        """Test hardcoded secrets detection"""
        vulnerable_code_samples = [
            'API_KEY = "sk-1234567890abcdef"',
            'password = "admin123"',
            'token = "eyJhbGciOiJIUzI1NiIsInR5cCI6IkpXVCJ9"',
            'aws_secret = "AKIAIOSFODNN7EXAMPLE"',
            'database_url = "postgres://user:password@localhost/db"'
        ]
    
        safe_code_samples = [
            'API_KEY = os.environ.get("API_KEY")',
            'password = config.get("password")',
            'token = request.headers.get("Authorization")',
            'aws_secret = secrets.get_secret_value("aws_secret")',
            'database_url = settings.DATABASE_URL'
        ]
    
        # Test vulnerable code detection
        for code in vulnerable_code_samples:
>           issues = await security_scanner.scan_code_snippet(code)
E           AttributeError: 'async_generator' object has no attribute 'scan_code_snippet'

tests/unit/test_gpt5_p5_security.py:144: AttributeError
_________ TestSecurityComplianceScanner.test_insecure_crypto_detection _________

self = <test_gpt5_p5_security.TestSecurityComplianceScanner object at 0x13116c7f0>
security_scanner = <async_generator object TestSecurityComplianceScanner.security_scanner at 0x1314e44c0>

    @pytest.mark.asyncio
    async def test_insecure_crypto_detection(self, security_scanner):
        """Test insecure cryptography detection"""
        vulnerable_code_samples = [
            'from Crypto.Cipher import DES',
            'hashlib.md5(password)',
            'random.random()',
            'ssl_context.check_hostname = False',
            'hashlib.sha1(data)'
        ]
    
        safe_code_samples = [
            'from Crypto.Cipher import AES',
            'hashlib.sha256(password)',
            'secrets.SystemRandom()',
            'ssl.create_default_context()',
            'hashlib.sha256(data)'
        ]
    
        # Test vulnerable code detection
        for code in vulnerable_code_samples:
>           issues = await security_scanner.scan_code_snippet(code)
E           AttributeError: 'async_generator' object has no attribute 'scan_code_snippet'

tests/unit/test_gpt5_p5_security.py:181: AttributeError
_________ TestSecurityComplianceScanner.test_path_traversal_detection __________

self = <test_gpt5_p5_security.TestSecurityComplianceScanner object at 0x13116ca60>
security_scanner = <async_generator object TestSecurityComplianceScanner.security_scanner at 0x1314e4790>

    @pytest.mark.asyncio
    async def test_path_traversal_detection(self, security_scanner):
        """Test path traversal vulnerability detection"""
        vulnerable_code_samples = [
            'open(user_filename, "r")',
            'file_path = f"/uploads/{request.form[\"filename\"]}"',
            'with open(f"./files/{filename}") as f:',
            'os.path.join("/base", user_input)'
        ]
    
        safe_code_samples = [
            'open(secure_filename(user_filename), "r")',
            'file_path = safe_join("/uploads", request.form["filename"])',
            'with open(validate_path(f"./files/{filename}")) as f:',
            'os.path.join("/base", os.path.basename(user_input))'
        ]
    
        # Test vulnerable code detection
        for code in vulnerable_code_samples:
>           issues = await security_scanner.scan_code_snippet(code)
E           AttributeError: 'async_generator' object has no attribute 'scan_code_snippet'

tests/unit/test_gpt5_p5_security.py:217: AttributeError
_________________ TestSecurityComplianceScanner.test_scan_file _________________

self = <test_gpt5_p5_security.TestSecurityComplianceScanner object at 0x13116cd30>
security_scanner = <async_generator object TestSecurityComplianceScanner.security_scanner at 0x1314e4700>
tmp_path = PosixPath('/private/var/folders/gc/cjnggvbd1bdgsblrng_h4mf40000gn/T/pytest-of-apple/pytest-1/test_scan_file0')

        @pytest.mark.asyncio
        async def test_scan_file(self, security_scanner, tmp_path):
            """Test scanning individual files"""
            # Create test file with vulnerabilities
            test_file = tmp_path / "vulnerable_test.py"
            test_file.write_text('''
    import hashlib
    import os
    
    # Hardcoded secret
    API_KEY = "sk-1234567890abcdef"
    
    def get_user(user_id):
        # SQL injection vulnerability
        query = f"SELECT * FROM users WHERE id = {user_id}"
        return execute_query(query)
    
    def render_comment(comment):
        # XSS vulnerability
        return f"<div>{comment}</div>"
    
    def hash_password(password):
        # Weak crypto
        return hashlib.md5(password.encode()).hexdigest()
    ''')
    
            # Scan the file
>           scan_result = await security_scanner.scan_file(str(test_file))
E           AttributeError: 'async_generator' object has no attribute 'scan_file'

tests/unit/test_gpt5_p5_security.py:260: AttributeError
______________ TestSecurityComplianceScanner.test_scan_directory _______________

self = <test_gpt5_p5_security.TestSecurityComplianceScanner object at 0x131171040>
security_scanner = <async_generator object TestSecurityComplianceScanner.security_scanner at 0x1314e41f0>
tmp_path = PosixPath('/private/var/folders/gc/cjnggvbd1bdgsblrng_h4mf40000gn/T/pytest-of-apple/pytest-1/test_scan_directory0')

        @pytest.mark.asyncio
        async def test_scan_directory(self, security_scanner, tmp_path):
            """Test scanning entire directories"""
            # Create test files
            files_data = {
                "app.py": '''
    API_KEY = "secret123"
    def sql_query(id):
        return f"SELECT * FROM table WHERE id = {id}"
    ''',
                "utils.py": '''
    import hashlib
    def weak_hash(data):
        return hashlib.md5(data).hexdigest()
    ''',
                "views.py": '''
    def render_user_input(data):
        return f"<p>{data}</p>"
    '''
            }
    
            # Write test files
            for filename, content in files_data.items():
                (tmp_path / filename).write_text(content)
    
            # Scan directory
>           scan_results = await security_scanner.scan_directory(str(tmp_path))
E           AttributeError: 'async_generator' object has no attribute 'scan_directory'

tests/unit/test_gpt5_p5_security.py:298: AttributeError
__________ TestSecurityComplianceScanner.test_owasp_compliance_check ___________

self = <test_gpt5_p5_security.TestSecurityComplianceScanner object at 0x131171250>
security_scanner = <async_generator object TestSecurityComplianceScanner.security_scanner at 0x1314e40d0>

    @pytest.mark.asyncio
    async def test_owasp_compliance_check(self, security_scanner):
        """Test OWASP compliance framework validation"""
        # Create scan results with various vulnerabilities
        issues = [
>           SecurityVulnerability(
                vulnerability_type=VulnerabilityType.SQL_INJECTION,
                severity=SecurityLevel.HIGH,
                description="SQL injection vulnerability",
                line_number=10
            ),
            SecurityVulnerability(
                vulnerability_type=VulnerabilityType.XSS,
                severity=SecurityLevel.MEDIUM,
                description="XSS vulnerability",
                line_number=15
            ),
            SecurityVulnerability(
                vulnerability_type=VulnerabilityType.HARDCODED_SECRETS,
                severity=SecurityLevel.CRITICAL,
                description="Hardcoded API key",
                line_number=5
            )
        ]
E       TypeError: __init__() got an unexpected keyword argument 'vulnerability_type'

tests/unit/test_gpt5_p5_security.py:311: TypeError
___________ TestSecurityComplianceScanner.test_gdpr_compliance_check ___________

self = <test_gpt5_p5_security.TestSecurityComplianceScanner object at 0x1311714c0>
security_scanner = <async_generator object TestSecurityComplianceScanner.security_scanner at 0x13153c0d0>

    @pytest.mark.asyncio
    async def test_gdpr_compliance_check(self, security_scanner):
        """Test GDPR compliance framework validation"""
        # Create code with potential GDPR issues
        code_samples = [
            'user_data = {"email": email, "name": name, "ip": request.remote_addr}',
            'log.info(f"User {user.email} performed action")',
            'analytics.track(user_id, sensitive_data)',
            'cookie_data = request.cookies.get("tracking")'
        ]
    
        all_issues = []
        for code in code_samples:
>           issues = await security_scanner.scan_code_snippet(code)
E           AttributeError: 'async_generator' object has no attribute 'scan_code_snippet'

tests/unit/test_gpt5_p5_security.py:365: AttributeError
_________ TestSecurityComplianceScanner.test_pci_dss_compliance_check __________

self = <test_gpt5_p5_security.TestSecurityComplianceScanner object at 0x131171730>
security_scanner = <async_generator object TestSecurityComplianceScanner.security_scanner at 0x13153c430>

    @pytest.mark.asyncio
    async def test_pci_dss_compliance_check(self, security_scanner):
        """Test PCI-DSS compliance framework validation"""
        # Create issues related to payment card data
        issues = [
>           SecurityVulnerability(
                vulnerability_type=VulnerabilityType.HARDCODED_SECRETS,
                severity=SecurityLevel.CRITICAL,
                description="Hardcoded payment API key",
                line_number=5,
                context="payment_api_key = 'pk_test_123456'"
            ),
            SecurityVulnerability(
                vulnerability_type=VulnerabilityType.INSECURE_CRYPTO,
                severity=SecurityLevel.HIGH,
                description="Weak encryption for payment data",
                line_number=20,
                context="hashlib.md5(credit_card_number)"
            )
        ]
E       TypeError: __init__() got an unexpected keyword argument 'vulnerability_type'

tests/unit/test_gpt5_p5_security.py:390: TypeError
______________ TestSecurityComplianceScanner.test_risk_assessment ______________

self = <test_gpt5_p5_security.TestSecurityComplianceScanner object at 0x1311719a0>
security_scanner = <async_generator object TestSecurityComplianceScanner.security_scanner at 0x13153c700>

    @pytest.mark.asyncio
    async def test_risk_assessment(self, security_scanner):
        """Test security risk assessment calculation"""
        # Create issues with different severity levels
        issues = [
>           SecurityVulnerability(
                vulnerability_type=VulnerabilityType.HARDCODED_SECRETS,
                severity=SecurityLevel.CRITICAL,
                description="Critical secret exposure"
            ),
            SecurityVulnerability(
                vulnerability_type=VulnerabilityType.SQL_INJECTION,
                severity=SecurityLevel.HIGH,
                description="SQL injection risk"
            ),
            SecurityVulnerability(
                vulnerability_type=VulnerabilityType.XSS,
                severity=SecurityLevel.MEDIUM,
                description="XSS vulnerability"
            ),
            SecurityVulnerability(
                vulnerability_type=VulnerabilityType.WEAK_RANDOM,
                severity=SecurityLevel.LOW,
                description="Weak random number generation"
            )
        ]
E       TypeError: __init__() got an unexpected keyword argument 'vulnerability_type'

tests/unit/test_gpt5_p5_security.py:427: TypeError
________ TestSecurityComplianceScanner.test_security_report_generation _________

self = <test_gpt5_p5_security.TestSecurityComplianceScanner object at 0x131171c70>
security_scanner = <async_generator object TestSecurityComplianceScanner.security_scanner at 0x13153ca60>
tmp_path = PosixPath('/private/var/folders/gc/cjnggvbd1bdgsblrng_h4mf40000gn/T/pytest-of-apple/pytest-1/test_security_report_generatio0')

    @pytest.mark.asyncio
    async def test_security_report_generation(self, security_scanner, tmp_path):
        """Test comprehensive security report generation"""
        # Create multiple scan results
        scan_results = [
            SecurityScanResult(
                file_path="/app/main.py",
                issues=[
>                   SecurityVulnerability(
                        vulnerability_type=VulnerabilityType.SQL_INJECTION,
                        severity=SecurityLevel.HIGH,
                        description="SQL injection in user query"
                    )
                ],
                scan_timestamp=1234567890
            ),
            SecurityScanResult(
                file_path="/app/utils.py",
                issues=[
                    SecurityVulnerability(
                        vulnerability_type=VulnerabilityType.HARDCODED_SECRETS,
                        severity=SecurityLevel.CRITICAL,
                        description="API key hardcoded"
                    )
                ],
                scan_timestamp=1234567890
            )
        ]
E       TypeError: __init__() got an unexpected keyword argument 'vulnerability_type'

tests/unit/test_gpt5_p5_security.py:473: TypeError
__________ TestSecurityComplianceScanner.test_false_positive_handling __________

self = <test_gpt5_p5_security.TestSecurityComplianceScanner object at 0x131171eb0>
security_scanner = <async_generator object TestSecurityComplianceScanner.security_scanner at 0x13153cee0>

    @pytest.mark.asyncio
    async def test_false_positive_handling(self, security_scanner):
        """Test handling of false positives in security scanning"""
        # Code that might trigger false positives
        code_samples = [
            '# This is not a real API key: "sk-test-example"',
            'test_query = "SELECT * FROM test_table WHERE id = 1"',  # Static query
            'example_html = "<div>Safe static content</div>"',
            'hash_comment = "Use SHA256 instead of MD5 for production"'
        ]
    
        total_false_positives = 0
    
        for code in code_samples:
>           issues = await security_scanner.scan_code_snippet(code)
E           AttributeError: 'async_generator' object has no attribute 'scan_code_snippet'

tests/unit/test_gpt5_p5_security.py:533: AttributeError
_______ TestSecurityComplianceScanner.test_vulnerability_pattern_updates _______

self = <test_gpt5_p5_security.TestSecurityComplianceScanner object at 0x13117c160>
security_scanner = <async_generator object TestSecurityComplianceScanner.security_scanner at 0x13153caf0>

    @pytest.mark.asyncio
    async def test_vulnerability_pattern_updates(self, security_scanner):
        """Test dynamic vulnerability pattern updates"""
        # Add new custom vulnerability pattern
        custom_pattern = {
            "name": "Custom API Exposure",
            "pattern": r"app\.run\(host=['\"]0\.0\.0\.0['\"]",
            "description": "Flask app exposed to all interfaces",
            "severity": SecurityLevel.MEDIUM
        }
    
        # Add pattern to scanner
>       await security_scanner.add_vulnerability_pattern(
            VulnerabilityType.INFORMATION_DISCLOSURE,
            custom_pattern
        )
E       AttributeError: 'async_generator' object has no attribute 'add_vulnerability_pattern'

tests/unit/test_gpt5_p5_security.py:556: AttributeError
_____________ TestSecurityComplianceScanner.test_scan_performance ______________

self = <test_gpt5_p5_security.TestSecurityComplianceScanner object at 0x13117c460>
security_scanner = <async_generator object TestSecurityComplianceScanner.security_scanner at 0x13152a0d0>
tmp_path = PosixPath('/private/var/folders/gc/cjnggvbd1bdgsblrng_h4mf40000gn/T/pytest-of-apple/pytest-1/test_scan_performance0')

        @pytest.mark.asyncio
        async def test_scan_performance(self, security_scanner, tmp_path):
            """Test scanning performance with larger codebase"""
            import time
    
            # Create multiple files with various vulnerabilities
            num_files = 20
            for i in range(num_files):
                test_file = tmp_path / f"test_file_{i}.py"
                test_file.write_text(f'''
    # File {i}
    api_key = "sk-test-{i}"
    def query_{i}(user_id):
        return f"SELECT * FROM table_{i} WHERE id = {{user_id}}"
    
    def render_{i}(data):
        return f"<div>{{data}}</div>"
    ''')
    
            # Measure scan performance
            start_time = time.time()
>           scan_results = await security_scanner.scan_directory(str(tmp_path))
E           AttributeError: 'async_generator' object has no attribute 'scan_directory'

tests/unit/test_gpt5_p5_security.py:593: AttributeError
____________ TestSecurityComplianceScanner.test_concurrent_scanning ____________

self = <test_gpt5_p5_security.TestSecurityComplianceScanner object at 0x131171bb0>
security_scanner = <async_generator object TestSecurityComplianceScanner.security_scanner at 0x13152a4c0>
tmp_path = PosixPath('/private/var/folders/gc/cjnggvbd1bdgsblrng_h4mf40000gn/T/pytest-of-apple/pytest-1/test_concurrent_scanning0')

        @pytest.mark.asyncio
        async def test_concurrent_scanning(self, security_scanner, tmp_path):
            """Test concurrent file scanning"""
            # Create test files
            test_files = []
            for i in range(5):
                test_file = tmp_path / f"concurrent_test_{i}.py"
                test_file.write_text(f'''
    secret_{i} = "hardcoded_secret_{i}"
    def vulnerable_query_{i}(id):
        return f"SELECT * FROM table WHERE id = {{id}}"
    ''')
                test_files.append(str(test_file))
    
            # Scan files concurrently
>           scan_tasks = [security_scanner.scan_file(file_path) for file_path in test_files]

tests/unit/test_gpt5_p5_security.py:619: 
_ _ _ _ _ _ _ _ _ _ _ _ _ _ _ _ _ _ _ _ _ _ _ _ _ _ _ _ _ _ _ _ _ _ _ _ _ _ _ _ 

.0 = <list_iterator object at 0x13152ee20>

>   scan_tasks = [security_scanner.scan_file(file_path) for file_path in test_files]
E   AttributeError: 'async_generator' object has no attribute 'scan_file'

tests/unit/test_gpt5_p5_security.py:619: AttributeError
_________ TestSecurityVulnerability.test_security_issue_serialization __________

self = <test_gpt5_p5_security.TestSecurityVulnerability object at 0x13116cdc0>

    def test_security_issue_serialization(self):
        """Test security issue serialization"""
>       issue = SecurityVulnerability(
            vulnerability_type=VulnerabilityType.XSS,
            severity=SecurityLevel.MEDIUM,
            description="XSS vulnerability"
        )
E       TypeError: __init__() got an unexpected keyword argument 'vulnerability_type'

tests/unit/test_gpt5_p5_security.py:654: TypeError
_________________ TestSecurityLevelEnum.test_risk_level_values _________________

self = <test_gpt5_p5_security.TestSecurityLevelEnum object at 0x13116c5e0>

    def test_risk_level_values(self):
        """Test risk level enumeration values"""
>       assert SecurityLevel.CRITICAL.value == "critical"
E       AssertionError: assert 'CRITICAL' == 'critical'
E         
E         - critical
E         + CRITICAL

tests/unit/test_gpt5_p5_security.py:684: AssertionError
___________ TestVulnerabilityTypeEnum.test_vulnerability_types_exist ___________

self = <test_gpt5_p5_security.TestVulnerabilityTypeEnum object at 0x13117c760>

    def test_vulnerability_types_exist(self):
        """Test that all expected vulnerability types exist"""
        expected_types = [
            VulnerabilityType.SQL_INJECTION,
            VulnerabilityType.XSS,
            VulnerabilityType.HARDCODED_SECRETS,
            VulnerabilityType.INSECURE_CRYPTO,
            VulnerabilityType.PATH_TRAVERSAL,
>           VulnerabilityType.WEAK_RANDOM,
            VulnerabilityType.INFORMATION_DISCLOSURE
        ]

tests/unit/test_gpt5_p5_security.py:713: 
_ _ _ _ _ _ _ _ _ _ _ _ _ _ _ _ _ _ _ _ _ _ _ _ _ _ _ _ _ _ _ _ _ _ _ _ _ _ _ _ 

cls = <enum 'VulnerabilityType'>, name = 'WEAK_RANDOM'

    def __getattr__(cls, name):
        """
        Return the enum member matching `name`
    
        We use __getattr__ instead of descriptors or inserting into the enum
        class' __dict__ in order to support `name` and `value` being both
        properties for enum members (which live in the class' __dict__) and
        enum members themselves.
        """
        if _is_dunder(name):
            raise AttributeError(name)
        try:
            return cls._member_map_[name]
        except KeyError:
>           raise AttributeError(name) from None
E           AttributeError: WEAK_RANDOM

/Library/Developer/CommandLineTools/Library/Frameworks/Python3.framework/Versions/3.9/lib/python3.9/enum.py:429: AttributeError
___________ TestVulnerabilityTypeEnum.test_vulnerability_type_values ___________

self = <test_gpt5_p5_security.TestVulnerabilityTypeEnum object at 0x13117c940>

    def test_vulnerability_type_values(self):
        """Test vulnerability type string values"""
>       assert VulnerabilityType.SQL_INJECTION.value == "sql_injection"
E       AssertionError: assert 1 == 'sql_injection'
E        +  where 1 = <VulnerabilityType.SQL_INJECTION: 1>.value
E        +    where <VulnerabilityType.SQL_INJECTION: 1> = VulnerabilityType.SQL_INJECTION

tests/unit/test_gpt5_p5_security.py:722: AssertionError
_______ TestSelfHealingOrchestrator.test_repair_action_execution_failure _______

self = <test_gpt5_p6_healing.TestSelfHealingOrchestrator object at 0x13119f2e0>
healing_orchestrator = <test_gpt5_p6_healing.MockSelfHealingOrchestrator object at 0x131464be0>
sample_repair_actions = [RepairAction(action_id='restart_service', name='Restart Application Service', description='Restart the main applicati...nent='cache_layer', repair_script='redis-cli FLUSHDB', estimated_duration=10, success_rate=0.99, rollback_script=None)]

    @pytest.mark.asyncio
    async def test_repair_action_execution_failure(self, healing_orchestrator, sample_repair_actions):
        """Test failed repair action execution"""
        action = sample_repair_actions[0]  # restart_service action
    
        # Mock failed execution
        with patch('random.random', return_value=0.99):  # Success rate is 0.95, so this should fail
            result = await healing_orchestrator.execute_repair_action(action)
    
>       assert result['success'] is False
E       assert True is False

tests/unit/test_gpt5_p6_healing.py:672: AssertionError
______ TestSelfHealingOrchestrator.test_repair_action_rollback_capability ______

self = <test_gpt5_p6_healing.TestSelfHealingOrchestrator object at 0x1311b3a00>
healing_orchestrator = <test_gpt5_p6_healing.MockSelfHealingOrchestrator object at 0x131733f40>

    @pytest.mark.asyncio
    async def test_repair_action_rollback_capability(self, healing_orchestrator):
        """Test repair action rollback capability"""
        action = RepairAction(
            action_id="test_rollback",
            name="Test Rollback Action",
            description="Action with rollback capability",
            target_component="test_component",
            repair_script="echo 'repair'",
            estimated_duration=5,
            success_rate=0.0,  # Force failure
            rollback_script="echo 'rollback'"
        )
    
        # Execute failing repair
        with patch('random.random', return_value=0.99):
            result = await healing_orchestrator.execute_repair_action(action)
    
>       assert result['success'] is False
E       assert True is False

tests/unit/test_gpt5_p6_healing.py:802: AssertionError
___ TestSystemResilienceValidation.test_chaos_engineering_network_partition ____

self = <test_gpt5_p6_healing.TestSystemResilienceValidation object at 0x1311b9d00>
healing_orchestrator = <test_gpt5_p6_healing.MockSelfHealingOrchestrator object at 0x1317337f0>

    @pytest.mark.asyncio
    async def test_chaos_engineering_network_partition(self, healing_orchestrator):
        """Test system behavior during network partition"""
        # Simulate network partition scenario
        network_partition_metrics = SystemMetrics(
            cpu_usage=50.0,
            memory_usage=60.0,
            disk_usage=40.0,
            response_time=10.0,  # Very slow due to network issues
            error_rate=0.3,      # High error rate
            active_connections=0  # No connections due to partition
        )
    
        anomalies = await healing_orchestrator.detect_anomalies(network_partition_metrics)
    
        # Should detect network-related anomalies
>       assert len(anomalies) >= 2  # At least response time and error rate issues
E       AssertionError: assert 1 >= 2
E        +  where 1 = len([{'description': 'Response time at 10.0s, exceeds threshold', 'severity': 'critical', 'threshold': 2.0, 'type': 'slow_response_time', ...}])

tests/unit/test_gpt5_p6_healing.py:1047: AssertionError
______ TestKnowledgeGraphManager.test_multi_depth_relationship_traversal _______

self = <test_gpt5_p7_knowledge.TestKnowledgeGraphManager object at 0x1311f9280>
knowledge_graph = <test_gpt5_p7_knowledge.MockKnowledgeGraphManager object at 0x18e885df0>

    @pytest.mark.asyncio
    async def test_multi_depth_relationship_traversal(self, knowledge_graph):
        """Test multi-depth relationship traversal"""
        await knowledge_graph.initialize()
    
        # Create a chain of entities: A -> B -> C
        entities = []
        for i in range(3):
            entity = KnowledgeEntity(
                entity_id=f"entity_{chr(65+i)}",  # A, B, C
                name=f"Entity {chr(65+i)}",
                entity_type=KnowledgeEntityType.FUNCTION,
                properties={}
            )
            entities.append(entity)
            await knowledge_graph.add_entity(entity)
    
        # Create relationships: A depends on B, B depends on C
        rel1 = KnowledgeRelationship(
            relationship_id="rel_AB",
            source_entity_id="entity_A",
            target_entity_id="entity_B",
            relationship_type=RelationshipType.DEPENDS_ON,
            properties={},
            strength=0.8,
            confidence=0.9
        )
        rel2 = KnowledgeRelationship(
            relationship_id="rel_BC",
            source_entity_id="entity_B",
            target_entity_id="entity_C",
            relationship_type=RelationshipType.DEPENDS_ON,
            properties={},
            strength=0.8,
            confidence=0.9
        )
    
        await knowledge_graph.add_relationship(rel1)
        await knowledge_graph.add_relationship(rel2)
    
        # Test depth 1 traversal from A
        related_depth1 = await knowledge_graph.get_related_entities("entity_A", max_depth=1)
>       assert len(related_depth1) == 1  # Should find B only
E       AssertionError: assert 2 == 1
E        +  where 2 = len([(KnowledgeEntity(entity_id='entity_B', name='Entity B', entity_type=<KnowledgeEntityType.FUNCTION: 'function'>, prope...ds_on'>, properties={}, strength=0.8, confidence=0.9, created_at=datetime.datetime(2025, 11, 29, 15, 20, 57, 746763)))])

tests/unit/test_gpt5_p7_knowledge.py:1440: AssertionError
=============================== warnings summary ===============================
venv/lib/python3.9/site-packages/jupyter_client/connect.py:22
  /Users/apple/Library/Mobile Documents/com~apple~CloudDocs/SProjects/myagent-continuous-ai-builder/venv/lib/python3.9/site-packages/jupyter_client/connect.py:22: DeprecationWarning: Jupyter is migrating its paths to use standard platformdirs
  given by the platformdirs library.  To remove this warning and
  see the appropriate new directories, set the environment variable
  `JUPYTER_PLATFORM_DIRS=1` and then run `jupyter --paths`.
  The use of platformdirs will be the default in `jupyter_core` v6
    from jupyter_core.paths import jupyter_data_dir, jupyter_runtime_dir, secure_write

venv/lib/python3.9/site-packages/torch/nn/modules/transformer.py:20
  /Users/apple/Library/Mobile Documents/com~apple~CloudDocs/SProjects/myagent-continuous-ai-builder/venv/lib/python3.9/site-packages/torch/nn/modules/transformer.py:20: UserWarning: Failed to initialize NumPy: _ARRAY_API not found (Triggered internally at /Users/runner/work/pytorch/pytorch/pytorch/torch/csrc/utils/tensor_numpy.cpp:84.)
    device: torch.device = torch.device(torch._C._get_default_device()),  # torch.device('cpu'),

config/settings.py:19
  /Users/apple/Library/Mobile Documents/com~apple~CloudDocs/SProjects/myagent-continuous-ai-builder/config/settings.py:19: PydanticDeprecatedSince20: Using extra keyword arguments on `Field` is deprecated and will be removed. Use `json_schema_extra` instead. (Extra keys: 'env'). Deprecated in Pydantic V2.0 to be removed in V3.0. See Pydantic V2 Migration Guide at https://errors.pydantic.dev/2.12/migration/
    DEBUG: bool = Field(default=False, env="DEBUG")

config/settings.py:22
  /Users/apple/Library/Mobile Documents/com~apple~CloudDocs/SProjects/myagent-continuous-ai-builder/config/settings.py:22: PydanticDeprecatedSince20: Using extra keyword arguments on `Field` is deprecated and will be removed. Use `json_schema_extra` instead. (Extra keys: 'env'). Deprecated in Pydantic V2.0 to be removed in V3.0. See Pydantic V2 Migration Guide at https://errors.pydantic.dev/2.12/migration/
    API_HOST: str = Field(default="0.0.0.0", env="API_HOST")

config/settings.py:23
  /Users/apple/Library/Mobile Documents/com~apple~CloudDocs/SProjects/myagent-continuous-ai-builder/config/settings.py:23: PydanticDeprecatedSince20: Using extra keyword arguments on `Field` is deprecated and will be removed. Use `json_schema_extra` instead. (Extra keys: 'env'). Deprecated in Pydantic V2.0 to be removed in V3.0. See Pydantic V2 Migration Guide at https://errors.pydantic.dev/2.12/migration/
    API_PORT: int = Field(default=8000, env="API_PORT")

config/settings.py:24
  /Users/apple/Library/Mobile Documents/com~apple~CloudDocs/SProjects/myagent-continuous-ai-builder/config/settings.py:24: PydanticDeprecatedSince20: Using extra keyword arguments on `Field` is deprecated and will be removed. Use `json_schema_extra` instead. (Extra keys: 'env'). Deprecated in Pydantic V2.0 to be removed in V3.0. See Pydantic V2 Migration Guide at https://errors.pydantic.dev/2.12/migration/
    API_WORKERS: int = Field(default=4, env="API_WORKERS")

config/settings.py:25
  /Users/apple/Library/Mobile Documents/com~apple~CloudDocs/SProjects/myagent-continuous-ai-builder/config/settings.py:25: PydanticDeprecatedSince20: Using extra keyword arguments on `Field` is deprecated and will be removed. Use `json_schema_extra` instead. (Extra keys: 'env'). Deprecated in Pydantic V2.0 to be removed in V3.0. See Pydantic V2 Migration Guide at https://errors.pydantic.dev/2.12/migration/
    CORS_ORIGINS: List[str] = Field(

config/settings.py:31
  /Users/apple/Library/Mobile Documents/com~apple~CloudDocs/SProjects/myagent-continuous-ai-builder/config/settings.py:31: PydanticDeprecatedSince20: Using extra keyword arguments on `Field` is deprecated and will be removed. Use `json_schema_extra` instead. (Extra keys: 'env'). Deprecated in Pydantic V2.0 to be removed in V3.0. See Pydantic V2 Migration Guide at https://errors.pydantic.dev/2.12/migration/
    DATABASE_URL: str = Field(

config/settings.py:35
  /Users/apple/Library/Mobile Documents/com~apple~CloudDocs/SProjects/myagent-continuous-ai-builder/config/settings.py:35: PydanticDeprecatedSince20: Using extra keyword arguments on `Field` is deprecated and will be removed. Use `json_schema_extra` instead. (Extra keys: 'env'). Deprecated in Pydantic V2.0 to be removed in V3.0. See Pydantic V2 Migration Guide at https://errors.pydantic.dev/2.12/migration/
    DATABASE_POOL_SIZE: int = Field(default=20, env="DATABASE_POOL_SIZE")

config/settings.py:36
  /Users/apple/Library/Mobile Documents/com~apple~CloudDocs/SProjects/myagent-continuous-ai-builder/config/settings.py:36: PydanticDeprecatedSince20: Using extra keyword arguments on `Field` is deprecated and will be removed. Use `json_schema_extra` instead. (Extra keys: 'env'). Deprecated in Pydantic V2.0 to be removed in V3.0. See Pydantic V2 Migration Guide at https://errors.pydantic.dev/2.12/migration/
    DATABASE_MAX_OVERFLOW: int = Field(default=10, env="DATABASE_MAX_OVERFLOW")

config/settings.py:39
  /Users/apple/Library/Mobile Documents/com~apple~CloudDocs/SProjects/myagent-continuous-ai-builder/config/settings.py:39: PydanticDeprecatedSince20: Using extra keyword arguments on `Field` is deprecated and will be removed. Use `json_schema_extra` instead. (Extra keys: 'env'). Deprecated in Pydantic V2.0 to be removed in V3.0. See Pydantic V2 Migration Guide at https://errors.pydantic.dev/2.12/migration/
    REDIS_URL: str = Field(default="redis://localhost:6379/0", env="REDIS_URL")

config/settings.py:40
  /Users/apple/Library/Mobile Documents/com~apple~CloudDocs/SProjects/myagent-continuous-ai-builder/config/settings.py:40: PydanticDeprecatedSince20: Using extra keyword arguments on `Field` is deprecated and will be removed. Use `json_schema_extra` instead. (Extra keys: 'env'). Deprecated in Pydantic V2.0 to be removed in V3.0. See Pydantic V2 Migration Guide at https://errors.pydantic.dev/2.12/migration/
    REDIS_MAX_CONNECTIONS: int = Field(default=50, env="REDIS_MAX_CONNECTIONS")

config/settings.py:42
  /Users/apple/Library/Mobile Documents/com~apple~CloudDocs/SProjects/myagent-continuous-ai-builder/config/settings.py:42: PydanticDeprecatedSince20: Pydantic V1 style `@validator` validators are deprecated. You should migrate to Pydantic V2 style `@field_validator` validators, see the migration guide for more details. Deprecated in Pydantic V2.0 to be removed in V3.0. See Pydantic V2 Migration Guide at https://errors.pydantic.dev/2.12/migration/
    @validator("DATABASE_URL", pre=True, always=True)

config/settings.py:55
  /Users/apple/Library/Mobile Documents/com~apple~CloudDocs/SProjects/myagent-continuous-ai-builder/config/settings.py:55: PydanticDeprecatedSince20: Using extra keyword arguments on `Field` is deprecated and will be removed. Use `json_schema_extra` instead. (Extra keys: 'env'). Deprecated in Pydantic V2.0 to be removed in V3.0. See Pydantic V2 Migration Guide at https://errors.pydantic.dev/2.12/migration/
    CHROMADB_HOST: str = Field(default="localhost", env="CHROMADB_HOST")

config/settings.py:56
  /Users/apple/Library/Mobile Documents/com~apple~CloudDocs/SProjects/myagent-continuous-ai-builder/config/settings.py:56: PydanticDeprecatedSince20: Using extra keyword arguments on `Field` is deprecated and will be removed. Use `json_schema_extra` instead. (Extra keys: 'env'). Deprecated in Pydantic V2.0 to be removed in V3.0. See Pydantic V2 Migration Guide at https://errors.pydantic.dev/2.12/migration/
    CHROMADB_PORT: int = Field(default=8000, env="CHROMADB_PORT")

config/settings.py:57
  /Users/apple/Library/Mobile Documents/com~apple~CloudDocs/SProjects/myagent-continuous-ai-builder/config/settings.py:57: PydanticDeprecatedSince20: Using extra keyword arguments on `Field` is deprecated and will be removed. Use `json_schema_extra` instead. (Extra keys: 'env'). Deprecated in Pydantic V2.0 to be removed in V3.0. See Pydantic V2 Migration Guide at https://errors.pydantic.dev/2.12/migration/
    CHROMADB_PATH: str = Field(

config/settings.py:63
  /Users/apple/Library/Mobile Documents/com~apple~CloudDocs/SProjects/myagent-continuous-ai-builder/config/settings.py:63: PydanticDeprecatedSince20: Using extra keyword arguments on `Field` is deprecated and will be removed. Use `json_schema_extra` instead. (Extra keys: 'env'). Deprecated in Pydantic V2.0 to be removed in V3.0. See Pydantic V2 Migration Guide at https://errors.pydantic.dev/2.12/migration/
    OPENAI_API_KEY: Optional[str] = Field(default=None, env="OPENAI_API_KEY")

config/settings.py:64
  /Users/apple/Library/Mobile Documents/com~apple~CloudDocs/SProjects/myagent-continuous-ai-builder/config/settings.py:64: PydanticDeprecatedSince20: Using extra keyword arguments on `Field` is deprecated and will be removed. Use `json_schema_extra` instead. (Extra keys: 'env'). Deprecated in Pydantic V2.0 to be removed in V3.0. See Pydantic V2 Migration Guide at https://errors.pydantic.dev/2.12/migration/
    ANTHROPIC_API_KEY: Optional[str] = Field(default=None, env="ANTHROPIC_API_KEY")

config/settings.py:65
  /Users/apple/Library/Mobile Documents/com~apple~CloudDocs/SProjects/myagent-continuous-ai-builder/config/settings.py:65: PydanticDeprecatedSince20: Using extra keyword arguments on `Field` is deprecated and will be removed. Use `json_schema_extra` instead. (Extra keys: 'env'). Deprecated in Pydantic V2.0 to be removed in V3.0. See Pydantic V2 Migration Guide at https://errors.pydantic.dev/2.12/migration/
    OLLAMA_BASE_URL: str = Field(

config/settings.py:71
  /Users/apple/Library/Mobile Documents/com~apple~CloudDocs/SProjects/myagent-continuous-ai-builder/config/settings.py:71: PydanticDeprecatedSince20: Using extra keyword arguments on `Field` is deprecated and will be removed. Use `json_schema_extra` instead. (Extra keys: 'env'). Deprecated in Pydantic V2.0 to be removed in V3.0. See Pydantic V2 Migration Guide at https://errors.pydantic.dev/2.12/migration/
    DEFAULT_LLM_PROVIDER: str = Field(default="openai", env="DEFAULT_LLM_PROVIDER")

config/settings.py:72
  /Users/apple/Library/Mobile Documents/com~apple~CloudDocs/SProjects/myagent-continuous-ai-builder/config/settings.py:72: PydanticDeprecatedSince20: Using extra keyword arguments on `Field` is deprecated and will be removed. Use `json_schema_extra` instead. (Extra keys: 'env'). Deprecated in Pydantic V2.0 to be removed in V3.0. See Pydantic V2 Migration Guide at https://errors.pydantic.dev/2.12/migration/
    DEFAULT_MODEL: str = Field(default="gpt-5-chat-latest", env="DEFAULT_MODEL")

config/settings.py:73
  /Users/apple/Library/Mobile Documents/com~apple~CloudDocs/SProjects/myagent-continuous-ai-builder/config/settings.py:73: PydanticDeprecatedSince20: Using extra keyword arguments on `Field` is deprecated and will be removed. Use `json_schema_extra` instead. (Extra keys: 'env'). Deprecated in Pydantic V2.0 to be removed in V3.0. See Pydantic V2 Migration Guide at https://errors.pydantic.dev/2.12/migration/
    LLM_TEMPERATURE: float = Field(default=0.7, env="LLM_TEMPERATURE")

config/settings.py:74
  /Users/apple/Library/Mobile Documents/com~apple~CloudDocs/SProjects/myagent-continuous-ai-builder/config/settings.py:74: PydanticDeprecatedSince20: Using extra keyword arguments on `Field` is deprecated and will be removed. Use `json_schema_extra` instead. (Extra keys: 'env'). Deprecated in Pydantic V2.0 to be removed in V3.0. See Pydantic V2 Migration Guide at https://errors.pydantic.dev/2.12/migration/
    LLM_MAX_TOKENS: int = Field(default=2000, env="LLM_MAX_TOKENS")

config/settings.py:77
  /Users/apple/Library/Mobile Documents/com~apple~CloudDocs/SProjects/myagent-continuous-ai-builder/config/settings.py:77: PydanticDeprecatedSince20: Using extra keyword arguments on `Field` is deprecated and will be removed. Use `json_schema_extra` instead. (Extra keys: 'env'). Deprecated in Pydantic V2.0 to be removed in V3.0. See Pydantic V2 Migration Guide at https://errors.pydantic.dev/2.12/migration/
    TARGET_TEST_COVERAGE: float = Field(default=95.0, env="TARGET_TEST_COVERAGE")

config/settings.py:78
  /Users/apple/Library/Mobile Documents/com~apple~CloudDocs/SProjects/myagent-continuous-ai-builder/config/settings.py:78: PydanticDeprecatedSince20: Using extra keyword arguments on `Field` is deprecated and will be removed. Use `json_schema_extra` instead. (Extra keys: 'env'). Deprecated in Pydantic V2.0 to be removed in V3.0. See Pydantic V2 Migration Guide at https://errors.pydantic.dev/2.12/migration/
    TARGET_PERFORMANCE_SCORE: float = Field(

config/settings.py:82
  /Users/apple/Library/Mobile Documents/com~apple~CloudDocs/SProjects/myagent-continuous-ai-builder/config/settings.py:82: PydanticDeprecatedSince20: Using extra keyword arguments on `Field` is deprecated and will be removed. Use `json_schema_extra` instead. (Extra keys: 'env'). Deprecated in Pydantic V2.0 to be removed in V3.0. See Pydantic V2 Migration Guide at https://errors.pydantic.dev/2.12/migration/
    TARGET_DOCUMENTATION_COVERAGE: float = Field(

config/settings.py:86
  /Users/apple/Library/Mobile Documents/com~apple~CloudDocs/SProjects/myagent-continuous-ai-builder/config/settings.py:86: PydanticDeprecatedSince20: Using extra keyword arguments on `Field` is deprecated and will be removed. Use `json_schema_extra` instead. (Extra keys: 'env'). Deprecated in Pydantic V2.0 to be removed in V3.0. See Pydantic V2 Migration Guide at https://errors.pydantic.dev/2.12/migration/
    TARGET_CODE_QUALITY_SCORE: float = Field(

config/settings.py:90
  /Users/apple/Library/Mobile Documents/com~apple~CloudDocs/SProjects/myagent-continuous-ai-builder/config/settings.py:90: PydanticDeprecatedSince20: Using extra keyword arguments on `Field` is deprecated and will be removed. Use `json_schema_extra` instead. (Extra keys: 'env'). Deprecated in Pydantic V2.0 to be removed in V3.0. See Pydantic V2 Migration Guide at https://errors.pydantic.dev/2.12/migration/
    TARGET_SECURITY_SCORE: float = Field(default=95.0, env="TARGET_SECURITY_SCORE")

config/settings.py:91
  /Users/apple/Library/Mobile Documents/com~apple~CloudDocs/SProjects/myagent-continuous-ai-builder/config/settings.py:91: PydanticDeprecatedSince20: Using extra keyword arguments on `Field` is deprecated and will be removed. Use `json_schema_extra` instead. (Extra keys: 'env'). Deprecated in Pydantic V2.0 to be removed in V3.0. See Pydantic V2 Migration Guide at https://errors.pydantic.dev/2.12/migration/
    TARGET_USER_SATISFACTION: float = Field(

config/settings.py:97
  /Users/apple/Library/Mobile Documents/com~apple~CloudDocs/SProjects/myagent-continuous-ai-builder/config/settings.py:97: PydanticDeprecatedSince20: Using extra keyword arguments on `Field` is deprecated and will be removed. Use `json_schema_extra` instead. (Extra keys: 'env'). Deprecated in Pydantic V2.0 to be removed in V3.0. See Pydantic V2 Migration Guide at https://errors.pydantic.dev/2.12/migration/
    MAX_AGENT_RETRIES: int = Field(default=3, env="MAX_AGENT_RETRIES")

config/settings.py:98
  /Users/apple/Library/Mobile Documents/com~apple~CloudDocs/SProjects/myagent-continuous-ai-builder/config/settings.py:98: PydanticDeprecatedSince20: Using extra keyword arguments on `Field` is deprecated and will be removed. Use `json_schema_extra` instead. (Extra keys: 'env'). Deprecated in Pydantic V2.0 to be removed in V3.0. See Pydantic V2 Migration Guide at https://errors.pydantic.dev/2.12/migration/
    AGENT_TIMEOUT_SECONDS: int = Field(default=300, env="AGENT_TIMEOUT_SECONDS")

config/settings.py:99
  /Users/apple/Library/Mobile Documents/com~apple~CloudDocs/SProjects/myagent-continuous-ai-builder/config/settings.py:99: PydanticDeprecatedSince20: Using extra keyword arguments on `Field` is deprecated and will be removed. Use `json_schema_extra` instead. (Extra keys: 'env'). Deprecated in Pydantic V2.0 to be removed in V3.0. See Pydantic V2 Migration Guide at https://errors.pydantic.dev/2.12/migration/
    CHECKPOINT_INTERVAL_HOURS: int = Field(

config/settings.py:105
  /Users/apple/Library/Mobile Documents/com~apple~CloudDocs/SProjects/myagent-continuous-ai-builder/config/settings.py:105: PydanticDeprecatedSince20: Using extra keyword arguments on `Field` is deprecated and will be removed. Use `json_schema_extra` instead. (Extra keys: 'env'). Deprecated in Pydantic V2.0 to be removed in V3.0. See Pydantic V2 Migration Guide at https://errors.pydantic.dev/2.12/migration/
    PERSISTENCE_DIR: Path = Field(

config/settings.py:109
  /Users/apple/Library/Mobile Documents/com~apple~CloudDocs/SProjects/myagent-continuous-ai-builder/config/settings.py:109: PydanticDeprecatedSince20: Using extra keyword arguments on `Field` is deprecated and will be removed. Use `json_schema_extra` instead. (Extra keys: 'env'). Deprecated in Pydantic V2.0 to be removed in V3.0. See Pydantic V2 Migration Guide at https://errors.pydantic.dev/2.12/migration/
    LOGS_DIR: Path = Field(default=Path("logs"), env="LOGS_DIR")

config/settings.py:112
  /Users/apple/Library/Mobile Documents/com~apple~CloudDocs/SProjects/myagent-continuous-ai-builder/config/settings.py:112: PydanticDeprecatedSince20: Using extra keyword arguments on `Field` is deprecated and will be removed. Use `json_schema_extra` instead. (Extra keys: 'env'). Deprecated in Pydantic V2.0 to be removed in V3.0. See Pydantic V2 Migration Guide at https://errors.pydantic.dev/2.12/migration/
    SECRET_KEY: str = Field(

config/settings.py:116
  /Users/apple/Library/Mobile Documents/com~apple~CloudDocs/SProjects/myagent-continuous-ai-builder/config/settings.py:116: PydanticDeprecatedSince20: Using extra keyword arguments on `Field` is deprecated and will be removed. Use `json_schema_extra` instead. (Extra keys: 'env'). Deprecated in Pydantic V2.0 to be removed in V3.0. See Pydantic V2 Migration Guide at https://errors.pydantic.dev/2.12/migration/
    JWT_ALGORITHM: str = Field(default="HS256", env="JWT_ALGORITHM")

config/settings.py:117
  /Users/apple/Library/Mobile Documents/com~apple~CloudDocs/SProjects/myagent-continuous-ai-builder/config/settings.py:117: PydanticDeprecatedSince20: Using extra keyword arguments on `Field` is deprecated and will be removed. Use `json_schema_extra` instead. (Extra keys: 'env'). Deprecated in Pydantic V2.0 to be removed in V3.0. See Pydantic V2 Migration Guide at https://errors.pydantic.dev/2.12/migration/
    JWT_EXPIRATION_MINUTES: int = Field(

config/settings.py:123
  /Users/apple/Library/Mobile Documents/com~apple~CloudDocs/SProjects/myagent-continuous-ai-builder/config/settings.py:123: PydanticDeprecatedSince20: Using extra keyword arguments on `Field` is deprecated and will be removed. Use `json_schema_extra` instead. (Extra keys: 'env'). Deprecated in Pydantic V2.0 to be removed in V3.0. See Pydantic V2 Migration Guide at https://errors.pydantic.dev/2.12/migration/
    RATE_LIMIT_PER_MINUTE: int = Field(default=100, env="RATE_LIMIT_PER_MINUTE")

config/settings.py:125
  /Users/apple/Library/Mobile Documents/com~apple~CloudDocs/SProjects/myagent-continuous-ai-builder/config/settings.py:125: PydanticDeprecatedSince20: Pydantic V1 style `@validator` validators are deprecated. You should migrate to Pydantic V2 style `@field_validator` validators, see the migration guide for more details. Deprecated in Pydantic V2.0 to be removed in V3.0. See Pydantic V2 Migration Guide at https://errors.pydantic.dev/2.12/migration/
    @validator("CORS_ORIGINS", pre=True)

config/settings.py:132
  /Users/apple/Library/Mobile Documents/com~apple~CloudDocs/SProjects/myagent-continuous-ai-builder/config/settings.py:132: PydanticDeprecatedSince20: Pydantic V1 style `@validator` validators are deprecated. You should migrate to Pydantic V2 style `@field_validator` validators, see the migration guide for more details. Deprecated in Pydantic V2.0 to be removed in V3.0. See Pydantic V2 Migration Guide at https://errors.pydantic.dev/2.12/migration/
    @validator("PERSISTENCE_DIR", "LOGS_DIR", pre=True)

config/settings.py:13
  /Users/apple/Library/Mobile Documents/com~apple~CloudDocs/SProjects/myagent-continuous-ai-builder/config/settings.py:13: PydanticDeprecatedSince20: Support for class-based `config` is deprecated, use ConfigDict instead. Deprecated in Pydantic V2.0 to be removed in V3.0. See Pydantic V2 Migration Guide at https://errors.pydantic.dev/2.12/migration/
    class Settings(BaseSettings):

tests/unit/test_gpt5_p4_memory.py:23
  /Users/apple/Library/Mobile Documents/com~apple~CloudDocs/SProjects/myagent-continuous-ai-builder/tests/unit/test_gpt5_p4_memory.py:23: PytestUnknownMarkWarning: Unknown pytest.mark.unit - is this a typo?  You can register custom marks to avoid this warning - for details, see https://docs.pytest.org/en/stable/how-to/mark.html
    @pytest.mark.unit

tests/unit/test_gpt5_p4_memory.py:24
  /Users/apple/Library/Mobile Documents/com~apple~CloudDocs/SProjects/myagent-continuous-ai-builder/tests/unit/test_gpt5_p4_memory.py:24: PytestUnknownMarkWarning: Unknown pytest.mark.gpt5 - is this a typo?  You can register custom marks to avoid this warning - for details, see https://docs.pytest.org/en/stable/how-to/mark.html
    @pytest.mark.gpt5

tests/unit/test_gpt5_p4_memory.py:25
  /Users/apple/Library/Mobile Documents/com~apple~CloudDocs/SProjects/myagent-continuous-ai-builder/tests/unit/test_gpt5_p4_memory.py:25: PytestUnknownMarkWarning: Unknown pytest.mark.memory - is this a typo?  You can register custom marks to avoid this warning - for details, see https://docs.pytest.org/en/stable/how-to/mark.html
    @pytest.mark.memory

tests/unit/test_gpt5_p4_memory.py:591
  /Users/apple/Library/Mobile Documents/com~apple~CloudDocs/SProjects/myagent-continuous-ai-builder/tests/unit/test_gpt5_p4_memory.py:591: PytestUnknownMarkWarning: Unknown pytest.mark.unit - is this a typo?  You can register custom marks to avoid this warning - for details, see https://docs.pytest.org/en/stable/how-to/mark.html
    @pytest.mark.unit

tests/unit/test_gpt5_p4_memory.py:592
  /Users/apple/Library/Mobile Documents/com~apple~CloudDocs/SProjects/myagent-continuous-ai-builder/tests/unit/test_gpt5_p4_memory.py:592: PytestUnknownMarkWarning: Unknown pytest.mark.gpt5 - is this a typo?  You can register custom marks to avoid this warning - for details, see https://docs.pytest.org/en/stable/how-to/mark.html
    @pytest.mark.gpt5

tests/unit/test_gpt5_p4_memory.py:593
  /Users/apple/Library/Mobile Documents/com~apple~CloudDocs/SProjects/myagent-continuous-ai-builder/tests/unit/test_gpt5_p4_memory.py:593: PytestUnknownMarkWarning: Unknown pytest.mark.memory - is this a typo?  You can register custom marks to avoid this warning - for details, see https://docs.pytest.org/en/stable/how-to/mark.html
    @pytest.mark.memory

tests/unit/test_gpt5_p4_memory.py:674
  /Users/apple/Library/Mobile Documents/com~apple~CloudDocs/SProjects/myagent-continuous-ai-builder/tests/unit/test_gpt5_p4_memory.py:674: PytestUnknownMarkWarning: Unknown pytest.mark.unit - is this a typo?  You can register custom marks to avoid this warning - for details, see https://docs.pytest.org/en/stable/how-to/mark.html
    @pytest.mark.unit

tests/unit/test_gpt5_p4_memory.py:675
  /Users/apple/Library/Mobile Documents/com~apple~CloudDocs/SProjects/myagent-continuous-ai-builder/tests/unit/test_gpt5_p4_memory.py:675: PytestUnknownMarkWarning: Unknown pytest.mark.gpt5 - is this a typo?  You can register custom marks to avoid this warning - for details, see https://docs.pytest.org/en/stable/how-to/mark.html
    @pytest.mark.gpt5

tests/unit/test_gpt5_p4_memory.py:676
  /Users/apple/Library/Mobile Documents/com~apple~CloudDocs/SProjects/myagent-continuous-ai-builder/tests/unit/test_gpt5_p4_memory.py:676: PytestUnknownMarkWarning: Unknown pytest.mark.memory - is this a typo?  You can register custom marks to avoid this warning - for details, see https://docs.pytest.org/en/stable/how-to/mark.html
    @pytest.mark.memory

tests/unit/test_gpt5_p5_security.py:23
  /Users/apple/Library/Mobile Documents/com~apple~CloudDocs/SProjects/myagent-continuous-ai-builder/tests/unit/test_gpt5_p5_security.py:23: PytestUnknownMarkWarning: Unknown pytest.mark.unit - is this a typo?  You can register custom marks to avoid this warning - for details, see https://docs.pytest.org/en/stable/how-to/mark.html
    @pytest.mark.unit

tests/unit/test_gpt5_p5_security.py:24
  /Users/apple/Library/Mobile Documents/com~apple~CloudDocs/SProjects/myagent-continuous-ai-builder/tests/unit/test_gpt5_p5_security.py:24: PytestUnknownMarkWarning: Unknown pytest.mark.gpt5 - is this a typo?  You can register custom marks to avoid this warning - for details, see https://docs.pytest.org/en/stable/how-to/mark.html
    @pytest.mark.gpt5

tests/unit/test_gpt5_p5_security.py:25
  /Users/apple/Library/Mobile Documents/com~apple~CloudDocs/SProjects/myagent-continuous-ai-builder/tests/unit/test_gpt5_p5_security.py:25: PytestUnknownMarkWarning: Unknown pytest.mark.security - is this a typo?  You can register custom marks to avoid this warning - for details, see https://docs.pytest.org/en/stable/how-to/mark.html
    @pytest.mark.security

tests/unit/test_gpt5_p5_security.py:628
  /Users/apple/Library/Mobile Documents/com~apple~CloudDocs/SProjects/myagent-continuous-ai-builder/tests/unit/test_gpt5_p5_security.py:628: PytestUnknownMarkWarning: Unknown pytest.mark.unit - is this a typo?  You can register custom marks to avoid this warning - for details, see https://docs.pytest.org/en/stable/how-to/mark.html
    @pytest.mark.unit

tests/unit/test_gpt5_p5_security.py:629
  /Users/apple/Library/Mobile Documents/com~apple~CloudDocs/SProjects/myagent-continuous-ai-builder/tests/unit/test_gpt5_p5_security.py:629: PytestUnknownMarkWarning: Unknown pytest.mark.gpt5 - is this a typo?  You can register custom marks to avoid this warning - for details, see https://docs.pytest.org/en/stable/how-to/mark.html
    @pytest.mark.gpt5

tests/unit/test_gpt5_p5_security.py:630
  /Users/apple/Library/Mobile Documents/com~apple~CloudDocs/SProjects/myagent-continuous-ai-builder/tests/unit/test_gpt5_p5_security.py:630: PytestUnknownMarkWarning: Unknown pytest.mark.security - is this a typo?  You can register custom marks to avoid this warning - for details, see https://docs.pytest.org/en/stable/how-to/mark.html
    @pytest.mark.security

tests/unit/test_gpt5_p5_security.py:676
  /Users/apple/Library/Mobile Documents/com~apple~CloudDocs/SProjects/myagent-continuous-ai-builder/tests/unit/test_gpt5_p5_security.py:676: PytestUnknownMarkWarning: Unknown pytest.mark.unit - is this a typo?  You can register custom marks to avoid this warning - for details, see https://docs.pytest.org/en/stable/how-to/mark.html
    @pytest.mark.unit

tests/unit/test_gpt5_p5_security.py:677
  /Users/apple/Library/Mobile Documents/com~apple~CloudDocs/SProjects/myagent-continuous-ai-builder/tests/unit/test_gpt5_p5_security.py:677: PytestUnknownMarkWarning: Unknown pytest.mark.gpt5 - is this a typo?  You can register custom marks to avoid this warning - for details, see https://docs.pytest.org/en/stable/how-to/mark.html
    @pytest.mark.gpt5

tests/unit/test_gpt5_p5_security.py:678
  /Users/apple/Library/Mobile Documents/com~apple~CloudDocs/SProjects/myagent-continuous-ai-builder/tests/unit/test_gpt5_p5_security.py:678: PytestUnknownMarkWarning: Unknown pytest.mark.security - is this a typo?  You can register custom marks to avoid this warning - for details, see https://docs.pytest.org/en/stable/how-to/mark.html
    @pytest.mark.security

tests/unit/test_gpt5_p5_security.py:699
  /Users/apple/Library/Mobile Documents/com~apple~CloudDocs/SProjects/myagent-continuous-ai-builder/tests/unit/test_gpt5_p5_security.py:699: PytestUnknownMarkWarning: Unknown pytest.mark.unit - is this a typo?  You can register custom marks to avoid this warning - for details, see https://docs.pytest.org/en/stable/how-to/mark.html
    @pytest.mark.unit

tests/unit/test_gpt5_p5_security.py:700
  /Users/apple/Library/Mobile Documents/com~apple~CloudDocs/SProjects/myagent-continuous-ai-builder/tests/unit/test_gpt5_p5_security.py:700: PytestUnknownMarkWarning: Unknown pytest.mark.gpt5 - is this a typo?  You can register custom marks to avoid this warning - for details, see https://docs.pytest.org/en/stable/how-to/mark.html
    @pytest.mark.gpt5

tests/unit/test_gpt5_p5_security.py:701
  /Users/apple/Library/Mobile Documents/com~apple~CloudDocs/SProjects/myagent-continuous-ai-builder/tests/unit/test_gpt5_p5_security.py:701: PytestUnknownMarkWarning: Unknown pytest.mark.security - is this a typo?  You can register custom marks to avoid this warning - for details, see https://docs.pytest.org/en/stable/how-to/mark.html
    @pytest.mark.security

tests/conftest.py:506
  /Users/apple/Library/Mobile Documents/com~apple~CloudDocs/SProjects/myagent-continuous-ai-builder/tests/conftest.py:506: PytestUnknownMarkWarning: Unknown pytest.mark.unit - is this a typo?  You can register custom marks to avoid this warning - for details, see https://docs.pytest.org/en/stable/how-to/mark.html
    item.add_marker(pytest.mark.unit)

tests/unit/test_gpt5_p10_causal.py::TestCausalAnalyticsEngine::test_causal_analytics_initialization
  /Users/apple/Library/Mobile Documents/com~apple~CloudDocs/SProjects/myagent-continuous-ai-builder/venv/lib/python3.9/site-packages/pytest_asyncio/plugin.py:769: DeprecationWarning: The event_loop fixture provided by pytest-asyncio has been redefined in
  /Users/apple/Library/Mobile Documents/com~apple~CloudDocs/SProjects/myagent-continuous-ai-builder/tests/conftest.py:49
  Replacing the event_loop fixture with a custom implementation is deprecated
  and will lead to errors in the future.
  If you want to request an asyncio event loop with a scope other than function
  scope, use the "scope" argument to the asyncio mark when marking the tests.
  If you want to return different types of event loops, use the event_loop_policy
  fixture.
  
    warnings.warn(

tests/unit/test_gpt5_p10_causal.py::TestCausalInferenceMethods::test_causal_methods_from_test_data
  /Users/apple/Library/Mobile Documents/com~apple~CloudDocs/SProjects/myagent-continuous-ai-builder/venv/lib/python3.9/site-packages/threadpoolctl.py:1226: RuntimeWarning: 
  Found Intel OpenMP ('libiomp') and LLVM OpenMP ('libomp') loaded at
  the same time. Both libraries are known to be incompatible and this
  can cause random crashes or deadlocks on Linux when loaded in the
  same Python program.
  Using threadpoolctl may cause crashes or deadlocks. For more
  information and possible workarounds, please see
      https://github.com/joblib/threadpoolctl/blob/master/multiple_openmp.md
  
    warnings.warn(msg, RuntimeWarning)

-- Docs: https://docs.pytest.org/en/stable/how-to/capture-warnings.html
=========================== short test summary info ============================
FAILED tests/unit/test_gpt5_p10_causal.py::TestCausalAnalyticsEngine::test_causal_discovery
FAILED tests/unit/test_gpt5_p10_causal.py::TestCausalAnalyticsEngine::test_large_scale_causal_analysis
FAILED tests/unit/test_gpt5_p4_memory.py::TestHierarchicalMemoryPyramid::test_initialization
FAILED tests/unit/test_gpt5_p4_memory.py::TestHierarchicalMemoryPyramid::test_store_memory_working_tier
FAILED tests/unit/test_gpt5_p4_memory.py::TestHierarchicalMemoryPyramid::test_store_multiple_memories
FAILED tests/unit/test_gpt5_p4_memory.py::TestHierarchicalMemoryPyramid::test_retrieve_memory_by_id
FAILED tests/unit/test_gpt5_p4_memory.py::TestHierarchicalMemoryPyramid::test_search_memories_by_content
FAILED tests/unit/test_gpt5_p4_memory.py::TestHierarchicalMemoryPyramid::test_search_memories_by_type
FAILED tests/unit/test_gpt5_p4_memory.py::TestHierarchicalMemoryPyramid::test_memory_consolidation_by_count
FAILED tests/unit/test_gpt5_p4_memory.py::TestHierarchicalMemoryPyramid::test_memory_consolidation_by_time
FAILED tests/unit/test_gpt5_p4_memory.py::TestHierarchicalMemoryPyramid::test_memory_compression
FAILED tests/unit/test_gpt5_p4_memory.py::TestHierarchicalMemoryPyramid::test_memory_importance_scoring
FAILED tests/unit/test_gpt5_p4_memory.py::TestHierarchicalMemoryPyramid::test_memory_relationships
FAILED tests/unit/test_gpt5_p4_memory.py::TestHierarchicalMemoryPyramid::test_memory_statistics
FAILED tests/unit/test_gpt5_p4_memory.py::TestHierarchicalMemoryPyramid::test_memory_cleanup
FAILED tests/unit/test_gpt5_p4_memory.py::TestHierarchicalMemoryPyramid::test_memory_export_import
FAILED tests/unit/test_gpt5_p4_memory.py::TestHierarchicalMemoryPyramid::test_concurrent_memory_operations
FAILED tests/unit/test_gpt5_p4_memory.py::TestHierarchicalMemoryPyramid::test_memory_tier_promotion
FAILED tests/unit/test_gpt5_p4_memory.py::TestHierarchicalMemoryPyramid::test_memory_pyramid_performance
FAILED tests/unit/test_gpt5_p4_memory.py::TestMemoryNode::test_memory_node_creation
FAILED tests/unit/test_gpt5_p4_memory.py::TestMemoryNode::test_memory_node_serialization
FAILED tests/unit/test_gpt5_p4_memory.py::TestMemoryNode::test_memory_node_update_access
FAILED tests/unit/test_gpt5_p4_memory.py::TestMemoryNode::test_memory_node_importance_decay
FAILED tests/unit/test_gpt5_p4_memory.py::TestMemoryTierEnums::test_memory_type_enum
FAILED tests/unit/test_gpt5_p5_security.py::TestSecurityComplianceScanner::test_scanner_initialization
FAILED tests/unit/test_gpt5_p5_security.py::TestSecurityComplianceScanner::test_sql_injection_detection
FAILED tests/unit/test_gpt5_p5_security.py::TestSecurityComplianceScanner::test_xss_vulnerability_detection
FAILED tests/unit/test_gpt5_p5_security.py::TestSecurityComplianceScanner::test_hardcoded_secrets_detection
FAILED tests/unit/test_gpt5_p5_security.py::TestSecurityComplianceScanner::test_insecure_crypto_detection
FAILED tests/unit/test_gpt5_p5_security.py::TestSecurityComplianceScanner::test_path_traversal_detection
FAILED tests/unit/test_gpt5_p5_security.py::TestSecurityComplianceScanner::test_scan_file
FAILED tests/unit/test_gpt5_p5_security.py::TestSecurityComplianceScanner::test_scan_directory
FAILED tests/unit/test_gpt5_p5_security.py::TestSecurityComplianceScanner::test_owasp_compliance_check
FAILED tests/unit/test_gpt5_p5_security.py::TestSecurityComplianceScanner::test_gdpr_compliance_check
FAILED tests/unit/test_gpt5_p5_security.py::TestSecurityComplianceScanner::test_pci_dss_compliance_check
FAILED tests/unit/test_gpt5_p5_security.py::TestSecurityComplianceScanner::test_risk_assessment
FAILED tests/unit/test_gpt5_p5_security.py::TestSecurityComplianceScanner::test_security_report_generation
FAILED tests/unit/test_gpt5_p5_security.py::TestSecurityComplianceScanner::test_false_positive_handling
FAILED tests/unit/test_gpt5_p5_security.py::TestSecurityComplianceScanner::test_vulnerability_pattern_updates
FAILED tests/unit/test_gpt5_p5_security.py::TestSecurityComplianceScanner::test_scan_performance
FAILED tests/unit/test_gpt5_p5_security.py::TestSecurityComplianceScanner::test_concurrent_scanning
FAILED tests/unit/test_gpt5_p5_security.py::TestSecurityVulnerability::test_security_issue_serialization
FAILED tests/unit/test_gpt5_p5_security.py::TestSecurityLevelEnum::test_risk_level_values
FAILED tests/unit/test_gpt5_p5_security.py::TestVulnerabilityTypeEnum::test_vulnerability_types_exist
FAILED tests/unit/test_gpt5_p5_security.py::TestVulnerabilityTypeEnum::test_vulnerability_type_values
FAILED tests/unit/test_gpt5_p6_healing.py::TestSelfHealingOrchestrator::test_repair_action_execution_failure
FAILED tests/unit/test_gpt5_p6_healing.py::TestSelfHealingOrchestrator::test_repair_action_rollback_capability
FAILED tests/unit/test_gpt5_p6_healing.py::TestSystemResilienceValidation::test_chaos_engineering_network_partition
FAILED tests/unit/test_gpt5_p7_knowledge.py::TestKnowledgeGraphManager::test_multi_depth_relationship_traversal
!!!!!!!!!!!!!!!!!!!!!!!!!!!!!! KeyboardInterrupt !!!!!!!!!!!!!!!!!!!!!!!!!!!!!!!
/Library/Developer/CommandLineTools/Library/Frameworks/Python3.framework/Versions/3.9/lib/python3.9/ssl.py:1099: KeyboardInterrupt
(to show a full traceback on KeyboardInterrupt use --full-trace)
============ 49 failed, 71 passed, 65 warnings in 217.50s (0:03:37) ============
