/Users/apple/Library/Mobile Documents/com~apple~CloudDocs/SProjects/myagent-continuous-ai-builder/venv/lib/python3.9/site-packages/urllib3/__init__.py:35: NotOpenSSLWarning: urllib3 v2 only supports OpenSSL 1.1.1+, currently the 'ssl' module is compiled with 'LibreSSL 2.8.3'. See: https://github.com/urllib3/urllib3/issues/3020
  warnings.warn(
============================= test session starts ==============================
platform darwin -- Python 3.9.6, pytest-8.1.1, pluggy-1.6.0
rootdir: /Users/apple/Library/Mobile Documents/com~apple~CloudDocs/SProjects/myagent-continuous-ai-builder
configfile: pytest.ini
plugins: asyncio-0.23.5, anyio-4.12.0, langsmith-0.4.37, cov-4.1.0
asyncio: mode=strict
collected 23 items

tests/unit/test_gpt5_p4_memory.py ....F.FFF.--- Logging error ---
Traceback (most recent call last):
  File "/Library/Developer/CommandLineTools/Library/Frameworks/Python3.framework/Versions/3.9/lib/python3.9/logging/__init__.py", line 1086, in emit
    stream.write(msg + self.terminator)
ValueError: I/O operation on closed file.
Call stack:
  File "/Library/Developer/CommandLineTools/Library/Frameworks/Python3.framework/Versions/3.9/lib/python3.9/runpy.py", line 197, in _run_module_as_main
    return _run_code(code, main_globals, None,
  File "/Library/Developer/CommandLineTools/Library/Frameworks/Python3.framework/Versions/3.9/lib/python3.9/runpy.py", line 87, in _run_code
    exec(code, run_globals)
  File "/Users/apple/Library/Mobile Documents/com~apple~CloudDocs/SProjects/myagent-continuous-ai-builder/venv/lib/python3.9/site-packages/pytest/__main__.py", line 7, in <module>
    raise SystemExit(pytest.console_main())
  File "/Users/apple/Library/Mobile Documents/com~apple~CloudDocs/SProjects/myagent-continuous-ai-builder/venv/lib/python3.9/site-packages/_pytest/config/__init__.py", line 197, in console_main
    code = main()
  File "/Users/apple/Library/Mobile Documents/com~apple~CloudDocs/SProjects/myagent-continuous-ai-builder/venv/lib/python3.9/site-packages/_pytest/config/__init__.py", line 174, in main
    ret: Union[ExitCode, int] = config.hook.pytest_cmdline_main(
  File "/Users/apple/Library/Mobile Documents/com~apple~CloudDocs/SProjects/myagent-continuous-ai-builder/venv/lib/python3.9/site-packages/pluggy/_hooks.py", line 512, in __call__
    return self._hookexec(self.name, self._hookimpls.copy(), kwargs, firstresult)
  File "/Users/apple/Library/Mobile Documents/com~apple~CloudDocs/SProjects/myagent-continuous-ai-builder/venv/lib/python3.9/site-packages/pluggy/_manager.py", line 120, in _hookexec
    return self._inner_hookexec(hook_name, methods, kwargs, firstresult)
  File "/Users/apple/Library/Mobile Documents/com~apple~CloudDocs/SProjects/myagent-continuous-ai-builder/venv/lib/python3.9/site-packages/pluggy/_callers.py", line 121, in _multicall
    res = hook_impl.function(*args)
  File "/Users/apple/Library/Mobile Documents/com~apple~CloudDocs/SProjects/myagent-continuous-ai-builder/venv/lib/python3.9/site-packages/_pytest/main.py", line 332, in pytest_cmdline_main
    return wrap_session(config, _main)
  File "/Users/apple/Library/Mobile Documents/com~apple~CloudDocs/SProjects/myagent-continuous-ai-builder/venv/lib/python3.9/site-packages/_pytest/main.py", line 320, in wrap_session
    config.hook.pytest_sessionfinish(
  File "/Users/apple/Library/Mobile Documents/com~apple~CloudDocs/SProjects/myagent-continuous-ai-builder/venv/lib/python3.9/site-packages/pluggy/_hooks.py", line 512, in __call__
    return self._hookexec(self.name, self._hookimpls.copy(), kwargs, firstresult)
  File "/Users/apple/Library/Mobile Documents/com~apple~CloudDocs/SProjects/myagent-continuous-ai-builder/venv/lib/python3.9/site-packages/pluggy/_manager.py", line 120, in _hookexec
    return self._inner_hookexec(hook_name, methods, kwargs, firstresult)
  File "/Users/apple/Library/Mobile Documents/com~apple~CloudDocs/SProjects/myagent-continuous-ai-builder/venv/lib/python3.9/site-packages/pluggy/_callers.py", line 121, in _multicall
    res = hook_impl.function(*args)
  File "/Users/apple/Library/Mobile Documents/com~apple~CloudDocs/SProjects/myagent-continuous-ai-builder/venv/lib/python3.9/site-packages/_pytest/runner.py", line 109, in pytest_sessionfinish
    session._setupstate.teardown_exact(None)
  File "/Users/apple/Library/Mobile Documents/com~apple~CloudDocs/SProjects/myagent-continuous-ai-builder/venv/lib/python3.9/site-packages/_pytest/runner.py", line 544, in teardown_exact
    fin()
  File "/Users/apple/Library/Mobile Documents/com~apple~CloudDocs/SProjects/myagent-continuous-ai-builder/venv/lib/python3.9/site-packages/_pytest/fixtures.py", line 1035, in finish
    fin()
  File "/Users/apple/Library/Mobile Documents/com~apple~CloudDocs/SProjects/myagent-continuous-ai-builder/venv/lib/python3.9/site-packages/pytest_asyncio/plugin.py", line 345, in finalizer
    event_loop.run_until_complete(async_finalizer())
  File "/Library/Developer/CommandLineTools/Library/Frameworks/Python3.framework/Versions/3.9/lib/python3.9/asyncio/base_events.py", line 629, in run_until_complete
    self.run_forever()
  File "/Library/Developer/CommandLineTools/Library/Frameworks/Python3.framework/Versions/3.9/lib/python3.9/asyncio/base_events.py", line 596, in run_forever
    self._run_once()
  File "/Library/Developer/CommandLineTools/Library/Frameworks/Python3.framework/Versions/3.9/lib/python3.9/asyncio/base_events.py", line 1890, in _run_once
    handle._run()
  File "/Library/Developer/CommandLineTools/Library/Frameworks/Python3.framework/Versions/3.9/lib/python3.9/asyncio/events.py", line 80, in _run
    self._context.run(self._callback, *self._args)
  File "/Users/apple/Library/Mobile Documents/com~apple~CloudDocs/SProjects/myagent-continuous-ai-builder/venv/lib/python3.9/site-packages/pytest_asyncio/plugin.py", line 337, in async_finalizer
    await gen_obj.__anext__()
  File "/Users/apple/Library/Mobile Documents/com~apple~CloudDocs/SProjects/myagent-continuous-ai-builder/tests/unit/test_gpt5_p4_memory.py", line 37, in memory_pyramid_instance
    await pyramid.cleanup()
  File "/Users/apple/Library/Mobile Documents/com~apple~CloudDocs/SProjects/myagent-continuous-ai-builder/core/memory_pyramid/hierarchical_memory_pyramid.py", line 286, in cleanup
    self.telemetry.log_info("Stopping hierarchical memory pyramid", 'hierarchical_memory_pyramid')
  File "/Users/apple/Library/Mobile Documents/com~apple~CloudDocs/SProjects/myagent-continuous-ai-builder/core/observability/telemetry_engine.py", line 292, in log_info
    self.log_entry(LogLevel.INFO, message, component, context)
  File "/Users/apple/Library/Mobile Documents/com~apple~CloudDocs/SProjects/myagent-continuous-ai-builder/core/observability/telemetry_engine.py", line 286, in log_entry
    getattr(self.logger, level.value)(f"[{component}] {message}")
Message: '[hierarchical_memory_pyramid] Stopping hierarchical memory pyramid'
Arguments: ()
--- Logging error ---
Traceback (most recent call last):
  File "/Library/Developer/CommandLineTools/Library/Frameworks/Python3.framework/Versions/3.9/lib/python3.9/logging/__init__.py", line 1086, in emit
    stream.write(msg + self.terminator)
ValueError: I/O operation on closed file.
Call stack:
  File "/Library/Developer/CommandLineTools/Library/Frameworks/Python3.framework/Versions/3.9/lib/python3.9/runpy.py", line 197, in _run_module_as_main
    return _run_code(code, main_globals, None,
  File "/Library/Developer/CommandLineTools/Library/Frameworks/Python3.framework/Versions/3.9/lib/python3.9/runpy.py", line 87, in _run_code
    exec(code, run_globals)
  File "/Users/apple/Library/Mobile Documents/com~apple~CloudDocs/SProjects/myagent-continuous-ai-builder/venv/lib/python3.9/site-packages/pytest/__main__.py", line 7, in <module>
    raise SystemExit(pytest.console_main())
  File "/Users/apple/Library/Mobile Documents/com~apple~CloudDocs/SProjects/myagent-continuous-ai-builder/venv/lib/python3.9/site-packages/_pytest/config/__init__.py", line 197, in console_main
    code = main()
  File "/Users/apple/Library/Mobile Documents/com~apple~CloudDocs/SProjects/myagent-continuous-ai-builder/venv/lib/python3.9/site-packages/_pytest/config/__init__.py", line 174, in main
    ret: Union[ExitCode, int] = config.hook.pytest_cmdline_main(
  File "/Users/apple/Library/Mobile Documents/com~apple~CloudDocs/SProjects/myagent-continuous-ai-builder/venv/lib/python3.9/site-packages/pluggy/_hooks.py", line 512, in __call__
    return self._hookexec(self.name, self._hookimpls.copy(), kwargs, firstresult)
  File "/Users/apple/Library/Mobile Documents/com~apple~CloudDocs/SProjects/myagent-continuous-ai-builder/venv/lib/python3.9/site-packages/pluggy/_manager.py", line 120, in _hookexec
    return self._inner_hookexec(hook_name, methods, kwargs, firstresult)
  File "/Users/apple/Library/Mobile Documents/com~apple~CloudDocs/SProjects/myagent-continuous-ai-builder/venv/lib/python3.9/site-packages/pluggy/_callers.py", line 121, in _multicall
    res = hook_impl.function(*args)
  File "/Users/apple/Library/Mobile Documents/com~apple~CloudDocs/SProjects/myagent-continuous-ai-builder/venv/lib/python3.9/site-packages/_pytest/main.py", line 332, in pytest_cmdline_main
    return wrap_session(config, _main)
  File "/Users/apple/Library/Mobile Documents/com~apple~CloudDocs/SProjects/myagent-continuous-ai-builder/venv/lib/python3.9/site-packages/_pytest/main.py", line 320, in wrap_session
    config.hook.pytest_sessionfinish(
  File "/Users/apple/Library/Mobile Documents/com~apple~CloudDocs/SProjects/myagent-continuous-ai-builder/venv/lib/python3.9/site-packages/pluggy/_hooks.py", line 512, in __call__
    return self._hookexec(self.name, self._hookimpls.copy(), kwargs, firstresult)
  File "/Users/apple/Library/Mobile Documents/com~apple~CloudDocs/SProjects/myagent-continuous-ai-builder/venv/lib/python3.9/site-packages/pluggy/_manager.py", line 120, in _hookexec
    return self._inner_hookexec(hook_name, methods, kwargs, firstresult)
  File "/Users/apple/Library/Mobile Documents/com~apple~CloudDocs/SProjects/myagent-continuous-ai-builder/venv/lib/python3.9/site-packages/pluggy/_callers.py", line 121, in _multicall
    res = hook_impl.function(*args)
  File "/Users/apple/Library/Mobile Documents/com~apple~CloudDocs/SProjects/myagent-continuous-ai-builder/venv/lib/python3.9/site-packages/_pytest/runner.py", line 109, in pytest_sessionfinish
    session._setupstate.teardown_exact(None)
  File "/Users/apple/Library/Mobile Documents/com~apple~CloudDocs/SProjects/myagent-continuous-ai-builder/venv/lib/python3.9/site-packages/_pytest/runner.py", line 544, in teardown_exact
    fin()
  File "/Users/apple/Library/Mobile Documents/com~apple~CloudDocs/SProjects/myagent-continuous-ai-builder/venv/lib/python3.9/site-packages/_pytest/fixtures.py", line 1035, in finish
    fin()
  File "/Users/apple/Library/Mobile Documents/com~apple~CloudDocs/SProjects/myagent-continuous-ai-builder/venv/lib/python3.9/site-packages/pytest_asyncio/plugin.py", line 345, in finalizer
    event_loop.run_until_complete(async_finalizer())
  File "/Library/Developer/CommandLineTools/Library/Frameworks/Python3.framework/Versions/3.9/lib/python3.9/asyncio/base_events.py", line 629, in run_until_complete
    self.run_forever()
  File "/Library/Developer/CommandLineTools/Library/Frameworks/Python3.framework/Versions/3.9/lib/python3.9/asyncio/base_events.py", line 596, in run_forever
    self._run_once()
  File "/Library/Developer/CommandLineTools/Library/Frameworks/Python3.framework/Versions/3.9/lib/python3.9/asyncio/base_events.py", line 1890, in _run_once
    handle._run()
  File "/Library/Developer/CommandLineTools/Library/Frameworks/Python3.framework/Versions/3.9/lib/python3.9/asyncio/events.py", line 80, in _run
    self._context.run(self._callback, *self._args)
  File "/Users/apple/Library/Mobile Documents/com~apple~CloudDocs/SProjects/myagent-continuous-ai-builder/venv/lib/python3.9/site-packages/pytest_asyncio/plugin.py", line 337, in async_finalizer
    await gen_obj.__anext__()
  File "/Users/apple/Library/Mobile Documents/com~apple~CloudDocs/SProjects/myagent-continuous-ai-builder/tests/unit/test_gpt5_p4_memory.py", line 37, in memory_pyramid_instance
    await pyramid.cleanup()
  File "/Users/apple/Library/Mobile Documents/com~apple~CloudDocs/SProjects/myagent-continuous-ai-builder/core/memory_pyramid/hierarchical_memory_pyramid.py", line 294, in cleanup
    await self._save_memories_to_storage()
  File "/Users/apple/Library/Mobile Documents/com~apple~CloudDocs/SProjects/myagent-continuous-ai-builder/core/memory_pyramid/hierarchical_memory_pyramid.py", line 1050, in _save_memories_to_storage
    self.telemetry.log_info("Saving memories to persistent storage", 'hierarchical_memory_pyramid')
  File "/Users/apple/Library/Mobile Documents/com~apple~CloudDocs/SProjects/myagent-continuous-ai-builder/core/observability/telemetry_engine.py", line 292, in log_info
    self.log_entry(LogLevel.INFO, message, component, context)
  File "/Users/apple/Library/Mobile Documents/com~apple~CloudDocs/SProjects/myagent-continuous-ai-builder/core/observability/telemetry_engine.py", line 286, in log_entry
    getattr(self.logger, level.value)(f"[{component}] {message}")
Message: '[hierarchical_memory_pyramid] Saving memories to persistent storage'
Arguments: ()
--- Logging error ---
Traceback (most recent call last):
  File "/Library/Developer/CommandLineTools/Library/Frameworks/Python3.framework/Versions/3.9/lib/python3.9/logging/__init__.py", line 1086, in emit
    stream.write(msg + self.terminator)
ValueError: I/O operation on closed file.
Call stack:
  File "/Library/Developer/CommandLineTools/Library/Frameworks/Python3.framework/Versions/3.9/lib/python3.9/runpy.py", line 197, in _run_module_as_main
    return _run_code(code, main_globals, None,
  File "/Library/Developer/CommandLineTools/Library/Frameworks/Python3.framework/Versions/3.9/lib/python3.9/runpy.py", line 87, in _run_code
    exec(code, run_globals)
  File "/Users/apple/Library/Mobile Documents/com~apple~CloudDocs/SProjects/myagent-continuous-ai-builder/venv/lib/python3.9/site-packages/pytest/__main__.py", line 7, in <module>
    raise SystemExit(pytest.console_main())
  File "/Users/apple/Library/Mobile Documents/com~apple~CloudDocs/SProjects/myagent-continuous-ai-builder/venv/lib/python3.9/site-packages/_pytest/config/__init__.py", line 197, in console_main
    code = main()
  File "/Users/apple/Library/Mobile Documents/com~apple~CloudDocs/SProjects/myagent-continuous-ai-builder/venv/lib/python3.9/site-packages/_pytest/config/__init__.py", line 174, in main
    ret: Union[ExitCode, int] = config.hook.pytest_cmdline_main(
  File "/Users/apple/Library/Mobile Documents/com~apple~CloudDocs/SProjects/myagent-continuous-ai-builder/venv/lib/python3.9/site-packages/pluggy/_hooks.py", line 512, in __call__
    return self._hookexec(self.name, self._hookimpls.copy(), kwargs, firstresult)
  File "/Users/apple/Library/Mobile Documents/com~apple~CloudDocs/SProjects/myagent-continuous-ai-builder/venv/lib/python3.9/site-packages/pluggy/_manager.py", line 120, in _hookexec
    return self._inner_hookexec(hook_name, methods, kwargs, firstresult)
  File "/Users/apple/Library/Mobile Documents/com~apple~CloudDocs/SProjects/myagent-continuous-ai-builder/venv/lib/python3.9/site-packages/pluggy/_callers.py", line 121, in _multicall
    res = hook_impl.function(*args)
  File "/Users/apple/Library/Mobile Documents/com~apple~CloudDocs/SProjects/myagent-continuous-ai-builder/venv/lib/python3.9/site-packages/_pytest/main.py", line 332, in pytest_cmdline_main
    return wrap_session(config, _main)
  File "/Users/apple/Library/Mobile Documents/com~apple~CloudDocs/SProjects/myagent-continuous-ai-builder/venv/lib/python3.9/site-packages/_pytest/main.py", line 320, in wrap_session
    config.hook.pytest_sessionfinish(
  File "/Users/apple/Library/Mobile Documents/com~apple~CloudDocs/SProjects/myagent-continuous-ai-builder/venv/lib/python3.9/site-packages/pluggy/_hooks.py", line 512, in __call__
    return self._hookexec(self.name, self._hookimpls.copy(), kwargs, firstresult)
  File "/Users/apple/Library/Mobile Documents/com~apple~CloudDocs/SProjects/myagent-continuous-ai-builder/venv/lib/python3.9/site-packages/pluggy/_manager.py", line 120, in _hookexec
    return self._inner_hookexec(hook_name, methods, kwargs, firstresult)
  File "/Users/apple/Library/Mobile Documents/com~apple~CloudDocs/SProjects/myagent-continuous-ai-builder/venv/lib/python3.9/site-packages/pluggy/_callers.py", line 121, in _multicall
    res = hook_impl.function(*args)
  File "/Users/apple/Library/Mobile Documents/com~apple~CloudDocs/SProjects/myagent-continuous-ai-builder/venv/lib/python3.9/site-packages/_pytest/runner.py", line 109, in pytest_sessionfinish
    session._setupstate.teardown_exact(None)
  File "/Users/apple/Library/Mobile Documents/com~apple~CloudDocs/SProjects/myagent-continuous-ai-builder/venv/lib/python3.9/site-packages/_pytest/runner.py", line 544, in teardown_exact
    fin()
  File "/Users/apple/Library/Mobile Documents/com~apple~CloudDocs/SProjects/myagent-continuous-ai-builder/venv/lib/python3.9/site-packages/_pytest/fixtures.py", line 1035, in finish
    fin()
  File "/Users/apple/Library/Mobile Documents/com~apple~CloudDocs/SProjects/myagent-continuous-ai-builder/venv/lib/python3.9/site-packages/pytest_asyncio/plugin.py", line 345, in finalizer
    event_loop.run_until_complete(async_finalizer())
  File "/Library/Developer/CommandLineTools/Library/Frameworks/Python3.framework/Versions/3.9/lib/python3.9/asyncio/base_events.py", line 629, in run_until_complete
    self.run_forever()
  File "/Library/Developer/CommandLineTools/Library/Frameworks/Python3.framework/Versions/3.9/lib/python3.9/asyncio/base_events.py", line 596, in run_forever
    self._run_once()
  File "/Library/Developer/CommandLineTools/Library/Frameworks/Python3.framework/Versions/3.9/lib/python3.9/asyncio/base_events.py", line 1890, in _run_once
    handle._run()
  File "/Library/Developer/CommandLineTools/Library/Frameworks/Python3.framework/Versions/3.9/lib/python3.9/asyncio/events.py", line 80, in _run
    self._context.run(self._callback, *self._args)
  File "/Users/apple/Library/Mobile Documents/com~apple~CloudDocs/SProjects/myagent-continuous-ai-builder/venv/lib/python3.9/site-packages/pytest_asyncio/plugin.py", line 337, in async_finalizer
    await gen_obj.__anext__()
  File "/Users/apple/Library/Mobile Documents/com~apple~CloudDocs/SProjects/myagent-continuous-ai-builder/tests/unit/test_gpt5_p4_memory.py", line 37, in memory_pyramid_instance
    await pyramid.cleanup()
  File "/Users/apple/Library/Mobile Documents/com~apple~CloudDocs/SProjects/myagent-continuous-ai-builder/core/memory_pyramid/hierarchical_memory_pyramid.py", line 294, in cleanup
    await self._save_memories_to_storage()
  File "/Users/apple/Library/Mobile Documents/com~apple~CloudDocs/SProjects/myagent-continuous-ai-builder/core/memory_pyramid/hierarchical_memory_pyramid.py", line 1084, in _save_memories_to_storage
    self.telemetry.log_info(
  File "/Users/apple/Library/Mobile Documents/com~apple~CloudDocs/SProjects/myagent-continuous-ai-builder/core/observability/telemetry_engine.py", line 292, in log_info
    self.log_entry(LogLevel.INFO, message, component, context)
  File "/Users/apple/Library/Mobile Documents/com~apple~CloudDocs/SProjects/myagent-continuous-ai-builder/core/observability/telemetry_engine.py", line 286, in log_entry
    getattr(self.logger, level.value)(f"[{component}] {message}")
Message: '[hierarchical_memory_pyramid] Saved 2 memories to persistent storage'
Arguments: ()
--- Logging error ---
Traceback (most recent call last):
  File "/Library/Developer/CommandLineTools/Library/Frameworks/Python3.framework/Versions/3.9/lib/python3.9/logging/__init__.py", line 1086, in emit
    stream.write(msg + self.terminator)
ValueError: I/O operation on closed file.
Call stack:
  File "/Library/Developer/CommandLineTools/Library/Frameworks/Python3.framework/Versions/3.9/lib/python3.9/runpy.py", line 197, in _run_module_as_main
    return _run_code(code, main_globals, None,
  File "/Library/Developer/CommandLineTools/Library/Frameworks/Python3.framework/Versions/3.9/lib/python3.9/runpy.py", line 87, in _run_code
    exec(code, run_globals)
  File "/Users/apple/Library/Mobile Documents/com~apple~CloudDocs/SProjects/myagent-continuous-ai-builder/venv/lib/python3.9/site-packages/pytest/__main__.py", line 7, in <module>
    raise SystemExit(pytest.console_main())
  File "/Users/apple/Library/Mobile Documents/com~apple~CloudDocs/SProjects/myagent-continuous-ai-builder/venv/lib/python3.9/site-packages/_pytest/config/__init__.py", line 197, in console_main
    code = main()
  File "/Users/apple/Library/Mobile Documents/com~apple~CloudDocs/SProjects/myagent-continuous-ai-builder/venv/lib/python3.9/site-packages/_pytest/config/__init__.py", line 174, in main
    ret: Union[ExitCode, int] = config.hook.pytest_cmdline_main(
  File "/Users/apple/Library/Mobile Documents/com~apple~CloudDocs/SProjects/myagent-continuous-ai-builder/venv/lib/python3.9/site-packages/pluggy/_hooks.py", line 512, in __call__
    return self._hookexec(self.name, self._hookimpls.copy(), kwargs, firstresult)
  File "/Users/apple/Library/Mobile Documents/com~apple~CloudDocs/SProjects/myagent-continuous-ai-builder/venv/lib/python3.9/site-packages/pluggy/_manager.py", line 120, in _hookexec
    return self._inner_hookexec(hook_name, methods, kwargs, firstresult)
  File "/Users/apple/Library/Mobile Documents/com~apple~CloudDocs/SProjects/myagent-continuous-ai-builder/venv/lib/python3.9/site-packages/pluggy/_callers.py", line 121, in _multicall
    res = hook_impl.function(*args)
  File "/Users/apple/Library/Mobile Documents/com~apple~CloudDocs/SProjects/myagent-continuous-ai-builder/venv/lib/python3.9/site-packages/_pytest/main.py", line 332, in pytest_cmdline_main
    return wrap_session(config, _main)
  File "/Users/apple/Library/Mobile Documents/com~apple~CloudDocs/SProjects/myagent-continuous-ai-builder/venv/lib/python3.9/site-packages/_pytest/main.py", line 320, in wrap_session
    config.hook.pytest_sessionfinish(
  File "/Users/apple/Library/Mobile Documents/com~apple~CloudDocs/SProjects/myagent-continuous-ai-builder/venv/lib/python3.9/site-packages/pluggy/_hooks.py", line 512, in __call__
    return self._hookexec(self.name, self._hookimpls.copy(), kwargs, firstresult)
  File "/Users/apple/Library/Mobile Documents/com~apple~CloudDocs/SProjects/myagent-continuous-ai-builder/venv/lib/python3.9/site-packages/pluggy/_manager.py", line 120, in _hookexec
    return self._inner_hookexec(hook_name, methods, kwargs, firstresult)
  File "/Users/apple/Library/Mobile Documents/com~apple~CloudDocs/SProjects/myagent-continuous-ai-builder/venv/lib/python3.9/site-packages/pluggy/_callers.py", line 121, in _multicall
    res = hook_impl.function(*args)
  File "/Users/apple/Library/Mobile Documents/com~apple~CloudDocs/SProjects/myagent-continuous-ai-builder/venv/lib/python3.9/site-packages/_pytest/runner.py", line 109, in pytest_sessionfinish
    session._setupstate.teardown_exact(None)
  File "/Users/apple/Library/Mobile Documents/com~apple~CloudDocs/SProjects/myagent-continuous-ai-builder/venv/lib/python3.9/site-packages/_pytest/runner.py", line 544, in teardown_exact
    fin()
  File "/Users/apple/Library/Mobile Documents/com~apple~CloudDocs/SProjects/myagent-continuous-ai-builder/venv/lib/python3.9/site-packages/_pytest/fixtures.py", line 1035, in finish
    fin()
  File "/Users/apple/Library/Mobile Documents/com~apple~CloudDocs/SProjects/myagent-continuous-ai-builder/venv/lib/python3.9/site-packages/pytest_asyncio/plugin.py", line 345, in finalizer
    event_loop.run_until_complete(async_finalizer())
  File "/Library/Developer/CommandLineTools/Library/Frameworks/Python3.framework/Versions/3.9/lib/python3.9/asyncio/base_events.py", line 629, in run_until_complete
    self.run_forever()
  File "/Library/Developer/CommandLineTools/Library/Frameworks/Python3.framework/Versions/3.9/lib/python3.9/asyncio/base_events.py", line 596, in run_forever
    self._run_once()
  File "/Library/Developer/CommandLineTools/Library/Frameworks/Python3.framework/Versions/3.9/lib/python3.9/asyncio/base_events.py", line 1890, in _run_once
    handle._run()
  File "/Library/Developer/CommandLineTools/Library/Frameworks/Python3.framework/Versions/3.9/lib/python3.9/asyncio/events.py", line 80, in _run
    self._context.run(self._callback, *self._args)
  File "/Users/apple/Library/Mobile Documents/com~apple~CloudDocs/SProjects/myagent-continuous-ai-builder/venv/lib/python3.9/site-packages/pytest_asyncio/plugin.py", line 337, in async_finalizer
    await gen_obj.__anext__()
  File "/Users/apple/Library/Mobile Documents/com~apple~CloudDocs/SProjects/myagent-continuous-ai-builder/tests/unit/test_gpt5_p4_memory.py", line 37, in memory_pyramid_instance
    await pyramid.cleanup()
  File "/Users/apple/Library/Mobile Documents/com~apple~CloudDocs/SProjects/myagent-continuous-ai-builder/core/memory_pyramid/hierarchical_memory_pyramid.py", line 296, in cleanup
    self.telemetry.log_info("Hierarchical memory pyramid stopped", 'hierarchical_memory_pyramid')
  File "/Users/apple/Library/Mobile Documents/com~apple~CloudDocs/SProjects/myagent-continuous-ai-builder/core/observability/telemetry_engine.py", line 292, in log_info
    self.log_entry(LogLevel.INFO, message, component, context)
  File "/Users/apple/Library/Mobile Documents/com~apple~CloudDocs/SProjects/myagent-continuous-ai-builder/core/observability/telemetry_engine.py", line 286, in log_entry
    getattr(self.logger, level.value)(f"[{component}] {message}")
Message: '[hierarchical_memory_pyramid] Hierarchical memory pyramid stopped'
Arguments: ()


=================================== FAILURES ===================================
________ TestHierarchicalMemoryPyramid.test_search_memories_by_content _________

self = <test_gpt5_p4_memory.TestHierarchicalMemoryPyramid object at 0x12a0cb5b0>
memory_pyramid_instance = <core.memory_pyramid.hierarchical_memory_pyramid.HierarchicalMemoryPyramid object at 0x12a0b6b20>

    @pytest.mark.asyncio
    async def test_search_memories_by_content(self, memory_pyramid_instance):
        """Test searching memories by content"""
        # Store test memories
        test_memories = [
            "Implement fibonacci function using recursion",
            "Optimize fibonacci with memoization",
            "Create unit tests for calculator module",
            "Debug performance issues in sorting algorithm"
        ]
    
        for content in test_memories:
            await memory_pyramid_instance.store_memory(
                content=content,
                memory_type=MemoryType.IMPLEMENTATION,
                importance=0.7
            )
    
        # Search for fibonacci-related memories
>       fibonacci_memories = await memory_pyramid_instance.search_memories("fibonacci")

tests/unit/test_gpt5_p4_memory.py:171: 
_ _ _ _ _ _ _ _ _ _ _ _ _ _ _ _ _ _ _ _ _ _ _ _ _ _ _ _ _ _ _ _ _ _ _ _ _ _ _ _ 
core/memory_pyramid/hierarchical_memory_pyramid.py:405: in search_memories
    score = self._calculate_relevance_score(memory, query)
_ _ _ _ _ _ _ _ _ _ _ _ _ _ _ _ _ _ _ _ _ _ _ _ _ _ _ _ _ _ _ _ _ _ _ _ _ _ _ _ 

self = <core.memory_pyramid.hierarchical_memory_pyramid.HierarchicalMemoryPyramid object at 0x12a0b6b20>
memory = MemoryNode(node_id='741c785a-d1ee-48d1-ae94-83d945074cc3', content='Implement fibonacci function using recursion', mem... parent_nodes=[], child_nodes=[], related_nodes=[], metadata={}, embedding=None, compression_ratio=1.0, importance=0.7)
query = 'fibonacci'

    def _calculate_relevance_score(self, memory: MemoryNode, query: Dict[str, Any]) -> float:
        """Calculate relevance score for search query"""
    
        score = 0.0
    
        # Content similarity (simplified)
        if isinstance(query, str):
            # String query
            if isinstance(memory.content, str):
                if query.lower() in memory.content.lower():
                    score += 1.0
            elif isinstance(memory.content, dict):
                for key, value in memory.content.items():
                    if isinstance(value, str) and query.lower() in value.lower():
                        score += 1.0
        else:
            # Dict query
            if isinstance(memory.content, dict):
                for key, value in query.items():
                    if key in memory.content:
                        if memory.content[key] == value:
                            score += 1.0
                        elif isinstance(value, str) and isinstance(memory.content[key], str):
                            # Simple substring matching
                            if value.lower() in memory.content[key].lower():
                                score += 0.5
    
        # Metadata matching
>       for key, value in query.items():
E       AttributeError: 'str' object has no attribute 'items'

core/memory_pyramid/hierarchical_memory_pyramid.py:741: AttributeError
---------------------------- Captured stderr setup -----------------------------
2025-11-29 16:26:30,258 [INFO] telemetry_engine: [telemetry_engine] Component registered: hierarchical_memory_pyramid
2025-11-29 16:26:30,265 [INFO] telemetry_engine: [hierarchical_memory_pyramid] Starting hierarchical memory pyramid
2025-11-29 16:26:30,265 [INFO] telemetry_engine: [hierarchical_memory_pyramid] Loading memories from persistent storage
2025-11-29 16:26:30,266 [INFO] telemetry_engine: [hierarchical_memory_pyramid] Loaded 0 memories from persistent storage
2025-11-29 16:26:30,267 [INFO] telemetry_engine: [hierarchical_memory_pyramid] Hierarchical memory pyramid started
------------------------------ Captured log setup ------------------------------
INFO     telemetry_engine:telemetry_engine.py:286 [telemetry_engine] Component registered: hierarchical_memory_pyramid
INFO     telemetry_engine:telemetry_engine.py:286 [hierarchical_memory_pyramid] Starting hierarchical memory pyramid
INFO     telemetry_engine:telemetry_engine.py:286 [hierarchical_memory_pyramid] Loading memories from persistent storage
INFO     telemetry_engine:telemetry_engine.py:286 [hierarchical_memory_pyramid] Loaded 0 memories from persistent storage
INFO     telemetry_engine:telemetry_engine.py:286 [hierarchical_memory_pyramid] Hierarchical memory pyramid started
--------------------------- Captured stderr teardown ---------------------------
2025-11-29 16:26:30,662 [INFO] telemetry_engine: [hierarchical_memory_pyramid] Stopping hierarchical memory pyramid
2025-11-29 16:26:40,667 [INFO] telemetry_engine: [hierarchical_memory_pyramid] Saving memories to persistent storage
2025-11-29 16:26:40,670 [INFO] telemetry_engine: [hierarchical_memory_pyramid] Saved 4 memories to persistent storage
2025-11-29 16:26:40,670 [INFO] telemetry_engine: [hierarchical_memory_pyramid] Hierarchical memory pyramid stopped
---------------------------- Captured log teardown -----------------------------
INFO     telemetry_engine:telemetry_engine.py:286 [hierarchical_memory_pyramid] Stopping hierarchical memory pyramid
INFO     telemetry_engine:telemetry_engine.py:286 [hierarchical_memory_pyramid] Saving memories to persistent storage
INFO     telemetry_engine:telemetry_engine.py:286 [hierarchical_memory_pyramid] Saved 4 memories to persistent storage
INFO     telemetry_engine:telemetry_engine.py:286 [hierarchical_memory_pyramid] Hierarchical memory pyramid stopped
_______ TestHierarchicalMemoryPyramid.test_memory_consolidation_by_count _______

self = <test_gpt5_p4_memory.TestHierarchicalMemoryPyramid object at 0x12a01a7f0>
memory_pyramid_instance = <core.memory_pyramid.hierarchical_memory_pyramid.HierarchicalMemoryPyramid object at 0x129ff6790>

    @pytest.mark.asyncio
    async def test_memory_consolidation_by_count(self, memory_pyramid_instance):
        """Test automatic memory consolidation when working memory is full"""
        # Set low threshold for testing
        pyramid = memory_pyramid_instance
        pyramid.working_memory_threshold = 3
    
        # Fill working memory beyond threshold
        for i in range(5):
            await pyramid.store_memory(
                content=f"Working memory item {i}",
                memory_type=MemoryType.USER_REQUEST,
                importance=0.5 + (i * 0.1)  # Varying importance
            )
    
        # Trigger consolidation
        await pyramid.consolidate_memories(MemoryTier.WORKING)
    
        # Verify consolidation occurred
        working_memories = await pyramid.get_memories_by_tier(MemoryTier.WORKING)
        short_term_memories = await pyramid.get_memories_by_tier(MemoryTier.SHORT_TERM)
    
        # High importance memories should remain in working
        # Lower importance should move to short-term
>       assert len(working_memories) <= pyramid.working_memory_threshold
E       AssertionError: assert 5 <= 3
E        +  where 5 = len([MemoryNode(node_id='7fd92c95-c073-46ba-954d-9c6620911a0e', content='Working memory item 0', memory_type=<MemoryType.U...parent_nodes=[], child_nodes=[], related_nodes=[], metadata={}, embedding=None, compression_ratio=1.0, importance=0.9)])
E        +  and   3 = <core.memory_pyramid.hierarchical_memory_pyramid.HierarchicalMemoryPyramid object at 0x129ff6790>.working_memory_threshold

tests/unit/test_gpt5_p4_memory.py:234: AssertionError
---------------------------- Captured stderr setup -----------------------------
2025-11-29 16:26:50,689 [INFO] telemetry_engine: [telemetry_engine] Component registered: hierarchical_memory_pyramid
2025-11-29 16:26:50,695 [INFO] telemetry_engine: [hierarchical_memory_pyramid] Starting hierarchical memory pyramid
2025-11-29 16:26:50,695 [INFO] telemetry_engine: [hierarchical_memory_pyramid] Loading memories from persistent storage
2025-11-29 16:26:50,696 [INFO] telemetry_engine: [hierarchical_memory_pyramid] Loaded 0 memories from persistent storage
2025-11-29 16:26:50,696 [INFO] telemetry_engine: [hierarchical_memory_pyramid] Hierarchical memory pyramid started
------------------------------ Captured log setup ------------------------------
INFO     telemetry_engine:telemetry_engine.py:286 [telemetry_engine] Component registered: hierarchical_memory_pyramid
INFO     telemetry_engine:telemetry_engine.py:286 [hierarchical_memory_pyramid] Starting hierarchical memory pyramid
INFO     telemetry_engine:telemetry_engine.py:286 [hierarchical_memory_pyramid] Loading memories from persistent storage
INFO     telemetry_engine:telemetry_engine.py:286 [hierarchical_memory_pyramid] Loaded 0 memories from persistent storage
INFO     telemetry_engine:telemetry_engine.py:286 [hierarchical_memory_pyramid] Hierarchical memory pyramid started
----------------------------- Captured stderr call -----------------------------
2025-11-29 16:26:50,698 [INFO] telemetry_engine: [hierarchical_memory_pyramid] Consolidation completed: 0 memories processed
------------------------------ Captured log call -------------------------------
INFO     telemetry_engine:telemetry_engine.py:286 [hierarchical_memory_pyramid] Consolidation completed: 0 memories processed
--------------------------- Captured stderr teardown ---------------------------
2025-11-29 16:26:50,711 [INFO] telemetry_engine: [hierarchical_memory_pyramid] Stopping hierarchical memory pyramid
2025-11-29 16:27:00,713 [INFO] telemetry_engine: [hierarchical_memory_pyramid] Saving memories to persistent storage
2025-11-29 16:27:00,717 [INFO] telemetry_engine: [hierarchical_memory_pyramid] Saved 5 memories to persistent storage
2025-11-29 16:27:00,717 [INFO] telemetry_engine: [hierarchical_memory_pyramid] Hierarchical memory pyramid stopped
---------------------------- Captured log teardown -----------------------------
INFO     telemetry_engine:telemetry_engine.py:286 [hierarchical_memory_pyramid] Stopping hierarchical memory pyramid
INFO     telemetry_engine:telemetry_engine.py:286 [hierarchical_memory_pyramid] Saving memories to persistent storage
INFO     telemetry_engine:telemetry_engine.py:286 [hierarchical_memory_pyramid] Saved 5 memories to persistent storage
INFO     telemetry_engine:telemetry_engine.py:286 [hierarchical_memory_pyramid] Hierarchical memory pyramid stopped
_______ TestHierarchicalMemoryPyramid.test_memory_consolidation_by_time ________

self = <test_gpt5_p4_memory.TestHierarchicalMemoryPyramid object at 0x12a0cb2b0>
memory_pyramid_instance = <core.memory_pyramid.hierarchical_memory_pyramid.HierarchicalMemoryPyramid object at 0x12a207b50>

    @pytest.mark.asyncio
    async def test_memory_consolidation_by_time(self, memory_pyramid_instance):
        """Test time-based memory consolidation"""
        pyramid = memory_pyramid_instance
    
        # Create old memory (simulate)
        old_content = "Old memory for consolidation test"
        memory_id = await pyramid.store_memory(
            content=old_content,
            memory_type=MemoryType.IMPLEMENTATION,
            importance=0.6
        )
    
        # Manually update timestamp to simulate age
        with patch('datetime.datetime') as mock_datetime:
            # Mock old timestamp
            old_time = datetime.now() - timedelta(hours=25)  # Older than 24 hours
            mock_datetime.now.return_value = old_time
    
            # Trigger time-based consolidation
>           await pyramid.consolidate_by_age()
E           AttributeError: 'HierarchicalMemoryPyramid' object has no attribute 'consolidate_by_age'

tests/unit/test_gpt5_p4_memory.py:257: AttributeError
---------------------------- Captured stderr setup -----------------------------
2025-11-29 16:27:00,721 [INFO] telemetry_engine: [telemetry_engine] Component registered: hierarchical_memory_pyramid
2025-11-29 16:27:00,727 [INFO] telemetry_engine: [hierarchical_memory_pyramid] Starting hierarchical memory pyramid
2025-11-29 16:27:00,728 [INFO] telemetry_engine: [hierarchical_memory_pyramid] Loading memories from persistent storage
2025-11-29 16:27:00,728 [INFO] telemetry_engine: [hierarchical_memory_pyramid] Loaded 0 memories from persistent storage
2025-11-29 16:27:00,729 [INFO] telemetry_engine: [hierarchical_memory_pyramid] Hierarchical memory pyramid started
------------------------------ Captured log setup ------------------------------
INFO     telemetry_engine:telemetry_engine.py:286 [telemetry_engine] Component registered: hierarchical_memory_pyramid
INFO     telemetry_engine:telemetry_engine.py:286 [hierarchical_memory_pyramid] Starting hierarchical memory pyramid
INFO     telemetry_engine:telemetry_engine.py:286 [hierarchical_memory_pyramid] Loading memories from persistent storage
INFO     telemetry_engine:telemetry_engine.py:286 [hierarchical_memory_pyramid] Loaded 0 memories from persistent storage
INFO     telemetry_engine:telemetry_engine.py:286 [hierarchical_memory_pyramid] Hierarchical memory pyramid started
--------------------------- Captured stderr teardown ---------------------------
2025-11-29 16:27:00,743 [INFO] telemetry_engine: [hierarchical_memory_pyramid] Stopping hierarchical memory pyramid
2025-11-29 16:27:10,744 [INFO] telemetry_engine: [hierarchical_memory_pyramid] Saving memories to persistent storage
2025-11-29 16:27:10,746 [INFO] telemetry_engine: [hierarchical_memory_pyramid] Saved 1 memories to persistent storage
2025-11-29 16:27:10,746 [INFO] telemetry_engine: [hierarchical_memory_pyramid] Hierarchical memory pyramid stopped
---------------------------- Captured log teardown -----------------------------
INFO     telemetry_engine:telemetry_engine.py:286 [hierarchical_memory_pyramid] Stopping hierarchical memory pyramid
INFO     telemetry_engine:telemetry_engine.py:286 [hierarchical_memory_pyramid] Saving memories to persistent storage
INFO     telemetry_engine:telemetry_engine.py:286 [hierarchical_memory_pyramid] Saved 1 memories to persistent storage
INFO     telemetry_engine:telemetry_engine.py:286 [hierarchical_memory_pyramid] Hierarchical memory pyramid stopped
____________ TestHierarchicalMemoryPyramid.test_memory_compression _____________

self = <test_gpt5_p4_memory.TestHierarchicalMemoryPyramid object at 0x12a0cba90>
memory_pyramid_instance = <core.memory_pyramid.hierarchical_memory_pyramid.HierarchicalMemoryPyramid object at 0x12a2bd460>

    @pytest.mark.asyncio
    async def test_memory_compression(self, memory_pyramid_instance):
        """Test memory compression for archive tier"""
        pyramid = memory_pyramid_instance
    
        # Create memories for compression
        related_memories = [
            "Implemented fibonacci function",
            "Added memoization to fibonacci",
            "Optimized fibonacci performance",
            "Fixed fibonacci edge cases"
        ]
    
        memory_ids = []
        for content in related_memories:
            memory_id = await pyramid.store_memory(
                content=content,
                memory_type=MemoryType.IMPLEMENTATION,
                importance=0.7,
                tier=MemoryTier.LONG_TERM
            )
            memory_ids.append(memory_id)
    
        # Compress related memories
>       compressed_memory = await pyramid.compress_memories(
            memory_ids=memory_ids,
            compression_summary="Complete fibonacci implementation with optimizations"
        )
E       AttributeError: 'HierarchicalMemoryPyramid' object has no attribute 'compress_memories'

tests/unit/test_gpt5_p4_memory.py:293: AttributeError
---------------------------- Captured stderr setup -----------------------------
2025-11-29 16:27:10,749 [INFO] telemetry_engine: [telemetry_engine] Component registered: hierarchical_memory_pyramid
2025-11-29 16:27:10,754 [INFO] telemetry_engine: [hierarchical_memory_pyramid] Starting hierarchical memory pyramid
2025-11-29 16:27:10,754 [INFO] telemetry_engine: [hierarchical_memory_pyramid] Loading memories from persistent storage
2025-11-29 16:27:10,755 [INFO] telemetry_engine: [hierarchical_memory_pyramid] Loaded 0 memories from persistent storage
2025-11-29 16:27:10,755 [INFO] telemetry_engine: [hierarchical_memory_pyramid] Hierarchical memory pyramid started
------------------------------ Captured log setup ------------------------------
INFO     telemetry_engine:telemetry_engine.py:286 [telemetry_engine] Component registered: hierarchical_memory_pyramid
INFO     telemetry_engine:telemetry_engine.py:286 [hierarchical_memory_pyramid] Starting hierarchical memory pyramid
INFO     telemetry_engine:telemetry_engine.py:286 [hierarchical_memory_pyramid] Loading memories from persistent storage
INFO     telemetry_engine:telemetry_engine.py:286 [hierarchical_memory_pyramid] Loaded 0 memories from persistent storage
INFO     telemetry_engine:telemetry_engine.py:286 [hierarchical_memory_pyramid] Hierarchical memory pyramid started
--------------------------- Captured stderr teardown ---------------------------
2025-11-29 16:27:10,769 [INFO] telemetry_engine: [hierarchical_memory_pyramid] Stopping hierarchical memory pyramid
2025-11-29 16:27:20,773 [INFO] telemetry_engine: [hierarchical_memory_pyramid] Saving memories to persistent storage
2025-11-29 16:27:20,776 [INFO] telemetry_engine: [hierarchical_memory_pyramid] Saved 4 memories to persistent storage
2025-11-29 16:27:20,776 [INFO] telemetry_engine: [hierarchical_memory_pyramid] Hierarchical memory pyramid stopped
---------------------------- Captured log teardown -----------------------------
INFO     telemetry_engine:telemetry_engine.py:286 [hierarchical_memory_pyramid] Stopping hierarchical memory pyramid
INFO     telemetry_engine:telemetry_engine.py:286 [hierarchical_memory_pyramid] Saving memories to persistent storage
INFO     telemetry_engine:telemetry_engine.py:286 [hierarchical_memory_pyramid] Saved 4 memories to persistent storage
INFO     telemetry_engine:telemetry_engine.py:286 [hierarchical_memory_pyramid] Hierarchical memory pyramid stopped
=============================== warnings summary ===============================
venv/lib/python3.9/site-packages/jupyter_client/connect.py:22
  /Users/apple/Library/Mobile Documents/com~apple~CloudDocs/SProjects/myagent-continuous-ai-builder/venv/lib/python3.9/site-packages/jupyter_client/connect.py:22: DeprecationWarning: Jupyter is migrating its paths to use standard platformdirs
  given by the platformdirs library.  To remove this warning and
  see the appropriate new directories, set the environment variable
  `JUPYTER_PLATFORM_DIRS=1` and then run `jupyter --paths`.
  The use of platformdirs will be the default in `jupyter_core` v6
    from jupyter_core.paths import jupyter_data_dir, jupyter_runtime_dir, secure_write

venv/lib/python3.9/site-packages/torch/nn/modules/transformer.py:20
  /Users/apple/Library/Mobile Documents/com~apple~CloudDocs/SProjects/myagent-continuous-ai-builder/venv/lib/python3.9/site-packages/torch/nn/modules/transformer.py:20: UserWarning: Failed to initialize NumPy: _ARRAY_API not found (Triggered internally at /Users/runner/work/pytorch/pytorch/pytorch/torch/csrc/utils/tensor_numpy.cpp:84.)
    device: torch.device = torch.device(torch._C._get_default_device()),  # torch.device('cpu'),

config/settings.py:19
  /Users/apple/Library/Mobile Documents/com~apple~CloudDocs/SProjects/myagent-continuous-ai-builder/config/settings.py:19: PydanticDeprecatedSince20: Using extra keyword arguments on `Field` is deprecated and will be removed. Use `json_schema_extra` instead. (Extra keys: 'env'). Deprecated in Pydantic V2.0 to be removed in V3.0. See Pydantic V2 Migration Guide at https://errors.pydantic.dev/2.12/migration/
    DEBUG: bool = Field(default=False, env="DEBUG")

config/settings.py:22
  /Users/apple/Library/Mobile Documents/com~apple~CloudDocs/SProjects/myagent-continuous-ai-builder/config/settings.py:22: PydanticDeprecatedSince20: Using extra keyword arguments on `Field` is deprecated and will be removed. Use `json_schema_extra` instead. (Extra keys: 'env'). Deprecated in Pydantic V2.0 to be removed in V3.0. See Pydantic V2 Migration Guide at https://errors.pydantic.dev/2.12/migration/
    API_HOST: str = Field(default="0.0.0.0", env="API_HOST")

config/settings.py:23
  /Users/apple/Library/Mobile Documents/com~apple~CloudDocs/SProjects/myagent-continuous-ai-builder/config/settings.py:23: PydanticDeprecatedSince20: Using extra keyword arguments on `Field` is deprecated and will be removed. Use `json_schema_extra` instead. (Extra keys: 'env'). Deprecated in Pydantic V2.0 to be removed in V3.0. See Pydantic V2 Migration Guide at https://errors.pydantic.dev/2.12/migration/
    API_PORT: int = Field(default=8000, env="API_PORT")

config/settings.py:24
  /Users/apple/Library/Mobile Documents/com~apple~CloudDocs/SProjects/myagent-continuous-ai-builder/config/settings.py:24: PydanticDeprecatedSince20: Using extra keyword arguments on `Field` is deprecated and will be removed. Use `json_schema_extra` instead. (Extra keys: 'env'). Deprecated in Pydantic V2.0 to be removed in V3.0. See Pydantic V2 Migration Guide at https://errors.pydantic.dev/2.12/migration/
    API_WORKERS: int = Field(default=4, env="API_WORKERS")

config/settings.py:25
  /Users/apple/Library/Mobile Documents/com~apple~CloudDocs/SProjects/myagent-continuous-ai-builder/config/settings.py:25: PydanticDeprecatedSince20: Using extra keyword arguments on `Field` is deprecated and will be removed. Use `json_schema_extra` instead. (Extra keys: 'env'). Deprecated in Pydantic V2.0 to be removed in V3.0. See Pydantic V2 Migration Guide at https://errors.pydantic.dev/2.12/migration/
    CORS_ORIGINS: List[str] = Field(

config/settings.py:31
  /Users/apple/Library/Mobile Documents/com~apple~CloudDocs/SProjects/myagent-continuous-ai-builder/config/settings.py:31: PydanticDeprecatedSince20: Using extra keyword arguments on `Field` is deprecated and will be removed. Use `json_schema_extra` instead. (Extra keys: 'env'). Deprecated in Pydantic V2.0 to be removed in V3.0. See Pydantic V2 Migration Guide at https://errors.pydantic.dev/2.12/migration/
    DATABASE_URL: str = Field(

config/settings.py:35
  /Users/apple/Library/Mobile Documents/com~apple~CloudDocs/SProjects/myagent-continuous-ai-builder/config/settings.py:35: PydanticDeprecatedSince20: Using extra keyword arguments on `Field` is deprecated and will be removed. Use `json_schema_extra` instead. (Extra keys: 'env'). Deprecated in Pydantic V2.0 to be removed in V3.0. See Pydantic V2 Migration Guide at https://errors.pydantic.dev/2.12/migration/
    DATABASE_POOL_SIZE: int = Field(default=20, env="DATABASE_POOL_SIZE")

config/settings.py:36
  /Users/apple/Library/Mobile Documents/com~apple~CloudDocs/SProjects/myagent-continuous-ai-builder/config/settings.py:36: PydanticDeprecatedSince20: Using extra keyword arguments on `Field` is deprecated and will be removed. Use `json_schema_extra` instead. (Extra keys: 'env'). Deprecated in Pydantic V2.0 to be removed in V3.0. See Pydantic V2 Migration Guide at https://errors.pydantic.dev/2.12/migration/
    DATABASE_MAX_OVERFLOW: int = Field(default=10, env="DATABASE_MAX_OVERFLOW")

config/settings.py:39
  /Users/apple/Library/Mobile Documents/com~apple~CloudDocs/SProjects/myagent-continuous-ai-builder/config/settings.py:39: PydanticDeprecatedSince20: Using extra keyword arguments on `Field` is deprecated and will be removed. Use `json_schema_extra` instead. (Extra keys: 'env'). Deprecated in Pydantic V2.0 to be removed in V3.0. See Pydantic V2 Migration Guide at https://errors.pydantic.dev/2.12/migration/
    REDIS_URL: str = Field(default="redis://localhost:6379/0", env="REDIS_URL")

config/settings.py:40
  /Users/apple/Library/Mobile Documents/com~apple~CloudDocs/SProjects/myagent-continuous-ai-builder/config/settings.py:40: PydanticDeprecatedSince20: Using extra keyword arguments on `Field` is deprecated and will be removed. Use `json_schema_extra` instead. (Extra keys: 'env'). Deprecated in Pydantic V2.0 to be removed in V3.0. See Pydantic V2 Migration Guide at https://errors.pydantic.dev/2.12/migration/
    REDIS_MAX_CONNECTIONS: int = Field(default=50, env="REDIS_MAX_CONNECTIONS")

config/settings.py:42
  /Users/apple/Library/Mobile Documents/com~apple~CloudDocs/SProjects/myagent-continuous-ai-builder/config/settings.py:42: PydanticDeprecatedSince20: Pydantic V1 style `@validator` validators are deprecated. You should migrate to Pydantic V2 style `@field_validator` validators, see the migration guide for more details. Deprecated in Pydantic V2.0 to be removed in V3.0. See Pydantic V2 Migration Guide at https://errors.pydantic.dev/2.12/migration/
    @validator("DATABASE_URL", pre=True, always=True)

config/settings.py:55
  /Users/apple/Library/Mobile Documents/com~apple~CloudDocs/SProjects/myagent-continuous-ai-builder/config/settings.py:55: PydanticDeprecatedSince20: Using extra keyword arguments on `Field` is deprecated and will be removed. Use `json_schema_extra` instead. (Extra keys: 'env'). Deprecated in Pydantic V2.0 to be removed in V3.0. See Pydantic V2 Migration Guide at https://errors.pydantic.dev/2.12/migration/
    CHROMADB_HOST: str = Field(default="localhost", env="CHROMADB_HOST")

config/settings.py:56
  /Users/apple/Library/Mobile Documents/com~apple~CloudDocs/SProjects/myagent-continuous-ai-builder/config/settings.py:56: PydanticDeprecatedSince20: Using extra keyword arguments on `Field` is deprecated and will be removed. Use `json_schema_extra` instead. (Extra keys: 'env'). Deprecated in Pydantic V2.0 to be removed in V3.0. See Pydantic V2 Migration Guide at https://errors.pydantic.dev/2.12/migration/
    CHROMADB_PORT: int = Field(default=8000, env="CHROMADB_PORT")

config/settings.py:57
  /Users/apple/Library/Mobile Documents/com~apple~CloudDocs/SProjects/myagent-continuous-ai-builder/config/settings.py:57: PydanticDeprecatedSince20: Using extra keyword arguments on `Field` is deprecated and will be removed. Use `json_schema_extra` instead. (Extra keys: 'env'). Deprecated in Pydantic V2.0 to be removed in V3.0. See Pydantic V2 Migration Guide at https://errors.pydantic.dev/2.12/migration/
    CHROMADB_PATH: str = Field(

config/settings.py:63
  /Users/apple/Library/Mobile Documents/com~apple~CloudDocs/SProjects/myagent-continuous-ai-builder/config/settings.py:63: PydanticDeprecatedSince20: Using extra keyword arguments on `Field` is deprecated and will be removed. Use `json_schema_extra` instead. (Extra keys: 'env'). Deprecated in Pydantic V2.0 to be removed in V3.0. See Pydantic V2 Migration Guide at https://errors.pydantic.dev/2.12/migration/
    OPENAI_API_KEY: Optional[str] = Field(default=None, env="OPENAI_API_KEY")

config/settings.py:64
  /Users/apple/Library/Mobile Documents/com~apple~CloudDocs/SProjects/myagent-continuous-ai-builder/config/settings.py:64: PydanticDeprecatedSince20: Using extra keyword arguments on `Field` is deprecated and will be removed. Use `json_schema_extra` instead. (Extra keys: 'env'). Deprecated in Pydantic V2.0 to be removed in V3.0. See Pydantic V2 Migration Guide at https://errors.pydantic.dev/2.12/migration/
    ANTHROPIC_API_KEY: Optional[str] = Field(default=None, env="ANTHROPIC_API_KEY")

config/settings.py:65
  /Users/apple/Library/Mobile Documents/com~apple~CloudDocs/SProjects/myagent-continuous-ai-builder/config/settings.py:65: PydanticDeprecatedSince20: Using extra keyword arguments on `Field` is deprecated and will be removed. Use `json_schema_extra` instead. (Extra keys: 'env'). Deprecated in Pydantic V2.0 to be removed in V3.0. See Pydantic V2 Migration Guide at https://errors.pydantic.dev/2.12/migration/
    OLLAMA_BASE_URL: str = Field(

config/settings.py:71
  /Users/apple/Library/Mobile Documents/com~apple~CloudDocs/SProjects/myagent-continuous-ai-builder/config/settings.py:71: PydanticDeprecatedSince20: Using extra keyword arguments on `Field` is deprecated and will be removed. Use `json_schema_extra` instead. (Extra keys: 'env'). Deprecated in Pydantic V2.0 to be removed in V3.0. See Pydantic V2 Migration Guide at https://errors.pydantic.dev/2.12/migration/
    DEFAULT_LLM_PROVIDER: str = Field(default="openai", env="DEFAULT_LLM_PROVIDER")

config/settings.py:72
  /Users/apple/Library/Mobile Documents/com~apple~CloudDocs/SProjects/myagent-continuous-ai-builder/config/settings.py:72: PydanticDeprecatedSince20: Using extra keyword arguments on `Field` is deprecated and will be removed. Use `json_schema_extra` instead. (Extra keys: 'env'). Deprecated in Pydantic V2.0 to be removed in V3.0. See Pydantic V2 Migration Guide at https://errors.pydantic.dev/2.12/migration/
    DEFAULT_MODEL: str = Field(default="gpt-5-chat-latest", env="DEFAULT_MODEL")

config/settings.py:73
  /Users/apple/Library/Mobile Documents/com~apple~CloudDocs/SProjects/myagent-continuous-ai-builder/config/settings.py:73: PydanticDeprecatedSince20: Using extra keyword arguments on `Field` is deprecated and will be removed. Use `json_schema_extra` instead. (Extra keys: 'env'). Deprecated in Pydantic V2.0 to be removed in V3.0. See Pydantic V2 Migration Guide at https://errors.pydantic.dev/2.12/migration/
    LLM_TEMPERATURE: float = Field(default=0.7, env="LLM_TEMPERATURE")

config/settings.py:74
  /Users/apple/Library/Mobile Documents/com~apple~CloudDocs/SProjects/myagent-continuous-ai-builder/config/settings.py:74: PydanticDeprecatedSince20: Using extra keyword arguments on `Field` is deprecated and will be removed. Use `json_schema_extra` instead. (Extra keys: 'env'). Deprecated in Pydantic V2.0 to be removed in V3.0. See Pydantic V2 Migration Guide at https://errors.pydantic.dev/2.12/migration/
    LLM_MAX_TOKENS: int = Field(default=2000, env="LLM_MAX_TOKENS")

config/settings.py:77
  /Users/apple/Library/Mobile Documents/com~apple~CloudDocs/SProjects/myagent-continuous-ai-builder/config/settings.py:77: PydanticDeprecatedSince20: Using extra keyword arguments on `Field` is deprecated and will be removed. Use `json_schema_extra` instead. (Extra keys: 'env'). Deprecated in Pydantic V2.0 to be removed in V3.0. See Pydantic V2 Migration Guide at https://errors.pydantic.dev/2.12/migration/
    TARGET_TEST_COVERAGE: float = Field(default=95.0, env="TARGET_TEST_COVERAGE")

config/settings.py:78
  /Users/apple/Library/Mobile Documents/com~apple~CloudDocs/SProjects/myagent-continuous-ai-builder/config/settings.py:78: PydanticDeprecatedSince20: Using extra keyword arguments on `Field` is deprecated and will be removed. Use `json_schema_extra` instead. (Extra keys: 'env'). Deprecated in Pydantic V2.0 to be removed in V3.0. See Pydantic V2 Migration Guide at https://errors.pydantic.dev/2.12/migration/
    TARGET_PERFORMANCE_SCORE: float = Field(

config/settings.py:82
  /Users/apple/Library/Mobile Documents/com~apple~CloudDocs/SProjects/myagent-continuous-ai-builder/config/settings.py:82: PydanticDeprecatedSince20: Using extra keyword arguments on `Field` is deprecated and will be removed. Use `json_schema_extra` instead. (Extra keys: 'env'). Deprecated in Pydantic V2.0 to be removed in V3.0. See Pydantic V2 Migration Guide at https://errors.pydantic.dev/2.12/migration/
    TARGET_DOCUMENTATION_COVERAGE: float = Field(

config/settings.py:86
  /Users/apple/Library/Mobile Documents/com~apple~CloudDocs/SProjects/myagent-continuous-ai-builder/config/settings.py:86: PydanticDeprecatedSince20: Using extra keyword arguments on `Field` is deprecated and will be removed. Use `json_schema_extra` instead. (Extra keys: 'env'). Deprecated in Pydantic V2.0 to be removed in V3.0. See Pydantic V2 Migration Guide at https://errors.pydantic.dev/2.12/migration/
    TARGET_CODE_QUALITY_SCORE: float = Field(

config/settings.py:90
  /Users/apple/Library/Mobile Documents/com~apple~CloudDocs/SProjects/myagent-continuous-ai-builder/config/settings.py:90: PydanticDeprecatedSince20: Using extra keyword arguments on `Field` is deprecated and will be removed. Use `json_schema_extra` instead. (Extra keys: 'env'). Deprecated in Pydantic V2.0 to be removed in V3.0. See Pydantic V2 Migration Guide at https://errors.pydantic.dev/2.12/migration/
    TARGET_SECURITY_SCORE: float = Field(default=95.0, env="TARGET_SECURITY_SCORE")

config/settings.py:91
  /Users/apple/Library/Mobile Documents/com~apple~CloudDocs/SProjects/myagent-continuous-ai-builder/config/settings.py:91: PydanticDeprecatedSince20: Using extra keyword arguments on `Field` is deprecated and will be removed. Use `json_schema_extra` instead. (Extra keys: 'env'). Deprecated in Pydantic V2.0 to be removed in V3.0. See Pydantic V2 Migration Guide at https://errors.pydantic.dev/2.12/migration/
    TARGET_USER_SATISFACTION: float = Field(

config/settings.py:97
  /Users/apple/Library/Mobile Documents/com~apple~CloudDocs/SProjects/myagent-continuous-ai-builder/config/settings.py:97: PydanticDeprecatedSince20: Using extra keyword arguments on `Field` is deprecated and will be removed. Use `json_schema_extra` instead. (Extra keys: 'env'). Deprecated in Pydantic V2.0 to be removed in V3.0. See Pydantic V2 Migration Guide at https://errors.pydantic.dev/2.12/migration/
    MAX_AGENT_RETRIES: int = Field(default=3, env="MAX_AGENT_RETRIES")

config/settings.py:98
  /Users/apple/Library/Mobile Documents/com~apple~CloudDocs/SProjects/myagent-continuous-ai-builder/config/settings.py:98: PydanticDeprecatedSince20: Using extra keyword arguments on `Field` is deprecated and will be removed. Use `json_schema_extra` instead. (Extra keys: 'env'). Deprecated in Pydantic V2.0 to be removed in V3.0. See Pydantic V2 Migration Guide at https://errors.pydantic.dev/2.12/migration/
    AGENT_TIMEOUT_SECONDS: int = Field(default=300, env="AGENT_TIMEOUT_SECONDS")

config/settings.py:99
  /Users/apple/Library/Mobile Documents/com~apple~CloudDocs/SProjects/myagent-continuous-ai-builder/config/settings.py:99: PydanticDeprecatedSince20: Using extra keyword arguments on `Field` is deprecated and will be removed. Use `json_schema_extra` instead. (Extra keys: 'env'). Deprecated in Pydantic V2.0 to be removed in V3.0. See Pydantic V2 Migration Guide at https://errors.pydantic.dev/2.12/migration/
    CHECKPOINT_INTERVAL_HOURS: int = Field(

config/settings.py:105
  /Users/apple/Library/Mobile Documents/com~apple~CloudDocs/SProjects/myagent-continuous-ai-builder/config/settings.py:105: PydanticDeprecatedSince20: Using extra keyword arguments on `Field` is deprecated and will be removed. Use `json_schema_extra` instead. (Extra keys: 'env'). Deprecated in Pydantic V2.0 to be removed in V3.0. See Pydantic V2 Migration Guide at https://errors.pydantic.dev/2.12/migration/
    PERSISTENCE_DIR: Path = Field(

config/settings.py:109
  /Users/apple/Library/Mobile Documents/com~apple~CloudDocs/SProjects/myagent-continuous-ai-builder/config/settings.py:109: PydanticDeprecatedSince20: Using extra keyword arguments on `Field` is deprecated and will be removed. Use `json_schema_extra` instead. (Extra keys: 'env'). Deprecated in Pydantic V2.0 to be removed in V3.0. See Pydantic V2 Migration Guide at https://errors.pydantic.dev/2.12/migration/
    LOGS_DIR: Path = Field(default=Path("logs"), env="LOGS_DIR")

config/settings.py:112
  /Users/apple/Library/Mobile Documents/com~apple~CloudDocs/SProjects/myagent-continuous-ai-builder/config/settings.py:112: PydanticDeprecatedSince20: Using extra keyword arguments on `Field` is deprecated and will be removed. Use `json_schema_extra` instead. (Extra keys: 'env'). Deprecated in Pydantic V2.0 to be removed in V3.0. See Pydantic V2 Migration Guide at https://errors.pydantic.dev/2.12/migration/
    SECRET_KEY: str = Field(

config/settings.py:116
  /Users/apple/Library/Mobile Documents/com~apple~CloudDocs/SProjects/myagent-continuous-ai-builder/config/settings.py:116: PydanticDeprecatedSince20: Using extra keyword arguments on `Field` is deprecated and will be removed. Use `json_schema_extra` instead. (Extra keys: 'env'). Deprecated in Pydantic V2.0 to be removed in V3.0. See Pydantic V2 Migration Guide at https://errors.pydantic.dev/2.12/migration/
    JWT_ALGORITHM: str = Field(default="HS256", env="JWT_ALGORITHM")

config/settings.py:117
  /Users/apple/Library/Mobile Documents/com~apple~CloudDocs/SProjects/myagent-continuous-ai-builder/config/settings.py:117: PydanticDeprecatedSince20: Using extra keyword arguments on `Field` is deprecated and will be removed. Use `json_schema_extra` instead. (Extra keys: 'env'). Deprecated in Pydantic V2.0 to be removed in V3.0. See Pydantic V2 Migration Guide at https://errors.pydantic.dev/2.12/migration/
    JWT_EXPIRATION_MINUTES: int = Field(

config/settings.py:123
  /Users/apple/Library/Mobile Documents/com~apple~CloudDocs/SProjects/myagent-continuous-ai-builder/config/settings.py:123: PydanticDeprecatedSince20: Using extra keyword arguments on `Field` is deprecated and will be removed. Use `json_schema_extra` instead. (Extra keys: 'env'). Deprecated in Pydantic V2.0 to be removed in V3.0. See Pydantic V2 Migration Guide at https://errors.pydantic.dev/2.12/migration/
    RATE_LIMIT_PER_MINUTE: int = Field(default=100, env="RATE_LIMIT_PER_MINUTE")

config/settings.py:125
  /Users/apple/Library/Mobile Documents/com~apple~CloudDocs/SProjects/myagent-continuous-ai-builder/config/settings.py:125: PydanticDeprecatedSince20: Pydantic V1 style `@validator` validators are deprecated. You should migrate to Pydantic V2 style `@field_validator` validators, see the migration guide for more details. Deprecated in Pydantic V2.0 to be removed in V3.0. See Pydantic V2 Migration Guide at https://errors.pydantic.dev/2.12/migration/
    @validator("CORS_ORIGINS", pre=True)

config/settings.py:132
  /Users/apple/Library/Mobile Documents/com~apple~CloudDocs/SProjects/myagent-continuous-ai-builder/config/settings.py:132: PydanticDeprecatedSince20: Pydantic V1 style `@validator` validators are deprecated. You should migrate to Pydantic V2 style `@field_validator` validators, see the migration guide for more details. Deprecated in Pydantic V2.0 to be removed in V3.0. See Pydantic V2 Migration Guide at https://errors.pydantic.dev/2.12/migration/
    @validator("PERSISTENCE_DIR", "LOGS_DIR", pre=True)

config/settings.py:13
  /Users/apple/Library/Mobile Documents/com~apple~CloudDocs/SProjects/myagent-continuous-ai-builder/config/settings.py:13: PydanticDeprecatedSince20: Support for class-based `config` is deprecated, use ConfigDict instead. Deprecated in Pydantic V2.0 to be removed in V3.0. See Pydantic V2 Migration Guide at https://errors.pydantic.dev/2.12/migration/
    class Settings(BaseSettings):

tests/unit/test_gpt5_p4_memory.py:25
  /Users/apple/Library/Mobile Documents/com~apple~CloudDocs/SProjects/myagent-continuous-ai-builder/tests/unit/test_gpt5_p4_memory.py:25: PytestUnknownMarkWarning: Unknown pytest.mark.unit - is this a typo?  You can register custom marks to avoid this warning - for details, see https://docs.pytest.org/en/stable/how-to/mark.html
    @pytest.mark.unit

tests/unit/test_gpt5_p4_memory.py:26
  /Users/apple/Library/Mobile Documents/com~apple~CloudDocs/SProjects/myagent-continuous-ai-builder/tests/unit/test_gpt5_p4_memory.py:26: PytestUnknownMarkWarning: Unknown pytest.mark.gpt5 - is this a typo?  You can register custom marks to avoid this warning - for details, see https://docs.pytest.org/en/stable/how-to/mark.html
    @pytest.mark.gpt5

tests/unit/test_gpt5_p4_memory.py:27
  /Users/apple/Library/Mobile Documents/com~apple~CloudDocs/SProjects/myagent-continuous-ai-builder/tests/unit/test_gpt5_p4_memory.py:27: PytestUnknownMarkWarning: Unknown pytest.mark.memory - is this a typo?  You can register custom marks to avoid this warning - for details, see https://docs.pytest.org/en/stable/how-to/mark.html
    @pytest.mark.memory

tests/unit/test_gpt5_p4_memory.py:605
  /Users/apple/Library/Mobile Documents/com~apple~CloudDocs/SProjects/myagent-continuous-ai-builder/tests/unit/test_gpt5_p4_memory.py:605: PytestUnknownMarkWarning: Unknown pytest.mark.unit - is this a typo?  You can register custom marks to avoid this warning - for details, see https://docs.pytest.org/en/stable/how-to/mark.html
    @pytest.mark.unit

tests/unit/test_gpt5_p4_memory.py:606
  /Users/apple/Library/Mobile Documents/com~apple~CloudDocs/SProjects/myagent-continuous-ai-builder/tests/unit/test_gpt5_p4_memory.py:606: PytestUnknownMarkWarning: Unknown pytest.mark.gpt5 - is this a typo?  You can register custom marks to avoid this warning - for details, see https://docs.pytest.org/en/stable/how-to/mark.html
    @pytest.mark.gpt5

tests/unit/test_gpt5_p4_memory.py:607
  /Users/apple/Library/Mobile Documents/com~apple~CloudDocs/SProjects/myagent-continuous-ai-builder/tests/unit/test_gpt5_p4_memory.py:607: PytestUnknownMarkWarning: Unknown pytest.mark.memory - is this a typo?  You can register custom marks to avoid this warning - for details, see https://docs.pytest.org/en/stable/how-to/mark.html
    @pytest.mark.memory

tests/unit/test_gpt5_p4_memory.py:689
  /Users/apple/Library/Mobile Documents/com~apple~CloudDocs/SProjects/myagent-continuous-ai-builder/tests/unit/test_gpt5_p4_memory.py:689: PytestUnknownMarkWarning: Unknown pytest.mark.unit - is this a typo?  You can register custom marks to avoid this warning - for details, see https://docs.pytest.org/en/stable/how-to/mark.html
    @pytest.mark.unit

tests/unit/test_gpt5_p4_memory.py:690
  /Users/apple/Library/Mobile Documents/com~apple~CloudDocs/SProjects/myagent-continuous-ai-builder/tests/unit/test_gpt5_p4_memory.py:690: PytestUnknownMarkWarning: Unknown pytest.mark.gpt5 - is this a typo?  You can register custom marks to avoid this warning - for details, see https://docs.pytest.org/en/stable/how-to/mark.html
    @pytest.mark.gpt5

tests/unit/test_gpt5_p4_memory.py:691
  /Users/apple/Library/Mobile Documents/com~apple~CloudDocs/SProjects/myagent-continuous-ai-builder/tests/unit/test_gpt5_p4_memory.py:691: PytestUnknownMarkWarning: Unknown pytest.mark.memory - is this a typo?  You can register custom marks to avoid this warning - for details, see https://docs.pytest.org/en/stable/how-to/mark.html
    @pytest.mark.memory

tests/conftest.py:502
  /Users/apple/Library/Mobile Documents/com~apple~CloudDocs/SProjects/myagent-continuous-ai-builder/tests/conftest.py:502: PytestUnknownMarkWarning: Unknown pytest.mark.unit - is this a typo?  You can register custom marks to avoid this warning - for details, see https://docs.pytest.org/en/stable/how-to/mark.html
    item.add_marker(pytest.mark.unit)

-- Docs: https://docs.pytest.org/en/stable/how-to/capture-warnings.html
=========================== short test summary info ============================
FAILED tests/unit/test_gpt5_p4_memory.py::TestHierarchicalMemoryPyramid::test_search_memories_by_content
FAILED tests/unit/test_gpt5_p4_memory.py::TestHierarchicalMemoryPyramid::test_memory_consolidation_by_count
FAILED tests/unit/test_gpt5_p4_memory.py::TestHierarchicalMemoryPyramid::test_memory_consolidation_by_time
FAILED tests/unit/test_gpt5_p4_memory.py::TestHierarchicalMemoryPyramid::test_memory_compression
!!!!!!!!!!!!!!!!!!!!!!!!!!!!!! KeyboardInterrupt !!!!!!!!!!!!!!!!!!!!!!!!!!!!!!!
/Users/apple/Library/Mobile Documents/com~apple~CloudDocs/SProjects/myagent-continuous-ai-builder/core/memory_pyramid/hierarchical_memory_pyramid.py:358: KeyboardInterrupt
(to show a full traceback on KeyboardInterrupt use --full-trace)
============= 4 failed, 6 passed, 51 warnings in 292.73s (0:04:52) =============
