/Users/apple/Library/Mobile Documents/com~apple~CloudDocs/SProjects/myagent-continuous-ai-builder/venv/lib/python3.9/site-packages/urllib3/__init__.py:35: NotOpenSSLWarning: urllib3 v2 only supports OpenSSL 1.1.1+, currently the 'ssl' module is compiled with 'LibreSSL 2.8.3'. See: https://github.com/urllib3/urllib3/issues/3020
  warnings.warn(
============================= test session starts ==============================
platform darwin -- Python 3.9.6, pytest-8.1.1, pluggy-1.6.0
rootdir: /Users/apple/Library/Mobile Documents/com~apple~CloudDocs/SProjects/myagent-continuous-ai-builder
configfile: pytest.ini
plugins: asyncio-0.23.5, anyio-4.12.0, langsmith-0.4.37, cov-4.1.0
asyncio: mode=strict
collected 23 items

tests/unit/test_gpt5_p4_memory.py .......F.....F.........                [100%]

=================================== FAILURES ===================================
_______ TestHierarchicalMemoryPyramid.test_memory_consolidation_by_time ________

self = <test_gpt5_p4_memory.TestHierarchicalMemoryPyramid object at 0x148c95f40>
memory_pyramid_instance = <core.memory_pyramid.hierarchical_memory_pyramid.HierarchicalMemoryPyramid object at 0x148c8d2b0>

    @pytest.mark.asyncio
    async def test_memory_consolidation_by_time(self, memory_pyramid_instance):
        """Test time-based memory consolidation"""
        pyramid = memory_pyramid_instance
    
        # Create old memory (simulate)
        old_content = "Old memory for consolidation test"
        memory_id = await pyramid.store_memory(
            content=old_content,
            memory_type=MemoryType.IMPLEMENTATION,
            importance=0.6
        )
    
        # Access memory to meet threshold (needs 2 accesses)
        await pyramid.retrieve_memory(memory_id)
        await pyramid.retrieve_memory(memory_id)
    
        # Manually update timestamp to simulate age
        with patch('core.memory_pyramid.hierarchical_memory_pyramid.datetime') as mock_datetime:
            # Mock future timestamp to simulate age (25 hours later)
            future_time = datetime.now(timezone.utc) + timedelta(hours=25)
            mock_datetime.now.return_value = future_time
            # Also mock utcnow if used
            mock_datetime.utcnow.return_value = future_time.replace(tzinfo=None)
    
            # Trigger time-based consolidation
            await pyramid.consolidate_by_age()
    
        # Verify memory moved to appropriate tier
        working_memories = await pyramid.get_memories_by_tier(MemoryTier.WORKING)
        short_term_memories = await pyramid.get_memories_by_tier(MemoryTier.SHORT_TERM)
    
        # Memory should have moved from working to short-term
        working_contents = [m.content for m in working_memories]
        short_term_contents = [m.content for m in short_term_memories]
    
>       assert old_content not in working_contents or old_content in short_term_contents
E       AssertionError: assert ('Old memory for consolidation test' not in ['Old memory for consolidation test'] or 'Old memory for consolidation test' in [])

tests/unit/test_gpt5_p4_memory.py:279: AssertionError
---------------------------- Captured stderr setup -----------------------------
2025-11-29 16:41:42,173 [INFO] telemetry_engine: [telemetry_engine] Component registered: hierarchical_memory_pyramid
2025-11-29 16:41:42,178 [INFO] telemetry_engine: [hierarchical_memory_pyramid] Starting hierarchical memory pyramid
2025-11-29 16:41:42,178 [INFO] telemetry_engine: [hierarchical_memory_pyramid] Loading memories from persistent storage
2025-11-29 16:41:42,179 [INFO] telemetry_engine: [hierarchical_memory_pyramid] Loaded 0 memories from persistent storage
2025-11-29 16:41:42,179 [INFO] telemetry_engine: [hierarchical_memory_pyramid] Hierarchical memory pyramid started
------------------------------ Captured log setup ------------------------------
INFO     telemetry_engine:telemetry_engine.py:286 [telemetry_engine] Component registered: hierarchical_memory_pyramid
INFO     telemetry_engine:telemetry_engine.py:286 [hierarchical_memory_pyramid] Starting hierarchical memory pyramid
INFO     telemetry_engine:telemetry_engine.py:286 [hierarchical_memory_pyramid] Loading memories from persistent storage
INFO     telemetry_engine:telemetry_engine.py:286 [hierarchical_memory_pyramid] Loaded 0 memories from persistent storage
INFO     telemetry_engine:telemetry_engine.py:286 [hierarchical_memory_pyramid] Hierarchical memory pyramid started
----------------------------- Captured stderr call -----------------------------
2025-11-29 16:41:42,181 [INFO] telemetry_engine: [hierarchical_memory_pyramid] Consolidation completed: 0 memories processed
2025-11-29 16:41:42,181 [INFO] telemetry_engine: [hierarchical_memory_pyramid] Consolidation completed: 0 memories processed
2025-11-29 16:41:42,182 [INFO] telemetry_engine: [hierarchical_memory_pyramid] Consolidation completed: 0 memories processed
------------------------------ Captured log call -------------------------------
INFO     telemetry_engine:telemetry_engine.py:286 [hierarchical_memory_pyramid] Consolidation completed: 0 memories processed
INFO     telemetry_engine:telemetry_engine.py:286 [hierarchical_memory_pyramid] Consolidation completed: 0 memories processed
INFO     telemetry_engine:telemetry_engine.py:286 [hierarchical_memory_pyramid] Consolidation completed: 0 memories processed
--------------------------- Captured stderr teardown ---------------------------
2025-11-29 16:41:42,540 [INFO] telemetry_engine: [hierarchical_memory_pyramid] Stopping hierarchical memory pyramid
2025-11-29 16:41:42,541 [INFO] telemetry_engine: [hierarchical_memory_pyramid] Saving memories to persistent storage
2025-11-29 16:41:42,542 [INFO] telemetry_engine: [hierarchical_memory_pyramid] Saved 1 memories to persistent storage
2025-11-29 16:41:42,543 [INFO] telemetry_engine: [hierarchical_memory_pyramid] Hierarchical memory pyramid stopped
---------------------------- Captured log teardown -----------------------------
INFO     telemetry_engine:telemetry_engine.py:286 [hierarchical_memory_pyramid] Stopping hierarchical memory pyramid
INFO     telemetry_engine:telemetry_engine.py:286 [hierarchical_memory_pyramid] Saving memories to persistent storage
INFO     telemetry_engine:telemetry_engine.py:286 [hierarchical_memory_pyramid] Saved 1 memories to persistent storage
INFO     telemetry_engine:telemetry_engine.py:286 [hierarchical_memory_pyramid] Hierarchical memory pyramid stopped
___________ TestHierarchicalMemoryPyramid.test_memory_export_import ____________

self = <test_gpt5_p4_memory.TestHierarchicalMemoryPyramid object at 0x148ca9a30>
memory_pyramid_instance = <core.memory_pyramid.hierarchical_memory_pyramid.HierarchicalMemoryPyramid object at 0x148e2ed60>
temp_dir = PosixPath('/var/folders/gc/cjnggvbd1bdgsblrng_h4mf40000gn/T/tmp3zzk7sog')

    @pytest.mark.asyncio
    async def test_memory_export_import(self, memory_pyramid_instance, temp_dir):
        """Test memory export and import functionality"""
        # Store test memories
        test_memories = [
            ("Memory export test 1", MemoryType.USER_REQUEST, 0.8),
            ("Memory export test 2", MemoryType.IMPLEMENTATION, 0.7),
            ("Memory export test 3", MemoryType.DECISION, 0.9)
        ]
    
        original_ids = []
        for content, mem_type, importance in test_memories:
            memory_id = await memory_pyramid_instance.store_memory(
                content=content,
                memory_type=mem_type,
                importance=importance
            )
            original_ids.append(memory_id)
    
        # Export memories
        export_path = temp_dir / "memory_export.json"
        await memory_pyramid_instance.export_memories(str(export_path))
    
        assert export_path.exists()
    
        # Verify export content
        with open(export_path) as f:
            export_data = json.load(f)
    
        assert isinstance(export_data, list)
        assert len(export_data) == 3
        # Check content of first item
        assert "content" in export_data[0]
        assert "metadata" in export_data[0]
    
        # Clear current memories
        await memory_pyramid_instance.cleanup()
    
        # Re-initialize and import
        await memory_pyramid_instance.initialize()
        imported_count = await memory_pyramid_instance.import_memories(export_path)
    
        assert imported_count == 3
    
        # Verify imported memories
>       all_memories = await memory_pyramid_instance.get_all_memories()
E       AttributeError: 'HierarchicalMemoryPyramid' object has no attribute 'get_all_memories'

tests/unit/test_gpt5_p4_memory.py:510: AttributeError
---------------------------- Captured stderr setup -----------------------------
2025-11-29 16:41:42,605 [INFO] telemetry_engine: [telemetry_engine] Component registered: hierarchical_memory_pyramid
2025-11-29 16:41:42,610 [INFO] telemetry_engine: [hierarchical_memory_pyramid] Starting hierarchical memory pyramid
2025-11-29 16:41:42,610 [INFO] telemetry_engine: [hierarchical_memory_pyramid] Loading memories from persistent storage
2025-11-29 16:41:42,611 [INFO] telemetry_engine: [hierarchical_memory_pyramid] Loaded 0 memories from persistent storage
2025-11-29 16:41:42,611 [INFO] telemetry_engine: [hierarchical_memory_pyramid] Hierarchical memory pyramid started
------------------------------ Captured log setup ------------------------------
INFO     telemetry_engine:telemetry_engine.py:286 [telemetry_engine] Component registered: hierarchical_memory_pyramid
INFO     telemetry_engine:telemetry_engine.py:286 [hierarchical_memory_pyramid] Starting hierarchical memory pyramid
INFO     telemetry_engine:telemetry_engine.py:286 [hierarchical_memory_pyramid] Loading memories from persistent storage
INFO     telemetry_engine:telemetry_engine.py:286 [hierarchical_memory_pyramid] Loaded 0 memories from persistent storage
INFO     telemetry_engine:telemetry_engine.py:286 [hierarchical_memory_pyramid] Hierarchical memory pyramid started
----------------------------- Captured stderr call -----------------------------
2025-11-29 16:41:42,614 [INFO] telemetry_engine: [hierarchical_memory_pyramid] Stopping hierarchical memory pyramid
2025-11-29 16:41:42,614 [INFO] telemetry_engine: [hierarchical_memory_pyramid] Saving memories to persistent storage
2025-11-29 16:41:42,616 [INFO] telemetry_engine: [hierarchical_memory_pyramid] Saved 3 memories to persistent storage
2025-11-29 16:41:42,616 [INFO] telemetry_engine: [hierarchical_memory_pyramid] Hierarchical memory pyramid stopped
2025-11-29 16:41:42,616 [INFO] telemetry_engine: [hierarchical_memory_pyramid] Starting hierarchical memory pyramid
2025-11-29 16:41:42,616 [INFO] telemetry_engine: [hierarchical_memory_pyramid] Loading memories from persistent storage
2025-11-29 16:41:42,617 [INFO] telemetry_engine: [hierarchical_memory_pyramid] Loaded 3 memories from persistent storage
2025-11-29 16:41:42,617 [INFO] telemetry_engine: [hierarchical_memory_pyramid] Hierarchical memory pyramid started
------------------------------ Captured log call -------------------------------
INFO     telemetry_engine:telemetry_engine.py:286 [hierarchical_memory_pyramid] Stopping hierarchical memory pyramid
INFO     telemetry_engine:telemetry_engine.py:286 [hierarchical_memory_pyramid] Saving memories to persistent storage
INFO     telemetry_engine:telemetry_engine.py:286 [hierarchical_memory_pyramid] Saved 3 memories to persistent storage
INFO     telemetry_engine:telemetry_engine.py:286 [hierarchical_memory_pyramid] Hierarchical memory pyramid stopped
INFO     telemetry_engine:telemetry_engine.py:286 [hierarchical_memory_pyramid] Starting hierarchical memory pyramid
INFO     telemetry_engine:telemetry_engine.py:286 [hierarchical_memory_pyramid] Loading memories from persistent storage
INFO     telemetry_engine:telemetry_engine.py:286 [hierarchical_memory_pyramid] Loaded 3 memories from persistent storage
INFO     telemetry_engine:telemetry_engine.py:286 [hierarchical_memory_pyramid] Hierarchical memory pyramid started
--------------------------- Captured stderr teardown ---------------------------
2025-11-29 16:41:42,632 [INFO] telemetry_engine: [hierarchical_memory_pyramid] Stopping hierarchical memory pyramid
2025-11-29 16:41:42,632 [INFO] telemetry_engine: [hierarchical_memory_pyramid] Saving memories to persistent storage
2025-11-29 16:41:42,634 [INFO] telemetry_engine: [hierarchical_memory_pyramid] Saved 3 memories to persistent storage
2025-11-29 16:41:42,634 [INFO] telemetry_engine: [hierarchical_memory_pyramid] Hierarchical memory pyramid stopped
---------------------------- Captured log teardown -----------------------------
INFO     telemetry_engine:telemetry_engine.py:286 [hierarchical_memory_pyramid] Stopping hierarchical memory pyramid
INFO     telemetry_engine:telemetry_engine.py:286 [hierarchical_memory_pyramid] Saving memories to persistent storage
INFO     telemetry_engine:telemetry_engine.py:286 [hierarchical_memory_pyramid] Saved 3 memories to persistent storage
INFO     telemetry_engine:telemetry_engine.py:286 [hierarchical_memory_pyramid] Hierarchical memory pyramid stopped
=============================== warnings summary ===============================
venv/lib/python3.9/site-packages/jupyter_client/connect.py:22
  /Users/apple/Library/Mobile Documents/com~apple~CloudDocs/SProjects/myagent-continuous-ai-builder/venv/lib/python3.9/site-packages/jupyter_client/connect.py:22: DeprecationWarning: Jupyter is migrating its paths to use standard platformdirs
  given by the platformdirs library.  To remove this warning and
  see the appropriate new directories, set the environment variable
  `JUPYTER_PLATFORM_DIRS=1` and then run `jupyter --paths`.
  The use of platformdirs will be the default in `jupyter_core` v6
    from jupyter_core.paths import jupyter_data_dir, jupyter_runtime_dir, secure_write

venv/lib/python3.9/site-packages/torch/nn/modules/transformer.py:20
  /Users/apple/Library/Mobile Documents/com~apple~CloudDocs/SProjects/myagent-continuous-ai-builder/venv/lib/python3.9/site-packages/torch/nn/modules/transformer.py:20: UserWarning: Failed to initialize NumPy: _ARRAY_API not found (Triggered internally at /Users/runner/work/pytorch/pytorch/pytorch/torch/csrc/utils/tensor_numpy.cpp:84.)
    device: torch.device = torch.device(torch._C._get_default_device()),  # torch.device('cpu'),

config/settings.py:19
  /Users/apple/Library/Mobile Documents/com~apple~CloudDocs/SProjects/myagent-continuous-ai-builder/config/settings.py:19: PydanticDeprecatedSince20: Using extra keyword arguments on `Field` is deprecated and will be removed. Use `json_schema_extra` instead. (Extra keys: 'env'). Deprecated in Pydantic V2.0 to be removed in V3.0. See Pydantic V2 Migration Guide at https://errors.pydantic.dev/2.12/migration/
    DEBUG: bool = Field(default=False, env="DEBUG")

config/settings.py:22
  /Users/apple/Library/Mobile Documents/com~apple~CloudDocs/SProjects/myagent-continuous-ai-builder/config/settings.py:22: PydanticDeprecatedSince20: Using extra keyword arguments on `Field` is deprecated and will be removed. Use `json_schema_extra` instead. (Extra keys: 'env'). Deprecated in Pydantic V2.0 to be removed in V3.0. See Pydantic V2 Migration Guide at https://errors.pydantic.dev/2.12/migration/
    API_HOST: str = Field(default="0.0.0.0", env="API_HOST")

config/settings.py:23
  /Users/apple/Library/Mobile Documents/com~apple~CloudDocs/SProjects/myagent-continuous-ai-builder/config/settings.py:23: PydanticDeprecatedSince20: Using extra keyword arguments on `Field` is deprecated and will be removed. Use `json_schema_extra` instead. (Extra keys: 'env'). Deprecated in Pydantic V2.0 to be removed in V3.0. See Pydantic V2 Migration Guide at https://errors.pydantic.dev/2.12/migration/
    API_PORT: int = Field(default=8000, env="API_PORT")

config/settings.py:24
  /Users/apple/Library/Mobile Documents/com~apple~CloudDocs/SProjects/myagent-continuous-ai-builder/config/settings.py:24: PydanticDeprecatedSince20: Using extra keyword arguments on `Field` is deprecated and will be removed. Use `json_schema_extra` instead. (Extra keys: 'env'). Deprecated in Pydantic V2.0 to be removed in V3.0. See Pydantic V2 Migration Guide at https://errors.pydantic.dev/2.12/migration/
    API_WORKERS: int = Field(default=4, env="API_WORKERS")

config/settings.py:25
  /Users/apple/Library/Mobile Documents/com~apple~CloudDocs/SProjects/myagent-continuous-ai-builder/config/settings.py:25: PydanticDeprecatedSince20: Using extra keyword arguments on `Field` is deprecated and will be removed. Use `json_schema_extra` instead. (Extra keys: 'env'). Deprecated in Pydantic V2.0 to be removed in V3.0. See Pydantic V2 Migration Guide at https://errors.pydantic.dev/2.12/migration/
    CORS_ORIGINS: List[str] = Field(

config/settings.py:31
  /Users/apple/Library/Mobile Documents/com~apple~CloudDocs/SProjects/myagent-continuous-ai-builder/config/settings.py:31: PydanticDeprecatedSince20: Using extra keyword arguments on `Field` is deprecated and will be removed. Use `json_schema_extra` instead. (Extra keys: 'env'). Deprecated in Pydantic V2.0 to be removed in V3.0. See Pydantic V2 Migration Guide at https://errors.pydantic.dev/2.12/migration/
    DATABASE_URL: str = Field(

config/settings.py:35
  /Users/apple/Library/Mobile Documents/com~apple~CloudDocs/SProjects/myagent-continuous-ai-builder/config/settings.py:35: PydanticDeprecatedSince20: Using extra keyword arguments on `Field` is deprecated and will be removed. Use `json_schema_extra` instead. (Extra keys: 'env'). Deprecated in Pydantic V2.0 to be removed in V3.0. See Pydantic V2 Migration Guide at https://errors.pydantic.dev/2.12/migration/
    DATABASE_POOL_SIZE: int = Field(default=20, env="DATABASE_POOL_SIZE")

config/settings.py:36
  /Users/apple/Library/Mobile Documents/com~apple~CloudDocs/SProjects/myagent-continuous-ai-builder/config/settings.py:36: PydanticDeprecatedSince20: Using extra keyword arguments on `Field` is deprecated and will be removed. Use `json_schema_extra` instead. (Extra keys: 'env'). Deprecated in Pydantic V2.0 to be removed in V3.0. See Pydantic V2 Migration Guide at https://errors.pydantic.dev/2.12/migration/
    DATABASE_MAX_OVERFLOW: int = Field(default=10, env="DATABASE_MAX_OVERFLOW")

config/settings.py:39
  /Users/apple/Library/Mobile Documents/com~apple~CloudDocs/SProjects/myagent-continuous-ai-builder/config/settings.py:39: PydanticDeprecatedSince20: Using extra keyword arguments on `Field` is deprecated and will be removed. Use `json_schema_extra` instead. (Extra keys: 'env'). Deprecated in Pydantic V2.0 to be removed in V3.0. See Pydantic V2 Migration Guide at https://errors.pydantic.dev/2.12/migration/
    REDIS_URL: str = Field(default="redis://localhost:6379/0", env="REDIS_URL")

config/settings.py:40
  /Users/apple/Library/Mobile Documents/com~apple~CloudDocs/SProjects/myagent-continuous-ai-builder/config/settings.py:40: PydanticDeprecatedSince20: Using extra keyword arguments on `Field` is deprecated and will be removed. Use `json_schema_extra` instead. (Extra keys: 'env'). Deprecated in Pydantic V2.0 to be removed in V3.0. See Pydantic V2 Migration Guide at https://errors.pydantic.dev/2.12/migration/
    REDIS_MAX_CONNECTIONS: int = Field(default=50, env="REDIS_MAX_CONNECTIONS")

config/settings.py:42
  /Users/apple/Library/Mobile Documents/com~apple~CloudDocs/SProjects/myagent-continuous-ai-builder/config/settings.py:42: PydanticDeprecatedSince20: Pydantic V1 style `@validator` validators are deprecated. You should migrate to Pydantic V2 style `@field_validator` validators, see the migration guide for more details. Deprecated in Pydantic V2.0 to be removed in V3.0. See Pydantic V2 Migration Guide at https://errors.pydantic.dev/2.12/migration/
    @validator("DATABASE_URL", pre=True, always=True)

config/settings.py:55
  /Users/apple/Library/Mobile Documents/com~apple~CloudDocs/SProjects/myagent-continuous-ai-builder/config/settings.py:55: PydanticDeprecatedSince20: Using extra keyword arguments on `Field` is deprecated and will be removed. Use `json_schema_extra` instead. (Extra keys: 'env'). Deprecated in Pydantic V2.0 to be removed in V3.0. See Pydantic V2 Migration Guide at https://errors.pydantic.dev/2.12/migration/
    CHROMADB_HOST: str = Field(default="localhost", env="CHROMADB_HOST")

config/settings.py:56
  /Users/apple/Library/Mobile Documents/com~apple~CloudDocs/SProjects/myagent-continuous-ai-builder/config/settings.py:56: PydanticDeprecatedSince20: Using extra keyword arguments on `Field` is deprecated and will be removed. Use `json_schema_extra` instead. (Extra keys: 'env'). Deprecated in Pydantic V2.0 to be removed in V3.0. See Pydantic V2 Migration Guide at https://errors.pydantic.dev/2.12/migration/
    CHROMADB_PORT: int = Field(default=8000, env="CHROMADB_PORT")

config/settings.py:57
  /Users/apple/Library/Mobile Documents/com~apple~CloudDocs/SProjects/myagent-continuous-ai-builder/config/settings.py:57: PydanticDeprecatedSince20: Using extra keyword arguments on `Field` is deprecated and will be removed. Use `json_schema_extra` instead. (Extra keys: 'env'). Deprecated in Pydantic V2.0 to be removed in V3.0. See Pydantic V2 Migration Guide at https://errors.pydantic.dev/2.12/migration/
    CHROMADB_PATH: str = Field(

config/settings.py:63
  /Users/apple/Library/Mobile Documents/com~apple~CloudDocs/SProjects/myagent-continuous-ai-builder/config/settings.py:63: PydanticDeprecatedSince20: Using extra keyword arguments on `Field` is deprecated and will be removed. Use `json_schema_extra` instead. (Extra keys: 'env'). Deprecated in Pydantic V2.0 to be removed in V3.0. See Pydantic V2 Migration Guide at https://errors.pydantic.dev/2.12/migration/
    OPENAI_API_KEY: Optional[str] = Field(default=None, env="OPENAI_API_KEY")

config/settings.py:64
  /Users/apple/Library/Mobile Documents/com~apple~CloudDocs/SProjects/myagent-continuous-ai-builder/config/settings.py:64: PydanticDeprecatedSince20: Using extra keyword arguments on `Field` is deprecated and will be removed. Use `json_schema_extra` instead. (Extra keys: 'env'). Deprecated in Pydantic V2.0 to be removed in V3.0. See Pydantic V2 Migration Guide at https://errors.pydantic.dev/2.12/migration/
    ANTHROPIC_API_KEY: Optional[str] = Field(default=None, env="ANTHROPIC_API_KEY")

config/settings.py:65
  /Users/apple/Library/Mobile Documents/com~apple~CloudDocs/SProjects/myagent-continuous-ai-builder/config/settings.py:65: PydanticDeprecatedSince20: Using extra keyword arguments on `Field` is deprecated and will be removed. Use `json_schema_extra` instead. (Extra keys: 'env'). Deprecated in Pydantic V2.0 to be removed in V3.0. See Pydantic V2 Migration Guide at https://errors.pydantic.dev/2.12/migration/
    OLLAMA_BASE_URL: str = Field(

config/settings.py:71
  /Users/apple/Library/Mobile Documents/com~apple~CloudDocs/SProjects/myagent-continuous-ai-builder/config/settings.py:71: PydanticDeprecatedSince20: Using extra keyword arguments on `Field` is deprecated and will be removed. Use `json_schema_extra` instead. (Extra keys: 'env'). Deprecated in Pydantic V2.0 to be removed in V3.0. See Pydantic V2 Migration Guide at https://errors.pydantic.dev/2.12/migration/
    DEFAULT_LLM_PROVIDER: str = Field(default="openai", env="DEFAULT_LLM_PROVIDER")

config/settings.py:72
  /Users/apple/Library/Mobile Documents/com~apple~CloudDocs/SProjects/myagent-continuous-ai-builder/config/settings.py:72: PydanticDeprecatedSince20: Using extra keyword arguments on `Field` is deprecated and will be removed. Use `json_schema_extra` instead. (Extra keys: 'env'). Deprecated in Pydantic V2.0 to be removed in V3.0. See Pydantic V2 Migration Guide at https://errors.pydantic.dev/2.12/migration/
    DEFAULT_MODEL: str = Field(default="gpt-5-chat-latest", env="DEFAULT_MODEL")

config/settings.py:73
  /Users/apple/Library/Mobile Documents/com~apple~CloudDocs/SProjects/myagent-continuous-ai-builder/config/settings.py:73: PydanticDeprecatedSince20: Using extra keyword arguments on `Field` is deprecated and will be removed. Use `json_schema_extra` instead. (Extra keys: 'env'). Deprecated in Pydantic V2.0 to be removed in V3.0. See Pydantic V2 Migration Guide at https://errors.pydantic.dev/2.12/migration/
    LLM_TEMPERATURE: float = Field(default=0.7, env="LLM_TEMPERATURE")

config/settings.py:74
  /Users/apple/Library/Mobile Documents/com~apple~CloudDocs/SProjects/myagent-continuous-ai-builder/config/settings.py:74: PydanticDeprecatedSince20: Using extra keyword arguments on `Field` is deprecated and will be removed. Use `json_schema_extra` instead. (Extra keys: 'env'). Deprecated in Pydantic V2.0 to be removed in V3.0. See Pydantic V2 Migration Guide at https://errors.pydantic.dev/2.12/migration/
    LLM_MAX_TOKENS: int = Field(default=2000, env="LLM_MAX_TOKENS")

config/settings.py:77
  /Users/apple/Library/Mobile Documents/com~apple~CloudDocs/SProjects/myagent-continuous-ai-builder/config/settings.py:77: PydanticDeprecatedSince20: Using extra keyword arguments on `Field` is deprecated and will be removed. Use `json_schema_extra` instead. (Extra keys: 'env'). Deprecated in Pydantic V2.0 to be removed in V3.0. See Pydantic V2 Migration Guide at https://errors.pydantic.dev/2.12/migration/
    TARGET_TEST_COVERAGE: float = Field(default=95.0, env="TARGET_TEST_COVERAGE")

config/settings.py:78
  /Users/apple/Library/Mobile Documents/com~apple~CloudDocs/SProjects/myagent-continuous-ai-builder/config/settings.py:78: PydanticDeprecatedSince20: Using extra keyword arguments on `Field` is deprecated and will be removed. Use `json_schema_extra` instead. (Extra keys: 'env'). Deprecated in Pydantic V2.0 to be removed in V3.0. See Pydantic V2 Migration Guide at https://errors.pydantic.dev/2.12/migration/
    TARGET_PERFORMANCE_SCORE: float = Field(

config/settings.py:82
  /Users/apple/Library/Mobile Documents/com~apple~CloudDocs/SProjects/myagent-continuous-ai-builder/config/settings.py:82: PydanticDeprecatedSince20: Using extra keyword arguments on `Field` is deprecated and will be removed. Use `json_schema_extra` instead. (Extra keys: 'env'). Deprecated in Pydantic V2.0 to be removed in V3.0. See Pydantic V2 Migration Guide at https://errors.pydantic.dev/2.12/migration/
    TARGET_DOCUMENTATION_COVERAGE: float = Field(

config/settings.py:86
  /Users/apple/Library/Mobile Documents/com~apple~CloudDocs/SProjects/myagent-continuous-ai-builder/config/settings.py:86: PydanticDeprecatedSince20: Using extra keyword arguments on `Field` is deprecated and will be removed. Use `json_schema_extra` instead. (Extra keys: 'env'). Deprecated in Pydantic V2.0 to be removed in V3.0. See Pydantic V2 Migration Guide at https://errors.pydantic.dev/2.12/migration/
    TARGET_CODE_QUALITY_SCORE: float = Field(

config/settings.py:90
  /Users/apple/Library/Mobile Documents/com~apple~CloudDocs/SProjects/myagent-continuous-ai-builder/config/settings.py:90: PydanticDeprecatedSince20: Using extra keyword arguments on `Field` is deprecated and will be removed. Use `json_schema_extra` instead. (Extra keys: 'env'). Deprecated in Pydantic V2.0 to be removed in V3.0. See Pydantic V2 Migration Guide at https://errors.pydantic.dev/2.12/migration/
    TARGET_SECURITY_SCORE: float = Field(default=95.0, env="TARGET_SECURITY_SCORE")

config/settings.py:91
  /Users/apple/Library/Mobile Documents/com~apple~CloudDocs/SProjects/myagent-continuous-ai-builder/config/settings.py:91: PydanticDeprecatedSince20: Using extra keyword arguments on `Field` is deprecated and will be removed. Use `json_schema_extra` instead. (Extra keys: 'env'). Deprecated in Pydantic V2.0 to be removed in V3.0. See Pydantic V2 Migration Guide at https://errors.pydantic.dev/2.12/migration/
    TARGET_USER_SATISFACTION: float = Field(

config/settings.py:97
  /Users/apple/Library/Mobile Documents/com~apple~CloudDocs/SProjects/myagent-continuous-ai-builder/config/settings.py:97: PydanticDeprecatedSince20: Using extra keyword arguments on `Field` is deprecated and will be removed. Use `json_schema_extra` instead. (Extra keys: 'env'). Deprecated in Pydantic V2.0 to be removed in V3.0. See Pydantic V2 Migration Guide at https://errors.pydantic.dev/2.12/migration/
    MAX_AGENT_RETRIES: int = Field(default=3, env="MAX_AGENT_RETRIES")

config/settings.py:98
  /Users/apple/Library/Mobile Documents/com~apple~CloudDocs/SProjects/myagent-continuous-ai-builder/config/settings.py:98: PydanticDeprecatedSince20: Using extra keyword arguments on `Field` is deprecated and will be removed. Use `json_schema_extra` instead. (Extra keys: 'env'). Deprecated in Pydantic V2.0 to be removed in V3.0. See Pydantic V2 Migration Guide at https://errors.pydantic.dev/2.12/migration/
    AGENT_TIMEOUT_SECONDS: int = Field(default=300, env="AGENT_TIMEOUT_SECONDS")

config/settings.py:99
  /Users/apple/Library/Mobile Documents/com~apple~CloudDocs/SProjects/myagent-continuous-ai-builder/config/settings.py:99: PydanticDeprecatedSince20: Using extra keyword arguments on `Field` is deprecated and will be removed. Use `json_schema_extra` instead. (Extra keys: 'env'). Deprecated in Pydantic V2.0 to be removed in V3.0. See Pydantic V2 Migration Guide at https://errors.pydantic.dev/2.12/migration/
    CHECKPOINT_INTERVAL_HOURS: int = Field(

config/settings.py:105
  /Users/apple/Library/Mobile Documents/com~apple~CloudDocs/SProjects/myagent-continuous-ai-builder/config/settings.py:105: PydanticDeprecatedSince20: Using extra keyword arguments on `Field` is deprecated and will be removed. Use `json_schema_extra` instead. (Extra keys: 'env'). Deprecated in Pydantic V2.0 to be removed in V3.0. See Pydantic V2 Migration Guide at https://errors.pydantic.dev/2.12/migration/
    PERSISTENCE_DIR: Path = Field(

config/settings.py:109
  /Users/apple/Library/Mobile Documents/com~apple~CloudDocs/SProjects/myagent-continuous-ai-builder/config/settings.py:109: PydanticDeprecatedSince20: Using extra keyword arguments on `Field` is deprecated and will be removed. Use `json_schema_extra` instead. (Extra keys: 'env'). Deprecated in Pydantic V2.0 to be removed in V3.0. See Pydantic V2 Migration Guide at https://errors.pydantic.dev/2.12/migration/
    LOGS_DIR: Path = Field(default=Path("logs"), env="LOGS_DIR")

config/settings.py:112
  /Users/apple/Library/Mobile Documents/com~apple~CloudDocs/SProjects/myagent-continuous-ai-builder/config/settings.py:112: PydanticDeprecatedSince20: Using extra keyword arguments on `Field` is deprecated and will be removed. Use `json_schema_extra` instead. (Extra keys: 'env'). Deprecated in Pydantic V2.0 to be removed in V3.0. See Pydantic V2 Migration Guide at https://errors.pydantic.dev/2.12/migration/
    SECRET_KEY: str = Field(

config/settings.py:116
  /Users/apple/Library/Mobile Documents/com~apple~CloudDocs/SProjects/myagent-continuous-ai-builder/config/settings.py:116: PydanticDeprecatedSince20: Using extra keyword arguments on `Field` is deprecated and will be removed. Use `json_schema_extra` instead. (Extra keys: 'env'). Deprecated in Pydantic V2.0 to be removed in V3.0. See Pydantic V2 Migration Guide at https://errors.pydantic.dev/2.12/migration/
    JWT_ALGORITHM: str = Field(default="HS256", env="JWT_ALGORITHM")

config/settings.py:117
  /Users/apple/Library/Mobile Documents/com~apple~CloudDocs/SProjects/myagent-continuous-ai-builder/config/settings.py:117: PydanticDeprecatedSince20: Using extra keyword arguments on `Field` is deprecated and will be removed. Use `json_schema_extra` instead. (Extra keys: 'env'). Deprecated in Pydantic V2.0 to be removed in V3.0. See Pydantic V2 Migration Guide at https://errors.pydantic.dev/2.12/migration/
    JWT_EXPIRATION_MINUTES: int = Field(

config/settings.py:123
  /Users/apple/Library/Mobile Documents/com~apple~CloudDocs/SProjects/myagent-continuous-ai-builder/config/settings.py:123: PydanticDeprecatedSince20: Using extra keyword arguments on `Field` is deprecated and will be removed. Use `json_schema_extra` instead. (Extra keys: 'env'). Deprecated in Pydantic V2.0 to be removed in V3.0. See Pydantic V2 Migration Guide at https://errors.pydantic.dev/2.12/migration/
    RATE_LIMIT_PER_MINUTE: int = Field(default=100, env="RATE_LIMIT_PER_MINUTE")

config/settings.py:125
  /Users/apple/Library/Mobile Documents/com~apple~CloudDocs/SProjects/myagent-continuous-ai-builder/config/settings.py:125: PydanticDeprecatedSince20: Pydantic V1 style `@validator` validators are deprecated. You should migrate to Pydantic V2 style `@field_validator` validators, see the migration guide for more details. Deprecated in Pydantic V2.0 to be removed in V3.0. See Pydantic V2 Migration Guide at https://errors.pydantic.dev/2.12/migration/
    @validator("CORS_ORIGINS", pre=True)

config/settings.py:132
  /Users/apple/Library/Mobile Documents/com~apple~CloudDocs/SProjects/myagent-continuous-ai-builder/config/settings.py:132: PydanticDeprecatedSince20: Pydantic V1 style `@validator` validators are deprecated. You should migrate to Pydantic V2 style `@field_validator` validators, see the migration guide for more details. Deprecated in Pydantic V2.0 to be removed in V3.0. See Pydantic V2 Migration Guide at https://errors.pydantic.dev/2.12/migration/
    @validator("PERSISTENCE_DIR", "LOGS_DIR", pre=True)

config/settings.py:13
  /Users/apple/Library/Mobile Documents/com~apple~CloudDocs/SProjects/myagent-continuous-ai-builder/config/settings.py:13: PydanticDeprecatedSince20: Support for class-based `config` is deprecated, use ConfigDict instead. Deprecated in Pydantic V2.0 to be removed in V3.0. See Pydantic V2 Migration Guide at https://errors.pydantic.dev/2.12/migration/
    class Settings(BaseSettings):

tests/unit/test_gpt5_p4_memory.py:25
  /Users/apple/Library/Mobile Documents/com~apple~CloudDocs/SProjects/myagent-continuous-ai-builder/tests/unit/test_gpt5_p4_memory.py:25: PytestUnknownMarkWarning: Unknown pytest.mark.unit - is this a typo?  You can register custom marks to avoid this warning - for details, see https://docs.pytest.org/en/stable/how-to/mark.html
    @pytest.mark.unit

tests/unit/test_gpt5_p4_memory.py:26
  /Users/apple/Library/Mobile Documents/com~apple~CloudDocs/SProjects/myagent-continuous-ai-builder/tests/unit/test_gpt5_p4_memory.py:26: PytestUnknownMarkWarning: Unknown pytest.mark.gpt5 - is this a typo?  You can register custom marks to avoid this warning - for details, see https://docs.pytest.org/en/stable/how-to/mark.html
    @pytest.mark.gpt5

tests/unit/test_gpt5_p4_memory.py:27
  /Users/apple/Library/Mobile Documents/com~apple~CloudDocs/SProjects/myagent-continuous-ai-builder/tests/unit/test_gpt5_p4_memory.py:27: PytestUnknownMarkWarning: Unknown pytest.mark.memory - is this a typo?  You can register custom marks to avoid this warning - for details, see https://docs.pytest.org/en/stable/how-to/mark.html
    @pytest.mark.memory

tests/unit/test_gpt5_p4_memory.py:624
  /Users/apple/Library/Mobile Documents/com~apple~CloudDocs/SProjects/myagent-continuous-ai-builder/tests/unit/test_gpt5_p4_memory.py:624: PytestUnknownMarkWarning: Unknown pytest.mark.unit - is this a typo?  You can register custom marks to avoid this warning - for details, see https://docs.pytest.org/en/stable/how-to/mark.html
    @pytest.mark.unit

tests/unit/test_gpt5_p4_memory.py:625
  /Users/apple/Library/Mobile Documents/com~apple~CloudDocs/SProjects/myagent-continuous-ai-builder/tests/unit/test_gpt5_p4_memory.py:625: PytestUnknownMarkWarning: Unknown pytest.mark.gpt5 - is this a typo?  You can register custom marks to avoid this warning - for details, see https://docs.pytest.org/en/stable/how-to/mark.html
    @pytest.mark.gpt5

tests/unit/test_gpt5_p4_memory.py:626
  /Users/apple/Library/Mobile Documents/com~apple~CloudDocs/SProjects/myagent-continuous-ai-builder/tests/unit/test_gpt5_p4_memory.py:626: PytestUnknownMarkWarning: Unknown pytest.mark.memory - is this a typo?  You can register custom marks to avoid this warning - for details, see https://docs.pytest.org/en/stable/how-to/mark.html
    @pytest.mark.memory

tests/unit/test_gpt5_p4_memory.py:708
  /Users/apple/Library/Mobile Documents/com~apple~CloudDocs/SProjects/myagent-continuous-ai-builder/tests/unit/test_gpt5_p4_memory.py:708: PytestUnknownMarkWarning: Unknown pytest.mark.unit - is this a typo?  You can register custom marks to avoid this warning - for details, see https://docs.pytest.org/en/stable/how-to/mark.html
    @pytest.mark.unit

tests/unit/test_gpt5_p4_memory.py:709
  /Users/apple/Library/Mobile Documents/com~apple~CloudDocs/SProjects/myagent-continuous-ai-builder/tests/unit/test_gpt5_p4_memory.py:709: PytestUnknownMarkWarning: Unknown pytest.mark.gpt5 - is this a typo?  You can register custom marks to avoid this warning - for details, see https://docs.pytest.org/en/stable/how-to/mark.html
    @pytest.mark.gpt5

tests/unit/test_gpt5_p4_memory.py:710
  /Users/apple/Library/Mobile Documents/com~apple~CloudDocs/SProjects/myagent-continuous-ai-builder/tests/unit/test_gpt5_p4_memory.py:710: PytestUnknownMarkWarning: Unknown pytest.mark.memory - is this a typo?  You can register custom marks to avoid this warning - for details, see https://docs.pytest.org/en/stable/how-to/mark.html
    @pytest.mark.memory

tests/conftest.py:502
  /Users/apple/Library/Mobile Documents/com~apple~CloudDocs/SProjects/myagent-continuous-ai-builder/tests/conftest.py:502: PytestUnknownMarkWarning: Unknown pytest.mark.unit - is this a typo?  You can register custom marks to avoid this warning - for details, see https://docs.pytest.org/en/stable/how-to/mark.html
    item.add_marker(pytest.mark.unit)

-- Docs: https://docs.pytest.org/en/stable/how-to/capture-warnings.html
=========================== short test summary info ============================
FAILED tests/unit/test_gpt5_p4_memory.py::TestHierarchicalMemoryPyramid::test_memory_consolidation_by_time
FAILED tests/unit/test_gpt5_p4_memory.py::TestHierarchicalMemoryPyramid::test_memory_export_import
================== 2 failed, 21 passed, 51 warnings in 0.82s ===================
