/Users/apple/Library/Mobile Documents/com~apple~CloudDocs/SProjects/myagent-continuous-ai-builder/venv/lib/python3.9/site-packages/urllib3/__init__.py:35: NotOpenSSLWarning: urllib3 v2 only supports OpenSSL 1.1.1+, currently the 'ssl' module is compiled with 'LibreSSL 2.8.3'. See: https://github.com/urllib3/urllib3/issues/3020
  warnings.warn(
============================= test session starts ==============================
platform darwin -- Python 3.9.6, pytest-8.1.1, pluggy-1.6.0
rootdir: /Users/apple/Library/Mobile Documents/com~apple~CloudDocs/SProjects/myagent-continuous-ai-builder
configfile: pytest.ini
plugins: asyncio-0.23.5, anyio-4.12.0, langsmith-0.4.37, cov-4.1.0
asyncio: mode=strict
collected 23 items

tests/unit/test_gpt5_p4_memory.py .......FF.FFFF.FF......                [100%]

=================================== FAILURES ===================================
_______ TestHierarchicalMemoryPyramid.test_memory_consolidation_by_time ________

self = <test_gpt5_p4_memory.TestHierarchicalMemoryPyramid object at 0x14a1eddf0>
memory_pyramid_instance = <core.memory_pyramid.hierarchical_memory_pyramid.HierarchicalMemoryPyramid object at 0x14a48de80>

    @pytest.mark.asyncio
    async def test_memory_consolidation_by_time(self, memory_pyramid_instance):
        """Test time-based memory consolidation"""
        pyramid = memory_pyramid_instance
    
        # Create old memory (simulate)
        old_content = "Old memory for consolidation test"
        memory_id = await pyramid.store_memory(
            content=old_content,
            memory_type=MemoryType.IMPLEMENTATION,
            importance=0.6
        )
    
        # Manually update timestamp to simulate age
        with patch('datetime.datetime') as mock_datetime:
            # Mock old timestamp (timezone aware)
            old_time = datetime.now(timezone.utc) - timedelta(hours=25)
            mock_datetime.now.return_value = old_time
            # Also mock utcnow if used
            mock_datetime.utcnow.return_value = old_time.replace(tzinfo=None)
    
            # Trigger time-based consolidation
            await pyramid.consolidate_by_age()
    
        # Verify memory moved to appropriate tier
        working_memories = await pyramid.get_memories_by_tier(MemoryTier.WORKING)
        short_term_memories = await pyramid.get_memories_by_tier(MemoryTier.SHORT_TERM)
    
        # Memory should have moved from working to short-term
        working_contents = [m.content for m in working_memories]
        short_term_contents = [m.content for m in short_term_memories]
    
>       assert old_content not in working_contents or old_content in short_term_contents
E       AssertionError: assert ('Old memory for consolidation test' not in ['Old memory for consolidation test'] or 'Old memory for consolidation test' in [])

tests/unit/test_gpt5_p4_memory.py:275: AssertionError
---------------------------- Captured stderr setup -----------------------------
2025-11-29 16:36:28,795 [INFO] telemetry_engine: [telemetry_engine] Component registered: hierarchical_memory_pyramid
2025-11-29 16:36:28,801 [INFO] telemetry_engine: [hierarchical_memory_pyramid] Starting hierarchical memory pyramid
2025-11-29 16:36:28,802 [INFO] telemetry_engine: [hierarchical_memory_pyramid] Loading memories from persistent storage
2025-11-29 16:36:28,802 [INFO] telemetry_engine: [hierarchical_memory_pyramid] Loaded 0 memories from persistent storage
2025-11-29 16:36:28,803 [INFO] telemetry_engine: [hierarchical_memory_pyramid] Hierarchical memory pyramid started
------------------------------ Captured log setup ------------------------------
INFO     telemetry_engine:telemetry_engine.py:286 [telemetry_engine] Component registered: hierarchical_memory_pyramid
INFO     telemetry_engine:telemetry_engine.py:286 [hierarchical_memory_pyramid] Starting hierarchical memory pyramid
INFO     telemetry_engine:telemetry_engine.py:286 [hierarchical_memory_pyramid] Loading memories from persistent storage
INFO     telemetry_engine:telemetry_engine.py:286 [hierarchical_memory_pyramid] Loaded 0 memories from persistent storage
INFO     telemetry_engine:telemetry_engine.py:286 [hierarchical_memory_pyramid] Hierarchical memory pyramid started
----------------------------- Captured stderr call -----------------------------
2025-11-29 16:36:28,806 [INFO] telemetry_engine: [hierarchical_memory_pyramid] Consolidation completed: 0 memories processed
2025-11-29 16:36:28,806 [INFO] telemetry_engine: [hierarchical_memory_pyramid] Consolidation completed: 0 memories processed
2025-11-29 16:36:28,806 [INFO] telemetry_engine: [hierarchical_memory_pyramid] Consolidation completed: 0 memories processed
------------------------------ Captured log call -------------------------------
INFO     telemetry_engine:telemetry_engine.py:286 [hierarchical_memory_pyramid] Consolidation completed: 0 memories processed
INFO     telemetry_engine:telemetry_engine.py:286 [hierarchical_memory_pyramid] Consolidation completed: 0 memories processed
INFO     telemetry_engine:telemetry_engine.py:286 [hierarchical_memory_pyramid] Consolidation completed: 0 memories processed
--------------------------- Captured stderr teardown ---------------------------
2025-11-29 16:36:29,161 [INFO] telemetry_engine: [hierarchical_memory_pyramid] Stopping hierarchical memory pyramid
2025-11-29 16:36:29,161 [INFO] telemetry_engine: [hierarchical_memory_pyramid] Saving memories to persistent storage
2025-11-29 16:36:29,163 [INFO] telemetry_engine: [hierarchical_memory_pyramid] Saved 1 memories to persistent storage
2025-11-29 16:36:29,163 [INFO] telemetry_engine: [hierarchical_memory_pyramid] Hierarchical memory pyramid stopped
---------------------------- Captured log teardown -----------------------------
INFO     telemetry_engine:telemetry_engine.py:286 [hierarchical_memory_pyramid] Stopping hierarchical memory pyramid
INFO     telemetry_engine:telemetry_engine.py:286 [hierarchical_memory_pyramid] Saving memories to persistent storage
INFO     telemetry_engine:telemetry_engine.py:286 [hierarchical_memory_pyramid] Saved 1 memories to persistent storage
INFO     telemetry_engine:telemetry_engine.py:286 [hierarchical_memory_pyramid] Hierarchical memory pyramid stopped
____________ TestHierarchicalMemoryPyramid.test_memory_compression _____________

self = <test_gpt5_p4_memory.TestHierarchicalMemoryPyramid object at 0x14a1ed3a0>
memory_pyramid_instance = <core.memory_pyramid.hierarchical_memory_pyramid.HierarchicalMemoryPyramid object at 0x14a347a30>

    @pytest.mark.asyncio
    async def test_memory_compression(self, memory_pyramid_instance):
        """Test memory compression for archive tier"""
        pyramid = memory_pyramid_instance
    
        # Create memories for compression
        related_memories = [
            "Implemented fibonacci function",
            "Added memoization to fibonacci",
            "Optimized fibonacci performance",
            "Fixed fibonacci edge cases"
        ]
    
        memory_ids = []
        for content in related_memories:
            memory_id = await pyramid.store_memory(
                content=content,
                memory_type=MemoryType.IMPLEMENTATION,
                importance=0.7,
                tier=MemoryTier.LONG_TERM
            )
            memory_ids.append(memory_id)
    
        # Compress related memories
        compressed_memory = await pyramid.compress_memories(
            memory_ids=memory_ids,
            compression_summary="Complete fibonacci implementation with optimizations"
        )
        assert compressed_memory is not None
        assert "fibonacci" in compressed_memory.content["summary"]
>       assert compressed_memory.tier == MemoryTier.ARCHIVE
E       AssertionError: assert <MemoryTier.LONG_TERM: 'long_term'> == <MemoryTier.ARCHIVE: 'archive'>
E        +  where <MemoryTier.LONG_TERM: 'long_term'> = MemoryNode(node_id='76ed07c0-c43d-4d5c-8339-c656aa54dd9d', content={'summary': 'Complete fibonacci implementation with...=[], related_nodes=[], metadata={'is_compressed_summary': True}, embedding=None, compression_ratio=1.0, importance=0.5).tier
E        +  and   <MemoryTier.ARCHIVE: 'archive'> = MemoryTier.ARCHIVE

tests/unit/test_gpt5_p4_memory.py:307: AssertionError
---------------------------- Captured stderr setup -----------------------------
2025-11-29 16:36:29,166 [INFO] telemetry_engine: [telemetry_engine] Component registered: hierarchical_memory_pyramid
2025-11-29 16:36:29,172 [INFO] telemetry_engine: [hierarchical_memory_pyramid] Starting hierarchical memory pyramid
2025-11-29 16:36:29,172 [INFO] telemetry_engine: [hierarchical_memory_pyramid] Loading memories from persistent storage
2025-11-29 16:36:29,173 [INFO] telemetry_engine: [hierarchical_memory_pyramid] Loaded 0 memories from persistent storage
2025-11-29 16:36:29,173 [INFO] telemetry_engine: [hierarchical_memory_pyramid] Hierarchical memory pyramid started
------------------------------ Captured log setup ------------------------------
INFO     telemetry_engine:telemetry_engine.py:286 [telemetry_engine] Component registered: hierarchical_memory_pyramid
INFO     telemetry_engine:telemetry_engine.py:286 [hierarchical_memory_pyramid] Starting hierarchical memory pyramid
INFO     telemetry_engine:telemetry_engine.py:286 [hierarchical_memory_pyramid] Loading memories from persistent storage
INFO     telemetry_engine:telemetry_engine.py:286 [hierarchical_memory_pyramid] Loaded 0 memories from persistent storage
INFO     telemetry_engine:telemetry_engine.py:286 [hierarchical_memory_pyramid] Hierarchical memory pyramid started
--------------------------- Captured stderr teardown ---------------------------
2025-11-29 16:36:29,187 [INFO] telemetry_engine: [hierarchical_memory_pyramid] Stopping hierarchical memory pyramid
2025-11-29 16:36:29,188 [INFO] telemetry_engine: [hierarchical_memory_pyramid] Saving memories to persistent storage
2025-11-29 16:36:29,189 [INFO] telemetry_engine: [hierarchical_memory_pyramid] Saved 5 memories to persistent storage
2025-11-29 16:36:29,190 [INFO] telemetry_engine: [hierarchical_memory_pyramid] Hierarchical memory pyramid stopped
---------------------------- Captured log teardown -----------------------------
INFO     telemetry_engine:telemetry_engine.py:286 [hierarchical_memory_pyramid] Stopping hierarchical memory pyramid
INFO     telemetry_engine:telemetry_engine.py:286 [hierarchical_memory_pyramid] Saving memories to persistent storage
INFO     telemetry_engine:telemetry_engine.py:286 [hierarchical_memory_pyramid] Saved 5 memories to persistent storage
INFO     telemetry_engine:telemetry_engine.py:286 [hierarchical_memory_pyramid] Hierarchical memory pyramid stopped
___________ TestHierarchicalMemoryPyramid.test_memory_relationships ____________

self = <test_gpt5_p4_memory.TestHierarchicalMemoryPyramid object at 0x14a1f3af0>
memory_pyramid_instance = <core.memory_pyramid.hierarchical_memory_pyramid.HierarchicalMemoryPyramid object at 0x14a346730>

    @pytest.mark.asyncio
    async def test_memory_relationships(self, memory_pyramid_instance):
        """Test memory relationship tracking"""
        # Create parent memory
        parent_id = await memory_pyramid_instance.store_memory(
            content="User request for calculator application",
            memory_type=MemoryType.USER_REQUEST,
            importance=0.8
        )
    
        # Create related memories
        child_memories = [
            "Implemented Calculator class",
            "Added unit tests for Calculator",
            "Optimized calculation performance"
        ]
    
        child_ids = []
        for content in child_memories:
            child_id = await memory_pyramid_instance.store_memory(
                content=content,
                memory_type=MemoryType.IMPLEMENTATION,
                importance=0.7,
                parent_memory_id=parent_id
            )
            child_ids.append(child_id)
    
        # Verify relationships
        children = await memory_pyramid_instance.get_child_memories(parent_id)
        assert len(children) == 3
    
        # Verify parent relationship
        for child_id in child_ids:
            child_memory = await memory_pyramid_instance.retrieve_memory(child_id)
>           assert child_memory.parent_memory_id == parent_id
E           AttributeError: 'MemoryNode' object has no attribute 'parent_memory_id'

tests/unit/test_gpt5_p4_memory.py:396: AttributeError
---------------------------- Captured stderr setup -----------------------------
2025-11-29 16:36:29,208 [INFO] telemetry_engine: [telemetry_engine] Component registered: hierarchical_memory_pyramid
2025-11-29 16:36:29,213 [INFO] telemetry_engine: [hierarchical_memory_pyramid] Starting hierarchical memory pyramid
2025-11-29 16:36:29,213 [INFO] telemetry_engine: [hierarchical_memory_pyramid] Loading memories from persistent storage
2025-11-29 16:36:29,214 [INFO] telemetry_engine: [hierarchical_memory_pyramid] Loaded 0 memories from persistent storage
2025-11-29 16:36:29,214 [INFO] telemetry_engine: [hierarchical_memory_pyramid] Hierarchical memory pyramid started
------------------------------ Captured log setup ------------------------------
INFO     telemetry_engine:telemetry_engine.py:286 [telemetry_engine] Component registered: hierarchical_memory_pyramid
INFO     telemetry_engine:telemetry_engine.py:286 [hierarchical_memory_pyramid] Starting hierarchical memory pyramid
INFO     telemetry_engine:telemetry_engine.py:286 [hierarchical_memory_pyramid] Loading memories from persistent storage
INFO     telemetry_engine:telemetry_engine.py:286 [hierarchical_memory_pyramid] Loaded 0 memories from persistent storage
INFO     telemetry_engine:telemetry_engine.py:286 [hierarchical_memory_pyramid] Hierarchical memory pyramid started
--------------------------- Captured stderr teardown ---------------------------
2025-11-29 16:36:29,227 [INFO] telemetry_engine: [hierarchical_memory_pyramid] Stopping hierarchical memory pyramid
2025-11-29 16:36:29,228 [INFO] telemetry_engine: [hierarchical_memory_pyramid] Saving memories to persistent storage
2025-11-29 16:36:29,230 [INFO] telemetry_engine: [hierarchical_memory_pyramid] Saved 4 memories to persistent storage
2025-11-29 16:36:29,230 [INFO] telemetry_engine: [hierarchical_memory_pyramid] Hierarchical memory pyramid stopped
---------------------------- Captured log teardown -----------------------------
INFO     telemetry_engine:telemetry_engine.py:286 [hierarchical_memory_pyramid] Stopping hierarchical memory pyramid
INFO     telemetry_engine:telemetry_engine.py:286 [hierarchical_memory_pyramid] Saving memories to persistent storage
INFO     telemetry_engine:telemetry_engine.py:286 [hierarchical_memory_pyramid] Saved 4 memories to persistent storage
INFO     telemetry_engine:telemetry_engine.py:286 [hierarchical_memory_pyramid] Hierarchical memory pyramid stopped
_____________ TestHierarchicalMemoryPyramid.test_memory_statistics _____________

self = <test_gpt5_p4_memory.TestHierarchicalMemoryPyramid object at 0x14a1f3820>
memory_pyramid_instance = <core.memory_pyramid.hierarchical_memory_pyramid.HierarchicalMemoryPyramid object at 0x14a23b7c0>

    @pytest.mark.asyncio
    async def test_memory_statistics(self, memory_pyramid_instance):
        """Test memory usage statistics"""
        # Add various memories
        for i in range(10):
            await memory_pyramid_instance.store_memory(
                content=f"Test memory {i}",
                memory_type=MemoryType.IMPLEMENTATION,
                importance=0.5 + (i * 0.05),
                tier=MemoryTier.WORKING if i < 3 else MemoryTier.SHORT_TERM
            )
    
        # Get statistics
        stats = await memory_pyramid_instance.get_memory_statistics()
    
        assert stats["total_memories"] == 10
>       assert stats["working_memory_count"] == 3
E       KeyError: 'working_memory_count'

tests/unit/test_gpt5_p4_memory.py:414: KeyError
---------------------------- Captured stderr setup -----------------------------
2025-11-29 16:36:29,233 [INFO] telemetry_engine: [telemetry_engine] Component registered: hierarchical_memory_pyramid
2025-11-29 16:36:29,238 [INFO] telemetry_engine: [hierarchical_memory_pyramid] Starting hierarchical memory pyramid
2025-11-29 16:36:29,238 [INFO] telemetry_engine: [hierarchical_memory_pyramid] Loading memories from persistent storage
2025-11-29 16:36:29,239 [INFO] telemetry_engine: [hierarchical_memory_pyramid] Loaded 0 memories from persistent storage
2025-11-29 16:36:29,240 [INFO] telemetry_engine: [hierarchical_memory_pyramid] Hierarchical memory pyramid started
------------------------------ Captured log setup ------------------------------
INFO     telemetry_engine:telemetry_engine.py:286 [telemetry_engine] Component registered: hierarchical_memory_pyramid
INFO     telemetry_engine:telemetry_engine.py:286 [hierarchical_memory_pyramid] Starting hierarchical memory pyramid
INFO     telemetry_engine:telemetry_engine.py:286 [hierarchical_memory_pyramid] Loading memories from persistent storage
INFO     telemetry_engine:telemetry_engine.py:286 [hierarchical_memory_pyramid] Loaded 0 memories from persistent storage
INFO     telemetry_engine:telemetry_engine.py:286 [hierarchical_memory_pyramid] Hierarchical memory pyramid started
--------------------------- Captured stderr teardown ---------------------------
2025-11-29 16:36:29,257 [INFO] telemetry_engine: [hierarchical_memory_pyramid] Stopping hierarchical memory pyramid
2025-11-29 16:36:29,257 [INFO] telemetry_engine: [hierarchical_memory_pyramid] Saving memories to persistent storage
2025-11-29 16:36:29,259 [INFO] telemetry_engine: [hierarchical_memory_pyramid] Saved 10 memories to persistent storage
2025-11-29 16:36:29,259 [INFO] telemetry_engine: [hierarchical_memory_pyramid] Hierarchical memory pyramid stopped
---------------------------- Captured log teardown -----------------------------
INFO     telemetry_engine:telemetry_engine.py:286 [hierarchical_memory_pyramid] Stopping hierarchical memory pyramid
INFO     telemetry_engine:telemetry_engine.py:286 [hierarchical_memory_pyramid] Saving memories to persistent storage
INFO     telemetry_engine:telemetry_engine.py:286 [hierarchical_memory_pyramid] Saved 10 memories to persistent storage
INFO     telemetry_engine:telemetry_engine.py:286 [hierarchical_memory_pyramid] Hierarchical memory pyramid stopped
______________ TestHierarchicalMemoryPyramid.test_memory_cleanup _______________

self = <test_gpt5_p4_memory.TestHierarchicalMemoryPyramid object at 0x14a1f35b0>
memory_pyramid_instance = <core.memory_pyramid.hierarchical_memory_pyramid.HierarchicalMemoryPyramid object at 0x14a356640>

    @pytest.mark.asyncio
    async def test_memory_cleanup(self, memory_pyramid_instance):
        """Test memory cleanup and garbage collection"""
        # Create low-importance memories
        low_importance_ids = []
        for i in range(5):
            memory_id = await memory_pyramid_instance.store_memory(
                content=f"Low importance memory {i}",
                memory_type=MemoryType.OPTIMIZATION,
                importance=0.1,
                tier=MemoryTier.ARCHIVE
            )
            low_importance_ids.append(memory_id)
    
        # Create high-importance memory
        high_importance_id = await memory_pyramid_instance.store_memory(
            content="Critical system information",
            memory_type=MemoryType.DECISION,
            importance=0.95,
            tier=MemoryTier.LONG_TERM
        )
    
        # Perform cleanup (remove memories below threshold)
>       deleted_count = await memory_pyramid_instance.cleanup_low_importance_memories(threshold=0.2)
E       AttributeError: 'HierarchicalMemoryPyramid' object has no attribute 'cleanup_low_importance_memories'

tests/unit/test_gpt5_p4_memory.py:443: AttributeError
---------------------------- Captured stderr setup -----------------------------
2025-11-29 16:36:29,262 [INFO] telemetry_engine: [telemetry_engine] Component registered: hierarchical_memory_pyramid
2025-11-29 16:36:29,268 [INFO] telemetry_engine: [hierarchical_memory_pyramid] Starting hierarchical memory pyramid
2025-11-29 16:36:29,268 [INFO] telemetry_engine: [hierarchical_memory_pyramid] Loading memories from persistent storage
2025-11-29 16:36:29,269 [INFO] telemetry_engine: [hierarchical_memory_pyramid] Loaded 0 memories from persistent storage
2025-11-29 16:36:29,269 [INFO] telemetry_engine: [hierarchical_memory_pyramid] Hierarchical memory pyramid started
------------------------------ Captured log setup ------------------------------
INFO     telemetry_engine:telemetry_engine.py:286 [telemetry_engine] Component registered: hierarchical_memory_pyramid
INFO     telemetry_engine:telemetry_engine.py:286 [hierarchical_memory_pyramid] Starting hierarchical memory pyramid
INFO     telemetry_engine:telemetry_engine.py:286 [hierarchical_memory_pyramid] Loading memories from persistent storage
INFO     telemetry_engine:telemetry_engine.py:286 [hierarchical_memory_pyramid] Loaded 0 memories from persistent storage
INFO     telemetry_engine:telemetry_engine.py:286 [hierarchical_memory_pyramid] Hierarchical memory pyramid started
--------------------------- Captured stderr teardown ---------------------------
2025-11-29 16:36:29,283 [INFO] telemetry_engine: [hierarchical_memory_pyramid] Stopping hierarchical memory pyramid
2025-11-29 16:36:29,284 [INFO] telemetry_engine: [hierarchical_memory_pyramid] Saving memories to persistent storage
2025-11-29 16:36:29,286 [INFO] telemetry_engine: [hierarchical_memory_pyramid] Saved 6 memories to persistent storage
2025-11-29 16:36:29,286 [INFO] telemetry_engine: [hierarchical_memory_pyramid] Hierarchical memory pyramid stopped
---------------------------- Captured log teardown -----------------------------
INFO     telemetry_engine:telemetry_engine.py:286 [hierarchical_memory_pyramid] Stopping hierarchical memory pyramid
INFO     telemetry_engine:telemetry_engine.py:286 [hierarchical_memory_pyramid] Saving memories to persistent storage
INFO     telemetry_engine:telemetry_engine.py:286 [hierarchical_memory_pyramid] Saved 6 memories to persistent storage
INFO     telemetry_engine:telemetry_engine.py:286 [hierarchical_memory_pyramid] Hierarchical memory pyramid stopped
___________ TestHierarchicalMemoryPyramid.test_memory_export_import ____________

self = <test_gpt5_p4_memory.TestHierarchicalMemoryPyramid object at 0x14a1f3250>
memory_pyramid_instance = <core.memory_pyramid.hierarchical_memory_pyramid.HierarchicalMemoryPyramid object at 0x14a351d60>
temp_dir = PosixPath('/var/folders/gc/cjnggvbd1bdgsblrng_h4mf40000gn/T/tmpl8piceon')

    @pytest.mark.asyncio
    async def test_memory_export_import(self, memory_pyramid_instance, temp_dir):
        """Test memory export and import functionality"""
        # Store test memories
        test_memories = [
            ("Memory export test 1", MemoryType.USER_REQUEST, 0.8),
            ("Memory export test 2", MemoryType.IMPLEMENTATION, 0.7),
            ("Memory export test 3", MemoryType.DECISION, 0.9)
        ]
    
        original_ids = []
        for content, mem_type, importance in test_memories:
            memory_id = await memory_pyramid_instance.store_memory(
                content=content,
                memory_type=mem_type,
                importance=importance
            )
            original_ids.append(memory_id)
    
        # Export memories
        export_path = temp_dir / "memory_export.json"
        await memory_pyramid_instance.export_memories(str(export_path))
    
        assert export_path.exists()
    
        # Verify export content
        with open(export_path) as f:
            export_data = json.load(f)
    
>       assert "memories" in export_data
E       AssertionError: assert 'memories' in [{'access_count': 1, 'child_nodes': [], 'compression_ratio': 1.0, 'content': 'Memory export test 1', ...}, {'access_co...est 2', ...}, {'access_count': 1, 'child_nodes': [], 'compression_ratio': 1.0, 'content': 'Memory export test 3', ...}]

tests/unit/test_gpt5_p4_memory.py:485: AssertionError
---------------------------- Captured stderr setup -----------------------------
2025-11-29 16:36:29,289 [INFO] telemetry_engine: [telemetry_engine] Component registered: hierarchical_memory_pyramid
2025-11-29 16:36:29,294 [INFO] telemetry_engine: [hierarchical_memory_pyramid] Starting hierarchical memory pyramid
2025-11-29 16:36:29,294 [INFO] telemetry_engine: [hierarchical_memory_pyramid] Loading memories from persistent storage
2025-11-29 16:36:29,295 [INFO] telemetry_engine: [hierarchical_memory_pyramid] Loaded 0 memories from persistent storage
2025-11-29 16:36:29,296 [INFO] telemetry_engine: [hierarchical_memory_pyramid] Hierarchical memory pyramid started
------------------------------ Captured log setup ------------------------------
INFO     telemetry_engine:telemetry_engine.py:286 [telemetry_engine] Component registered: hierarchical_memory_pyramid
INFO     telemetry_engine:telemetry_engine.py:286 [hierarchical_memory_pyramid] Starting hierarchical memory pyramid
INFO     telemetry_engine:telemetry_engine.py:286 [hierarchical_memory_pyramid] Loading memories from persistent storage
INFO     telemetry_engine:telemetry_engine.py:286 [hierarchical_memory_pyramid] Loaded 0 memories from persistent storage
INFO     telemetry_engine:telemetry_engine.py:286 [hierarchical_memory_pyramid] Hierarchical memory pyramid started
--------------------------- Captured stderr teardown ---------------------------
2025-11-29 16:36:29,313 [INFO] telemetry_engine: [hierarchical_memory_pyramid] Stopping hierarchical memory pyramid
2025-11-29 16:36:29,313 [INFO] telemetry_engine: [hierarchical_memory_pyramid] Saving memories to persistent storage
2025-11-29 16:36:29,315 [INFO] telemetry_engine: [hierarchical_memory_pyramid] Saved 3 memories to persistent storage
2025-11-29 16:36:29,315 [INFO] telemetry_engine: [hierarchical_memory_pyramid] Hierarchical memory pyramid stopped
---------------------------- Captured log teardown -----------------------------
INFO     telemetry_engine:telemetry_engine.py:286 [hierarchical_memory_pyramid] Stopping hierarchical memory pyramid
INFO     telemetry_engine:telemetry_engine.py:286 [hierarchical_memory_pyramid] Saving memories to persistent storage
INFO     telemetry_engine:telemetry_engine.py:286 [hierarchical_memory_pyramid] Saved 3 memories to persistent storage
INFO     telemetry_engine:telemetry_engine.py:286 [hierarchical_memory_pyramid] Hierarchical memory pyramid stopped
___________ TestHierarchicalMemoryPyramid.test_memory_tier_promotion ___________

self = <test_gpt5_p4_memory.TestHierarchicalMemoryPyramid object at 0x14a1f3d90>
memory_pyramid_instance = <core.memory_pyramid.hierarchical_memory_pyramid.HierarchicalMemoryPyramid object at 0x14a32e760>

    @pytest.mark.asyncio
    async def test_memory_tier_promotion(self, memory_pyramid_instance):
        """Test memory promotion between tiers based on access patterns"""
        # Store memory in short-term
        memory_id = await memory_pyramid_instance.store_memory(
            content="Frequently accessed implementation detail",
            memory_type=MemoryType.IMPLEMENTATION,
            importance=0.6,
            tier=MemoryTier.SHORT_TERM
        )
    
        # Access memory multiple times to trigger promotion
        for _ in range(10):
            await memory_pyramid_instance.retrieve_memory(memory_id)
    
        # Trigger tier evaluation
>       await memory_pyramid_instance.evaluate_memory_tiers()
E       AttributeError: 'HierarchicalMemoryPyramid' object has no attribute 'evaluate_memory_tiers'

tests/unit/test_gpt5_p4_memory.py:561: AttributeError
---------------------------- Captured stderr setup -----------------------------
2025-11-29 16:36:29,334 [INFO] telemetry_engine: [telemetry_engine] Component registered: hierarchical_memory_pyramid
2025-11-29 16:36:29,341 [INFO] telemetry_engine: [hierarchical_memory_pyramid] Starting hierarchical memory pyramid
2025-11-29 16:36:29,341 [INFO] telemetry_engine: [hierarchical_memory_pyramid] Loading memories from persistent storage
2025-11-29 16:36:29,342 [INFO] telemetry_engine: [hierarchical_memory_pyramid] Loaded 0 memories from persistent storage
2025-11-29 16:36:29,343 [INFO] telemetry_engine: [hierarchical_memory_pyramid] Hierarchical memory pyramid started
------------------------------ Captured log setup ------------------------------
INFO     telemetry_engine:telemetry_engine.py:286 [telemetry_engine] Component registered: hierarchical_memory_pyramid
INFO     telemetry_engine:telemetry_engine.py:286 [hierarchical_memory_pyramid] Starting hierarchical memory pyramid
INFO     telemetry_engine:telemetry_engine.py:286 [hierarchical_memory_pyramid] Loading memories from persistent storage
INFO     telemetry_engine:telemetry_engine.py:286 [hierarchical_memory_pyramid] Loaded 0 memories from persistent storage
INFO     telemetry_engine:telemetry_engine.py:286 [hierarchical_memory_pyramid] Hierarchical memory pyramid started
--------------------------- Captured stderr teardown ---------------------------
2025-11-29 16:36:29,363 [INFO] telemetry_engine: [hierarchical_memory_pyramid] Stopping hierarchical memory pyramid
2025-11-29 16:36:29,363 [INFO] telemetry_engine: [hierarchical_memory_pyramid] Saving memories to persistent storage
2025-11-29 16:36:29,365 [INFO] telemetry_engine: [hierarchical_memory_pyramid] Saved 1 memories to persistent storage
2025-11-29 16:36:29,365 [INFO] telemetry_engine: [hierarchical_memory_pyramid] Hierarchical memory pyramid stopped
---------------------------- Captured log teardown -----------------------------
INFO     telemetry_engine:telemetry_engine.py:286 [hierarchical_memory_pyramid] Stopping hierarchical memory pyramid
INFO     telemetry_engine:telemetry_engine.py:286 [hierarchical_memory_pyramid] Saving memories to persistent storage
INFO     telemetry_engine:telemetry_engine.py:286 [hierarchical_memory_pyramid] Saved 1 memories to persistent storage
INFO     telemetry_engine:telemetry_engine.py:286 [hierarchical_memory_pyramid] Hierarchical memory pyramid stopped
________ TestHierarchicalMemoryPyramid.test_memory_pyramid_performance _________

self = <test_gpt5_p4_memory.TestHierarchicalMemoryPyramid object at 0x14a223040>
memory_pyramid_instance = <core.memory_pyramid.hierarchical_memory_pyramid.HierarchicalMemoryPyramid object at 0x14a32ee50>

    @pytest.mark.asyncio
    async def test_memory_pyramid_performance(self, memory_pyramid_instance):
        """Test memory pyramid performance with large dataset"""
        import time
    
        # Store large number of memories
        start_time = time.time()
        memory_ids = []
    
        for i in range(100):
            memory_id = await memory_pyramid_instance.store_memory(
                content=f"Performance test memory {i}",
                memory_type=MemoryType.IMPLEMENTATION,
                importance=0.5 + (i % 50) / 100  # Varying importance
            )
            memory_ids.append(memory_id)
    
        storage_time = time.time() - start_time
    
        # Test search performance
        start_time = time.time()
>       search_results = await memory_pyramid.search_memories("test")
E       NameError: name 'memory_pyramid' is not defined

tests/unit/test_gpt5_p4_memory.py:592: NameError
---------------------------- Captured stderr setup -----------------------------
2025-11-29 16:36:29,368 [INFO] telemetry_engine: [telemetry_engine] Component registered: hierarchical_memory_pyramid
2025-11-29 16:36:29,374 [INFO] telemetry_engine: [hierarchical_memory_pyramid] Starting hierarchical memory pyramid
2025-11-29 16:36:29,374 [INFO] telemetry_engine: [hierarchical_memory_pyramid] Loading memories from persistent storage
2025-11-29 16:36:29,375 [INFO] telemetry_engine: [hierarchical_memory_pyramid] Loaded 0 memories from persistent storage
2025-11-29 16:36:29,375 [INFO] telemetry_engine: [hierarchical_memory_pyramid] Hierarchical memory pyramid started
------------------------------ Captured log setup ------------------------------
INFO     telemetry_engine:telemetry_engine.py:286 [telemetry_engine] Component registered: hierarchical_memory_pyramid
INFO     telemetry_engine:telemetry_engine.py:286 [hierarchical_memory_pyramid] Starting hierarchical memory pyramid
INFO     telemetry_engine:telemetry_engine.py:286 [hierarchical_memory_pyramid] Loading memories from persistent storage
INFO     telemetry_engine:telemetry_engine.py:286 [hierarchical_memory_pyramid] Loaded 0 memories from persistent storage
INFO     telemetry_engine:telemetry_engine.py:286 [hierarchical_memory_pyramid] Hierarchical memory pyramid started
--------------------------- Captured stderr teardown ---------------------------
2025-11-29 16:36:29,392 [INFO] telemetry_engine: [hierarchical_memory_pyramid] Stopping hierarchical memory pyramid
2025-11-29 16:36:29,392 [INFO] telemetry_engine: [hierarchical_memory_pyramid] Saving memories to persistent storage
2025-11-29 16:36:29,397 [INFO] telemetry_engine: [hierarchical_memory_pyramid] Saved 100 memories to persistent storage
2025-11-29 16:36:29,398 [INFO] telemetry_engine: [hierarchical_memory_pyramid] Hierarchical memory pyramid stopped
---------------------------- Captured log teardown -----------------------------
INFO     telemetry_engine:telemetry_engine.py:286 [hierarchical_memory_pyramid] Stopping hierarchical memory pyramid
INFO     telemetry_engine:telemetry_engine.py:286 [hierarchical_memory_pyramid] Saving memories to persistent storage
INFO     telemetry_engine:telemetry_engine.py:286 [hierarchical_memory_pyramid] Saved 100 memories to persistent storage
INFO     telemetry_engine:telemetry_engine.py:286 [hierarchical_memory_pyramid] Hierarchical memory pyramid stopped
=============================== warnings summary ===============================
venv/lib/python3.9/site-packages/jupyter_client/connect.py:22
  /Users/apple/Library/Mobile Documents/com~apple~CloudDocs/SProjects/myagent-continuous-ai-builder/venv/lib/python3.9/site-packages/jupyter_client/connect.py:22: DeprecationWarning: Jupyter is migrating its paths to use standard platformdirs
  given by the platformdirs library.  To remove this warning and
  see the appropriate new directories, set the environment variable
  `JUPYTER_PLATFORM_DIRS=1` and then run `jupyter --paths`.
  The use of platformdirs will be the default in `jupyter_core` v6
    from jupyter_core.paths import jupyter_data_dir, jupyter_runtime_dir, secure_write

venv/lib/python3.9/site-packages/torch/nn/modules/transformer.py:20
  /Users/apple/Library/Mobile Documents/com~apple~CloudDocs/SProjects/myagent-continuous-ai-builder/venv/lib/python3.9/site-packages/torch/nn/modules/transformer.py:20: UserWarning: Failed to initialize NumPy: _ARRAY_API not found (Triggered internally at /Users/runner/work/pytorch/pytorch/pytorch/torch/csrc/utils/tensor_numpy.cpp:84.)
    device: torch.device = torch.device(torch._C._get_default_device()),  # torch.device('cpu'),

config/settings.py:19
  /Users/apple/Library/Mobile Documents/com~apple~CloudDocs/SProjects/myagent-continuous-ai-builder/config/settings.py:19: PydanticDeprecatedSince20: Using extra keyword arguments on `Field` is deprecated and will be removed. Use `json_schema_extra` instead. (Extra keys: 'env'). Deprecated in Pydantic V2.0 to be removed in V3.0. See Pydantic V2 Migration Guide at https://errors.pydantic.dev/2.12/migration/
    DEBUG: bool = Field(default=False, env="DEBUG")

config/settings.py:22
  /Users/apple/Library/Mobile Documents/com~apple~CloudDocs/SProjects/myagent-continuous-ai-builder/config/settings.py:22: PydanticDeprecatedSince20: Using extra keyword arguments on `Field` is deprecated and will be removed. Use `json_schema_extra` instead. (Extra keys: 'env'). Deprecated in Pydantic V2.0 to be removed in V3.0. See Pydantic V2 Migration Guide at https://errors.pydantic.dev/2.12/migration/
    API_HOST: str = Field(default="0.0.0.0", env="API_HOST")

config/settings.py:23
  /Users/apple/Library/Mobile Documents/com~apple~CloudDocs/SProjects/myagent-continuous-ai-builder/config/settings.py:23: PydanticDeprecatedSince20: Using extra keyword arguments on `Field` is deprecated and will be removed. Use `json_schema_extra` instead. (Extra keys: 'env'). Deprecated in Pydantic V2.0 to be removed in V3.0. See Pydantic V2 Migration Guide at https://errors.pydantic.dev/2.12/migration/
    API_PORT: int = Field(default=8000, env="API_PORT")

config/settings.py:24
  /Users/apple/Library/Mobile Documents/com~apple~CloudDocs/SProjects/myagent-continuous-ai-builder/config/settings.py:24: PydanticDeprecatedSince20: Using extra keyword arguments on `Field` is deprecated and will be removed. Use `json_schema_extra` instead. (Extra keys: 'env'). Deprecated in Pydantic V2.0 to be removed in V3.0. See Pydantic V2 Migration Guide at https://errors.pydantic.dev/2.12/migration/
    API_WORKERS: int = Field(default=4, env="API_WORKERS")

config/settings.py:25
  /Users/apple/Library/Mobile Documents/com~apple~CloudDocs/SProjects/myagent-continuous-ai-builder/config/settings.py:25: PydanticDeprecatedSince20: Using extra keyword arguments on `Field` is deprecated and will be removed. Use `json_schema_extra` instead. (Extra keys: 'env'). Deprecated in Pydantic V2.0 to be removed in V3.0. See Pydantic V2 Migration Guide at https://errors.pydantic.dev/2.12/migration/
    CORS_ORIGINS: List[str] = Field(

config/settings.py:31
  /Users/apple/Library/Mobile Documents/com~apple~CloudDocs/SProjects/myagent-continuous-ai-builder/config/settings.py:31: PydanticDeprecatedSince20: Using extra keyword arguments on `Field` is deprecated and will be removed. Use `json_schema_extra` instead. (Extra keys: 'env'). Deprecated in Pydantic V2.0 to be removed in V3.0. See Pydantic V2 Migration Guide at https://errors.pydantic.dev/2.12/migration/
    DATABASE_URL: str = Field(

config/settings.py:35
  /Users/apple/Library/Mobile Documents/com~apple~CloudDocs/SProjects/myagent-continuous-ai-builder/config/settings.py:35: PydanticDeprecatedSince20: Using extra keyword arguments on `Field` is deprecated and will be removed. Use `json_schema_extra` instead. (Extra keys: 'env'). Deprecated in Pydantic V2.0 to be removed in V3.0. See Pydantic V2 Migration Guide at https://errors.pydantic.dev/2.12/migration/
    DATABASE_POOL_SIZE: int = Field(default=20, env="DATABASE_POOL_SIZE")

config/settings.py:36
  /Users/apple/Library/Mobile Documents/com~apple~CloudDocs/SProjects/myagent-continuous-ai-builder/config/settings.py:36: PydanticDeprecatedSince20: Using extra keyword arguments on `Field` is deprecated and will be removed. Use `json_schema_extra` instead. (Extra keys: 'env'). Deprecated in Pydantic V2.0 to be removed in V3.0. See Pydantic V2 Migration Guide at https://errors.pydantic.dev/2.12/migration/
    DATABASE_MAX_OVERFLOW: int = Field(default=10, env="DATABASE_MAX_OVERFLOW")

config/settings.py:39
  /Users/apple/Library/Mobile Documents/com~apple~CloudDocs/SProjects/myagent-continuous-ai-builder/config/settings.py:39: PydanticDeprecatedSince20: Using extra keyword arguments on `Field` is deprecated and will be removed. Use `json_schema_extra` instead. (Extra keys: 'env'). Deprecated in Pydantic V2.0 to be removed in V3.0. See Pydantic V2 Migration Guide at https://errors.pydantic.dev/2.12/migration/
    REDIS_URL: str = Field(default="redis://localhost:6379/0", env="REDIS_URL")

config/settings.py:40
  /Users/apple/Library/Mobile Documents/com~apple~CloudDocs/SProjects/myagent-continuous-ai-builder/config/settings.py:40: PydanticDeprecatedSince20: Using extra keyword arguments on `Field` is deprecated and will be removed. Use `json_schema_extra` instead. (Extra keys: 'env'). Deprecated in Pydantic V2.0 to be removed in V3.0. See Pydantic V2 Migration Guide at https://errors.pydantic.dev/2.12/migration/
    REDIS_MAX_CONNECTIONS: int = Field(default=50, env="REDIS_MAX_CONNECTIONS")

config/settings.py:42
  /Users/apple/Library/Mobile Documents/com~apple~CloudDocs/SProjects/myagent-continuous-ai-builder/config/settings.py:42: PydanticDeprecatedSince20: Pydantic V1 style `@validator` validators are deprecated. You should migrate to Pydantic V2 style `@field_validator` validators, see the migration guide for more details. Deprecated in Pydantic V2.0 to be removed in V3.0. See Pydantic V2 Migration Guide at https://errors.pydantic.dev/2.12/migration/
    @validator("DATABASE_URL", pre=True, always=True)

config/settings.py:55
  /Users/apple/Library/Mobile Documents/com~apple~CloudDocs/SProjects/myagent-continuous-ai-builder/config/settings.py:55: PydanticDeprecatedSince20: Using extra keyword arguments on `Field` is deprecated and will be removed. Use `json_schema_extra` instead. (Extra keys: 'env'). Deprecated in Pydantic V2.0 to be removed in V3.0. See Pydantic V2 Migration Guide at https://errors.pydantic.dev/2.12/migration/
    CHROMADB_HOST: str = Field(default="localhost", env="CHROMADB_HOST")

config/settings.py:56
  /Users/apple/Library/Mobile Documents/com~apple~CloudDocs/SProjects/myagent-continuous-ai-builder/config/settings.py:56: PydanticDeprecatedSince20: Using extra keyword arguments on `Field` is deprecated and will be removed. Use `json_schema_extra` instead. (Extra keys: 'env'). Deprecated in Pydantic V2.0 to be removed in V3.0. See Pydantic V2 Migration Guide at https://errors.pydantic.dev/2.12/migration/
    CHROMADB_PORT: int = Field(default=8000, env="CHROMADB_PORT")

config/settings.py:57
  /Users/apple/Library/Mobile Documents/com~apple~CloudDocs/SProjects/myagent-continuous-ai-builder/config/settings.py:57: PydanticDeprecatedSince20: Using extra keyword arguments on `Field` is deprecated and will be removed. Use `json_schema_extra` instead. (Extra keys: 'env'). Deprecated in Pydantic V2.0 to be removed in V3.0. See Pydantic V2 Migration Guide at https://errors.pydantic.dev/2.12/migration/
    CHROMADB_PATH: str = Field(

config/settings.py:63
  /Users/apple/Library/Mobile Documents/com~apple~CloudDocs/SProjects/myagent-continuous-ai-builder/config/settings.py:63: PydanticDeprecatedSince20: Using extra keyword arguments on `Field` is deprecated and will be removed. Use `json_schema_extra` instead. (Extra keys: 'env'). Deprecated in Pydantic V2.0 to be removed in V3.0. See Pydantic V2 Migration Guide at https://errors.pydantic.dev/2.12/migration/
    OPENAI_API_KEY: Optional[str] = Field(default=None, env="OPENAI_API_KEY")

config/settings.py:64
  /Users/apple/Library/Mobile Documents/com~apple~CloudDocs/SProjects/myagent-continuous-ai-builder/config/settings.py:64: PydanticDeprecatedSince20: Using extra keyword arguments on `Field` is deprecated and will be removed. Use `json_schema_extra` instead. (Extra keys: 'env'). Deprecated in Pydantic V2.0 to be removed in V3.0. See Pydantic V2 Migration Guide at https://errors.pydantic.dev/2.12/migration/
    ANTHROPIC_API_KEY: Optional[str] = Field(default=None, env="ANTHROPIC_API_KEY")

config/settings.py:65
  /Users/apple/Library/Mobile Documents/com~apple~CloudDocs/SProjects/myagent-continuous-ai-builder/config/settings.py:65: PydanticDeprecatedSince20: Using extra keyword arguments on `Field` is deprecated and will be removed. Use `json_schema_extra` instead. (Extra keys: 'env'). Deprecated in Pydantic V2.0 to be removed in V3.0. See Pydantic V2 Migration Guide at https://errors.pydantic.dev/2.12/migration/
    OLLAMA_BASE_URL: str = Field(

config/settings.py:71
  /Users/apple/Library/Mobile Documents/com~apple~CloudDocs/SProjects/myagent-continuous-ai-builder/config/settings.py:71: PydanticDeprecatedSince20: Using extra keyword arguments on `Field` is deprecated and will be removed. Use `json_schema_extra` instead. (Extra keys: 'env'). Deprecated in Pydantic V2.0 to be removed in V3.0. See Pydantic V2 Migration Guide at https://errors.pydantic.dev/2.12/migration/
    DEFAULT_LLM_PROVIDER: str = Field(default="openai", env="DEFAULT_LLM_PROVIDER")

config/settings.py:72
  /Users/apple/Library/Mobile Documents/com~apple~CloudDocs/SProjects/myagent-continuous-ai-builder/config/settings.py:72: PydanticDeprecatedSince20: Using extra keyword arguments on `Field` is deprecated and will be removed. Use `json_schema_extra` instead. (Extra keys: 'env'). Deprecated in Pydantic V2.0 to be removed in V3.0. See Pydantic V2 Migration Guide at https://errors.pydantic.dev/2.12/migration/
    DEFAULT_MODEL: str = Field(default="gpt-5-chat-latest", env="DEFAULT_MODEL")

config/settings.py:73
  /Users/apple/Library/Mobile Documents/com~apple~CloudDocs/SProjects/myagent-continuous-ai-builder/config/settings.py:73: PydanticDeprecatedSince20: Using extra keyword arguments on `Field` is deprecated and will be removed. Use `json_schema_extra` instead. (Extra keys: 'env'). Deprecated in Pydantic V2.0 to be removed in V3.0. See Pydantic V2 Migration Guide at https://errors.pydantic.dev/2.12/migration/
    LLM_TEMPERATURE: float = Field(default=0.7, env="LLM_TEMPERATURE")

config/settings.py:74
  /Users/apple/Library/Mobile Documents/com~apple~CloudDocs/SProjects/myagent-continuous-ai-builder/config/settings.py:74: PydanticDeprecatedSince20: Using extra keyword arguments on `Field` is deprecated and will be removed. Use `json_schema_extra` instead. (Extra keys: 'env'). Deprecated in Pydantic V2.0 to be removed in V3.0. See Pydantic V2 Migration Guide at https://errors.pydantic.dev/2.12/migration/
    LLM_MAX_TOKENS: int = Field(default=2000, env="LLM_MAX_TOKENS")

config/settings.py:77
  /Users/apple/Library/Mobile Documents/com~apple~CloudDocs/SProjects/myagent-continuous-ai-builder/config/settings.py:77: PydanticDeprecatedSince20: Using extra keyword arguments on `Field` is deprecated and will be removed. Use `json_schema_extra` instead. (Extra keys: 'env'). Deprecated in Pydantic V2.0 to be removed in V3.0. See Pydantic V2 Migration Guide at https://errors.pydantic.dev/2.12/migration/
    TARGET_TEST_COVERAGE: float = Field(default=95.0, env="TARGET_TEST_COVERAGE")

config/settings.py:78
  /Users/apple/Library/Mobile Documents/com~apple~CloudDocs/SProjects/myagent-continuous-ai-builder/config/settings.py:78: PydanticDeprecatedSince20: Using extra keyword arguments on `Field` is deprecated and will be removed. Use `json_schema_extra` instead. (Extra keys: 'env'). Deprecated in Pydantic V2.0 to be removed in V3.0. See Pydantic V2 Migration Guide at https://errors.pydantic.dev/2.12/migration/
    TARGET_PERFORMANCE_SCORE: float = Field(

config/settings.py:82
  /Users/apple/Library/Mobile Documents/com~apple~CloudDocs/SProjects/myagent-continuous-ai-builder/config/settings.py:82: PydanticDeprecatedSince20: Using extra keyword arguments on `Field` is deprecated and will be removed. Use `json_schema_extra` instead. (Extra keys: 'env'). Deprecated in Pydantic V2.0 to be removed in V3.0. See Pydantic V2 Migration Guide at https://errors.pydantic.dev/2.12/migration/
    TARGET_DOCUMENTATION_COVERAGE: float = Field(

config/settings.py:86
  /Users/apple/Library/Mobile Documents/com~apple~CloudDocs/SProjects/myagent-continuous-ai-builder/config/settings.py:86: PydanticDeprecatedSince20: Using extra keyword arguments on `Field` is deprecated and will be removed. Use `json_schema_extra` instead. (Extra keys: 'env'). Deprecated in Pydantic V2.0 to be removed in V3.0. See Pydantic V2 Migration Guide at https://errors.pydantic.dev/2.12/migration/
    TARGET_CODE_QUALITY_SCORE: float = Field(

config/settings.py:90
  /Users/apple/Library/Mobile Documents/com~apple~CloudDocs/SProjects/myagent-continuous-ai-builder/config/settings.py:90: PydanticDeprecatedSince20: Using extra keyword arguments on `Field` is deprecated and will be removed. Use `json_schema_extra` instead. (Extra keys: 'env'). Deprecated in Pydantic V2.0 to be removed in V3.0. See Pydantic V2 Migration Guide at https://errors.pydantic.dev/2.12/migration/
    TARGET_SECURITY_SCORE: float = Field(default=95.0, env="TARGET_SECURITY_SCORE")

config/settings.py:91
  /Users/apple/Library/Mobile Documents/com~apple~CloudDocs/SProjects/myagent-continuous-ai-builder/config/settings.py:91: PydanticDeprecatedSince20: Using extra keyword arguments on `Field` is deprecated and will be removed. Use `json_schema_extra` instead. (Extra keys: 'env'). Deprecated in Pydantic V2.0 to be removed in V3.0. See Pydantic V2 Migration Guide at https://errors.pydantic.dev/2.12/migration/
    TARGET_USER_SATISFACTION: float = Field(

config/settings.py:97
  /Users/apple/Library/Mobile Documents/com~apple~CloudDocs/SProjects/myagent-continuous-ai-builder/config/settings.py:97: PydanticDeprecatedSince20: Using extra keyword arguments on `Field` is deprecated and will be removed. Use `json_schema_extra` instead. (Extra keys: 'env'). Deprecated in Pydantic V2.0 to be removed in V3.0. See Pydantic V2 Migration Guide at https://errors.pydantic.dev/2.12/migration/
    MAX_AGENT_RETRIES: int = Field(default=3, env="MAX_AGENT_RETRIES")

config/settings.py:98
  /Users/apple/Library/Mobile Documents/com~apple~CloudDocs/SProjects/myagent-continuous-ai-builder/config/settings.py:98: PydanticDeprecatedSince20: Using extra keyword arguments on `Field` is deprecated and will be removed. Use `json_schema_extra` instead. (Extra keys: 'env'). Deprecated in Pydantic V2.0 to be removed in V3.0. See Pydantic V2 Migration Guide at https://errors.pydantic.dev/2.12/migration/
    AGENT_TIMEOUT_SECONDS: int = Field(default=300, env="AGENT_TIMEOUT_SECONDS")

config/settings.py:99
  /Users/apple/Library/Mobile Documents/com~apple~CloudDocs/SProjects/myagent-continuous-ai-builder/config/settings.py:99: PydanticDeprecatedSince20: Using extra keyword arguments on `Field` is deprecated and will be removed. Use `json_schema_extra` instead. (Extra keys: 'env'). Deprecated in Pydantic V2.0 to be removed in V3.0. See Pydantic V2 Migration Guide at https://errors.pydantic.dev/2.12/migration/
    CHECKPOINT_INTERVAL_HOURS: int = Field(

config/settings.py:105
  /Users/apple/Library/Mobile Documents/com~apple~CloudDocs/SProjects/myagent-continuous-ai-builder/config/settings.py:105: PydanticDeprecatedSince20: Using extra keyword arguments on `Field` is deprecated and will be removed. Use `json_schema_extra` instead. (Extra keys: 'env'). Deprecated in Pydantic V2.0 to be removed in V3.0. See Pydantic V2 Migration Guide at https://errors.pydantic.dev/2.12/migration/
    PERSISTENCE_DIR: Path = Field(

config/settings.py:109
  /Users/apple/Library/Mobile Documents/com~apple~CloudDocs/SProjects/myagent-continuous-ai-builder/config/settings.py:109: PydanticDeprecatedSince20: Using extra keyword arguments on `Field` is deprecated and will be removed. Use `json_schema_extra` instead. (Extra keys: 'env'). Deprecated in Pydantic V2.0 to be removed in V3.0. See Pydantic V2 Migration Guide at https://errors.pydantic.dev/2.12/migration/
    LOGS_DIR: Path = Field(default=Path("logs"), env="LOGS_DIR")

config/settings.py:112
  /Users/apple/Library/Mobile Documents/com~apple~CloudDocs/SProjects/myagent-continuous-ai-builder/config/settings.py:112: PydanticDeprecatedSince20: Using extra keyword arguments on `Field` is deprecated and will be removed. Use `json_schema_extra` instead. (Extra keys: 'env'). Deprecated in Pydantic V2.0 to be removed in V3.0. See Pydantic V2 Migration Guide at https://errors.pydantic.dev/2.12/migration/
    SECRET_KEY: str = Field(

config/settings.py:116
  /Users/apple/Library/Mobile Documents/com~apple~CloudDocs/SProjects/myagent-continuous-ai-builder/config/settings.py:116: PydanticDeprecatedSince20: Using extra keyword arguments on `Field` is deprecated and will be removed. Use `json_schema_extra` instead. (Extra keys: 'env'). Deprecated in Pydantic V2.0 to be removed in V3.0. See Pydantic V2 Migration Guide at https://errors.pydantic.dev/2.12/migration/
    JWT_ALGORITHM: str = Field(default="HS256", env="JWT_ALGORITHM")

config/settings.py:117
  /Users/apple/Library/Mobile Documents/com~apple~CloudDocs/SProjects/myagent-continuous-ai-builder/config/settings.py:117: PydanticDeprecatedSince20: Using extra keyword arguments on `Field` is deprecated and will be removed. Use `json_schema_extra` instead. (Extra keys: 'env'). Deprecated in Pydantic V2.0 to be removed in V3.0. See Pydantic V2 Migration Guide at https://errors.pydantic.dev/2.12/migration/
    JWT_EXPIRATION_MINUTES: int = Field(

config/settings.py:123
  /Users/apple/Library/Mobile Documents/com~apple~CloudDocs/SProjects/myagent-continuous-ai-builder/config/settings.py:123: PydanticDeprecatedSince20: Using extra keyword arguments on `Field` is deprecated and will be removed. Use `json_schema_extra` instead. (Extra keys: 'env'). Deprecated in Pydantic V2.0 to be removed in V3.0. See Pydantic V2 Migration Guide at https://errors.pydantic.dev/2.12/migration/
    RATE_LIMIT_PER_MINUTE: int = Field(default=100, env="RATE_LIMIT_PER_MINUTE")

config/settings.py:125
  /Users/apple/Library/Mobile Documents/com~apple~CloudDocs/SProjects/myagent-continuous-ai-builder/config/settings.py:125: PydanticDeprecatedSince20: Pydantic V1 style `@validator` validators are deprecated. You should migrate to Pydantic V2 style `@field_validator` validators, see the migration guide for more details. Deprecated in Pydantic V2.0 to be removed in V3.0. See Pydantic V2 Migration Guide at https://errors.pydantic.dev/2.12/migration/
    @validator("CORS_ORIGINS", pre=True)

config/settings.py:132
  /Users/apple/Library/Mobile Documents/com~apple~CloudDocs/SProjects/myagent-continuous-ai-builder/config/settings.py:132: PydanticDeprecatedSince20: Pydantic V1 style `@validator` validators are deprecated. You should migrate to Pydantic V2 style `@field_validator` validators, see the migration guide for more details. Deprecated in Pydantic V2.0 to be removed in V3.0. See Pydantic V2 Migration Guide at https://errors.pydantic.dev/2.12/migration/
    @validator("PERSISTENCE_DIR", "LOGS_DIR", pre=True)

config/settings.py:13
  /Users/apple/Library/Mobile Documents/com~apple~CloudDocs/SProjects/myagent-continuous-ai-builder/config/settings.py:13: PydanticDeprecatedSince20: Support for class-based `config` is deprecated, use ConfigDict instead. Deprecated in Pydantic V2.0 to be removed in V3.0. See Pydantic V2 Migration Guide at https://errors.pydantic.dev/2.12/migration/
    class Settings(BaseSettings):

tests/unit/test_gpt5_p4_memory.py:25
  /Users/apple/Library/Mobile Documents/com~apple~CloudDocs/SProjects/myagent-continuous-ai-builder/tests/unit/test_gpt5_p4_memory.py:25: PytestUnknownMarkWarning: Unknown pytest.mark.unit - is this a typo?  You can register custom marks to avoid this warning - for details, see https://docs.pytest.org/en/stable/how-to/mark.html
    @pytest.mark.unit

tests/unit/test_gpt5_p4_memory.py:26
  /Users/apple/Library/Mobile Documents/com~apple~CloudDocs/SProjects/myagent-continuous-ai-builder/tests/unit/test_gpt5_p4_memory.py:26: PytestUnknownMarkWarning: Unknown pytest.mark.gpt5 - is this a typo?  You can register custom marks to avoid this warning - for details, see https://docs.pytest.org/en/stable/how-to/mark.html
    @pytest.mark.gpt5

tests/unit/test_gpt5_p4_memory.py:27
  /Users/apple/Library/Mobile Documents/com~apple~CloudDocs/SProjects/myagent-continuous-ai-builder/tests/unit/test_gpt5_p4_memory.py:27: PytestUnknownMarkWarning: Unknown pytest.mark.memory - is this a typo?  You can register custom marks to avoid this warning - for details, see https://docs.pytest.org/en/stable/how-to/mark.html
    @pytest.mark.memory

tests/unit/test_gpt5_p4_memory.py:612
  /Users/apple/Library/Mobile Documents/com~apple~CloudDocs/SProjects/myagent-continuous-ai-builder/tests/unit/test_gpt5_p4_memory.py:612: PytestUnknownMarkWarning: Unknown pytest.mark.unit - is this a typo?  You can register custom marks to avoid this warning - for details, see https://docs.pytest.org/en/stable/how-to/mark.html
    @pytest.mark.unit

tests/unit/test_gpt5_p4_memory.py:613
  /Users/apple/Library/Mobile Documents/com~apple~CloudDocs/SProjects/myagent-continuous-ai-builder/tests/unit/test_gpt5_p4_memory.py:613: PytestUnknownMarkWarning: Unknown pytest.mark.gpt5 - is this a typo?  You can register custom marks to avoid this warning - for details, see https://docs.pytest.org/en/stable/how-to/mark.html
    @pytest.mark.gpt5

tests/unit/test_gpt5_p4_memory.py:614
  /Users/apple/Library/Mobile Documents/com~apple~CloudDocs/SProjects/myagent-continuous-ai-builder/tests/unit/test_gpt5_p4_memory.py:614: PytestUnknownMarkWarning: Unknown pytest.mark.memory - is this a typo?  You can register custom marks to avoid this warning - for details, see https://docs.pytest.org/en/stable/how-to/mark.html
    @pytest.mark.memory

tests/unit/test_gpt5_p4_memory.py:696
  /Users/apple/Library/Mobile Documents/com~apple~CloudDocs/SProjects/myagent-continuous-ai-builder/tests/unit/test_gpt5_p4_memory.py:696: PytestUnknownMarkWarning: Unknown pytest.mark.unit - is this a typo?  You can register custom marks to avoid this warning - for details, see https://docs.pytest.org/en/stable/how-to/mark.html
    @pytest.mark.unit

tests/unit/test_gpt5_p4_memory.py:697
  /Users/apple/Library/Mobile Documents/com~apple~CloudDocs/SProjects/myagent-continuous-ai-builder/tests/unit/test_gpt5_p4_memory.py:697: PytestUnknownMarkWarning: Unknown pytest.mark.gpt5 - is this a typo?  You can register custom marks to avoid this warning - for details, see https://docs.pytest.org/en/stable/how-to/mark.html
    @pytest.mark.gpt5

tests/unit/test_gpt5_p4_memory.py:698
  /Users/apple/Library/Mobile Documents/com~apple~CloudDocs/SProjects/myagent-continuous-ai-builder/tests/unit/test_gpt5_p4_memory.py:698: PytestUnknownMarkWarning: Unknown pytest.mark.memory - is this a typo?  You can register custom marks to avoid this warning - for details, see https://docs.pytest.org/en/stable/how-to/mark.html
    @pytest.mark.memory

tests/conftest.py:502
  /Users/apple/Library/Mobile Documents/com~apple~CloudDocs/SProjects/myagent-continuous-ai-builder/tests/conftest.py:502: PytestUnknownMarkWarning: Unknown pytest.mark.unit - is this a typo?  You can register custom marks to avoid this warning - for details, see https://docs.pytest.org/en/stable/how-to/mark.html
    item.add_marker(pytest.mark.unit)

-- Docs: https://docs.pytest.org/en/stable/how-to/capture-warnings.html
=========================== short test summary info ============================
FAILED tests/unit/test_gpt5_p4_memory.py::TestHierarchicalMemoryPyramid::test_memory_consolidation_by_time
FAILED tests/unit/test_gpt5_p4_memory.py::TestHierarchicalMemoryPyramid::test_memory_compression
FAILED tests/unit/test_gpt5_p4_memory.py::TestHierarchicalMemoryPyramid::test_memory_relationships
FAILED tests/unit/test_gpt5_p4_memory.py::TestHierarchicalMemoryPyramid::test_memory_statistics
FAILED tests/unit/test_gpt5_p4_memory.py::TestHierarchicalMemoryPyramid::test_memory_cleanup
FAILED tests/unit/test_gpt5_p4_memory.py::TestHierarchicalMemoryPyramid::test_memory_export_import
FAILED tests/unit/test_gpt5_p4_memory.py::TestHierarchicalMemoryPyramid::test_memory_tier_promotion
FAILED tests/unit/test_gpt5_p4_memory.py::TestHierarchicalMemoryPyramid::test_memory_pyramid_performance
================== 8 failed, 15 passed, 51 warnings in 0.99s ===================
