/Users/apple/Library/Mobile Documents/com~apple~CloudDocs/SProjects/myagent-continuous-ai-builder/venv/lib/python3.9/site-packages/urllib3/__init__.py:35: NotOpenSSLWarning: urllib3 v2 only supports OpenSSL 1.1.1+, currently the 'ssl' module is compiled with 'LibreSSL 2.8.3'. See: https://github.com/urllib3/urllib3/issues/3020
  warnings.warn(
============================= test session starts ==============================
platform darwin -- Python 3.9.6, pytest-8.1.1, pluggy-1.6.0
rootdir: /Users/apple/Library/Mobile Documents/com~apple~CloudDocs/SProjects/myagent-continuous-ai-builder
configfile: pytest.ini
plugins: asyncio-0.23.5, anyio-4.12.0, langsmith-0.4.37, cov-4.1.0
asyncio: mode=strict
collected 23 items

tests/unit/test_gpt5_p4_memory.py ...FFFFFF.FFFFFFF...F..                [100%]

=================================== FAILURES ===================================
___________ TestHierarchicalMemoryPyramid.test_retrieve_memory_by_id ___________

self = <test_gpt5_p4_memory.TestHierarchicalMemoryPyramid object at 0x14eb68880>
memory_pyramid_instance = <core.memory_pyramid.hierarchical_memory_pyramid.HierarchicalMemoryPyramid object at 0x14eab40a0>

    @pytest.mark.asyncio
    async def test_retrieve_memory_by_id(self, memory_pyramid_instance):
        """Test retrieving specific memory by ID"""
        content = "Test memory for retrieval"
        memory_type = MemoryType.DECISION
    
        memory_id = await memory_pyramid_instance.store_memory(
            content=content,
            memory_type=memory_type,
            importance=0.6
        )
    
        # Retrieve memory
        retrieved_memory = await memory_pyramid_instance.retrieve_memory(memory_id)
    
        assert retrieved_memory is not None
>       assert retrieved_memory.memory_id == memory_id
E       AttributeError: 'MemoryNode' object has no attribute 'memory_id'

tests/unit/test_gpt5_p4_memory.py:145: AttributeError
---------------------------- Captured stderr setup -----------------------------
2025-11-29 15:35:52,214 [INFO] telemetry_engine: [telemetry_engine] Component registered: hierarchical_memory_pyramid
2025-11-29 15:35:52,219 [INFO] telemetry_engine: [hierarchical_memory_pyramid] Starting hierarchical memory pyramid
2025-11-29 15:35:52,220 [INFO] telemetry_engine: [hierarchical_memory_pyramid] Loading memories from persistent storage
2025-11-29 15:35:52,220 [INFO] telemetry_engine: [hierarchical_memory_pyramid] Loaded 0 memories from persistent storage
2025-11-29 15:35:52,220 [INFO] telemetry_engine: [hierarchical_memory_pyramid] Hierarchical memory pyramid started
------------------------------ Captured log setup ------------------------------
INFO     telemetry_engine:telemetry_engine.py:286 [telemetry_engine] Component registered: hierarchical_memory_pyramid
INFO     telemetry_engine:telemetry_engine.py:286 [hierarchical_memory_pyramid] Starting hierarchical memory pyramid
INFO     telemetry_engine:telemetry_engine.py:286 [hierarchical_memory_pyramid] Loading memories from persistent storage
INFO     telemetry_engine:telemetry_engine.py:286 [hierarchical_memory_pyramid] Loaded 0 memories from persistent storage
INFO     telemetry_engine:telemetry_engine.py:286 [hierarchical_memory_pyramid] Hierarchical memory pyramid started
--------------------------- Captured stderr teardown ---------------------------
2025-11-29 15:35:52,541 [INFO] telemetry_engine: [hierarchical_memory_pyramid] Stopping hierarchical memory pyramid
2025-11-29 15:36:02,548 [INFO] telemetry_engine: [hierarchical_memory_pyramid] Saving memories to persistent storage
2025-11-29 15:36:02,551 [INFO] telemetry_engine: [hierarchical_memory_pyramid] Saved 1 memories to persistent storage
2025-11-29 15:36:02,551 [INFO] telemetry_engine: [hierarchical_memory_pyramid] Hierarchical memory pyramid stopped
---------------------------- Captured log teardown -----------------------------
INFO     telemetry_engine:telemetry_engine.py:286 [hierarchical_memory_pyramid] Stopping hierarchical memory pyramid
INFO     telemetry_engine:telemetry_engine.py:286 [hierarchical_memory_pyramid] Saving memories to persistent storage
INFO     telemetry_engine:telemetry_engine.py:286 [hierarchical_memory_pyramid] Saved 1 memories to persistent storage
INFO     telemetry_engine:telemetry_engine.py:286 [hierarchical_memory_pyramid] Hierarchical memory pyramid stopped
________ TestHierarchicalMemoryPyramid.test_search_memories_by_content _________

self = <test_gpt5_p4_memory.TestHierarchicalMemoryPyramid object at 0x14eabd100>
memory_pyramid_instance = <core.memory_pyramid.hierarchical_memory_pyramid.HierarchicalMemoryPyramid object at 0x14eab4100>

    @pytest.mark.asyncio
    async def test_search_memories_by_content(self, memory_pyramid_instance):
        """Test searching memories by content"""
        # Store test memories
        test_memories = [
            "Implement fibonacci function using recursion",
            "Optimize fibonacci with memoization",
            "Create unit tests for calculator module",
            "Debug performance issues in sorting algorithm"
        ]
    
        for content in test_memories:
            await memory_pyramid_instance.store_memory(
                content=content,
                memory_type=MemoryType.IMPLEMENTATION,
                importance=0.7
            )
    
        # Search for fibonacci-related memories
>       fibonacci_memories = await memory_pyramid_instance.search_memories("fibonacci")

tests/unit/test_gpt5_p4_memory.py:169: 
_ _ _ _ _ _ _ _ _ _ _ _ _ _ _ _ _ _ _ _ _ _ _ _ _ _ _ _ _ _ _ _ _ _ _ _ _ _ _ _ 
core/memory_pyramid/hierarchical_memory_pyramid.py:391: in search_memories
    score = self._calculate_relevance_score(memory, query)
_ _ _ _ _ _ _ _ _ _ _ _ _ _ _ _ _ _ _ _ _ _ _ _ _ _ _ _ _ _ _ _ _ _ _ _ _ _ _ _ 

self = <core.memory_pyramid.hierarchical_memory_pyramid.HierarchicalMemoryPyramid object at 0x14eab4100>
memory = MemoryNode(node_id='eb535064-5985-4bb6-800c-01ce6d744149', content='Implement fibonacci function using recursion', mem... parent_nodes=[], child_nodes=[], related_nodes=[], metadata={}, embedding=None, compression_ratio=1.0, importance=0.7)
query = 'fibonacci'

    def _calculate_relevance_score(self, memory: MemoryNode, query: Dict[str, Any]) -> float:
        """Calculate relevance score for search query"""
    
        score = 0.0
    
        # Content similarity (simplified)
        if isinstance(query, str):
            # String query
>           for key, value in memory.content.items():
E           AttributeError: 'str' object has no attribute 'items'

core/memory_pyramid/hierarchical_memory_pyramid.py:706: AttributeError
---------------------------- Captured stderr setup -----------------------------
2025-11-29 15:36:02,554 [INFO] telemetry_engine: [telemetry_engine] Component registered: hierarchical_memory_pyramid
2025-11-29 15:36:02,561 [INFO] telemetry_engine: [hierarchical_memory_pyramid] Starting hierarchical memory pyramid
2025-11-29 15:36:02,561 [INFO] telemetry_engine: [hierarchical_memory_pyramid] Loading memories from persistent storage
2025-11-29 15:36:02,562 [INFO] telemetry_engine: [hierarchical_memory_pyramid] Loaded 0 memories from persistent storage
2025-11-29 15:36:02,563 [INFO] telemetry_engine: [hierarchical_memory_pyramid] Hierarchical memory pyramid started
------------------------------ Captured log setup ------------------------------
INFO     telemetry_engine:telemetry_engine.py:286 [telemetry_engine] Component registered: hierarchical_memory_pyramid
INFO     telemetry_engine:telemetry_engine.py:286 [hierarchical_memory_pyramid] Starting hierarchical memory pyramid
INFO     telemetry_engine:telemetry_engine.py:286 [hierarchical_memory_pyramid] Loading memories from persistent storage
INFO     telemetry_engine:telemetry_engine.py:286 [hierarchical_memory_pyramid] Loaded 0 memories from persistent storage
INFO     telemetry_engine:telemetry_engine.py:286 [hierarchical_memory_pyramid] Hierarchical memory pyramid started
--------------------------- Captured stderr teardown ---------------------------
2025-11-29 15:36:02,604 [INFO] telemetry_engine: [hierarchical_memory_pyramid] Stopping hierarchical memory pyramid
2025-11-29 15:36:12,606 [INFO] telemetry_engine: [hierarchical_memory_pyramid] Saving memories to persistent storage
2025-11-29 15:36:12,609 [INFO] telemetry_engine: [hierarchical_memory_pyramid] Saved 4 memories to persistent storage
2025-11-29 15:36:12,609 [INFO] telemetry_engine: [hierarchical_memory_pyramid] Hierarchical memory pyramid stopped
---------------------------- Captured log teardown -----------------------------
INFO     telemetry_engine:telemetry_engine.py:286 [hierarchical_memory_pyramid] Stopping hierarchical memory pyramid
INFO     telemetry_engine:telemetry_engine.py:286 [hierarchical_memory_pyramid] Saving memories to persistent storage
INFO     telemetry_engine:telemetry_engine.py:286 [hierarchical_memory_pyramid] Saved 4 memories to persistent storage
INFO     telemetry_engine:telemetry_engine.py:286 [hierarchical_memory_pyramid] Hierarchical memory pyramid stopped
__________ TestHierarchicalMemoryPyramid.test_search_memories_by_type __________

self = <test_gpt5_p4_memory.TestHierarchicalMemoryPyramid object at 0x14eabd5b0>
memory_pyramid_instance = <core.memory_pyramid.hierarchical_memory_pyramid.HierarchicalMemoryPyramid object at 0x14eb44bb0>

    @pytest.mark.asyncio
    async def test_search_memories_by_type(self, memory_pyramid_instance):
        """Test searching memories by type"""
        # Store memories of different types
        memories_by_type = [
            ("User wants calculator", MemoryType.USER_REQUEST),
            ("Implemented Calculator class", MemoryType.IMPLEMENTATION),
            ("Decided to use Python", MemoryType.DECISION),
            ("Fixed division by zero bug", MemoryType.BUG_FIX),
            ("Optimized algorithm performance", MemoryType.OPTIMIZATION)
        ]
    
        for content, mem_type in memories_by_type:
            await memory_pyramid_instance.store_memory(
                content=content,
                memory_type=mem_type,
                importance=0.7
            )
    
        # Search by specific types
        implementations = await memory_pyramid_instance.search_memories_by_type(MemoryType.IMPLEMENTATION)
        decisions = await memory_pyramid_instance.search_memories_by_type(MemoryType.DECISION)
        bug_fixes = await memory_pyramid_instance.search_memories_by_type(MemoryType.BUG_FIX)
    
>       assert len(implementations) == 1
E       assert 0 == 1
E        +  where 0 = len([])

tests/unit/test_gpt5_p4_memory.py:204: AssertionError
---------------------------- Captured stderr setup -----------------------------
2025-11-29 15:36:12,612 [INFO] telemetry_engine: [telemetry_engine] Component registered: hierarchical_memory_pyramid
2025-11-29 15:36:12,617 [INFO] telemetry_engine: [hierarchical_memory_pyramid] Starting hierarchical memory pyramid
2025-11-29 15:36:12,617 [INFO] telemetry_engine: [hierarchical_memory_pyramid] Loading memories from persistent storage
2025-11-29 15:36:12,618 [INFO] telemetry_engine: [hierarchical_memory_pyramid] Loaded 0 memories from persistent storage
2025-11-29 15:36:12,618 [INFO] telemetry_engine: [hierarchical_memory_pyramid] Hierarchical memory pyramid started
------------------------------ Captured log setup ------------------------------
INFO     telemetry_engine:telemetry_engine.py:286 [telemetry_engine] Component registered: hierarchical_memory_pyramid
INFO     telemetry_engine:telemetry_engine.py:286 [hierarchical_memory_pyramid] Starting hierarchical memory pyramid
INFO     telemetry_engine:telemetry_engine.py:286 [hierarchical_memory_pyramid] Loading memories from persistent storage
INFO     telemetry_engine:telemetry_engine.py:286 [hierarchical_memory_pyramid] Loaded 0 memories from persistent storage
INFO     telemetry_engine:telemetry_engine.py:286 [hierarchical_memory_pyramid] Hierarchical memory pyramid started
--------------------------- Captured stderr teardown ---------------------------
2025-11-29 15:36:12,631 [INFO] telemetry_engine: [hierarchical_memory_pyramid] Stopping hierarchical memory pyramid
2025-11-29 15:36:22,632 [INFO] telemetry_engine: [hierarchical_memory_pyramid] Saving memories to persistent storage
2025-11-29 15:36:22,636 [INFO] telemetry_engine: [hierarchical_memory_pyramid] Saved 5 memories to persistent storage
2025-11-29 15:36:22,636 [INFO] telemetry_engine: [hierarchical_memory_pyramid] Hierarchical memory pyramid stopped
---------------------------- Captured log teardown -----------------------------
INFO     telemetry_engine:telemetry_engine.py:286 [hierarchical_memory_pyramid] Stopping hierarchical memory pyramid
INFO     telemetry_engine:telemetry_engine.py:286 [hierarchical_memory_pyramid] Saving memories to persistent storage
INFO     telemetry_engine:telemetry_engine.py:286 [hierarchical_memory_pyramid] Saved 5 memories to persistent storage
INFO     telemetry_engine:telemetry_engine.py:286 [hierarchical_memory_pyramid] Hierarchical memory pyramid stopped
_______ TestHierarchicalMemoryPyramid.test_memory_consolidation_by_count _______

self = <test_gpt5_p4_memory.TestHierarchicalMemoryPyramid object at 0x14eb688e0>
memory_pyramid_instance = <core.memory_pyramid.hierarchical_memory_pyramid.HierarchicalMemoryPyramid object at 0x14ec535e0>

    @pytest.mark.asyncio
    async def test_memory_consolidation_by_count(self, memory_pyramid_instance):
        """Test automatic memory consolidation when working memory is full"""
        # Set low threshold for testing
        pyramid = memory_pyramid_instance
        pyramid.working_memory_threshold = 3
    
        # Fill working memory beyond threshold
        for i in range(5):
            await pyramid.store_memory(
                content=f"Working memory item {i}",
                memory_type=MemoryType.USER_REQUEST,
                importance=0.5 + (i * 0.1)  # Varying importance
            )
    
        # Trigger consolidation
>       await pyramid.consolidate_memories()
E       TypeError: consolidate_memories() missing 1 required positional argument: 'source_tier'

tests/unit/test_gpt5_p4_memory.py:224: TypeError
---------------------------- Captured stderr setup -----------------------------
2025-11-29 15:36:22,640 [INFO] telemetry_engine: [telemetry_engine] Component registered: hierarchical_memory_pyramid
2025-11-29 15:36:22,646 [INFO] telemetry_engine: [hierarchical_memory_pyramid] Starting hierarchical memory pyramid
2025-11-29 15:36:22,647 [INFO] telemetry_engine: [hierarchical_memory_pyramid] Loading memories from persistent storage
2025-11-29 15:36:22,647 [INFO] telemetry_engine: [hierarchical_memory_pyramid] Loaded 0 memories from persistent storage
2025-11-29 15:36:22,648 [INFO] telemetry_engine: [hierarchical_memory_pyramid] Hierarchical memory pyramid started
------------------------------ Captured log setup ------------------------------
INFO     telemetry_engine:telemetry_engine.py:286 [telemetry_engine] Component registered: hierarchical_memory_pyramid
INFO     telemetry_engine:telemetry_engine.py:286 [hierarchical_memory_pyramid] Starting hierarchical memory pyramid
INFO     telemetry_engine:telemetry_engine.py:286 [hierarchical_memory_pyramid] Loading memories from persistent storage
INFO     telemetry_engine:telemetry_engine.py:286 [hierarchical_memory_pyramid] Loaded 0 memories from persistent storage
INFO     telemetry_engine:telemetry_engine.py:286 [hierarchical_memory_pyramid] Hierarchical memory pyramid started
--------------------------- Captured stderr teardown ---------------------------
2025-11-29 15:36:22,661 [INFO] telemetry_engine: [hierarchical_memory_pyramid] Stopping hierarchical memory pyramid
2025-11-29 15:36:32,668 [INFO] telemetry_engine: [hierarchical_memory_pyramid] Saving memories to persistent storage
2025-11-29 15:36:32,670 [INFO] telemetry_engine: [hierarchical_memory_pyramid] Saved 5 memories to persistent storage
2025-11-29 15:36:32,671 [INFO] telemetry_engine: [hierarchical_memory_pyramid] Hierarchical memory pyramid stopped
---------------------------- Captured log teardown -----------------------------
INFO     telemetry_engine:telemetry_engine.py:286 [hierarchical_memory_pyramid] Stopping hierarchical memory pyramid
INFO     telemetry_engine:telemetry_engine.py:286 [hierarchical_memory_pyramid] Saving memories to persistent storage
INFO     telemetry_engine:telemetry_engine.py:286 [hierarchical_memory_pyramid] Saved 5 memories to persistent storage
INFO     telemetry_engine:telemetry_engine.py:286 [hierarchical_memory_pyramid] Hierarchical memory pyramid stopped
_______ TestHierarchicalMemoryPyramid.test_memory_consolidation_by_time ________

self = <test_gpt5_p4_memory.TestHierarchicalMemoryPyramid object at 0x14eabd430>
memory_pyramid_instance = <core.memory_pyramid.hierarchical_memory_pyramid.HierarchicalMemoryPyramid object at 0x14ec534f0>

    @pytest.mark.asyncio
    async def test_memory_consolidation_by_time(self, memory_pyramid_instance):
        """Test time-based memory consolidation"""
        pyramid = memory_pyramid_instance
    
        # Create old memory (simulate)
        old_content = "Old memory for consolidation test"
        memory_id = await pyramid.store_memory(
            content=old_content,
            memory_type=MemoryType.IMPLEMENTATION,
            importance=0.6
        )
    
        # Manually update timestamp to simulate age
        with patch('datetime.datetime') as mock_datetime:
            # Mock old timestamp
            old_time = datetime.now() - timedelta(hours=25)  # Older than 24 hours
            mock_datetime.now.return_value = old_time
    
            # Trigger time-based consolidation
>           await pyramid.consolidate_by_age()
E           AttributeError: 'HierarchicalMemoryPyramid' object has no attribute 'consolidate_by_age'

tests/unit/test_gpt5_p4_memory.py:255: AttributeError
---------------------------- Captured stderr setup -----------------------------
2025-11-29 15:36:32,674 [INFO] telemetry_engine: [telemetry_engine] Component registered: hierarchical_memory_pyramid
2025-11-29 15:36:32,680 [INFO] telemetry_engine: [hierarchical_memory_pyramid] Starting hierarchical memory pyramid
2025-11-29 15:36:32,682 [INFO] telemetry_engine: [hierarchical_memory_pyramid] Loading memories from persistent storage
2025-11-29 15:36:32,683 [INFO] telemetry_engine: [hierarchical_memory_pyramid] Loaded 0 memories from persistent storage
2025-11-29 15:36:32,683 [INFO] telemetry_engine: [hierarchical_memory_pyramid] Hierarchical memory pyramid started
------------------------------ Captured log setup ------------------------------
INFO     telemetry_engine:telemetry_engine.py:286 [telemetry_engine] Component registered: hierarchical_memory_pyramid
INFO     telemetry_engine:telemetry_engine.py:286 [hierarchical_memory_pyramid] Starting hierarchical memory pyramid
INFO     telemetry_engine:telemetry_engine.py:286 [hierarchical_memory_pyramid] Loading memories from persistent storage
INFO     telemetry_engine:telemetry_engine.py:286 [hierarchical_memory_pyramid] Loaded 0 memories from persistent storage
INFO     telemetry_engine:telemetry_engine.py:286 [hierarchical_memory_pyramid] Hierarchical memory pyramid started
--------------------------- Captured stderr teardown ---------------------------
2025-11-29 15:36:32,703 [INFO] telemetry_engine: [hierarchical_memory_pyramid] Stopping hierarchical memory pyramid
2025-11-29 15:36:42,711 [INFO] telemetry_engine: [hierarchical_memory_pyramid] Saving memories to persistent storage
2025-11-29 15:36:42,714 [INFO] telemetry_engine: [hierarchical_memory_pyramid] Saved 1 memories to persistent storage
2025-11-29 15:36:42,715 [INFO] telemetry_engine: [hierarchical_memory_pyramid] Hierarchical memory pyramid stopped
---------------------------- Captured log teardown -----------------------------
INFO     telemetry_engine:telemetry_engine.py:286 [hierarchical_memory_pyramid] Stopping hierarchical memory pyramid
INFO     telemetry_engine:telemetry_engine.py:286 [hierarchical_memory_pyramid] Saving memories to persistent storage
INFO     telemetry_engine:telemetry_engine.py:286 [hierarchical_memory_pyramid] Saved 1 memories to persistent storage
INFO     telemetry_engine:telemetry_engine.py:286 [hierarchical_memory_pyramid] Hierarchical memory pyramid stopped
____________ TestHierarchicalMemoryPyramid.test_memory_compression _____________

self = <test_gpt5_p4_memory.TestHierarchicalMemoryPyramid object at 0x14eabdd30>
memory_pyramid_instance = <core.memory_pyramid.hierarchical_memory_pyramid.HierarchicalMemoryPyramid object at 0x14ec07e80>

    @pytest.mark.asyncio
    async def test_memory_compression(self, memory_pyramid_instance):
        """Test memory compression for archive tier"""
        pyramid = memory_pyramid_instance
    
        # Create memories for compression
        related_memories = [
            "Implemented fibonacci function",
            "Added memoization to fibonacci",
            "Optimized fibonacci performance",
            "Fixed fibonacci edge cases"
        ]
    
        memory_ids = []
        for content in related_memories:
            memory_id = await pyramid.store_memory(
                content=content,
                memory_type=MemoryType.IMPLEMENTATION,
                importance=0.7,
                tier=MemoryTier.LONG_TERM
            )
            memory_ids.append(memory_id)
    
        # Compress related memories
>       compressed_memory = await pyramid.compress_memories(
            memory_ids=memory_ids,
            compression_summary="Complete fibonacci implementation with optimizations"
        )
E       AttributeError: 'HierarchicalMemoryPyramid' object has no attribute 'compress_memories'

tests/unit/test_gpt5_p4_memory.py:291: AttributeError
---------------------------- Captured stderr setup -----------------------------
2025-11-29 15:36:42,718 [INFO] telemetry_engine: [telemetry_engine] Component registered: hierarchical_memory_pyramid
2025-11-29 15:36:42,724 [INFO] telemetry_engine: [hierarchical_memory_pyramid] Starting hierarchical memory pyramid
2025-11-29 15:36:42,724 [INFO] telemetry_engine: [hierarchical_memory_pyramid] Loading memories from persistent storage
2025-11-29 15:36:42,724 [INFO] telemetry_engine: [hierarchical_memory_pyramid] Loaded 0 memories from persistent storage
2025-11-29 15:36:42,725 [INFO] telemetry_engine: [hierarchical_memory_pyramid] Hierarchical memory pyramid started
------------------------------ Captured log setup ------------------------------
INFO     telemetry_engine:telemetry_engine.py:286 [telemetry_engine] Component registered: hierarchical_memory_pyramid
INFO     telemetry_engine:telemetry_engine.py:286 [hierarchical_memory_pyramid] Starting hierarchical memory pyramid
INFO     telemetry_engine:telemetry_engine.py:286 [hierarchical_memory_pyramid] Loading memories from persistent storage
INFO     telemetry_engine:telemetry_engine.py:286 [hierarchical_memory_pyramid] Loaded 0 memories from persistent storage
INFO     telemetry_engine:telemetry_engine.py:286 [hierarchical_memory_pyramid] Hierarchical memory pyramid started
--------------------------- Captured stderr teardown ---------------------------
2025-11-29 15:36:42,738 [INFO] telemetry_engine: [hierarchical_memory_pyramid] Stopping hierarchical memory pyramid
2025-11-29 15:36:52,747 [INFO] telemetry_engine: [hierarchical_memory_pyramid] Saving memories to persistent storage
2025-11-29 15:36:52,749 [INFO] telemetry_engine: [hierarchical_memory_pyramid] Saved 4 memories to persistent storage
2025-11-29 15:36:52,749 [INFO] telemetry_engine: [hierarchical_memory_pyramid] Hierarchical memory pyramid stopped
---------------------------- Captured log teardown -----------------------------
INFO     telemetry_engine:telemetry_engine.py:286 [hierarchical_memory_pyramid] Stopping hierarchical memory pyramid
INFO     telemetry_engine:telemetry_engine.py:286 [hierarchical_memory_pyramid] Saving memories to persistent storage
INFO     telemetry_engine:telemetry_engine.py:286 [hierarchical_memory_pyramid] Saved 4 memories to persistent storage
INFO     telemetry_engine:telemetry_engine.py:286 [hierarchical_memory_pyramid] Hierarchical memory pyramid stopped
___________ TestHierarchicalMemoryPyramid.test_memory_relationships ____________

self = <test_gpt5_p4_memory.TestHierarchicalMemoryPyramid object at 0x14eabd820>
memory_pyramid_instance = <core.memory_pyramid.hierarchical_memory_pyramid.HierarchicalMemoryPyramid object at 0x14ec9d760>

    @pytest.mark.asyncio
    async def test_memory_relationships(self, memory_pyramid_instance):
        """Test memory relationship tracking"""
        # Create parent memory
        parent_id = await memory_pyramid_instance.store_memory(
            content="User request for calculator application",
            memory_type=MemoryType.USER_REQUEST,
            importance=0.8
        )
    
        # Create related memories
        child_memories = [
            "Implemented Calculator class",
            "Added unit tests for Calculator",
            "Optimized calculation performance"
        ]
    
        child_ids = []
        for content in child_memories:
>           child_id = await memory_pyramid_instance.store_memory(
                content=content,
                memory_type=MemoryType.IMPLEMENTATION,
                importance=0.7,
                parent_memory_id=parent_id
            )
E           TypeError: store_memory() got an unexpected keyword argument 'parent_memory_id'

tests/unit/test_gpt5_p4_memory.py:372: TypeError
---------------------------- Captured stderr setup -----------------------------
2025-11-29 15:37:02,773 [INFO] telemetry_engine: [telemetry_engine] Component registered: hierarchical_memory_pyramid
2025-11-29 15:37:02,778 [INFO] telemetry_engine: [hierarchical_memory_pyramid] Starting hierarchical memory pyramid
2025-11-29 15:37:02,778 [INFO] telemetry_engine: [hierarchical_memory_pyramid] Loading memories from persistent storage
2025-11-29 15:37:02,779 [INFO] telemetry_engine: [hierarchical_memory_pyramid] Loaded 0 memories from persistent storage
2025-11-29 15:37:02,779 [INFO] telemetry_engine: [hierarchical_memory_pyramid] Hierarchical memory pyramid started
------------------------------ Captured log setup ------------------------------
INFO     telemetry_engine:telemetry_engine.py:286 [telemetry_engine] Component registered: hierarchical_memory_pyramid
INFO     telemetry_engine:telemetry_engine.py:286 [hierarchical_memory_pyramid] Starting hierarchical memory pyramid
INFO     telemetry_engine:telemetry_engine.py:286 [hierarchical_memory_pyramid] Loading memories from persistent storage
INFO     telemetry_engine:telemetry_engine.py:286 [hierarchical_memory_pyramid] Loaded 0 memories from persistent storage
INFO     telemetry_engine:telemetry_engine.py:286 [hierarchical_memory_pyramid] Hierarchical memory pyramid started
--------------------------- Captured stderr teardown ---------------------------
2025-11-29 15:37:02,794 [INFO] telemetry_engine: [hierarchical_memory_pyramid] Stopping hierarchical memory pyramid
2025-11-29 15:37:12,804 [INFO] telemetry_engine: [hierarchical_memory_pyramid] Saving memories to persistent storage
2025-11-29 15:37:12,808 [INFO] telemetry_engine: [hierarchical_memory_pyramid] Saved 1 memories to persistent storage
2025-11-29 15:37:12,808 [INFO] telemetry_engine: [hierarchical_memory_pyramid] Hierarchical memory pyramid stopped
---------------------------- Captured log teardown -----------------------------
INFO     telemetry_engine:telemetry_engine.py:286 [hierarchical_memory_pyramid] Stopping hierarchical memory pyramid
INFO     telemetry_engine:telemetry_engine.py:286 [hierarchical_memory_pyramid] Saving memories to persistent storage
INFO     telemetry_engine:telemetry_engine.py:286 [hierarchical_memory_pyramid] Saved 1 memories to persistent storage
INFO     telemetry_engine:telemetry_engine.py:286 [hierarchical_memory_pyramid] Hierarchical memory pyramid stopped
_____________ TestHierarchicalMemoryPyramid.test_memory_statistics _____________

self = <test_gpt5_p4_memory.TestHierarchicalMemoryPyramid object at 0x14eabdf10>
memory_pyramid_instance = <core.memory_pyramid.hierarchical_memory_pyramid.HierarchicalMemoryPyramid object at 0x14ec975e0>

    @pytest.mark.asyncio
    async def test_memory_statistics(self, memory_pyramid_instance):
        """Test memory usage statistics"""
        # Add various memories
        for i in range(10):
            await memory_pyramid_instance.store_memory(
                content=f"Test memory {i}",
                memory_type=MemoryType.IMPLEMENTATION,
                importance=0.5 + (i * 0.05),
                tier=MemoryTier.WORKING if i < 3 else MemoryTier.SHORT_TERM
            )
    
        # Get statistics
        stats = await memory_pyramid_instance.get_memory_statistics()
    
>       assert stats["total_memories"] == 10
E       KeyError: 'total_memories'

tests/unit/test_gpt5_p4_memory.py:404: KeyError
---------------------------- Captured stderr setup -----------------------------
2025-11-29 15:37:12,812 [INFO] telemetry_engine: [telemetry_engine] Component registered: hierarchical_memory_pyramid
2025-11-29 15:37:12,817 [INFO] telemetry_engine: [hierarchical_memory_pyramid] Starting hierarchical memory pyramid
2025-11-29 15:37:12,818 [INFO] telemetry_engine: [hierarchical_memory_pyramid] Loading memories from persistent storage
2025-11-29 15:37:12,818 [INFO] telemetry_engine: [hierarchical_memory_pyramid] Loaded 0 memories from persistent storage
2025-11-29 15:37:12,819 [INFO] telemetry_engine: [hierarchical_memory_pyramid] Hierarchical memory pyramid started
------------------------------ Captured log setup ------------------------------
INFO     telemetry_engine:telemetry_engine.py:286 [telemetry_engine] Component registered: hierarchical_memory_pyramid
INFO     telemetry_engine:telemetry_engine.py:286 [hierarchical_memory_pyramid] Starting hierarchical memory pyramid
INFO     telemetry_engine:telemetry_engine.py:286 [hierarchical_memory_pyramid] Loading memories from persistent storage
INFO     telemetry_engine:telemetry_engine.py:286 [hierarchical_memory_pyramid] Loaded 0 memories from persistent storage
INFO     telemetry_engine:telemetry_engine.py:286 [hierarchical_memory_pyramid] Hierarchical memory pyramid started
--------------------------- Captured stderr teardown ---------------------------
2025-11-29 15:37:12,830 [INFO] telemetry_engine: [hierarchical_memory_pyramid] Stopping hierarchical memory pyramid
2025-11-29 15:37:22,832 [INFO] telemetry_engine: [hierarchical_memory_pyramid] Saving memories to persistent storage
2025-11-29 15:37:22,836 [INFO] telemetry_engine: [hierarchical_memory_pyramid] Saved 10 memories to persistent storage
2025-11-29 15:37:22,836 [INFO] telemetry_engine: [hierarchical_memory_pyramid] Hierarchical memory pyramid stopped
---------------------------- Captured log teardown -----------------------------
INFO     telemetry_engine:telemetry_engine.py:286 [hierarchical_memory_pyramid] Stopping hierarchical memory pyramid
INFO     telemetry_engine:telemetry_engine.py:286 [hierarchical_memory_pyramid] Saving memories to persistent storage
INFO     telemetry_engine:telemetry_engine.py:286 [hierarchical_memory_pyramid] Saved 10 memories to persistent storage
INFO     telemetry_engine:telemetry_engine.py:286 [hierarchical_memory_pyramid] Hierarchical memory pyramid stopped
______________ TestHierarchicalMemoryPyramid.test_memory_cleanup _______________

self = <test_gpt5_p4_memory.TestHierarchicalMemoryPyramid object at 0x14eacd400>
memory_pyramid = <async_generator object TestHierarchicalMemoryPyramid.memory_pyramid at 0x14ec41e50>

    @pytest.mark.asyncio
    async def test_memory_cleanup(self, memory_pyramid):
        """Test memory cleanup and garbage collection"""
        # Create low-importance memories
        low_importance_ids = []
        for i in range(5):
>           memory_id = await memory_pyramid.store_memory(
                content=f"Low importance memory {i}",
                memory_type=MemoryType.OPTIMIZATION,
                importance=0.1,
                tier=MemoryTier.ARCHIVE
            )
E           AttributeError: 'async_generator' object has no attribute 'store_memory'

tests/unit/test_gpt5_p4_memory.py:417: AttributeError
___________ TestHierarchicalMemoryPyramid.test_memory_export_import ____________

self = <test_gpt5_p4_memory.TestHierarchicalMemoryPyramid object at 0x14eacd0a0>
memory_pyramid = <async_generator object TestHierarchicalMemoryPyramid.memory_pyramid at 0x14ec413a0>
temp_dir = PosixPath('/var/folders/gc/cjnggvbd1bdgsblrng_h4mf40000gn/T/tmptg9csq_5')

    @pytest.mark.asyncio
    async def test_memory_export_import(self, memory_pyramid, temp_dir):
        """Test memory export and import functionality"""
        # Store test memories
        test_memories = [
            ("Memory export test 1", MemoryType.USER_REQUEST, 0.8),
            ("Memory export test 2", MemoryType.IMPLEMENTATION, 0.7),
            ("Memory export test 3", MemoryType.DECISION, 0.9)
        ]
    
        original_ids = []
        for content, mem_type, importance in test_memories:
>           memory_id = await memory_pyramid.store_memory(
                content=content,
                memory_type=mem_type,
                importance=importance
            )
E           AttributeError: 'async_generator' object has no attribute 'store_memory'

tests/unit/test_gpt5_p4_memory.py:459: AttributeError
_______ TestHierarchicalMemoryPyramid.test_concurrent_memory_operations ________

self = <test_gpt5_p4_memory.TestHierarchicalMemoryPyramid object at 0x14eacd9a0>
memory_pyramid = <async_generator object TestHierarchicalMemoryPyramid.memory_pyramid at 0x14ec7a280>

    @pytest.mark.asyncio
    async def test_concurrent_memory_operations(self, memory_pyramid):
        """Test thread-safe concurrent memory operations"""
        async def store_memories_batch(batch_id: int):
            """Store a batch of memories concurrently"""
            memory_ids = []
            for i in range(5):
                memory_id = await memory_pyramid.store_memory(
                    content=f"Batch {batch_id} - Memory {i}",
                    memory_type=MemoryType.IMPLEMENTATION,
                    importance=0.5
                )
                memory_ids.append(memory_id)
            return memory_ids
    
        # Run concurrent memory storage operations
        tasks = [store_memories_batch(i) for i in range(3)]
>       results = await asyncio.gather(*tasks)

tests/unit/test_gpt5_p4_memory.py:516: 
_ _ _ _ _ _ _ _ _ _ _ _ _ _ _ _ _ _ _ _ _ _ _ _ _ _ _ _ _ _ _ _ _ _ _ _ _ _ _ _ 

batch_id = 0

    async def store_memories_batch(batch_id: int):
        """Store a batch of memories concurrently"""
        memory_ids = []
        for i in range(5):
>           memory_id = await memory_pyramid.store_memory(
                content=f"Batch {batch_id} - Memory {i}",
                memory_type=MemoryType.IMPLEMENTATION,
                importance=0.5
            )
E           AttributeError: 'async_generator' object has no attribute 'store_memory'

tests/unit/test_gpt5_p4_memory.py:506: AttributeError
___________ TestHierarchicalMemoryPyramid.test_memory_tier_promotion ___________

self = <test_gpt5_p4_memory.TestHierarchicalMemoryPyramid object at 0x14eacde20>
memory_pyramid = <async_generator object TestHierarchicalMemoryPyramid.memory_pyramid at 0x14ec7a700>

    @pytest.mark.asyncio
    async def test_memory_tier_promotion(self, memory_pyramid):
        """Test memory promotion between tiers based on access patterns"""
        # Store memory in short-term
>       memory_id = await memory_pyramid.store_memory(
            content="Frequently accessed implementation detail",
            memory_type=MemoryType.IMPLEMENTATION,
            importance=0.6,
            tier=MemoryTier.SHORT_TERM
        )
E       AttributeError: 'async_generator' object has no attribute 'store_memory'

tests/unit/test_gpt5_p4_memory.py:532: AttributeError
________ TestHierarchicalMemoryPyramid.test_memory_pyramid_performance _________

self = <test_gpt5_p4_memory.TestHierarchicalMemoryPyramid object at 0x14eacdf10>
memory_pyramid = <async_generator object TestHierarchicalMemoryPyramid.memory_pyramid at 0x14ec7aaf0>

    @pytest.mark.asyncio
    async def test_memory_pyramid_performance(self, memory_pyramid):
        """Test memory pyramid performance with large dataset"""
        import time
    
        # Store large number of memories
        start_time = time.time()
        memory_ids = []
    
        for i in range(100):
>           memory_id = await memory_pyramid.store_memory(
                content=f"Performance test memory {i}",
                memory_type=MemoryType.IMPLEMENTATION,
                importance=0.5 + (i % 50) / 100  # Varying importance
            )
E           AttributeError: 'async_generator' object has no attribute 'store_memory'

tests/unit/test_gpt5_p4_memory.py:564: AttributeError
_______________ TestMemoryNode.test_memory_node_importance_decay _______________

self = <test_gpt5_p4_memory.TestMemoryNode object at 0x14eacdfd0>

    def test_memory_node_importance_decay(self):
        """Test memory importance decay over time"""
        node = MemoryNode(
            content="Importance decay test",
            memory_type=MemoryType.OPTIMIZATION,
            importance=0.9
        )
    
        # Manually set old creation time using the setter
>       node.created_at = datetime.now(timezone.utc) - timedelta(days=30)
E       NameError: name 'timezone' is not defined

tests/unit/test_gpt5_p4_memory.py:671: NameError
=============================== warnings summary ===============================
venv/lib/python3.9/site-packages/jupyter_client/connect.py:22
  /Users/apple/Library/Mobile Documents/com~apple~CloudDocs/SProjects/myagent-continuous-ai-builder/venv/lib/python3.9/site-packages/jupyter_client/connect.py:22: DeprecationWarning: Jupyter is migrating its paths to use standard platformdirs
  given by the platformdirs library.  To remove this warning and
  see the appropriate new directories, set the environment variable
  `JUPYTER_PLATFORM_DIRS=1` and then run `jupyter --paths`.
  The use of platformdirs will be the default in `jupyter_core` v6
    from jupyter_core.paths import jupyter_data_dir, jupyter_runtime_dir, secure_write

venv/lib/python3.9/site-packages/torch/nn/modules/transformer.py:20
  /Users/apple/Library/Mobile Documents/com~apple~CloudDocs/SProjects/myagent-continuous-ai-builder/venv/lib/python3.9/site-packages/torch/nn/modules/transformer.py:20: UserWarning: Failed to initialize NumPy: _ARRAY_API not found (Triggered internally at /Users/runner/work/pytorch/pytorch/pytorch/torch/csrc/utils/tensor_numpy.cpp:84.)
    device: torch.device = torch.device(torch._C._get_default_device()),  # torch.device('cpu'),

config/settings.py:19
  /Users/apple/Library/Mobile Documents/com~apple~CloudDocs/SProjects/myagent-continuous-ai-builder/config/settings.py:19: PydanticDeprecatedSince20: Using extra keyword arguments on `Field` is deprecated and will be removed. Use `json_schema_extra` instead. (Extra keys: 'env'). Deprecated in Pydantic V2.0 to be removed in V3.0. See Pydantic V2 Migration Guide at https://errors.pydantic.dev/2.12/migration/
    DEBUG: bool = Field(default=False, env="DEBUG")

config/settings.py:22
  /Users/apple/Library/Mobile Documents/com~apple~CloudDocs/SProjects/myagent-continuous-ai-builder/config/settings.py:22: PydanticDeprecatedSince20: Using extra keyword arguments on `Field` is deprecated and will be removed. Use `json_schema_extra` instead. (Extra keys: 'env'). Deprecated in Pydantic V2.0 to be removed in V3.0. See Pydantic V2 Migration Guide at https://errors.pydantic.dev/2.12/migration/
    API_HOST: str = Field(default="0.0.0.0", env="API_HOST")

config/settings.py:23
  /Users/apple/Library/Mobile Documents/com~apple~CloudDocs/SProjects/myagent-continuous-ai-builder/config/settings.py:23: PydanticDeprecatedSince20: Using extra keyword arguments on `Field` is deprecated and will be removed. Use `json_schema_extra` instead. (Extra keys: 'env'). Deprecated in Pydantic V2.0 to be removed in V3.0. See Pydantic V2 Migration Guide at https://errors.pydantic.dev/2.12/migration/
    API_PORT: int = Field(default=8000, env="API_PORT")

config/settings.py:24
  /Users/apple/Library/Mobile Documents/com~apple~CloudDocs/SProjects/myagent-continuous-ai-builder/config/settings.py:24: PydanticDeprecatedSince20: Using extra keyword arguments on `Field` is deprecated and will be removed. Use `json_schema_extra` instead. (Extra keys: 'env'). Deprecated in Pydantic V2.0 to be removed in V3.0. See Pydantic V2 Migration Guide at https://errors.pydantic.dev/2.12/migration/
    API_WORKERS: int = Field(default=4, env="API_WORKERS")

config/settings.py:25
  /Users/apple/Library/Mobile Documents/com~apple~CloudDocs/SProjects/myagent-continuous-ai-builder/config/settings.py:25: PydanticDeprecatedSince20: Using extra keyword arguments on `Field` is deprecated and will be removed. Use `json_schema_extra` instead. (Extra keys: 'env'). Deprecated in Pydantic V2.0 to be removed in V3.0. See Pydantic V2 Migration Guide at https://errors.pydantic.dev/2.12/migration/
    CORS_ORIGINS: List[str] = Field(

config/settings.py:31
  /Users/apple/Library/Mobile Documents/com~apple~CloudDocs/SProjects/myagent-continuous-ai-builder/config/settings.py:31: PydanticDeprecatedSince20: Using extra keyword arguments on `Field` is deprecated and will be removed. Use `json_schema_extra` instead. (Extra keys: 'env'). Deprecated in Pydantic V2.0 to be removed in V3.0. See Pydantic V2 Migration Guide at https://errors.pydantic.dev/2.12/migration/
    DATABASE_URL: str = Field(

config/settings.py:35
  /Users/apple/Library/Mobile Documents/com~apple~CloudDocs/SProjects/myagent-continuous-ai-builder/config/settings.py:35: PydanticDeprecatedSince20: Using extra keyword arguments on `Field` is deprecated and will be removed. Use `json_schema_extra` instead. (Extra keys: 'env'). Deprecated in Pydantic V2.0 to be removed in V3.0. See Pydantic V2 Migration Guide at https://errors.pydantic.dev/2.12/migration/
    DATABASE_POOL_SIZE: int = Field(default=20, env="DATABASE_POOL_SIZE")

config/settings.py:36
  /Users/apple/Library/Mobile Documents/com~apple~CloudDocs/SProjects/myagent-continuous-ai-builder/config/settings.py:36: PydanticDeprecatedSince20: Using extra keyword arguments on `Field` is deprecated and will be removed. Use `json_schema_extra` instead. (Extra keys: 'env'). Deprecated in Pydantic V2.0 to be removed in V3.0. See Pydantic V2 Migration Guide at https://errors.pydantic.dev/2.12/migration/
    DATABASE_MAX_OVERFLOW: int = Field(default=10, env="DATABASE_MAX_OVERFLOW")

config/settings.py:39
  /Users/apple/Library/Mobile Documents/com~apple~CloudDocs/SProjects/myagent-continuous-ai-builder/config/settings.py:39: PydanticDeprecatedSince20: Using extra keyword arguments on `Field` is deprecated and will be removed. Use `json_schema_extra` instead. (Extra keys: 'env'). Deprecated in Pydantic V2.0 to be removed in V3.0. See Pydantic V2 Migration Guide at https://errors.pydantic.dev/2.12/migration/
    REDIS_URL: str = Field(default="redis://localhost:6379/0", env="REDIS_URL")

config/settings.py:40
  /Users/apple/Library/Mobile Documents/com~apple~CloudDocs/SProjects/myagent-continuous-ai-builder/config/settings.py:40: PydanticDeprecatedSince20: Using extra keyword arguments on `Field` is deprecated and will be removed. Use `json_schema_extra` instead. (Extra keys: 'env'). Deprecated in Pydantic V2.0 to be removed in V3.0. See Pydantic V2 Migration Guide at https://errors.pydantic.dev/2.12/migration/
    REDIS_MAX_CONNECTIONS: int = Field(default=50, env="REDIS_MAX_CONNECTIONS")

config/settings.py:42
  /Users/apple/Library/Mobile Documents/com~apple~CloudDocs/SProjects/myagent-continuous-ai-builder/config/settings.py:42: PydanticDeprecatedSince20: Pydantic V1 style `@validator` validators are deprecated. You should migrate to Pydantic V2 style `@field_validator` validators, see the migration guide for more details. Deprecated in Pydantic V2.0 to be removed in V3.0. See Pydantic V2 Migration Guide at https://errors.pydantic.dev/2.12/migration/
    @validator("DATABASE_URL", pre=True, always=True)

config/settings.py:55
  /Users/apple/Library/Mobile Documents/com~apple~CloudDocs/SProjects/myagent-continuous-ai-builder/config/settings.py:55: PydanticDeprecatedSince20: Using extra keyword arguments on `Field` is deprecated and will be removed. Use `json_schema_extra` instead. (Extra keys: 'env'). Deprecated in Pydantic V2.0 to be removed in V3.0. See Pydantic V2 Migration Guide at https://errors.pydantic.dev/2.12/migration/
    CHROMADB_HOST: str = Field(default="localhost", env="CHROMADB_HOST")

config/settings.py:56
  /Users/apple/Library/Mobile Documents/com~apple~CloudDocs/SProjects/myagent-continuous-ai-builder/config/settings.py:56: PydanticDeprecatedSince20: Using extra keyword arguments on `Field` is deprecated and will be removed. Use `json_schema_extra` instead. (Extra keys: 'env'). Deprecated in Pydantic V2.0 to be removed in V3.0. See Pydantic V2 Migration Guide at https://errors.pydantic.dev/2.12/migration/
    CHROMADB_PORT: int = Field(default=8000, env="CHROMADB_PORT")

config/settings.py:57
  /Users/apple/Library/Mobile Documents/com~apple~CloudDocs/SProjects/myagent-continuous-ai-builder/config/settings.py:57: PydanticDeprecatedSince20: Using extra keyword arguments on `Field` is deprecated and will be removed. Use `json_schema_extra` instead. (Extra keys: 'env'). Deprecated in Pydantic V2.0 to be removed in V3.0. See Pydantic V2 Migration Guide at https://errors.pydantic.dev/2.12/migration/
    CHROMADB_PATH: str = Field(

config/settings.py:63
  /Users/apple/Library/Mobile Documents/com~apple~CloudDocs/SProjects/myagent-continuous-ai-builder/config/settings.py:63: PydanticDeprecatedSince20: Using extra keyword arguments on `Field` is deprecated and will be removed. Use `json_schema_extra` instead. (Extra keys: 'env'). Deprecated in Pydantic V2.0 to be removed in V3.0. See Pydantic V2 Migration Guide at https://errors.pydantic.dev/2.12/migration/
    OPENAI_API_KEY: Optional[str] = Field(default=None, env="OPENAI_API_KEY")

config/settings.py:64
  /Users/apple/Library/Mobile Documents/com~apple~CloudDocs/SProjects/myagent-continuous-ai-builder/config/settings.py:64: PydanticDeprecatedSince20: Using extra keyword arguments on `Field` is deprecated and will be removed. Use `json_schema_extra` instead. (Extra keys: 'env'). Deprecated in Pydantic V2.0 to be removed in V3.0. See Pydantic V2 Migration Guide at https://errors.pydantic.dev/2.12/migration/
    ANTHROPIC_API_KEY: Optional[str] = Field(default=None, env="ANTHROPIC_API_KEY")

config/settings.py:65
  /Users/apple/Library/Mobile Documents/com~apple~CloudDocs/SProjects/myagent-continuous-ai-builder/config/settings.py:65: PydanticDeprecatedSince20: Using extra keyword arguments on `Field` is deprecated and will be removed. Use `json_schema_extra` instead. (Extra keys: 'env'). Deprecated in Pydantic V2.0 to be removed in V3.0. See Pydantic V2 Migration Guide at https://errors.pydantic.dev/2.12/migration/
    OLLAMA_BASE_URL: str = Field(

config/settings.py:71
  /Users/apple/Library/Mobile Documents/com~apple~CloudDocs/SProjects/myagent-continuous-ai-builder/config/settings.py:71: PydanticDeprecatedSince20: Using extra keyword arguments on `Field` is deprecated and will be removed. Use `json_schema_extra` instead. (Extra keys: 'env'). Deprecated in Pydantic V2.0 to be removed in V3.0. See Pydantic V2 Migration Guide at https://errors.pydantic.dev/2.12/migration/
    DEFAULT_LLM_PROVIDER: str = Field(default="openai", env="DEFAULT_LLM_PROVIDER")

config/settings.py:72
  /Users/apple/Library/Mobile Documents/com~apple~CloudDocs/SProjects/myagent-continuous-ai-builder/config/settings.py:72: PydanticDeprecatedSince20: Using extra keyword arguments on `Field` is deprecated and will be removed. Use `json_schema_extra` instead. (Extra keys: 'env'). Deprecated in Pydantic V2.0 to be removed in V3.0. See Pydantic V2 Migration Guide at https://errors.pydantic.dev/2.12/migration/
    DEFAULT_MODEL: str = Field(default="gpt-5-chat-latest", env="DEFAULT_MODEL")

config/settings.py:73
  /Users/apple/Library/Mobile Documents/com~apple~CloudDocs/SProjects/myagent-continuous-ai-builder/config/settings.py:73: PydanticDeprecatedSince20: Using extra keyword arguments on `Field` is deprecated and will be removed. Use `json_schema_extra` instead. (Extra keys: 'env'). Deprecated in Pydantic V2.0 to be removed in V3.0. See Pydantic V2 Migration Guide at https://errors.pydantic.dev/2.12/migration/
    LLM_TEMPERATURE: float = Field(default=0.7, env="LLM_TEMPERATURE")

config/settings.py:74
  /Users/apple/Library/Mobile Documents/com~apple~CloudDocs/SProjects/myagent-continuous-ai-builder/config/settings.py:74: PydanticDeprecatedSince20: Using extra keyword arguments on `Field` is deprecated and will be removed. Use `json_schema_extra` instead. (Extra keys: 'env'). Deprecated in Pydantic V2.0 to be removed in V3.0. See Pydantic V2 Migration Guide at https://errors.pydantic.dev/2.12/migration/
    LLM_MAX_TOKENS: int = Field(default=2000, env="LLM_MAX_TOKENS")

config/settings.py:77
  /Users/apple/Library/Mobile Documents/com~apple~CloudDocs/SProjects/myagent-continuous-ai-builder/config/settings.py:77: PydanticDeprecatedSince20: Using extra keyword arguments on `Field` is deprecated and will be removed. Use `json_schema_extra` instead. (Extra keys: 'env'). Deprecated in Pydantic V2.0 to be removed in V3.0. See Pydantic V2 Migration Guide at https://errors.pydantic.dev/2.12/migration/
    TARGET_TEST_COVERAGE: float = Field(default=95.0, env="TARGET_TEST_COVERAGE")

config/settings.py:78
  /Users/apple/Library/Mobile Documents/com~apple~CloudDocs/SProjects/myagent-continuous-ai-builder/config/settings.py:78: PydanticDeprecatedSince20: Using extra keyword arguments on `Field` is deprecated and will be removed. Use `json_schema_extra` instead. (Extra keys: 'env'). Deprecated in Pydantic V2.0 to be removed in V3.0. See Pydantic V2 Migration Guide at https://errors.pydantic.dev/2.12/migration/
    TARGET_PERFORMANCE_SCORE: float = Field(

config/settings.py:82
  /Users/apple/Library/Mobile Documents/com~apple~CloudDocs/SProjects/myagent-continuous-ai-builder/config/settings.py:82: PydanticDeprecatedSince20: Using extra keyword arguments on `Field` is deprecated and will be removed. Use `json_schema_extra` instead. (Extra keys: 'env'). Deprecated in Pydantic V2.0 to be removed in V3.0. See Pydantic V2 Migration Guide at https://errors.pydantic.dev/2.12/migration/
    TARGET_DOCUMENTATION_COVERAGE: float = Field(

config/settings.py:86
  /Users/apple/Library/Mobile Documents/com~apple~CloudDocs/SProjects/myagent-continuous-ai-builder/config/settings.py:86: PydanticDeprecatedSince20: Using extra keyword arguments on `Field` is deprecated and will be removed. Use `json_schema_extra` instead. (Extra keys: 'env'). Deprecated in Pydantic V2.0 to be removed in V3.0. See Pydantic V2 Migration Guide at https://errors.pydantic.dev/2.12/migration/
    TARGET_CODE_QUALITY_SCORE: float = Field(

config/settings.py:90
  /Users/apple/Library/Mobile Documents/com~apple~CloudDocs/SProjects/myagent-continuous-ai-builder/config/settings.py:90: PydanticDeprecatedSince20: Using extra keyword arguments on `Field` is deprecated and will be removed. Use `json_schema_extra` instead. (Extra keys: 'env'). Deprecated in Pydantic V2.0 to be removed in V3.0. See Pydantic V2 Migration Guide at https://errors.pydantic.dev/2.12/migration/
    TARGET_SECURITY_SCORE: float = Field(default=95.0, env="TARGET_SECURITY_SCORE")

config/settings.py:91
  /Users/apple/Library/Mobile Documents/com~apple~CloudDocs/SProjects/myagent-continuous-ai-builder/config/settings.py:91: PydanticDeprecatedSince20: Using extra keyword arguments on `Field` is deprecated and will be removed. Use `json_schema_extra` instead. (Extra keys: 'env'). Deprecated in Pydantic V2.0 to be removed in V3.0. See Pydantic V2 Migration Guide at https://errors.pydantic.dev/2.12/migration/
    TARGET_USER_SATISFACTION: float = Field(

config/settings.py:97
  /Users/apple/Library/Mobile Documents/com~apple~CloudDocs/SProjects/myagent-continuous-ai-builder/config/settings.py:97: PydanticDeprecatedSince20: Using extra keyword arguments on `Field` is deprecated and will be removed. Use `json_schema_extra` instead. (Extra keys: 'env'). Deprecated in Pydantic V2.0 to be removed in V3.0. See Pydantic V2 Migration Guide at https://errors.pydantic.dev/2.12/migration/
    MAX_AGENT_RETRIES: int = Field(default=3, env="MAX_AGENT_RETRIES")

config/settings.py:98
  /Users/apple/Library/Mobile Documents/com~apple~CloudDocs/SProjects/myagent-continuous-ai-builder/config/settings.py:98: PydanticDeprecatedSince20: Using extra keyword arguments on `Field` is deprecated and will be removed. Use `json_schema_extra` instead. (Extra keys: 'env'). Deprecated in Pydantic V2.0 to be removed in V3.0. See Pydantic V2 Migration Guide at https://errors.pydantic.dev/2.12/migration/
    AGENT_TIMEOUT_SECONDS: int = Field(default=300, env="AGENT_TIMEOUT_SECONDS")

config/settings.py:99
  /Users/apple/Library/Mobile Documents/com~apple~CloudDocs/SProjects/myagent-continuous-ai-builder/config/settings.py:99: PydanticDeprecatedSince20: Using extra keyword arguments on `Field` is deprecated and will be removed. Use `json_schema_extra` instead. (Extra keys: 'env'). Deprecated in Pydantic V2.0 to be removed in V3.0. See Pydantic V2 Migration Guide at https://errors.pydantic.dev/2.12/migration/
    CHECKPOINT_INTERVAL_HOURS: int = Field(

config/settings.py:105
  /Users/apple/Library/Mobile Documents/com~apple~CloudDocs/SProjects/myagent-continuous-ai-builder/config/settings.py:105: PydanticDeprecatedSince20: Using extra keyword arguments on `Field` is deprecated and will be removed. Use `json_schema_extra` instead. (Extra keys: 'env'). Deprecated in Pydantic V2.0 to be removed in V3.0. See Pydantic V2 Migration Guide at https://errors.pydantic.dev/2.12/migration/
    PERSISTENCE_DIR: Path = Field(

config/settings.py:109
  /Users/apple/Library/Mobile Documents/com~apple~CloudDocs/SProjects/myagent-continuous-ai-builder/config/settings.py:109: PydanticDeprecatedSince20: Using extra keyword arguments on `Field` is deprecated and will be removed. Use `json_schema_extra` instead. (Extra keys: 'env'). Deprecated in Pydantic V2.0 to be removed in V3.0. See Pydantic V2 Migration Guide at https://errors.pydantic.dev/2.12/migration/
    LOGS_DIR: Path = Field(default=Path("logs"), env="LOGS_DIR")

config/settings.py:112
  /Users/apple/Library/Mobile Documents/com~apple~CloudDocs/SProjects/myagent-continuous-ai-builder/config/settings.py:112: PydanticDeprecatedSince20: Using extra keyword arguments on `Field` is deprecated and will be removed. Use `json_schema_extra` instead. (Extra keys: 'env'). Deprecated in Pydantic V2.0 to be removed in V3.0. See Pydantic V2 Migration Guide at https://errors.pydantic.dev/2.12/migration/
    SECRET_KEY: str = Field(

config/settings.py:116
  /Users/apple/Library/Mobile Documents/com~apple~CloudDocs/SProjects/myagent-continuous-ai-builder/config/settings.py:116: PydanticDeprecatedSince20: Using extra keyword arguments on `Field` is deprecated and will be removed. Use `json_schema_extra` instead. (Extra keys: 'env'). Deprecated in Pydantic V2.0 to be removed in V3.0. See Pydantic V2 Migration Guide at https://errors.pydantic.dev/2.12/migration/
    JWT_ALGORITHM: str = Field(default="HS256", env="JWT_ALGORITHM")

config/settings.py:117
  /Users/apple/Library/Mobile Documents/com~apple~CloudDocs/SProjects/myagent-continuous-ai-builder/config/settings.py:117: PydanticDeprecatedSince20: Using extra keyword arguments on `Field` is deprecated and will be removed. Use `json_schema_extra` instead. (Extra keys: 'env'). Deprecated in Pydantic V2.0 to be removed in V3.0. See Pydantic V2 Migration Guide at https://errors.pydantic.dev/2.12/migration/
    JWT_EXPIRATION_MINUTES: int = Field(

config/settings.py:123
  /Users/apple/Library/Mobile Documents/com~apple~CloudDocs/SProjects/myagent-continuous-ai-builder/config/settings.py:123: PydanticDeprecatedSince20: Using extra keyword arguments on `Field` is deprecated and will be removed. Use `json_schema_extra` instead. (Extra keys: 'env'). Deprecated in Pydantic V2.0 to be removed in V3.0. See Pydantic V2 Migration Guide at https://errors.pydantic.dev/2.12/migration/
    RATE_LIMIT_PER_MINUTE: int = Field(default=100, env="RATE_LIMIT_PER_MINUTE")

config/settings.py:125
  /Users/apple/Library/Mobile Documents/com~apple~CloudDocs/SProjects/myagent-continuous-ai-builder/config/settings.py:125: PydanticDeprecatedSince20: Pydantic V1 style `@validator` validators are deprecated. You should migrate to Pydantic V2 style `@field_validator` validators, see the migration guide for more details. Deprecated in Pydantic V2.0 to be removed in V3.0. See Pydantic V2 Migration Guide at https://errors.pydantic.dev/2.12/migration/
    @validator("CORS_ORIGINS", pre=True)

config/settings.py:132
  /Users/apple/Library/Mobile Documents/com~apple~CloudDocs/SProjects/myagent-continuous-ai-builder/config/settings.py:132: PydanticDeprecatedSince20: Pydantic V1 style `@validator` validators are deprecated. You should migrate to Pydantic V2 style `@field_validator` validators, see the migration guide for more details. Deprecated in Pydantic V2.0 to be removed in V3.0. See Pydantic V2 Migration Guide at https://errors.pydantic.dev/2.12/migration/
    @validator("PERSISTENCE_DIR", "LOGS_DIR", pre=True)

config/settings.py:13
  /Users/apple/Library/Mobile Documents/com~apple~CloudDocs/SProjects/myagent-continuous-ai-builder/config/settings.py:13: PydanticDeprecatedSince20: Support for class-based `config` is deprecated, use ConfigDict instead. Deprecated in Pydantic V2.0 to be removed in V3.0. See Pydantic V2 Migration Guide at https://errors.pydantic.dev/2.12/migration/
    class Settings(BaseSettings):

tests/unit/test_gpt5_p4_memory.py:23
  /Users/apple/Library/Mobile Documents/com~apple~CloudDocs/SProjects/myagent-continuous-ai-builder/tests/unit/test_gpt5_p4_memory.py:23: PytestUnknownMarkWarning: Unknown pytest.mark.unit - is this a typo?  You can register custom marks to avoid this warning - for details, see https://docs.pytest.org/en/stable/how-to/mark.html
    @pytest.mark.unit

tests/unit/test_gpt5_p4_memory.py:24
  /Users/apple/Library/Mobile Documents/com~apple~CloudDocs/SProjects/myagent-continuous-ai-builder/tests/unit/test_gpt5_p4_memory.py:24: PytestUnknownMarkWarning: Unknown pytest.mark.gpt5 - is this a typo?  You can register custom marks to avoid this warning - for details, see https://docs.pytest.org/en/stable/how-to/mark.html
    @pytest.mark.gpt5

tests/unit/test_gpt5_p4_memory.py:25
  /Users/apple/Library/Mobile Documents/com~apple~CloudDocs/SProjects/myagent-continuous-ai-builder/tests/unit/test_gpt5_p4_memory.py:25: PytestUnknownMarkWarning: Unknown pytest.mark.memory - is this a typo?  You can register custom marks to avoid this warning - for details, see https://docs.pytest.org/en/stable/how-to/mark.html
    @pytest.mark.memory

tests/unit/test_gpt5_p4_memory.py:595
  /Users/apple/Library/Mobile Documents/com~apple~CloudDocs/SProjects/myagent-continuous-ai-builder/tests/unit/test_gpt5_p4_memory.py:595: PytestUnknownMarkWarning: Unknown pytest.mark.unit - is this a typo?  You can register custom marks to avoid this warning - for details, see https://docs.pytest.org/en/stable/how-to/mark.html
    @pytest.mark.unit

tests/unit/test_gpt5_p4_memory.py:596
  /Users/apple/Library/Mobile Documents/com~apple~CloudDocs/SProjects/myagent-continuous-ai-builder/tests/unit/test_gpt5_p4_memory.py:596: PytestUnknownMarkWarning: Unknown pytest.mark.gpt5 - is this a typo?  You can register custom marks to avoid this warning - for details, see https://docs.pytest.org/en/stable/how-to/mark.html
    @pytest.mark.gpt5

tests/unit/test_gpt5_p4_memory.py:597
  /Users/apple/Library/Mobile Documents/com~apple~CloudDocs/SProjects/myagent-continuous-ai-builder/tests/unit/test_gpt5_p4_memory.py:597: PytestUnknownMarkWarning: Unknown pytest.mark.memory - is this a typo?  You can register custom marks to avoid this warning - for details, see https://docs.pytest.org/en/stable/how-to/mark.html
    @pytest.mark.memory

tests/unit/test_gpt5_p4_memory.py:679
  /Users/apple/Library/Mobile Documents/com~apple~CloudDocs/SProjects/myagent-continuous-ai-builder/tests/unit/test_gpt5_p4_memory.py:679: PytestUnknownMarkWarning: Unknown pytest.mark.unit - is this a typo?  You can register custom marks to avoid this warning - for details, see https://docs.pytest.org/en/stable/how-to/mark.html
    @pytest.mark.unit

tests/unit/test_gpt5_p4_memory.py:680
  /Users/apple/Library/Mobile Documents/com~apple~CloudDocs/SProjects/myagent-continuous-ai-builder/tests/unit/test_gpt5_p4_memory.py:680: PytestUnknownMarkWarning: Unknown pytest.mark.gpt5 - is this a typo?  You can register custom marks to avoid this warning - for details, see https://docs.pytest.org/en/stable/how-to/mark.html
    @pytest.mark.gpt5

tests/unit/test_gpt5_p4_memory.py:681
  /Users/apple/Library/Mobile Documents/com~apple~CloudDocs/SProjects/myagent-continuous-ai-builder/tests/unit/test_gpt5_p4_memory.py:681: PytestUnknownMarkWarning: Unknown pytest.mark.memory - is this a typo?  You can register custom marks to avoid this warning - for details, see https://docs.pytest.org/en/stable/how-to/mark.html
    @pytest.mark.memory

tests/conftest.py:502
  /Users/apple/Library/Mobile Documents/com~apple~CloudDocs/SProjects/myagent-continuous-ai-builder/tests/conftest.py:502: PytestUnknownMarkWarning: Unknown pytest.mark.unit - is this a typo?  You can register custom marks to avoid this warning - for details, see https://docs.pytest.org/en/stable/how-to/mark.html
    item.add_marker(pytest.mark.unit)

-- Docs: https://docs.pytest.org/en/stable/how-to/capture-warnings.html
=========================== short test summary info ============================
FAILED tests/unit/test_gpt5_p4_memory.py::TestHierarchicalMemoryPyramid::test_retrieve_memory_by_id
FAILED tests/unit/test_gpt5_p4_memory.py::TestHierarchicalMemoryPyramid::test_search_memories_by_content
FAILED tests/unit/test_gpt5_p4_memory.py::TestHierarchicalMemoryPyramid::test_search_memories_by_type
FAILED tests/unit/test_gpt5_p4_memory.py::TestHierarchicalMemoryPyramid::test_memory_consolidation_by_count
FAILED tests/unit/test_gpt5_p4_memory.py::TestHierarchicalMemoryPyramid::test_memory_consolidation_by_time
FAILED tests/unit/test_gpt5_p4_memory.py::TestHierarchicalMemoryPyramid::test_memory_compression
FAILED tests/unit/test_gpt5_p4_memory.py::TestHierarchicalMemoryPyramid::test_memory_relationships
FAILED tests/unit/test_gpt5_p4_memory.py::TestHierarchicalMemoryPyramid::test_memory_statistics
FAILED tests/unit/test_gpt5_p4_memory.py::TestHierarchicalMemoryPyramid::test_memory_cleanup
FAILED tests/unit/test_gpt5_p4_memory.py::TestHierarchicalMemoryPyramid::test_memory_export_import
FAILED tests/unit/test_gpt5_p4_memory.py::TestHierarchicalMemoryPyramid::test_concurrent_memory_operations
FAILED tests/unit/test_gpt5_p4_memory.py::TestHierarchicalMemoryPyramid::test_memory_tier_promotion
FAILED tests/unit/test_gpt5_p4_memory.py::TestHierarchicalMemoryPyramid::test_memory_pyramid_performance
FAILED tests/unit/test_gpt5_p4_memory.py::TestMemoryNode::test_memory_node_importance_decay
============ 14 failed, 9 passed, 51 warnings in 120.91s (0:02:00) =============
