ğŸ” Testing imports for all GPT-5 improvements...
   âŒ Meta-Governance Layer: No module named 'aioredis'
   âœ… Iteration Quality Framework imported
   âœ… Agent Communication Bus imported
   âœ… Unified Memory Orchestrator imported
   âœ… Human-in-the-Loop Review Gateway imported
   âŒ Reinforcement Learning Engine: cannot import name 'RLConfiguration' from 'core.learning.reinforcement_learning_engine' (/home/aadel/projects/22_MyAgent/core/learning/reinforcement_learning_engine.py)
   âœ… Modular Agent Skills imported

ğŸ“Š Import Summary: 5/7 components imported successfully
ğŸš€ Starting Comprehensive GPT-5 Enhancement Test Suite
======================================================================

ğŸ“‹ Testing Meta-Governance Layer...
âŒ Meta-Governance Layer: FAILED - name 'GovernanceConfiguration' is not defined

ğŸ“‹ Testing Iteration Quality Framework...
âŒ Iteration Quality Framework: FAILED - 'IterationQualityFramework' object has no attribute 'calculate_iteration_quality_score'

ğŸ“‹ Testing Agent Communication Bus...
âŒ Agent Communication Bus: FAILED - cannot import name 'Message' from 'core.communication.agent_message_bus' (/home/aadel/projects/22_MyAgent/core/communication/agent_message_bus.py)

ğŸ“‹ Testing Unified Memory Orchestrator...
âŒ Unified Memory Orchestrator: FAILED - MemoryOrchestrator.__init__() missing 1 required positional argument: 'project_name'

ğŸ“‹ Testing Human Review Gateway...
âŒ Human Review Gateway: FAILED - HumanReviewGateway.__init__() missing 2 required positional arguments: 'project_name' and 'message_bus'

ğŸ“‹ Testing Reinforcement Learning Engine...
âŒ Reinforcement Learning Engine: FAILED - name 'RLConfiguration' is not defined

ğŸ“‹ Testing Modular Agent Skills...
âœ… Modular Agent Skills: PASSED

ğŸ“‹ Testing System Integration...
âŒ System Integration: FAILED - Unknown error

======================================================================
ğŸ¯ FINAL TEST REPORT
======================================================================
ğŸ“Š Tests Run: 8
âœ… Passed: 1
âŒ Failed: 7
ğŸ“ˆ Success Rate: 12.5%
â±ï¸  Duration: 0.0 seconds

ğŸ¥ System Status: NEEDS_ATTENTION
ğŸš€ Ready for Deployment: NO

ğŸ¤– GPT-5 Implementation Status:
   Priority 1 Meta Governance: COMPLETED
   Priority 2 Quality Framework: COMPLETED
   Priority 3 Message Bus: COMPLETED
   Priority 4 Memory Orchestrator: COMPLETED
   Priority 5 Review Gateway: COMPLETED
   Priority 6 Rl Engine: COMPLETED
   Priority 7 Modular Skills: COMPLETED

ğŸ“‹ Detailed report saved to: gpt5_test_report_20251116_014040.json

âš ï¸  SYSTEM NEEDS ATTENTION - 7 failed tests
