{
  "timestamp": "2025-11-29T05:56:46.009841",
  "total_duration": 228.88026595115662,
  "summary": {
    "total_categories": 3,
    "passed": 0,
    "failed": 3,
    "success_rate": 0.0
  },
  "results": {
    "unit": {
      "category": "unit",
      "status": "FAILED",
      "duration": 93.47142314910889,
      "returncode": 2,
      "stdout": "============================= test session starts ==============================\nplatform darwin -- Python 3.9.6, pytest-8.1.1, pluggy-1.6.0 -- /Users/apple/Library/Mobile Documents/com~apple~CloudDocs/SProjects/myagent-continuous-ai-builder/venv/bin/python\ncachedir: .pytest_cache\nrootdir: /Users/apple/Library/Mobile Documents/com~apple~CloudDocs/SProjects/myagent-continuous-ai-builder\nconfigfile: pytest.ini\nplugins: asyncio-0.23.5, anyio-4.12.0, langsmith-0.4.37, cov-4.1.0\nasyncio: mode=strict\ncollecting ... collected 23 items / 5 errors\n\n==================================== ERRORS ====================================\n_____________ ERROR collecting tests/unit/test_gpt5_p10_causal.py ______________\nImportError while importing test module '/Users/apple/Library/Mobile Documents/com~apple~CloudDocs/SProjects/myagent-continuous-ai-builder/tests/unit/test_gpt5_p10_causal.py'.\nHint: make sure your test modules/packages have valid Python names.\nTraceback:\n/Library/Developer/CommandLineTools/Library/Frameworks/Python3.framework/Versions/3.9/lib/python3.9/importlib/__init__.py:127: in import_module\n    return _bootstrap._gcd_import(name[level:], package, level)\ntests/unit/test_gpt5_p10_causal.py:33: in <module>\n    from tests.fixtures.test_data import TEST_DATA\nE   ModuleNotFoundError: No module named 'tests.fixtures.test_data'\n------------------------------- Captured stdout --------------------------------\n\u001b[32m2025-11-29 05:58:02\u001b[0m | \u001b[1mINFO    \u001b[0m | \u001b[36mconfig.logging_config\u001b[0m:\u001b[36msetup_logging\u001b[0m:\u001b[36m100\u001b[0m - \u001b[1mLogging configured: level=INFO, file_logging=True\u001b[0m\n------------------------------- Captured stderr --------------------------------\n\nA module that was compiled using NumPy 1.x cannot be run in\nNumPy 2.0.2 as it may crash. To support both 1.x and 2.x\nversions of NumPy, modules must be compiled with NumPy 2.0.\nSome module may need to rebuild instead e.g. with 'pybind11>=2.12'.\n\nIf you are a user of the module, the easiest solution will be to\ndowngrade to 'numpy<2' or try to upgrade the affected module.\nWe expect that some modules will need time to support NumPy 2.\n\nTraceback (most recent call last):  File \"/Library/Developer/CommandLineTools/Library/Frameworks/Python3.framework/Versions/3.9/lib/python3.9/runpy.py\", line 197, in _run_module_as_main\n    return _run_code(code, main_globals, None,\n  File \"/Library/Developer/CommandLineTools/Library/Frameworks/Python3.framework/Versions/3.9/lib/python3.9/runpy.py\", line 87, in _run_code\n    exec(code, run_globals)\n  File \"/Users/apple/Library/Mobile Documents/com~apple~CloudDocs/SProjects/myagent-continuous-ai-builder/venv/lib/python3.9/site-packages/pytest/__main__.py\", line 7, in <module>\n    raise SystemExit(pytest.console_main())\n  File \"/Users/apple/Library/Mobile Documents/com~apple~CloudDocs/SProjects/myagent-continuous-ai-builder/venv/lib/python3.9/site-packages/_pytest/config/__init__.py\", line 197, in console_main\n    code = main()\n  File \"/Users/apple/Library/Mobile Documents/com~apple~CloudDocs/SProjects/myagent-continuous-ai-builder/venv/lib/python3.9/site-packages/_pytest/config/__init__.py\", line 155, in main\n    config = _prepareconfig(args, plugins)\n  File \"/Users/apple/Library/Mobile Documents/com~apple~CloudDocs/SProjects/myagent-continuous-ai-builder/venv/lib/python3.9/site-packages/_pytest/config/__init__.py\", line 337, in _prepareconfig\n    config = pluginmanager.hook.pytest_cmdline_parse(\n  File \"/Users/apple/Library/Mobile Documents/com~apple~CloudDocs/SProjects/myagent-continuous-ai-builder/venv/lib/python3.9/site-packages/pluggy/_hooks.py\", line 512, in __call__\n    return self._hookexec(self.name, self._hookimpls.copy(), kwargs, firstresult)\n  File \"/Users/apple/Library/Mobile Documents/com~apple~CloudDocs/SProjects/myagent-continuous-ai-builder/venv/lib/python3.9/site-packages/pluggy/_manager.py\", line 120, in _hookexec\n    return self._inner_hookexec(hook_name, methods, kwargs, firstresult)\n  File \"/Users/apple/Library/Mobile Documents/com~apple~CloudDocs/SProjects/myagent-continuous-ai-builder/venv/lib/python3.9/site-packages/pluggy/_callers.py\", line 121, in _multicall\n    res = hook_impl.function(*args)\n  File \"/Users/apple/Library/Mobile Documents/com~apple~CloudDocs/SProjects/myagent-continuous-ai-builder/venv/lib/python3.9/site-packages/_pytest/config/__init__.py\", line 1143, in pytest_cmdline_parse\n    self.parse(args)\n  File \"/Users/apple/Library/Mobile Documents/com~apple~CloudDocs/SProjects/myagent-continuous-ai-builder/venv/lib/python3.9/site-packages/_pytest/config/__init__.py\", line 1492, in parse\n    self._preparse(args, addopts=addopts)\n  File \"/Users/apple/Library/Mobile Documents/com~apple~CloudDocs/SProjects/myagent-continuous-ai-builder/venv/lib/python3.9/site-packages/_pytest/config/__init__.py\", line 1396, in _preparse\n    self.hook.pytest_load_initial_conftests(\n  File \"/Users/apple/Library/Mobile Documents/com~apple~CloudDocs/SProjects/myagent-continuous-ai-builder/venv/lib/python3.9/site-packages/pluggy/_hooks.py\", line 512, in __call__\n    return self._hookexec(self.name, self._hookimpls.copy(), kwargs, firstresult)\n  File \"/Users/apple/Library/Mobile Documents/com~apple~CloudDocs/SProjects/myagent-continuous-ai-builder/venv/lib/python3.9/site-packages/pluggy/_manager.py\", line 120, in _hookexec\n    return self._inner_hookexec(hook_name, methods, kwargs, firstresult)\n  File \"/Users/apple/Library/Mobile Documents/com~apple~CloudDocs/SProjects/myagent-continuous-ai-builder/venv/lib/python3.9/site-packages/pluggy/_callers.py\", line 121, in _multicall\n    res = hook_impl.function(*args)\n  File \"/Users/apple/Library/Mobile Documents/com~apple~CloudDocs/SProjects/myagent-continuous-ai-builder/venv/lib/python3.9/site-packages/_pytest/config/__init__.py\", line 1221, in pytest_load_initial_conftests\n    self.pluginmanager._set_initial_conftests(\n  File \"/Users/apple/Library/Mobile Documents/com~apple~CloudDocs/SProjects/myagent-continuous-ai-builder/venv/lib/python3.9/site-packages/_pytest/config/__init__.py\", line 579, in _set_initial_conftests\n    self._try_load_conftest(\n  File \"/Users/apple/Library/Mobile Documents/com~apple~CloudDocs/SProjects/myagent-continuous-ai-builder/venv/lib/python3.9/site-packages/_pytest/config/__init__.py\", line 617, in _try_load_conftest\n    self._loadconftestmodules(\n  File \"/Users/apple/Library/Mobile Documents/com~apple~CloudDocs/SProjects/myagent-continuous-ai-builder/venv/lib/python3.9/site-packages/_pytest/config/__init__.py\", line 657, in _loadconftestmodules\n    mod = self._importconftest(\n  File \"/Users/apple/Library/Mobile Documents/com~apple~CloudDocs/SProjects/myagent-continuous-ai-builder/venv/lib/python3.9/site-packages/_pytest/config/__init__.py\", line 708, in _importconftest\n    mod = import_path(\n  File \"/Users/apple/Library/Mobile Documents/com~apple~CloudDocs/SProjects/myagent-continuous-ai-builder/venv/lib/python3.9/site-packages/_pytest/pathlib.py\", line 584, in import_path\n    importlib.import_module(module_name)\n  File \"/Library/Developer/CommandLineTools/Library/Frameworks/Python3.framework/Versions/3.9/lib/python3.9/importlib/__init__.py\", line 127, in import_module\n    return _bootstrap._gcd_import(name[level:], package, level)\n  File \"/Users/apple/Library/Mobile Documents/com~apple~CloudDocs/SProjects/myagent-continuous-ai-builder/venv/lib/python3.9/site-packages/_pytest/assertion/rewrite.py\", line 178, in exec_module\n    exec(co, module.__dict__)\n  File \"/Users/apple/Library/Mobile Documents/com~apple~CloudDocs/SProjects/myagent-continuous-ai-builder/tests/conftest.py\", line 17, in <module>\n    from core.orchestrator.continuous_director import ContinuousDirector\n  File \"/Users/apple/Library/Mobile Documents/com~apple~CloudDocs/SProjects/myagent-continuous-ai-builder/core/__init__.py\", line 10, in <module>\n    from . import agents\n  File \"/Users/apple/Library/Mobile Documents/com~apple~CloudDocs/SProjects/myagent-continuous-ai-builder/core/agents/__init__.py\", line 8, in <module>\n    from .coder_agent import CoderAgent\n  File \"/Users/apple/Library/Mobile Documents/com~apple~CloudDocs/SProjects/myagent-continuous-ai-builder/core/agents/coder_agent.py\", line 13, in <module>\n    from langchain_openai import ChatOpenAI\n  File \"/Users/apple/Library/Mobile Documents/com~apple~CloudDocs/SProjects/myagent-continuous-ai-builder/venv/lib/python3.9/site-packages/langchain_openai/__init__.py\", line 3, in <module>\n    from langchain_openai.chat_models import AzureChatOpenAI, ChatOpenAI\n  File \"/Users/apple/Library/Mobile Documents/com~apple~CloudDocs/SProjects/myagent-continuous-ai-builder/venv/lib/python3.9/site-packages/langchain_openai/chat_models/__init__.py\", line 3, in <module>\n    from langchain_openai.chat_models.azure import AzureChatOpenAI\n  File \"/Users/apple/Library/Mobile Documents/com~apple~CloudDocs/SProjects/myagent-continuous-ai-builder/venv/lib/python3.9/site-packages/langchain_openai/chat_models/azure.py\", line 11, in <module>\n    from langchain_core.language_models import LanguageModelInput\n  File \"/Users/apple/Library/Mobile Documents/com~apple~CloudDocs/SProjects/myagent-continuous-ai-builder/venv/lib/python3.9/site-packages/langchain_core/language_models/__init__.py\", line 112, in __getattr__\n    result = import_attr(attr_name, module_name, __spec__.parent)\n  File \"/Users/apple/Library/Mobile Documents/com~apple~CloudDocs/SProjects/myagent-continuous-ai-builder/venv/lib/python3.9/site-packages/langchain_core/_import_utils.py\", line 36, in import_attr\n    module = import_module(f\".{module_name}\", package=package)\n  File \"/Library/Developer/CommandLineTools/Library/Frameworks/Python3.framework/Versions/3.9/lib/python3.9/importlib/__init__.py\", line 127, in import_module\n    return _bootstrap._gcd_import(name[level:], package, level)\n  File \"/Users/apple/Library/Mobile Documents/com~apple~CloudDocs/SProjects/myagent-continuous-ai-builder/venv/lib/python3.9/site-packages/langchain_core/language_models/base.py\", line 44, in <module>\n    from transformers import GPT2TokenizerFast  # type: ignore[import-not-found]\n  File \"/Users/apple/Library/Mobile Documents/com~apple~CloudDocs/SProjects/myagent-continuous-ai-builder/venv/lib/python3.9/site-packages/transformers/__init__.py\", line 27, in <module>\n    from . import dependency_versions_check\n  File \"/Users/apple/Library/Mobile Documents/com~apple~CloudDocs/SProjects/myagent-continuous-ai-builder/venv/lib/python3.9/site-packages/transformers/dependency_versions_check.py\", line 16, in <module>\n    from .utils.versions import require_version, require_version_core\n  File \"/Users/apple/Library/Mobile Documents/com~apple~CloudDocs/SProjects/myagent-continuous-ai-builder/venv/lib/python3.9/site-packages/transformers/utils/__init__.py\", line 24, in <module>\n    from .auto_docstring import (\n  File \"/Users/apple/Library/Mobile Documents/com~apple~CloudDocs/SProjects/myagent-continuous-ai-builder/venv/lib/python3.9/site-packages/transformers/utils/auto_docstring.py\", line 30, in <module>\n    from .generic import ModelOutput\n  File \"/Users/apple/Library/Mobile Documents/com~apple~CloudDocs/SProjects/myagent-continuous-ai-builder/venv/lib/python3.9/site-packages/transformers/utils/generic.py\", line 51, in <module>\n    import torch\n  File \"/Users/apple/Library/Mobile Documents/com~apple~CloudDocs/SProjects/myagent-continuous-ai-builder/venv/lib/python3.9/site-packages/torch/__init__.py\", line 1477, in <module>\n    from .functional import *  # noqa: F403\n  File \"/Users/apple/Library/Mobile Documents/com~apple~CloudDocs/SProjects/myagent-continuous-ai-builder/venv/lib/python3.9/site-packages/torch/functional.py\", line 9, in <module>\n    import torch.nn.functional as F\n  File \"/Users/apple/Library/Mobile Documents/com~apple~CloudDocs/SProjects/myagent-continuous-ai-builder/venv/lib/python3.9/site-packages/torch/nn/__init__.py\", line 1, in <module>\n    from .modules import *  # noqa: F403\n  File \"/Users/apple/Library/Mobile Documents/com~apple~CloudDocs/SProjects/myagent-continuous-ai-builder/venv/lib/python3.9/site-packages/torch/nn/modules/__init__.py\", line 35, in <module>\n    from .transformer import TransformerEncoder, TransformerDecoder, \\\n  File \"/Users/apple/Library/Mobile Documents/com~apple~CloudDocs/SProjects/myagent-continuous-ai-builder/venv/lib/python3.9/site-packages/torch/nn/modules/transformer.py\", line 20, in <module>\n    device: torch.device = torch.device(torch._C._get_default_device()),  # torch.device('cpu'),\ntree-sitter not available; will use Python ast fallback\n_____________ ERROR collecting tests/unit/test_gpt5_p5_security.py _____________\nImportError while importing test module '/Users/apple/Library/Mobile Documents/com~apple~CloudDocs/SProjects/myagent-continuous-ai-builder/tests/unit/test_gpt5_p5_security.py'.\nHint: make sure your test modules/packages have valid Python names.\nTraceback:\n/Library/Developer/CommandLineTools/Library/Frameworks/Python3.framework/Versions/3.9/lib/python3.9/importlib/__init__.py:127: in import_module\n    return _bootstrap._gcd_import(name[level:], package, level)\ntests/unit/test_gpt5_p5_security.py:13: in <module>\n    from core.security.security_compliance_scanner import (\nE   ImportError: cannot import name 'SecurityIssue' from 'core.security.security_compliance_scanner' (/Users/apple/Library/Mobile Documents/com~apple~CloudDocs/SProjects/myagent-continuous-ai-builder/core/security/security_compliance_scanner.py)\n_____________ ERROR collecting tests/unit/test_gpt5_p6_healing.py ______________\nImportError while importing test module '/Users/apple/Library/Mobile Documents/com~apple~CloudDocs/SProjects/myagent-continuous-ai-builder/tests/unit/test_gpt5_p6_healing.py'.\nHint: make sure your test modules/packages have valid Python names.\nTraceback:\n/Library/Developer/CommandLineTools/Library/Frameworks/Python3.framework/Versions/3.9/lib/python3.9/importlib/__init__.py:127: in import_module\n    return _bootstrap._gcd_import(name[level:], package, level)\ntests/unit/test_gpt5_p6_healing.py:30: in <module>\n    from tests.fixtures.test_data import TEST_DATA\nE   ModuleNotFoundError: No module named 'tests.fixtures.test_data'\n____________ ERROR collecting tests/unit/test_gpt5_p7_knowledge.py _____________\nImportError while importing test module '/Users/apple/Library/Mobile Documents/com~apple~CloudDocs/SProjects/myagent-continuous-ai-builder/tests/unit/test_gpt5_p7_knowledge.py'.\nHint: make sure your test modules/packages have valid Python names.\nTraceback:\n/Library/Developer/CommandLineTools/Library/Frameworks/Python3.framework/Versions/3.9/lib/python3.9/importlib/__init__.py:127: in import_module\n    return _bootstrap._gcd_import(name[level:], package, level)\ntests/unit/test_gpt5_p7_knowledge.py:31: in <module>\n    from tests.fixtures.test_data import TEST_DATA\nE   ModuleNotFoundError: No module named 'tests.fixtures.test_data'\n____________ ERROR collecting tests/unit/test_gpt5_p9_deployment.py ____________\nImportError while importing test module '/Users/apple/Library/Mobile Documents/com~apple~CloudDocs/SProjects/myagent-continuous-ai-builder/tests/unit/test_gpt5_p9_deployment.py'.\nHint: make sure your test modules/packages have valid Python names.\nTraceback:\n/Library/Developer/CommandLineTools/Library/Frameworks/Python3.framework/Versions/3.9/lib/python3.9/importlib/__init__.py:127: in import_module\n    return _bootstrap._gcd_import(name[level:], package, level)\ntests/unit/test_gpt5_p9_deployment.py:32: in <module>\n    from tests.fixtures.test_data import TEST_DATA\nE   ModuleNotFoundError: No module named 'tests.fixtures.test_data'\n=============================== warnings summary ===============================\nvenv/lib/python3.9/site-packages/jupyter_client/connect.py:22\n  /Users/apple/Library/Mobile Documents/com~apple~CloudDocs/SProjects/myagent-continuous-ai-builder/venv/lib/python3.9/site-packages/jupyter_client/connect.py:22: DeprecationWarning: Jupyter is migrating its paths to use standard platformdirs\n  given by the platformdirs library.  To remove this warning and\n  see the appropriate new directories, set the environment variable\n  `JUPYTER_PLATFORM_DIRS=1` and then run `jupyter --paths`.\n  The use of platformdirs will be the default in `jupyter_core` v6\n    from jupyter_core.paths import jupyter_data_dir, jupyter_runtime_dir, secure_write\n\nvenv/lib/python3.9/site-packages/torch/nn/modules/transformer.py:20\n  /Users/apple/Library/Mobile Documents/com~apple~CloudDocs/SProjects/myagent-continuous-ai-builder/venv/lib/python3.9/site-packages/torch/nn/modules/transformer.py:20: UserWarning: Failed to initialize NumPy: _ARRAY_API not found (Triggered internally at /Users/runner/work/pytorch/pytorch/pytorch/torch/csrc/utils/tensor_numpy.cpp:84.)\n    device: torch.device = torch.device(torch._C._get_default_device()),  # torch.device('cpu'),\n\nconfig/settings.py:19\n  /Users/apple/Library/Mobile Documents/com~apple~CloudDocs/SProjects/myagent-continuous-ai-builder/config/settings.py:19: PydanticDeprecatedSince20: Using extra keyword arguments on `Field` is deprecated and will be removed. Use `json_schema_extra` instead. (Extra keys: 'env'). Deprecated in Pydantic V2.0 to be removed in V3.0. See Pydantic V2 Migration Guide at https://errors.pydantic.dev/2.12/migration/\n    DEBUG: bool = Field(default=False, env=\"DEBUG\")\n\nconfig/settings.py:22\n  /Users/apple/Library/Mobile Documents/com~apple~CloudDocs/SProjects/myagent-continuous-ai-builder/config/settings.py:22: PydanticDeprecatedSince20: Using extra keyword arguments on `Field` is deprecated and will be removed. Use `json_schema_extra` instead. (Extra keys: 'env'). Deprecated in Pydantic V2.0 to be removed in V3.0. See Pydantic V2 Migration Guide at https://errors.pydantic.dev/2.12/migration/\n    API_HOST: str = Field(default=\"0.0.0.0\", env=\"API_HOST\")\n\nconfig/settings.py:23\n  /Users/apple/Library/Mobile Documents/com~apple~CloudDocs/SProjects/myagent-continuous-ai-builder/config/settings.py:23: PydanticDeprecatedSince20: Using extra keyword arguments on `Field` is deprecated and will be removed. Use `json_schema_extra` instead. (Extra keys: 'env'). Deprecated in Pydantic V2.0 to be removed in V3.0. See Pydantic V2 Migration Guide at https://errors.pydantic.dev/2.12/migration/\n    API_PORT: int = Field(default=8000, env=\"API_PORT\")\n\nconfig/settings.py:24\n  /Users/apple/Library/Mobile Documents/com~apple~CloudDocs/SProjects/myagent-continuous-ai-builder/config/settings.py:24: PydanticDeprecatedSince20: Using extra keyword arguments on `Field` is deprecated and will be removed. Use `json_schema_extra` instead. (Extra keys: 'env'). Deprecated in Pydantic V2.0 to be removed in V3.0. See Pydantic V2 Migration Guide at https://errors.pydantic.dev/2.12/migration/\n    API_WORKERS: int = Field(default=4, env=\"API_WORKERS\")\n\nconfig/settings.py:25\n  /Users/apple/Library/Mobile Documents/com~apple~CloudDocs/SProjects/myagent-continuous-ai-builder/config/settings.py:25: PydanticDeprecatedSince20: Using extra keyword arguments on `Field` is deprecated and will be removed. Use `json_schema_extra` instead. (Extra keys: 'env'). Deprecated in Pydantic V2.0 to be removed in V3.0. See Pydantic V2 Migration Guide at https://errors.pydantic.dev/2.12/migration/\n    CORS_ORIGINS: List[str] = Field(\n\nconfig/settings.py:31\n  /Users/apple/Library/Mobile Documents/com~apple~CloudDocs/SProjects/myagent-continuous-ai-builder/config/settings.py:31: PydanticDeprecatedSince20: Using extra keyword arguments on `Field` is deprecated and will be removed. Use `json_schema_extra` instead. (Extra keys: 'env'). Deprecated in Pydantic V2.0 to be removed in V3.0. See Pydantic V2 Migration Guide at https://errors.pydantic.dev/2.12/migration/\n    DATABASE_URL: str = Field(\n\nconfig/settings.py:35\n  /Users/apple/Library/Mobile Documents/com~apple~CloudDocs/SProjects/myagent-continuous-ai-builder/config/settings.py:35: PydanticDeprecatedSince20: Using extra keyword arguments on `Field` is deprecated and will be removed. Use `json_schema_extra` instead. (Extra keys: 'env'). Deprecated in Pydantic V2.0 to be removed in V3.0. See Pydantic V2 Migration Guide at https://errors.pydantic.dev/2.12/migration/\n    DATABASE_POOL_SIZE: int = Field(default=20, env=\"DATABASE_POOL_SIZE\")\n\nconfig/settings.py:36\n  /Users/apple/Library/Mobile Documents/com~apple~CloudDocs/SProjects/myagent-continuous-ai-builder/config/settings.py:36: PydanticDeprecatedSince20: Using extra keyword arguments on `Field` is deprecated and will be removed. Use `json_schema_extra` instead. (Extra keys: 'env'). Deprecated in Pydantic V2.0 to be removed in V3.0. See Pydantic V2 Migration Guide at https://errors.pydantic.dev/2.12/migration/\n    DATABASE_MAX_OVERFLOW: int = Field(default=10, env=\"DATABASE_MAX_OVERFLOW\")\n\nconfig/settings.py:39\n  /Users/apple/Library/Mobile Documents/com~apple~CloudDocs/SProjects/myagent-continuous-ai-builder/config/settings.py:39: PydanticDeprecatedSince20: Using extra keyword arguments on `Field` is deprecated and will be removed. Use `json_schema_extra` instead. (Extra keys: 'env'). Deprecated in Pydantic V2.0 to be removed in V3.0. See Pydantic V2 Migration Guide at https://errors.pydantic.dev/2.12/migration/\n    REDIS_URL: str = Field(default=\"redis://localhost:6379/0\", env=\"REDIS_URL\")\n\nconfig/settings.py:40\n  /Users/apple/Library/Mobile Documents/com~apple~CloudDocs/SProjects/myagent-continuous-ai-builder/config/settings.py:40: PydanticDeprecatedSince20: Using extra keyword arguments on `Field` is deprecated and will be removed. Use `json_schema_extra` instead. (Extra keys: 'env'). Deprecated in Pydantic V2.0 to be removed in V3.0. See Pydantic V2 Migration Guide at https://errors.pydantic.dev/2.12/migration/\n    REDIS_MAX_CONNECTIONS: int = Field(default=50, env=\"REDIS_MAX_CONNECTIONS\")\n\nconfig/settings.py:42\n  /Users/apple/Library/Mobile Documents/com~apple~CloudDocs/SProjects/myagent-continuous-ai-builder/config/settings.py:42: PydanticDeprecatedSince20: Pydantic V1 style `@validator` validators are deprecated. You should migrate to Pydantic V2 style `@field_validator` validators, see the migration guide for more details. Deprecated in Pydantic V2.0 to be removed in V3.0. See Pydantic V2 Migration Guide at https://errors.pydantic.dev/2.12/migration/\n    @validator(\"DATABASE_URL\", pre=True, always=True)\n\nconfig/settings.py:55\n  /Users/apple/Library/Mobile Documents/com~apple~CloudDocs/SProjects/myagent-continuous-ai-builder/config/settings.py:55: PydanticDeprecatedSince20: Using extra keyword arguments on `Field` is deprecated and will be removed. Use `json_schema_extra` instead. (Extra keys: 'env'). Deprecated in Pydantic V2.0 to be removed in V3.0. See Pydantic V2 Migration Guide at https://errors.pydantic.dev/2.12/migration/\n    CHROMADB_HOST: str = Field(default=\"localhost\", env=\"CHROMADB_HOST\")\n\nconfig/settings.py:56\n  /Users/apple/Library/Mobile Documents/com~apple~CloudDocs/SProjects/myagent-continuous-ai-builder/config/settings.py:56: PydanticDeprecatedSince20: Using extra keyword arguments on `Field` is deprecated and will be removed. Use `json_schema_extra` instead. (Extra keys: 'env'). Deprecated in Pydantic V2.0 to be removed in V3.0. See Pydantic V2 Migration Guide at https://errors.pydantic.dev/2.12/migration/\n    CHROMADB_PORT: int = Field(default=8000, env=\"CHROMADB_PORT\")\n\nconfig/settings.py:57\n  /Users/apple/Library/Mobile Documents/com~apple~CloudDocs/SProjects/myagent-continuous-ai-builder/config/settings.py:57: PydanticDeprecatedSince20: Using extra keyword arguments on `Field` is deprecated and will be removed. Use `json_schema_extra` instead. (Extra keys: 'env'). Deprecated in Pydantic V2.0 to be removed in V3.0. See Pydantic V2 Migration Guide at https://errors.pydantic.dev/2.12/migration/\n    CHROMADB_PATH: str = Field(\n\nconfig/settings.py:63\n  /Users/apple/Library/Mobile Documents/com~apple~CloudDocs/SProjects/myagent-continuous-ai-builder/config/settings.py:63: PydanticDeprecatedSince20: Using extra keyword arguments on `Field` is deprecated and will be removed. Use `json_schema_extra` instead. (Extra keys: 'env'). Deprecated in Pydantic V2.0 to be removed in V3.0. See Pydantic V2 Migration Guide at https://errors.pydantic.dev/2.12/migration/\n    OPENAI_API_KEY: Optional[str] = Field(default=None, env=\"OPENAI_API_KEY\")\n\nconfig/settings.py:64\n  /Users/apple/Library/Mobile Documents/com~apple~CloudDocs/SProjects/myagent-continuous-ai-builder/config/settings.py:64: PydanticDeprecatedSince20: Using extra keyword arguments on `Field` is deprecated and will be removed. Use `json_schema_extra` instead. (Extra keys: 'env'). Deprecated in Pydantic V2.0 to be removed in V3.0. See Pydantic V2 Migration Guide at https://errors.pydantic.dev/2.12/migration/\n    ANTHROPIC_API_KEY: Optional[str] = Field(default=None, env=\"ANTHROPIC_API_KEY\")\n\nconfig/settings.py:65\n  /Users/apple/Library/Mobile Documents/com~apple~CloudDocs/SProjects/myagent-continuous-ai-builder/config/settings.py:65: PydanticDeprecatedSince20: Using extra keyword arguments on `Field` is deprecated and will be removed. Use `json_schema_extra` instead. (Extra keys: 'env'). Deprecated in Pydantic V2.0 to be removed in V3.0. See Pydantic V2 Migration Guide at https://errors.pydantic.dev/2.12/migration/\n    OLLAMA_BASE_URL: str = Field(\n\nconfig/settings.py:71\n  /Users/apple/Library/Mobile Documents/com~apple~CloudDocs/SProjects/myagent-continuous-ai-builder/config/settings.py:71: PydanticDeprecatedSince20: Using extra keyword arguments on `Field` is deprecated and will be removed. Use `json_schema_extra` instead. (Extra keys: 'env'). Deprecated in Pydantic V2.0 to be removed in V3.0. See Pydantic V2 Migration Guide at https://errors.pydantic.dev/2.12/migration/\n    DEFAULT_LLM_PROVIDER: str = Field(default=\"openai\", env=\"DEFAULT_LLM_PROVIDER\")\n\nconfig/settings.py:72\n  /Users/apple/Library/Mobile Documents/com~apple~CloudDocs/SProjects/myagent-continuous-ai-builder/config/settings.py:72: PydanticDeprecatedSince20: Using extra keyword arguments on `Field` is deprecated and will be removed. Use `json_schema_extra` instead. (Extra keys: 'env'). Deprecated in Pydantic V2.0 to be removed in V3.0. See Pydantic V2 Migration Guide at https://errors.pydantic.dev/2.12/migration/\n    DEFAULT_MODEL: str = Field(default=\"gpt-5-chat-latest\", env=\"DEFAULT_MODEL\")\n\nconfig/settings.py:73\n  /Users/apple/Library/Mobile Documents/com~apple~CloudDocs/SProjects/myagent-continuous-ai-builder/config/settings.py:73: PydanticDeprecatedSince20: Using extra keyword arguments on `Field` is deprecated and will be removed. Use `json_schema_extra` instead. (Extra keys: 'env'). Deprecated in Pydantic V2.0 to be removed in V3.0. See Pydantic V2 Migration Guide at https://errors.pydantic.dev/2.12/migration/\n    LLM_TEMPERATURE: float = Field(default=0.7, env=\"LLM_TEMPERATURE\")\n\nconfig/settings.py:74\n  /Users/apple/Library/Mobile Documents/com~apple~CloudDocs/SProjects/myagent-continuous-ai-builder/config/settings.py:74: PydanticDeprecatedSince20: Using extra keyword arguments on `Field` is deprecated and will be removed. Use `json_schema_extra` instead. (Extra keys: 'env'). Deprecated in Pydantic V2.0 to be removed in V3.0. See Pydantic V2 Migration Guide at https://errors.pydantic.dev/2.12/migration/\n    LLM_MAX_TOKENS: int = Field(default=2000, env=\"LLM_MAX_TOKENS\")\n\nconfig/settings.py:77\n  /Users/apple/Library/Mobile Documents/com~apple~CloudDocs/SProjects/myagent-continuous-ai-builder/config/settings.py:77: PydanticDeprecatedSince20: Using extra keyword arguments on `Field` is deprecated and will be removed. Use `json_schema_extra` instead. (Extra keys: 'env'). Deprecated in Pydantic V2.0 to be removed in V3.0. See Pydantic V2 Migration Guide at https://errors.pydantic.dev/2.12/migration/\n    TARGET_TEST_COVERAGE: float = Field(default=95.0, env=\"TARGET_TEST_COVERAGE\")\n\nconfig/settings.py:78\n  /Users/apple/Library/Mobile Documents/com~apple~CloudDocs/SProjects/myagent-continuous-ai-builder/config/settings.py:78: PydanticDeprecatedSince20: Using extra keyword arguments on `Field` is deprecated and will be removed. Use `json_schema_extra` instead. (Extra keys: 'env'). Deprecated in Pydantic V2.0 to be removed in V3.0. See Pydantic V2 Migration Guide at https://errors.pydantic.dev/2.12/migration/\n    TARGET_PERFORMANCE_SCORE: float = Field(\n\nconfig/settings.py:82\n  /Users/apple/Library/Mobile Documents/com~apple~CloudDocs/SProjects/myagent-continuous-ai-builder/config/settings.py:82: PydanticDeprecatedSince20: Using extra keyword arguments on `Field` is deprecated and will be removed. Use `json_schema_extra` instead. (Extra keys: 'env'). Deprecated in Pydantic V2.0 to be removed in V3.0. See Pydantic V2 Migration Guide at https://errors.pydantic.dev/2.12/migration/\n    TARGET_DOCUMENTATION_COVERAGE: float = Field(\n\nconfig/settings.py:86\n  /Users/apple/Library/Mobile Documents/com~apple~CloudDocs/SProjects/myagent-continuous-ai-builder/config/settings.py:86: PydanticDeprecatedSince20: Using extra keyword arguments on `Field` is deprecated and will be removed. Use `json_schema_extra` instead. (Extra keys: 'env'). Deprecated in Pydantic V2.0 to be removed in V3.0. See Pydantic V2 Migration Guide at https://errors.pydantic.dev/2.12/migration/\n    TARGET_CODE_QUALITY_SCORE: float = Field(\n\nconfig/settings.py:90\n  /Users/apple/Library/Mobile Documents/com~apple~CloudDocs/SProjects/myagent-continuous-ai-builder/config/settings.py:90: PydanticDeprecatedSince20: Using extra keyword arguments on `Field` is deprecated and will be removed. Use `json_schema_extra` instead. (Extra keys: 'env'). Deprecated in Pydantic V2.0 to be removed in V3.0. See Pydantic V2 Migration Guide at https://errors.pydantic.dev/2.12/migration/\n    TARGET_SECURITY_SCORE: float = Field(default=95.0, env=\"TARGET_SECURITY_SCORE\")\n\nconfig/settings.py:91\n  /Users/apple/Library/Mobile Documents/com~apple~CloudDocs/SProjects/myagent-continuous-ai-builder/config/settings.py:91: PydanticDeprecatedSince20: Using extra keyword arguments on `Field` is deprecated and will be removed. Use `json_schema_extra` instead. (Extra keys: 'env'). Deprecated in Pydantic V2.0 to be removed in V3.0. See Pydantic V2 Migration Guide at https://errors.pydantic.dev/2.12/migration/\n    TARGET_USER_SATISFACTION: float = Field(\n\nconfig/settings.py:97\n  /Users/apple/Library/Mobile Documents/com~apple~CloudDocs/SProjects/myagent-continuous-ai-builder/config/settings.py:97: PydanticDeprecatedSince20: Using extra keyword arguments on `Field` is deprecated and will be removed. Use `json_schema_extra` instead. (Extra keys: 'env'). Deprecated in Pydantic V2.0 to be removed in V3.0. See Pydantic V2 Migration Guide at https://errors.pydantic.dev/2.12/migration/\n    MAX_AGENT_RETRIES: int = Field(default=3, env=\"MAX_AGENT_RETRIES\")\n\nconfig/settings.py:98\n  /Users/apple/Library/Mobile Documents/com~apple~CloudDocs/SProjects/myagent-continuous-ai-builder/config/settings.py:98: PydanticDeprecatedSince20: Using extra keyword arguments on `Field` is deprecated and will be removed. Use `json_schema_extra` instead. (Extra keys: 'env'). Deprecated in Pydantic V2.0 to be removed in V3.0. See Pydantic V2 Migration Guide at https://errors.pydantic.dev/2.12/migration/\n    AGENT_TIMEOUT_SECONDS: int = Field(default=300, env=\"AGENT_TIMEOUT_SECONDS\")\n\nconfig/settings.py:99\n  /Users/apple/Library/Mobile Documents/com~apple~CloudDocs/SProjects/myagent-continuous-ai-builder/config/settings.py:99: PydanticDeprecatedSince20: Using extra keyword arguments on `Field` is deprecated and will be removed. Use `json_schema_extra` instead. (Extra keys: 'env'). Deprecated in Pydantic V2.0 to be removed in V3.0. See Pydantic V2 Migration Guide at https://errors.pydantic.dev/2.12/migration/\n    CHECKPOINT_INTERVAL_HOURS: int = Field(\n\nconfig/settings.py:105\n  /Users/apple/Library/Mobile Documents/com~apple~CloudDocs/SProjects/myagent-continuous-ai-builder/config/settings.py:105: PydanticDeprecatedSince20: Using extra keyword arguments on `Field` is deprecated and will be removed. Use `json_schema_extra` instead. (Extra keys: 'env'). Deprecated in Pydantic V2.0 to be removed in V3.0. See Pydantic V2 Migration Guide at https://errors.pydantic.dev/2.12/migration/\n    PERSISTENCE_DIR: Path = Field(\n\nconfig/settings.py:109\n  /Users/apple/Library/Mobile Documents/com~apple~CloudDocs/SProjects/myagent-continuous-ai-builder/config/settings.py:109: PydanticDeprecatedSince20: Using extra keyword arguments on `Field` is deprecated and will be removed. Use `json_schema_extra` instead. (Extra keys: 'env'). Deprecated in Pydantic V2.0 to be removed in V3.0. See Pydantic V2 Migration Guide at https://errors.pydantic.dev/2.12/migration/\n    LOGS_DIR: Path = Field(default=Path(\"logs\"), env=\"LOGS_DIR\")\n\nconfig/settings.py:112\n  /Users/apple/Library/Mobile Documents/com~apple~CloudDocs/SProjects/myagent-continuous-ai-builder/config/settings.py:112: PydanticDeprecatedSince20: Using extra keyword arguments on `Field` is deprecated and will be removed. Use `json_schema_extra` instead. (Extra keys: 'env'). Deprecated in Pydantic V2.0 to be removed in V3.0. See Pydantic V2 Migration Guide at https://errors.pydantic.dev/2.12/migration/\n    SECRET_KEY: str = Field(\n\nconfig/settings.py:116\n  /Users/apple/Library/Mobile Documents/com~apple~CloudDocs/SProjects/myagent-continuous-ai-builder/config/settings.py:116: PydanticDeprecatedSince20: Using extra keyword arguments on `Field` is deprecated and will be removed. Use `json_schema_extra` instead. (Extra keys: 'env'). Deprecated in Pydantic V2.0 to be removed in V3.0. See Pydantic V2 Migration Guide at https://errors.pydantic.dev/2.12/migration/\n    JWT_ALGORITHM: str = Field(default=\"HS256\", env=\"JWT_ALGORITHM\")\n\nconfig/settings.py:117\n  /Users/apple/Library/Mobile Documents/com~apple~CloudDocs/SProjects/myagent-continuous-ai-builder/config/settings.py:117: PydanticDeprecatedSince20: Using extra keyword arguments on `Field` is deprecated and will be removed. Use `json_schema_extra` instead. (Extra keys: 'env'). Deprecated in Pydantic V2.0 to be removed in V3.0. See Pydantic V2 Migration Guide at https://errors.pydantic.dev/2.12/migration/\n    JWT_EXPIRATION_MINUTES: int = Field(\n\nconfig/settings.py:123\n  /Users/apple/Library/Mobile Documents/com~apple~CloudDocs/SProjects/myagent-continuous-ai-builder/config/settings.py:123: PydanticDeprecatedSince20: Using extra keyword arguments on `Field` is deprecated and will be removed. Use `json_schema_extra` instead. (Extra keys: 'env'). Deprecated in Pydantic V2.0 to be removed in V3.0. See Pydantic V2 Migration Guide at https://errors.pydantic.dev/2.12/migration/\n    RATE_LIMIT_PER_MINUTE: int = Field(default=100, env=\"RATE_LIMIT_PER_MINUTE\")\n\nconfig/settings.py:125\n  /Users/apple/Library/Mobile Documents/com~apple~CloudDocs/SProjects/myagent-continuous-ai-builder/config/settings.py:125: PydanticDeprecatedSince20: Pydantic V1 style `@validator` validators are deprecated. You should migrate to Pydantic V2 style `@field_validator` validators, see the migration guide for more details. Deprecated in Pydantic V2.0 to be removed in V3.0. See Pydantic V2 Migration Guide at https://errors.pydantic.dev/2.12/migration/\n    @validator(\"CORS_ORIGINS\", pre=True)\n\nconfig/settings.py:132\n  /Users/apple/Library/Mobile Documents/com~apple~CloudDocs/SProjects/myagent-continuous-ai-builder/config/settings.py:132: PydanticDeprecatedSince20: Pydantic V1 style `@validator` validators are deprecated. You should migrate to Pydantic V2 style `@field_validator` validators, see the migration guide for more details. Deprecated in Pydantic V2.0 to be removed in V3.0. See Pydantic V2 Migration Guide at https://errors.pydantic.dev/2.12/migration/\n    @validator(\"PERSISTENCE_DIR\", \"LOGS_DIR\", pre=True)\n\nconfig/settings.py:13\n  /Users/apple/Library/Mobile Documents/com~apple~CloudDocs/SProjects/myagent-continuous-ai-builder/config/settings.py:13: PydanticDeprecatedSince20: Support for class-based `config` is deprecated, use ConfigDict instead. Deprecated in Pydantic V2.0 to be removed in V3.0. See Pydantic V2 Migration Guide at https://errors.pydantic.dev/2.12/migration/\n    class Settings(BaseSettings):\n\ntests/unit/test_gpt5_p4_memory.py:23\n  /Users/apple/Library/Mobile Documents/com~apple~CloudDocs/SProjects/myagent-continuous-ai-builder/tests/unit/test_gpt5_p4_memory.py:23: PytestUnknownMarkWarning: Unknown pytest.mark.unit - is this a typo?  You can register custom marks to avoid this warning - for details, see https://docs.pytest.org/en/stable/how-to/mark.html\n    @pytest.mark.unit\n\ntests/unit/test_gpt5_p4_memory.py:24\n  /Users/apple/Library/Mobile Documents/com~apple~CloudDocs/SProjects/myagent-continuous-ai-builder/tests/unit/test_gpt5_p4_memory.py:24: PytestUnknownMarkWarning: Unknown pytest.mark.gpt5 - is this a typo?  You can register custom marks to avoid this warning - for details, see https://docs.pytest.org/en/stable/how-to/mark.html\n    @pytest.mark.gpt5\n\ntests/unit/test_gpt5_p4_memory.py:25\n  /Users/apple/Library/Mobile Documents/com~apple~CloudDocs/SProjects/myagent-continuous-ai-builder/tests/unit/test_gpt5_p4_memory.py:25: PytestUnknownMarkWarning: Unknown pytest.mark.memory - is this a typo?  You can register custom marks to avoid this warning - for details, see https://docs.pytest.org/en/stable/how-to/mark.html\n    @pytest.mark.memory\n\ntests/unit/test_gpt5_p4_memory.py:591\n  /Users/apple/Library/Mobile Documents/com~apple~CloudDocs/SProjects/myagent-continuous-ai-builder/tests/unit/test_gpt5_p4_memory.py:591: PytestUnknownMarkWarning: Unknown pytest.mark.unit - is this a typo?  You can register custom marks to avoid this warning - for details, see https://docs.pytest.org/en/stable/how-to/mark.html\n    @pytest.mark.unit\n\ntests/unit/test_gpt5_p4_memory.py:592\n  /Users/apple/Library/Mobile Documents/com~apple~CloudDocs/SProjects/myagent-continuous-ai-builder/tests/unit/test_gpt5_p4_memory.py:592: PytestUnknownMarkWarning: Unknown pytest.mark.gpt5 - is this a typo?  You can register custom marks to avoid this warning - for details, see https://docs.pytest.org/en/stable/how-to/mark.html\n    @pytest.mark.gpt5\n\ntests/unit/test_gpt5_p4_memory.py:593\n  /Users/apple/Library/Mobile Documents/com~apple~CloudDocs/SProjects/myagent-continuous-ai-builder/tests/unit/test_gpt5_p4_memory.py:593: PytestUnknownMarkWarning: Unknown pytest.mark.memory - is this a typo?  You can register custom marks to avoid this warning - for details, see https://docs.pytest.org/en/stable/how-to/mark.html\n    @pytest.mark.memory\n\ntests/unit/test_gpt5_p4_memory.py:674\n  /Users/apple/Library/Mobile Documents/com~apple~CloudDocs/SProjects/myagent-continuous-ai-builder/tests/unit/test_gpt5_p4_memory.py:674: PytestUnknownMarkWarning: Unknown pytest.mark.unit - is this a typo?  You can register custom marks to avoid this warning - for details, see https://docs.pytest.org/en/stable/how-to/mark.html\n    @pytest.mark.unit\n\ntests/unit/test_gpt5_p4_memory.py:675\n  /Users/apple/Library/Mobile Documents/com~apple~CloudDocs/SProjects/myagent-continuous-ai-builder/tests/unit/test_gpt5_p4_memory.py:675: PytestUnknownMarkWarning: Unknown pytest.mark.gpt5 - is this a typo?  You can register custom marks to avoid this warning - for details, see https://docs.pytest.org/en/stable/how-to/mark.html\n    @pytest.mark.gpt5\n\ntests/unit/test_gpt5_p4_memory.py:676\n  /Users/apple/Library/Mobile Documents/com~apple~CloudDocs/SProjects/myagent-continuous-ai-builder/tests/unit/test_gpt5_p4_memory.py:676: PytestUnknownMarkWarning: Unknown pytest.mark.memory - is this a typo?  You can register custom marks to avoid this warning - for details, see https://docs.pytest.org/en/stable/how-to/mark.html\n    @pytest.mark.memory\n\ntests/conftest.py:506\n  /Users/apple/Library/Mobile Documents/com~apple~CloudDocs/SProjects/myagent-continuous-ai-builder/tests/conftest.py:506: PytestUnknownMarkWarning: Unknown pytest.mark.unit - is this a typo?  You can register custom marks to avoid this warning - for details, see https://docs.pytest.org/en/stable/how-to/mark.html\n    item.add_marker(pytest.mark.unit)\n\n-- Docs: https://docs.pytest.org/en/stable/how-to/capture-warnings.html\n\n---------- coverage: platform darwin, python 3.9.6-final-0 -----------\nName                                                 Stmts   Miss  Cover   Missing\n----------------------------------------------------------------------------------\napi/__init__.py                                          2      0   100%\napi/auth.py                                            196    196     0%   5-417\napi/main.py                                            276    182    34%   69-72, 75-78, 81-91, 103-123, 148, 162-195, 210-224, 230-262, 277-283, 289-295, 301-308, 315-336, 343-358, 364-373, 385-390, 401-415, 422-432, 438-449, 464-510, 517-545, 552-565, 580-588, 594-600, 604-605\napi/middleware.py                                        2      2     0%   9-19\napi/routes.py                                            2      2     0%   10-23\napi/websocket.py                                         2      2     0%   9-18\ncore/__init__.py                                         7      0   100%\ncore/__main__.py                                        63     63     0%   6-156\ncore/agents/__init__.py                                 10      0   100%\ncore/agents/analyzer_agent.py                          415    349    16%   32-60, 64, 76-93, 97-132, 144-177, 195-248, 259-293, 308-357, 368-402, 419-429, 433-464, 468-478, 482-491, 495-514, 518-533, 537-543, 547, 559-577, 581-604, 608-622, 626-641, 645-650, 654-661, 665-675, 679-692, 696, 700-712, 716-725, 729-734, 738-745, 749-764, 768-779, 783-785, 793, 802-815, 819-828, 832, 849, 874, 890-893, 902-905, 913, 921-933, 937-953, 957-965, 969-981, 985, 993\ncore/agents/architect_agent.py                         236    174    26%   33-58, 62, 112, 124-139, 143-177, 186-238, 246-280, 291-326, 336-366, 375, 387-398, 402, 427, 447, 457-470, 478, 488-496, 500, 510, 528, 537, 547-555, 559, 565-570, 574-581, 585, 593-605, 609, 613-616, 630, 637, 644, 651-656, 660, 668-673, 677, 685, 692, 700, 708-712, 716, 726, 735\ncore/agents/base_agent.py                              217    153    29%   66-102, 107, 112, 117, 125-133, 140, 144-171, 179-242, 246-248, 252-266, 270, 278-299, 303-339, 343-384, 388-394, 401-412, 417, 421-432, 436, 451-461\ncore/agents/cli_agents/__init__.py                       4      4     0%   5-9\ncore/agents/cli_agents/aider_codex_agent.py            108    108     0%   5-303\ncore/agents/cli_agents/claude_code_agent.py            172    172     0%   5-461\ncore/agents/cli_agents/gemini_cli_agent.py             146    146     0%   5-444\ncore/agents/coder_agent.py                             259    219    15%   27-65, 72-111, 120-143, 147-171, 175-200, 204-229, 233-257, 261-278, 286-369, 373-392, 397-427, 437-462, 473-499, 509-527, 536-568, 579-587, 591-595, 599-611, 615-618, 630, 639-648, 652-680, 684, 694\ncore/agents/debugger_agent.py                          344    285    17%   31-69, 76-110, 114, 154, 183-198, 202-241, 253-351, 363-390, 398-440, 448-499, 507-514, 518-529, 533-546, 550-567, 571-595, 599-620, 624-633, 638-652, 657-678, 683, 688, 692-696, 700-702, 706-707, 715-722, 727, 732, 736, 744, 748, 752-764, 768-775, 779, 783-785, 789, 793-800, 804-813, 818, 822, 826, 830-840, 844, 853\ncore/agents/example_skills.py                          313    251    20%   26-33, 37-67, 78-79, 89-90, 106-107, 122, 137-138, 142-143, 147-148, 152-177, 181, 191, 205-212, 216-250, 261-270, 274-283, 287-303, 307, 336, 357, 366, 379-386, 390-422, 433-434, 442-448, 452, 456, 460-467, 471-479, 483, 492, 505-512, 516-559, 570-581, 585-619, 623-647, 651-656, 660, 670, 683-690, 694-735, 746-784, 788-822, 826-845, 849-861, 865, 874\ncore/agents/gpt5_direct_client.py                       62     62     0%   6-252\ncore/agents/modular_skills.py                          326    224    31%   85-95, 100, 105, 110, 114-135, 139-145, 149-167, 173, 200-207, 211-213, 217-230, 234-276, 287-305, 309-327, 331-342, 346, 350, 365-377, 381-390, 394, 398-399, 403-407, 411-415, 420-444, 448-476, 480-492, 506-528, 533-551, 558-577, 582-591, 597-607\ncore/agents/tester_agent.py                            223    184    17%   31-69, 76-110, 118, 137, 157, 185-200, 207-273, 282-316, 326-350, 361-383, 395-420, 429-462, 466-492, 496-507, 511-513, 517, 521-543, 548, 557-567, 571, 580\ncore/agents/ui_refiner_agent.py                        305    234    23%   31-56, 60, 72, 96-111, 115-150, 159-189, 199-237, 248-282, 293-336, 347-368, 372-390, 394-413, 417-426, 430-439, 443-454, 458, 467-477, 481-492, 496-501, 505-521, 525, 534-552, 556-567, 571-586, 590-600, 604-614, 618, 634-641, 645-650, 654, 662, 670, 677, 684-693, 697, 705, 709, 717, 724, 731, 738, 745, 752, 762, 771, 779, 787, 791, 795-804, 808, 812, 817, 821, 829\ncore/causal_analytics/__init__.py                        2      0   100%\ncore/causal_analytics/causal_graph_analytics.py        569    392    31%   175-180, 184-186, 190-195, 199-202, 206, 210, 214, 218, 222-225, 229, 233-241, 245, 249, 257-297, 303-341, 347, 352-393, 406-431, 448-455, 464-503, 522-589, 608-665, 681-689, 693-772, 776-797, 808-859, 866-892, 902-929, 936-953, 962-1014, 1023-1076, 1080-1106, 1110-1121, 1125-1140, 1149-1173, 1177-1194\ncore/communication/__init__.py                           2      2     0%   8-16\ncore/communication/agent_message_bus.py                241    241     0%   9-540\ncore/deployment/__init__.py                              2      0   100%\ncore/deployment/deployment_orchestrator.py             512    355    31%   192-242, 247-372, 376-391, 395-497, 501-537, 541-600, 607-624, 628-634, 638-664, 668-690, 698-747, 755-774, 779, 783-803, 807-856, 863-882, 886-904, 908-913, 917-922, 926-931, 938-983, 987-1007, 1011-1042, 1046, 1050, 1064, 1078, 1093-1103, 1107-1125\ncore/ethics/__init__.py                                  2      2     0%   6-19\ncore/evaluation/__init__.py                              2      2     0%   8-15\ncore/evaluation/iteration_quality_framework.py         206    206     0%   8-547\ncore/governance/__init__.py                              2      2     0%   8-10\ncore/governance/meta_governor.py                       164    164     0%   9-366\ncore/knowledge/__init__.py                              12      2    83%   34-36\ncore/knowledge/code_embedder.py                        166    137    17%   51-54, 93-120, 130-148, 164-165, 185-242, 250-325, 329-333, 341-365, 369-376, 381-382, 386-393, 402-410\ncore/knowledge/codebase_indexer.py                     215    168    22%   34, 101-108, 112-137, 149-178, 190-208, 214-251, 257-298, 309-365, 377-378, 390-394, 398-401, 405-422, 426-431, 435-442, 446, 450-455\ncore/knowledge/knowledge_graph_manager.py              526    374    29%   169-171, 175-176, 180-198, 202-213, 217-243, 247-279, 297-340, 344-397, 402-430, 434-462, 466-505, 509-555, 559-586, 590-591, 611-612, 632, 636-639, 643, 647-661, 665-679, 683-721, 731-769, 781, 789-823, 827-925, 929-1030, 1034-1060, 1064-1133, 1137-1152, 1171-1215, 1219-1275\ncore/knowledge/rag_retriever.py                        146    118    19%   78-94, 105-140, 157-226, 257-319, 343-396, 415-434, 443-449\ncore/knowledge/vector_store.py                         114     94    18%   40-43, 80-101, 105-123, 135-158, 182-222, 241-284, 288-300, 311-339, 347-358\ncore/learning/__init__.py                                2      0   100%\ncore/learning/pattern_recognition.py                   229    177    23%   46-69, 73-89, 93-107, 112-135, 140-167, 172-198, 203-217, 221-227, 244-270, 274-310, 315-340, 344, 349-357, 362-368, 376-379, 393-399, 403-413, 417-429, 433-435, 439-459, 463-469, 473-474\ncore/learning/reinforcement_learning_engine.py         262    262     0%   9-565\ncore/memory/__init__.py                                  5      0   100%\ncore/memory/cache_eviction.py                          182    144    21%   42-43, 47-50, 54, 58, 79-108, 125-169, 178-205, 209-212, 216-232, 236-286, 290-317, 322-340, 344, 348-354, 364-369\ncore/memory/error_knowledge_graph.py                   189    140    26%   32, 60, 80-90, 94-153, 157-205, 217-273, 287-361, 365-382, 386-400, 405-416, 421-426, 436-482, 486-496, 500-535, 539-564\ncore/memory/memory_orchestrator.py                     300    228    24%   91-116, 141-185, 210-266, 295-347, 360-403, 422-467, 480-519, 523-553, 562-590, 599-617, 621-646, 650-663, 667-679, 683-710, 714-728, 732-750, 754-765, 770-780\ncore/memory/project_ledger.py                          150    113    25%   31, 52-62, 66-122, 126-141, 163-229, 233-245, 249-278, 282-285, 289-315, 328-355, 367-381, 385-420, 430-445, 449-472, 476-477\ncore/memory/vector_memory.py                           251    212    16%   32-33, 40-82, 86-89, 96-99, 103-105, 116-156, 168-211, 221-244, 253-314, 319-340, 345-370, 375-394, 413-453, 472-508, 523-546, 551-563\ncore/memory_pyramid/hierarchical_memory_pyramid.py     401    312    22%   65, 84, 131-181, 185-196, 200-210, 216-255, 260-281, 287-325, 330-353, 358-379, 384-406, 411-457, 464-506, 512-519, 524-557, 562-569, 574-579, 585-602, 607-640, 645-657, 662-678, 683-698, 703-727, 736-744, 749-768, 773-779, 784-788, 794-799, 804-835, 842-875, 883-939\ncore/observability/__init__.py                           5      0   100%\ncore/observability/agent_tracer.py                     225    180    20%   37-38, 41, 61-68, 72-93, 97-139, 148-165, 169-204, 213-224, 231, 235-262, 267-325, 334-343, 352-353, 357-358, 362-364, 374-410, 432-464, 478-523\ncore/observability/dashboard_collector.py              266    195    27%   51, 88, 105-128, 132-139, 143-149, 153-154, 158-161, 169-183, 187-239, 243-250, 260-300, 310-322, 331-348, 356-370, 378-395, 400-406, 410-443, 455-472, 476-493, 499-503, 507-550, 554, 586-587, 591-611, 618-630, 637-649\ncore/observability/system_monitor.py                   160    116    28%   37, 61-90, 94-104, 108-114, 118-133, 138-160, 180-217, 221-255, 259-284, 288-296, 303-306, 318-321, 325-332, 336-349, 368-375, 379-393, 400-404\ncore/observability/telemetry_engine.py                 217    129    41%   43, 67-70, 74-76, 80, 84-89, 92, 117, 134-156, 160-169, 173-177, 181-185, 189-191, 198-216, 221, 226, 231, 237-252, 256-261, 266, 272-286, 289, 292, 295, 298, 301, 307-323, 328-335, 339-345, 350-359, 363-364, 378-384, 393-399, 410-412, 417-418\ncore/optimization/__init__.py                            2      2     0%   6-16\ncore/optimization/adaptive_prompt_optimizer.py         726    726     0%   6-1799\ncore/orchestrator/__init__.py                            5      0   100%\ncore/orchestrator/checkpoint_manager.py                142    104    27%   37-46, 50-56, 60, 90-123, 128-153, 157-177, 182-202, 206-209, 213-216, 220-226, 231-250, 257-259, 271-279, 283-307\ncore/orchestrator/continuous_director.py               626    519    17%   76, 105, 118, 138-185, 189-241, 245-268, 272-305, 309-340, 344-368, 382-392, 401-417, 421-494, 498-519, 524-540, 546-556, 560-582, 586-602, 606-620, 625-656, 660-719, 728-817, 821-843, 847-878, 884-926, 930-955, 964-974, 978-991, 995-1008, 1014-1028, 1034-1035, 1039-1040, 1044-1045, 1055-1090, 1098-1166, 1169-1179, 1183-1217, 1221-1230, 1234-1243, 1247-1260, 1264-1273, 1277-1286, 1290-1306, 1316-1333, 1342-1360, 1368-1400\ncore/orchestrator/guardrails.py                        129     91    29%   64-78, 85, 134, 192-263, 282-298, 316-345, 349-353, 378-384, 401-414, 431-437, 441, 452-455, 474-477, 490-511\ncore/orchestrator/milestone_tracker.py                 144    100    31%   43, 65-72, 76-86, 90-112, 116-128, 139-156, 160-185, 189-200, 206, 210-234, 238-249, 253-255, 259-269, 287-326\ncore/orchestrator/progress_analyzer.py                 174    138    21%   36-46, 50-71, 88-118, 122-140, 150-181, 185-207, 211-233, 237-256, 270-283, 293-303, 307-335, 339-371, 375-396\ncore/orchestrator/task_validator.py                    185    141    24%   63-67, 73-153, 165-168, 185-251, 266-281, 292-324, 328-346, 356-371, 378-394, 404-417, 424-447, 458, 462-480, 488-510\ncore/orchestrator/tri_agent_sdlc.py                    339    339     0%   11-895\ncore/reasoning/__init__.py                               2      2     0%   6-15\ncore/reasoning/cross_agent_coordinator.py              396    396     0%   6-939\ncore/resilience/__init__.py                              4      4     0%   18-36\ncore/resilience/circuit_breaker.py                     134    134     0%   30-484\ncore/resilience/retry_strategy.py                       93     93     0%   29-359\ncore/resilience/task_ledger.py                         163    163     0%   33-579\ncore/review/__init__.py                                  2      2     0%   8-17\ncore/review/human_review_gateway.py                    252    252     0%   9-577\ncore/routing/__init__.py                                 5      5     0%   19-24\ncore/routing/capability_matrix.py                       39     39     0%   7-142\ncore/routing/load_tracker.py                            71     71     0%   7-178\ncore/routing/task_fitness_router.py                     76     76     0%   10-272\ncore/routing/win_rate_tracker.py                        73     73     0%   7-203\ncore/security/__init__.py                                2      0   100%\ncore/security/security_compliance_scanner.py           288    163    43%   163-180, 184, 281-349, 362-443, 447-484, 489-521, 536-569, 575-633, 643-652, 656-659, 666-708, 712-731, 735-744, 750-773, 777, 786-814\ncore/self_healing/__init__.py                            2      0   100%\ncore/self_healing/self_healing_orchestrator.py         518    371    28%   177-221, 225-226, 235, 312, 364-386, 390-409, 413-428, 432-445, 449-462, 466-557, 569-600, 604-616, 629-648, 652-661, 665-746, 753-765, 769-788, 793-824, 828-841, 845-877, 881-895, 899-935, 939-977, 981-988, 992-1003, 1025, 1029\ncore/utils/__init__.py                                   2      0   100%\ncore/utils/audit_logger.py                              74     48    35%   70-95, 114-133, 154-165, 173, 193, 221-238, 246, 261-265, 271-275\ncore/utils/filesystem.py                                93     82    12%   27-80, 97-122, 139-157, 170, 183-202, 215-224\ncore/utils/pii_scanner.py                               93     66    29%   84-89, 106-141, 157-180, 190-204, 217-231, 235-249, 253-259, 267, 281-287, 300-301\ncore/utils/retry_handler.py                             84     84     0%   10-263\n----------------------------------------------------------------------------------\nTOTAL                                                14355  11763    18%\n\n=========================== short test summary info ============================\nERROR tests/unit/test_gpt5_p10_causal.py\nERROR tests/unit/test_gpt5_p5_security.py\nERROR tests/unit/test_gpt5_p6_healing.py\nERROR tests/unit/test_gpt5_p7_knowledge.py\nERROR tests/unit/test_gpt5_p9_deployment.py\n!!!!!!!!!!!!!!!!!!! Interrupted: 5 errors during collection !!!!!!!!!!!!!!!!!!!!\n======================= 51 warnings, 5 errors in 13.80s ========================\n",
      "stderr": "/Users/apple/Library/Mobile Documents/com~apple~CloudDocs/SProjects/myagent-continuous-ai-builder/venv/lib/python3.9/site-packages/urllib3/__init__.py:35: NotOpenSSLWarning: urllib3 v2 only supports OpenSSL 1.1.1+, currently the 'ssl' module is compiled with 'LibreSSL 2.8.3'. See: https://github.com/urllib3/urllib3/issues/3020\n  warnings.warn(\n",
      "command": "/Users/apple/Library/Mobile Documents/com~apple~CloudDocs/SProjects/myagent-continuous-ai-builder/venv/bin/python -m pytest tests/unit/ -m unit -v --cov=core --cov=api --cov-report=term-missing"
    },
    "integration": {
      "category": "integration",
      "status": "FAILED",
      "duration": 65.47551488876343,
      "returncode": 2,
      "stdout": "============================= test session starts ==============================\nplatform darwin -- Python 3.9.6, pytest-8.1.1, pluggy-1.6.0 -- /Users/apple/Library/Mobile Documents/com~apple~CloudDocs/SProjects/myagent-continuous-ai-builder/venv/bin/python\ncachedir: .pytest_cache\nrootdir: /Users/apple/Library/Mobile Documents/com~apple~CloudDocs/SProjects/myagent-continuous-ai-builder\nconfigfile: pytest.ini\nplugins: asyncio-0.23.5, anyio-4.12.0, langsmith-0.4.37, cov-4.1.0\nasyncio: mode=strict\ncollecting ... collected 0 items / 1 error\n\n==================================== ERRORS ====================================\n_____ ERROR collecting tests/integration/test_multi_agent_coordination.py ______\nImportError while importing test module '/Users/apple/Library/Mobile Documents/com~apple~CloudDocs/SProjects/myagent-continuous-ai-builder/tests/integration/test_multi_agent_coordination.py'.\nHint: make sure your test modules/packages have valid Python names.\nTraceback:\n/Library/Developer/CommandLineTools/Library/Frameworks/Python3.framework/Versions/3.9/lib/python3.9/importlib/__init__.py:127: in import_module\n    return _bootstrap._gcd_import(name[level:], package, level)\ntests/integration/test_multi_agent_coordination.py:28: in <module>\n    from tests.fixtures.test_data import TEST_DATA\nE   ModuleNotFoundError: No module named 'tests.fixtures.test_data'\n------------------------------- Captured stdout --------------------------------\n\u001b[32m2025-11-29 05:59:19\u001b[0m | \u001b[1mINFO    \u001b[0m | \u001b[36mconfig.logging_config\u001b[0m:\u001b[36msetup_logging\u001b[0m:\u001b[36m100\u001b[0m - \u001b[1mLogging configured: level=INFO, file_logging=True\u001b[0m\n------------------------------- Captured stderr --------------------------------\n\nA module that was compiled using NumPy 1.x cannot be run in\nNumPy 2.0.2 as it may crash. To support both 1.x and 2.x\nversions of NumPy, modules must be compiled with NumPy 2.0.\nSome module may need to rebuild instead e.g. with 'pybind11>=2.12'.\n\nIf you are a user of the module, the easiest solution will be to\ndowngrade to 'numpy<2' or try to upgrade the affected module.\nWe expect that some modules will need time to support NumPy 2.\n\nTraceback (most recent call last):  File \"/Library/Developer/CommandLineTools/Library/Frameworks/Python3.framework/Versions/3.9/lib/python3.9/runpy.py\", line 197, in _run_module_as_main\n    return _run_code(code, main_globals, None,\n  File \"/Library/Developer/CommandLineTools/Library/Frameworks/Python3.framework/Versions/3.9/lib/python3.9/runpy.py\", line 87, in _run_code\n    exec(code, run_globals)\n  File \"/Users/apple/Library/Mobile Documents/com~apple~CloudDocs/SProjects/myagent-continuous-ai-builder/venv/lib/python3.9/site-packages/pytest/__main__.py\", line 7, in <module>\n    raise SystemExit(pytest.console_main())\n  File \"/Users/apple/Library/Mobile Documents/com~apple~CloudDocs/SProjects/myagent-continuous-ai-builder/venv/lib/python3.9/site-packages/_pytest/config/__init__.py\", line 197, in console_main\n    code = main()\n  File \"/Users/apple/Library/Mobile Documents/com~apple~CloudDocs/SProjects/myagent-continuous-ai-builder/venv/lib/python3.9/site-packages/_pytest/config/__init__.py\", line 155, in main\n    config = _prepareconfig(args, plugins)\n  File \"/Users/apple/Library/Mobile Documents/com~apple~CloudDocs/SProjects/myagent-continuous-ai-builder/venv/lib/python3.9/site-packages/_pytest/config/__init__.py\", line 337, in _prepareconfig\n    config = pluginmanager.hook.pytest_cmdline_parse(\n  File \"/Users/apple/Library/Mobile Documents/com~apple~CloudDocs/SProjects/myagent-continuous-ai-builder/venv/lib/python3.9/site-packages/pluggy/_hooks.py\", line 512, in __call__\n    return self._hookexec(self.name, self._hookimpls.copy(), kwargs, firstresult)\n  File \"/Users/apple/Library/Mobile Documents/com~apple~CloudDocs/SProjects/myagent-continuous-ai-builder/venv/lib/python3.9/site-packages/pluggy/_manager.py\", line 120, in _hookexec\n    return self._inner_hookexec(hook_name, methods, kwargs, firstresult)\n  File \"/Users/apple/Library/Mobile Documents/com~apple~CloudDocs/SProjects/myagent-continuous-ai-builder/venv/lib/python3.9/site-packages/pluggy/_callers.py\", line 121, in _multicall\n    res = hook_impl.function(*args)\n  File \"/Users/apple/Library/Mobile Documents/com~apple~CloudDocs/SProjects/myagent-continuous-ai-builder/venv/lib/python3.9/site-packages/_pytest/config/__init__.py\", line 1143, in pytest_cmdline_parse\n    self.parse(args)\n  File \"/Users/apple/Library/Mobile Documents/com~apple~CloudDocs/SProjects/myagent-continuous-ai-builder/venv/lib/python3.9/site-packages/_pytest/config/__init__.py\", line 1492, in parse\n    self._preparse(args, addopts=addopts)\n  File \"/Users/apple/Library/Mobile Documents/com~apple~CloudDocs/SProjects/myagent-continuous-ai-builder/venv/lib/python3.9/site-packages/_pytest/config/__init__.py\", line 1396, in _preparse\n    self.hook.pytest_load_initial_conftests(\n  File \"/Users/apple/Library/Mobile Documents/com~apple~CloudDocs/SProjects/myagent-continuous-ai-builder/venv/lib/python3.9/site-packages/pluggy/_hooks.py\", line 512, in __call__\n    return self._hookexec(self.name, self._hookimpls.copy(), kwargs, firstresult)\n  File \"/Users/apple/Library/Mobile Documents/com~apple~CloudDocs/SProjects/myagent-continuous-ai-builder/venv/lib/python3.9/site-packages/pluggy/_manager.py\", line 120, in _hookexec\n    return self._inner_hookexec(hook_name, methods, kwargs, firstresult)\n  File \"/Users/apple/Library/Mobile Documents/com~apple~CloudDocs/SProjects/myagent-continuous-ai-builder/venv/lib/python3.9/site-packages/pluggy/_callers.py\", line 121, in _multicall\n    res = hook_impl.function(*args)\n  File \"/Users/apple/Library/Mobile Documents/com~apple~CloudDocs/SProjects/myagent-continuous-ai-builder/venv/lib/python3.9/site-packages/_pytest/config/__init__.py\", line 1221, in pytest_load_initial_conftests\n    self.pluginmanager._set_initial_conftests(\n  File \"/Users/apple/Library/Mobile Documents/com~apple~CloudDocs/SProjects/myagent-continuous-ai-builder/venv/lib/python3.9/site-packages/_pytest/config/__init__.py\", line 579, in _set_initial_conftests\n    self._try_load_conftest(\n  File \"/Users/apple/Library/Mobile Documents/com~apple~CloudDocs/SProjects/myagent-continuous-ai-builder/venv/lib/python3.9/site-packages/_pytest/config/__init__.py\", line 617, in _try_load_conftest\n    self._loadconftestmodules(\n  File \"/Users/apple/Library/Mobile Documents/com~apple~CloudDocs/SProjects/myagent-continuous-ai-builder/venv/lib/python3.9/site-packages/_pytest/config/__init__.py\", line 657, in _loadconftestmodules\n    mod = self._importconftest(\n  File \"/Users/apple/Library/Mobile Documents/com~apple~CloudDocs/SProjects/myagent-continuous-ai-builder/venv/lib/python3.9/site-packages/_pytest/config/__init__.py\", line 708, in _importconftest\n    mod = import_path(\n  File \"/Users/apple/Library/Mobile Documents/com~apple~CloudDocs/SProjects/myagent-continuous-ai-builder/venv/lib/python3.9/site-packages/_pytest/pathlib.py\", line 584, in import_path\n    importlib.import_module(module_name)\n  File \"/Library/Developer/CommandLineTools/Library/Frameworks/Python3.framework/Versions/3.9/lib/python3.9/importlib/__init__.py\", line 127, in import_module\n    return _bootstrap._gcd_import(name[level:], package, level)\n  File \"/Users/apple/Library/Mobile Documents/com~apple~CloudDocs/SProjects/myagent-continuous-ai-builder/venv/lib/python3.9/site-packages/_pytest/assertion/rewrite.py\", line 178, in exec_module\n    exec(co, module.__dict__)\n  File \"/Users/apple/Library/Mobile Documents/com~apple~CloudDocs/SProjects/myagent-continuous-ai-builder/tests/conftest.py\", line 17, in <module>\n    from core.orchestrator.continuous_director import ContinuousDirector\n  File \"/Users/apple/Library/Mobile Documents/com~apple~CloudDocs/SProjects/myagent-continuous-ai-builder/core/__init__.py\", line 10, in <module>\n    from . import agents\n  File \"/Users/apple/Library/Mobile Documents/com~apple~CloudDocs/SProjects/myagent-continuous-ai-builder/core/agents/__init__.py\", line 8, in <module>\n    from .coder_agent import CoderAgent\n  File \"/Users/apple/Library/Mobile Documents/com~apple~CloudDocs/SProjects/myagent-continuous-ai-builder/core/agents/coder_agent.py\", line 13, in <module>\n    from langchain_openai import ChatOpenAI\n  File \"/Users/apple/Library/Mobile Documents/com~apple~CloudDocs/SProjects/myagent-continuous-ai-builder/venv/lib/python3.9/site-packages/langchain_openai/__init__.py\", line 3, in <module>\n    from langchain_openai.chat_models import AzureChatOpenAI, ChatOpenAI\n  File \"/Users/apple/Library/Mobile Documents/com~apple~CloudDocs/SProjects/myagent-continuous-ai-builder/venv/lib/python3.9/site-packages/langchain_openai/chat_models/__init__.py\", line 3, in <module>\n    from langchain_openai.chat_models.azure import AzureChatOpenAI\n  File \"/Users/apple/Library/Mobile Documents/com~apple~CloudDocs/SProjects/myagent-continuous-ai-builder/venv/lib/python3.9/site-packages/langchain_openai/chat_models/azure.py\", line 11, in <module>\n    from langchain_core.language_models import LanguageModelInput\n  File \"/Users/apple/Library/Mobile Documents/com~apple~CloudDocs/SProjects/myagent-continuous-ai-builder/venv/lib/python3.9/site-packages/langchain_core/language_models/__init__.py\", line 112, in __getattr__\n    result = import_attr(attr_name, module_name, __spec__.parent)\n  File \"/Users/apple/Library/Mobile Documents/com~apple~CloudDocs/SProjects/myagent-continuous-ai-builder/venv/lib/python3.9/site-packages/langchain_core/_import_utils.py\", line 36, in import_attr\n    module = import_module(f\".{module_name}\", package=package)\n  File \"/Library/Developer/CommandLineTools/Library/Frameworks/Python3.framework/Versions/3.9/lib/python3.9/importlib/__init__.py\", line 127, in import_module\n    return _bootstrap._gcd_import(name[level:], package, level)\n  File \"/Users/apple/Library/Mobile Documents/com~apple~CloudDocs/SProjects/myagent-continuous-ai-builder/venv/lib/python3.9/site-packages/langchain_core/language_models/base.py\", line 44, in <module>\n    from transformers import GPT2TokenizerFast  # type: ignore[import-not-found]\n  File \"/Users/apple/Library/Mobile Documents/com~apple~CloudDocs/SProjects/myagent-continuous-ai-builder/venv/lib/python3.9/site-packages/transformers/__init__.py\", line 27, in <module>\n    from . import dependency_versions_check\n  File \"/Users/apple/Library/Mobile Documents/com~apple~CloudDocs/SProjects/myagent-continuous-ai-builder/venv/lib/python3.9/site-packages/transformers/dependency_versions_check.py\", line 16, in <module>\n    from .utils.versions import require_version, require_version_core\n  File \"/Users/apple/Library/Mobile Documents/com~apple~CloudDocs/SProjects/myagent-continuous-ai-builder/venv/lib/python3.9/site-packages/transformers/utils/__init__.py\", line 24, in <module>\n    from .auto_docstring import (\n  File \"/Users/apple/Library/Mobile Documents/com~apple~CloudDocs/SProjects/myagent-continuous-ai-builder/venv/lib/python3.9/site-packages/transformers/utils/auto_docstring.py\", line 30, in <module>\n    from .generic import ModelOutput\n  File \"/Users/apple/Library/Mobile Documents/com~apple~CloudDocs/SProjects/myagent-continuous-ai-builder/venv/lib/python3.9/site-packages/transformers/utils/generic.py\", line 51, in <module>\n    import torch\n  File \"/Users/apple/Library/Mobile Documents/com~apple~CloudDocs/SProjects/myagent-continuous-ai-builder/venv/lib/python3.9/site-packages/torch/__init__.py\", line 1477, in <module>\n    from .functional import *  # noqa: F403\n  File \"/Users/apple/Library/Mobile Documents/com~apple~CloudDocs/SProjects/myagent-continuous-ai-builder/venv/lib/python3.9/site-packages/torch/functional.py\", line 9, in <module>\n    import torch.nn.functional as F\n  File \"/Users/apple/Library/Mobile Documents/com~apple~CloudDocs/SProjects/myagent-continuous-ai-builder/venv/lib/python3.9/site-packages/torch/nn/__init__.py\", line 1, in <module>\n    from .modules import *  # noqa: F403\n  File \"/Users/apple/Library/Mobile Documents/com~apple~CloudDocs/SProjects/myagent-continuous-ai-builder/venv/lib/python3.9/site-packages/torch/nn/modules/__init__.py\", line 35, in <module>\n    from .transformer import TransformerEncoder, TransformerDecoder, \\\n  File \"/Users/apple/Library/Mobile Documents/com~apple~CloudDocs/SProjects/myagent-continuous-ai-builder/venv/lib/python3.9/site-packages/torch/nn/modules/transformer.py\", line 20, in <module>\n    device: torch.device = torch.device(torch._C._get_default_device()),  # torch.device('cpu'),\ntree-sitter not available; will use Python ast fallback\n=============================== warnings summary ===============================\nvenv/lib/python3.9/site-packages/jupyter_client/connect.py:22\n  /Users/apple/Library/Mobile Documents/com~apple~CloudDocs/SProjects/myagent-continuous-ai-builder/venv/lib/python3.9/site-packages/jupyter_client/connect.py:22: DeprecationWarning: Jupyter is migrating its paths to use standard platformdirs\n  given by the platformdirs library.  To remove this warning and\n  see the appropriate new directories, set the environment variable\n  `JUPYTER_PLATFORM_DIRS=1` and then run `jupyter --paths`.\n  The use of platformdirs will be the default in `jupyter_core` v6\n    from jupyter_core.paths import jupyter_data_dir, jupyter_runtime_dir, secure_write\n\nvenv/lib/python3.9/site-packages/torch/nn/modules/transformer.py:20\n  /Users/apple/Library/Mobile Documents/com~apple~CloudDocs/SProjects/myagent-continuous-ai-builder/venv/lib/python3.9/site-packages/torch/nn/modules/transformer.py:20: UserWarning: Failed to initialize NumPy: _ARRAY_API not found (Triggered internally at /Users/runner/work/pytorch/pytorch/pytorch/torch/csrc/utils/tensor_numpy.cpp:84.)\n    device: torch.device = torch.device(torch._C._get_default_device()),  # torch.device('cpu'),\n\nconfig/settings.py:19\n  /Users/apple/Library/Mobile Documents/com~apple~CloudDocs/SProjects/myagent-continuous-ai-builder/config/settings.py:19: PydanticDeprecatedSince20: Using extra keyword arguments on `Field` is deprecated and will be removed. Use `json_schema_extra` instead. (Extra keys: 'env'). Deprecated in Pydantic V2.0 to be removed in V3.0. See Pydantic V2 Migration Guide at https://errors.pydantic.dev/2.12/migration/\n    DEBUG: bool = Field(default=False, env=\"DEBUG\")\n\nconfig/settings.py:22\n  /Users/apple/Library/Mobile Documents/com~apple~CloudDocs/SProjects/myagent-continuous-ai-builder/config/settings.py:22: PydanticDeprecatedSince20: Using extra keyword arguments on `Field` is deprecated and will be removed. Use `json_schema_extra` instead. (Extra keys: 'env'). Deprecated in Pydantic V2.0 to be removed in V3.0. See Pydantic V2 Migration Guide at https://errors.pydantic.dev/2.12/migration/\n    API_HOST: str = Field(default=\"0.0.0.0\", env=\"API_HOST\")\n\nconfig/settings.py:23\n  /Users/apple/Library/Mobile Documents/com~apple~CloudDocs/SProjects/myagent-continuous-ai-builder/config/settings.py:23: PydanticDeprecatedSince20: Using extra keyword arguments on `Field` is deprecated and will be removed. Use `json_schema_extra` instead. (Extra keys: 'env'). Deprecated in Pydantic V2.0 to be removed in V3.0. See Pydantic V2 Migration Guide at https://errors.pydantic.dev/2.12/migration/\n    API_PORT: int = Field(default=8000, env=\"API_PORT\")\n\nconfig/settings.py:24\n  /Users/apple/Library/Mobile Documents/com~apple~CloudDocs/SProjects/myagent-continuous-ai-builder/config/settings.py:24: PydanticDeprecatedSince20: Using extra keyword arguments on `Field` is deprecated and will be removed. Use `json_schema_extra` instead. (Extra keys: 'env'). Deprecated in Pydantic V2.0 to be removed in V3.0. See Pydantic V2 Migration Guide at https://errors.pydantic.dev/2.12/migration/\n    API_WORKERS: int = Field(default=4, env=\"API_WORKERS\")\n\nconfig/settings.py:25\n  /Users/apple/Library/Mobile Documents/com~apple~CloudDocs/SProjects/myagent-continuous-ai-builder/config/settings.py:25: PydanticDeprecatedSince20: Using extra keyword arguments on `Field` is deprecated and will be removed. Use `json_schema_extra` instead. (Extra keys: 'env'). Deprecated in Pydantic V2.0 to be removed in V3.0. See Pydantic V2 Migration Guide at https://errors.pydantic.dev/2.12/migration/\n    CORS_ORIGINS: List[str] = Field(\n\nconfig/settings.py:31\n  /Users/apple/Library/Mobile Documents/com~apple~CloudDocs/SProjects/myagent-continuous-ai-builder/config/settings.py:31: PydanticDeprecatedSince20: Using extra keyword arguments on `Field` is deprecated and will be removed. Use `json_schema_extra` instead. (Extra keys: 'env'). Deprecated in Pydantic V2.0 to be removed in V3.0. See Pydantic V2 Migration Guide at https://errors.pydantic.dev/2.12/migration/\n    DATABASE_URL: str = Field(\n\nconfig/settings.py:35\n  /Users/apple/Library/Mobile Documents/com~apple~CloudDocs/SProjects/myagent-continuous-ai-builder/config/settings.py:35: PydanticDeprecatedSince20: Using extra keyword arguments on `Field` is deprecated and will be removed. Use `json_schema_extra` instead. (Extra keys: 'env'). Deprecated in Pydantic V2.0 to be removed in V3.0. See Pydantic V2 Migration Guide at https://errors.pydantic.dev/2.12/migration/\n    DATABASE_POOL_SIZE: int = Field(default=20, env=\"DATABASE_POOL_SIZE\")\n\nconfig/settings.py:36\n  /Users/apple/Library/Mobile Documents/com~apple~CloudDocs/SProjects/myagent-continuous-ai-builder/config/settings.py:36: PydanticDeprecatedSince20: Using extra keyword arguments on `Field` is deprecated and will be removed. Use `json_schema_extra` instead. (Extra keys: 'env'). Deprecated in Pydantic V2.0 to be removed in V3.0. See Pydantic V2 Migration Guide at https://errors.pydantic.dev/2.12/migration/\n    DATABASE_MAX_OVERFLOW: int = Field(default=10, env=\"DATABASE_MAX_OVERFLOW\")\n\nconfig/settings.py:39\n  /Users/apple/Library/Mobile Documents/com~apple~CloudDocs/SProjects/myagent-continuous-ai-builder/config/settings.py:39: PydanticDeprecatedSince20: Using extra keyword arguments on `Field` is deprecated and will be removed. Use `json_schema_extra` instead. (Extra keys: 'env'). Deprecated in Pydantic V2.0 to be removed in V3.0. See Pydantic V2 Migration Guide at https://errors.pydantic.dev/2.12/migration/\n    REDIS_URL: str = Field(default=\"redis://localhost:6379/0\", env=\"REDIS_URL\")\n\nconfig/settings.py:40\n  /Users/apple/Library/Mobile Documents/com~apple~CloudDocs/SProjects/myagent-continuous-ai-builder/config/settings.py:40: PydanticDeprecatedSince20: Using extra keyword arguments on `Field` is deprecated and will be removed. Use `json_schema_extra` instead. (Extra keys: 'env'). Deprecated in Pydantic V2.0 to be removed in V3.0. See Pydantic V2 Migration Guide at https://errors.pydantic.dev/2.12/migration/\n    REDIS_MAX_CONNECTIONS: int = Field(default=50, env=\"REDIS_MAX_CONNECTIONS\")\n\nconfig/settings.py:42\n  /Users/apple/Library/Mobile Documents/com~apple~CloudDocs/SProjects/myagent-continuous-ai-builder/config/settings.py:42: PydanticDeprecatedSince20: Pydantic V1 style `@validator` validators are deprecated. You should migrate to Pydantic V2 style `@field_validator` validators, see the migration guide for more details. Deprecated in Pydantic V2.0 to be removed in V3.0. See Pydantic V2 Migration Guide at https://errors.pydantic.dev/2.12/migration/\n    @validator(\"DATABASE_URL\", pre=True, always=True)\n\nconfig/settings.py:55\n  /Users/apple/Library/Mobile Documents/com~apple~CloudDocs/SProjects/myagent-continuous-ai-builder/config/settings.py:55: PydanticDeprecatedSince20: Using extra keyword arguments on `Field` is deprecated and will be removed. Use `json_schema_extra` instead. (Extra keys: 'env'). Deprecated in Pydantic V2.0 to be removed in V3.0. See Pydantic V2 Migration Guide at https://errors.pydantic.dev/2.12/migration/\n    CHROMADB_HOST: str = Field(default=\"localhost\", env=\"CHROMADB_HOST\")\n\nconfig/settings.py:56\n  /Users/apple/Library/Mobile Documents/com~apple~CloudDocs/SProjects/myagent-continuous-ai-builder/config/settings.py:56: PydanticDeprecatedSince20: Using extra keyword arguments on `Field` is deprecated and will be removed. Use `json_schema_extra` instead. (Extra keys: 'env'). Deprecated in Pydantic V2.0 to be removed in V3.0. See Pydantic V2 Migration Guide at https://errors.pydantic.dev/2.12/migration/\n    CHROMADB_PORT: int = Field(default=8000, env=\"CHROMADB_PORT\")\n\nconfig/settings.py:57\n  /Users/apple/Library/Mobile Documents/com~apple~CloudDocs/SProjects/myagent-continuous-ai-builder/config/settings.py:57: PydanticDeprecatedSince20: Using extra keyword arguments on `Field` is deprecated and will be removed. Use `json_schema_extra` instead. (Extra keys: 'env'). Deprecated in Pydantic V2.0 to be removed in V3.0. See Pydantic V2 Migration Guide at https://errors.pydantic.dev/2.12/migration/\n    CHROMADB_PATH: str = Field(\n\nconfig/settings.py:63\n  /Users/apple/Library/Mobile Documents/com~apple~CloudDocs/SProjects/myagent-continuous-ai-builder/config/settings.py:63: PydanticDeprecatedSince20: Using extra keyword arguments on `Field` is deprecated and will be removed. Use `json_schema_extra` instead. (Extra keys: 'env'). Deprecated in Pydantic V2.0 to be removed in V3.0. See Pydantic V2 Migration Guide at https://errors.pydantic.dev/2.12/migration/\n    OPENAI_API_KEY: Optional[str] = Field(default=None, env=\"OPENAI_API_KEY\")\n\nconfig/settings.py:64\n  /Users/apple/Library/Mobile Documents/com~apple~CloudDocs/SProjects/myagent-continuous-ai-builder/config/settings.py:64: PydanticDeprecatedSince20: Using extra keyword arguments on `Field` is deprecated and will be removed. Use `json_schema_extra` instead. (Extra keys: 'env'). Deprecated in Pydantic V2.0 to be removed in V3.0. See Pydantic V2 Migration Guide at https://errors.pydantic.dev/2.12/migration/\n    ANTHROPIC_API_KEY: Optional[str] = Field(default=None, env=\"ANTHROPIC_API_KEY\")\n\nconfig/settings.py:65\n  /Users/apple/Library/Mobile Documents/com~apple~CloudDocs/SProjects/myagent-continuous-ai-builder/config/settings.py:65: PydanticDeprecatedSince20: Using extra keyword arguments on `Field` is deprecated and will be removed. Use `json_schema_extra` instead. (Extra keys: 'env'). Deprecated in Pydantic V2.0 to be removed in V3.0. See Pydantic V2 Migration Guide at https://errors.pydantic.dev/2.12/migration/\n    OLLAMA_BASE_URL: str = Field(\n\nconfig/settings.py:71\n  /Users/apple/Library/Mobile Documents/com~apple~CloudDocs/SProjects/myagent-continuous-ai-builder/config/settings.py:71: PydanticDeprecatedSince20: Using extra keyword arguments on `Field` is deprecated and will be removed. Use `json_schema_extra` instead. (Extra keys: 'env'). Deprecated in Pydantic V2.0 to be removed in V3.0. See Pydantic V2 Migration Guide at https://errors.pydantic.dev/2.12/migration/\n    DEFAULT_LLM_PROVIDER: str = Field(default=\"openai\", env=\"DEFAULT_LLM_PROVIDER\")\n\nconfig/settings.py:72\n  /Users/apple/Library/Mobile Documents/com~apple~CloudDocs/SProjects/myagent-continuous-ai-builder/config/settings.py:72: PydanticDeprecatedSince20: Using extra keyword arguments on `Field` is deprecated and will be removed. Use `json_schema_extra` instead. (Extra keys: 'env'). Deprecated in Pydantic V2.0 to be removed in V3.0. See Pydantic V2 Migration Guide at https://errors.pydantic.dev/2.12/migration/\n    DEFAULT_MODEL: str = Field(default=\"gpt-5-chat-latest\", env=\"DEFAULT_MODEL\")\n\nconfig/settings.py:73\n  /Users/apple/Library/Mobile Documents/com~apple~CloudDocs/SProjects/myagent-continuous-ai-builder/config/settings.py:73: PydanticDeprecatedSince20: Using extra keyword arguments on `Field` is deprecated and will be removed. Use `json_schema_extra` instead. (Extra keys: 'env'). Deprecated in Pydantic V2.0 to be removed in V3.0. See Pydantic V2 Migration Guide at https://errors.pydantic.dev/2.12/migration/\n    LLM_TEMPERATURE: float = Field(default=0.7, env=\"LLM_TEMPERATURE\")\n\nconfig/settings.py:74\n  /Users/apple/Library/Mobile Documents/com~apple~CloudDocs/SProjects/myagent-continuous-ai-builder/config/settings.py:74: PydanticDeprecatedSince20: Using extra keyword arguments on `Field` is deprecated and will be removed. Use `json_schema_extra` instead. (Extra keys: 'env'). Deprecated in Pydantic V2.0 to be removed in V3.0. See Pydantic V2 Migration Guide at https://errors.pydantic.dev/2.12/migration/\n    LLM_MAX_TOKENS: int = Field(default=2000, env=\"LLM_MAX_TOKENS\")\n\nconfig/settings.py:77\n  /Users/apple/Library/Mobile Documents/com~apple~CloudDocs/SProjects/myagent-continuous-ai-builder/config/settings.py:77: PydanticDeprecatedSince20: Using extra keyword arguments on `Field` is deprecated and will be removed. Use `json_schema_extra` instead. (Extra keys: 'env'). Deprecated in Pydantic V2.0 to be removed in V3.0. See Pydantic V2 Migration Guide at https://errors.pydantic.dev/2.12/migration/\n    TARGET_TEST_COVERAGE: float = Field(default=95.0, env=\"TARGET_TEST_COVERAGE\")\n\nconfig/settings.py:78\n  /Users/apple/Library/Mobile Documents/com~apple~CloudDocs/SProjects/myagent-continuous-ai-builder/config/settings.py:78: PydanticDeprecatedSince20: Using extra keyword arguments on `Field` is deprecated and will be removed. Use `json_schema_extra` instead. (Extra keys: 'env'). Deprecated in Pydantic V2.0 to be removed in V3.0. See Pydantic V2 Migration Guide at https://errors.pydantic.dev/2.12/migration/\n    TARGET_PERFORMANCE_SCORE: float = Field(\n\nconfig/settings.py:82\n  /Users/apple/Library/Mobile Documents/com~apple~CloudDocs/SProjects/myagent-continuous-ai-builder/config/settings.py:82: PydanticDeprecatedSince20: Using extra keyword arguments on `Field` is deprecated and will be removed. Use `json_schema_extra` instead. (Extra keys: 'env'). Deprecated in Pydantic V2.0 to be removed in V3.0. See Pydantic V2 Migration Guide at https://errors.pydantic.dev/2.12/migration/\n    TARGET_DOCUMENTATION_COVERAGE: float = Field(\n\nconfig/settings.py:86\n  /Users/apple/Library/Mobile Documents/com~apple~CloudDocs/SProjects/myagent-continuous-ai-builder/config/settings.py:86: PydanticDeprecatedSince20: Using extra keyword arguments on `Field` is deprecated and will be removed. Use `json_schema_extra` instead. (Extra keys: 'env'). Deprecated in Pydantic V2.0 to be removed in V3.0. See Pydantic V2 Migration Guide at https://errors.pydantic.dev/2.12/migration/\n    TARGET_CODE_QUALITY_SCORE: float = Field(\n\nconfig/settings.py:90\n  /Users/apple/Library/Mobile Documents/com~apple~CloudDocs/SProjects/myagent-continuous-ai-builder/config/settings.py:90: PydanticDeprecatedSince20: Using extra keyword arguments on `Field` is deprecated and will be removed. Use `json_schema_extra` instead. (Extra keys: 'env'). Deprecated in Pydantic V2.0 to be removed in V3.0. See Pydantic V2 Migration Guide at https://errors.pydantic.dev/2.12/migration/\n    TARGET_SECURITY_SCORE: float = Field(default=95.0, env=\"TARGET_SECURITY_SCORE\")\n\nconfig/settings.py:91\n  /Users/apple/Library/Mobile Documents/com~apple~CloudDocs/SProjects/myagent-continuous-ai-builder/config/settings.py:91: PydanticDeprecatedSince20: Using extra keyword arguments on `Field` is deprecated and will be removed. Use `json_schema_extra` instead. (Extra keys: 'env'). Deprecated in Pydantic V2.0 to be removed in V3.0. See Pydantic V2 Migration Guide at https://errors.pydantic.dev/2.12/migration/\n    TARGET_USER_SATISFACTION: float = Field(\n\nconfig/settings.py:97\n  /Users/apple/Library/Mobile Documents/com~apple~CloudDocs/SProjects/myagent-continuous-ai-builder/config/settings.py:97: PydanticDeprecatedSince20: Using extra keyword arguments on `Field` is deprecated and will be removed. Use `json_schema_extra` instead. (Extra keys: 'env'). Deprecated in Pydantic V2.0 to be removed in V3.0. See Pydantic V2 Migration Guide at https://errors.pydantic.dev/2.12/migration/\n    MAX_AGENT_RETRIES: int = Field(default=3, env=\"MAX_AGENT_RETRIES\")\n\nconfig/settings.py:98\n  /Users/apple/Library/Mobile Documents/com~apple~CloudDocs/SProjects/myagent-continuous-ai-builder/config/settings.py:98: PydanticDeprecatedSince20: Using extra keyword arguments on `Field` is deprecated and will be removed. Use `json_schema_extra` instead. (Extra keys: 'env'). Deprecated in Pydantic V2.0 to be removed in V3.0. See Pydantic V2 Migration Guide at https://errors.pydantic.dev/2.12/migration/\n    AGENT_TIMEOUT_SECONDS: int = Field(default=300, env=\"AGENT_TIMEOUT_SECONDS\")\n\nconfig/settings.py:99\n  /Users/apple/Library/Mobile Documents/com~apple~CloudDocs/SProjects/myagent-continuous-ai-builder/config/settings.py:99: PydanticDeprecatedSince20: Using extra keyword arguments on `Field` is deprecated and will be removed. Use `json_schema_extra` instead. (Extra keys: 'env'). Deprecated in Pydantic V2.0 to be removed in V3.0. See Pydantic V2 Migration Guide at https://errors.pydantic.dev/2.12/migration/\n    CHECKPOINT_INTERVAL_HOURS: int = Field(\n\nconfig/settings.py:105\n  /Users/apple/Library/Mobile Documents/com~apple~CloudDocs/SProjects/myagent-continuous-ai-builder/config/settings.py:105: PydanticDeprecatedSince20: Using extra keyword arguments on `Field` is deprecated and will be removed. Use `json_schema_extra` instead. (Extra keys: 'env'). Deprecated in Pydantic V2.0 to be removed in V3.0. See Pydantic V2 Migration Guide at https://errors.pydantic.dev/2.12/migration/\n    PERSISTENCE_DIR: Path = Field(\n\nconfig/settings.py:109\n  /Users/apple/Library/Mobile Documents/com~apple~CloudDocs/SProjects/myagent-continuous-ai-builder/config/settings.py:109: PydanticDeprecatedSince20: Using extra keyword arguments on `Field` is deprecated and will be removed. Use `json_schema_extra` instead. (Extra keys: 'env'). Deprecated in Pydantic V2.0 to be removed in V3.0. See Pydantic V2 Migration Guide at https://errors.pydantic.dev/2.12/migration/\n    LOGS_DIR: Path = Field(default=Path(\"logs\"), env=\"LOGS_DIR\")\n\nconfig/settings.py:112\n  /Users/apple/Library/Mobile Documents/com~apple~CloudDocs/SProjects/myagent-continuous-ai-builder/config/settings.py:112: PydanticDeprecatedSince20: Using extra keyword arguments on `Field` is deprecated and will be removed. Use `json_schema_extra` instead. (Extra keys: 'env'). Deprecated in Pydantic V2.0 to be removed in V3.0. See Pydantic V2 Migration Guide at https://errors.pydantic.dev/2.12/migration/\n    SECRET_KEY: str = Field(\n\nconfig/settings.py:116\n  /Users/apple/Library/Mobile Documents/com~apple~CloudDocs/SProjects/myagent-continuous-ai-builder/config/settings.py:116: PydanticDeprecatedSince20: Using extra keyword arguments on `Field` is deprecated and will be removed. Use `json_schema_extra` instead. (Extra keys: 'env'). Deprecated in Pydantic V2.0 to be removed in V3.0. See Pydantic V2 Migration Guide at https://errors.pydantic.dev/2.12/migration/\n    JWT_ALGORITHM: str = Field(default=\"HS256\", env=\"JWT_ALGORITHM\")\n\nconfig/settings.py:117\n  /Users/apple/Library/Mobile Documents/com~apple~CloudDocs/SProjects/myagent-continuous-ai-builder/config/settings.py:117: PydanticDeprecatedSince20: Using extra keyword arguments on `Field` is deprecated and will be removed. Use `json_schema_extra` instead. (Extra keys: 'env'). Deprecated in Pydantic V2.0 to be removed in V3.0. See Pydantic V2 Migration Guide at https://errors.pydantic.dev/2.12/migration/\n    JWT_EXPIRATION_MINUTES: int = Field(\n\nconfig/settings.py:123\n  /Users/apple/Library/Mobile Documents/com~apple~CloudDocs/SProjects/myagent-continuous-ai-builder/config/settings.py:123: PydanticDeprecatedSince20: Using extra keyword arguments on `Field` is deprecated and will be removed. Use `json_schema_extra` instead. (Extra keys: 'env'). Deprecated in Pydantic V2.0 to be removed in V3.0. See Pydantic V2 Migration Guide at https://errors.pydantic.dev/2.12/migration/\n    RATE_LIMIT_PER_MINUTE: int = Field(default=100, env=\"RATE_LIMIT_PER_MINUTE\")\n\nconfig/settings.py:125\n  /Users/apple/Library/Mobile Documents/com~apple~CloudDocs/SProjects/myagent-continuous-ai-builder/config/settings.py:125: PydanticDeprecatedSince20: Pydantic V1 style `@validator` validators are deprecated. You should migrate to Pydantic V2 style `@field_validator` validators, see the migration guide for more details. Deprecated in Pydantic V2.0 to be removed in V3.0. See Pydantic V2 Migration Guide at https://errors.pydantic.dev/2.12/migration/\n    @validator(\"CORS_ORIGINS\", pre=True)\n\nconfig/settings.py:132\n  /Users/apple/Library/Mobile Documents/com~apple~CloudDocs/SProjects/myagent-continuous-ai-builder/config/settings.py:132: PydanticDeprecatedSince20: Pydantic V1 style `@validator` validators are deprecated. You should migrate to Pydantic V2 style `@field_validator` validators, see the migration guide for more details. Deprecated in Pydantic V2.0 to be removed in V3.0. See Pydantic V2 Migration Guide at https://errors.pydantic.dev/2.12/migration/\n    @validator(\"PERSISTENCE_DIR\", \"LOGS_DIR\", pre=True)\n\nconfig/settings.py:13\n  /Users/apple/Library/Mobile Documents/com~apple~CloudDocs/SProjects/myagent-continuous-ai-builder/config/settings.py:13: PydanticDeprecatedSince20: Support for class-based `config` is deprecated, use ConfigDict instead. Deprecated in Pydantic V2.0 to be removed in V3.0. See Pydantic V2 Migration Guide at https://errors.pydantic.dev/2.12/migration/\n    class Settings(BaseSettings):\n\n-- Docs: https://docs.pytest.org/en/stable/how-to/capture-warnings.html\n=========================== short test summary info ============================\nERROR tests/integration/test_multi_agent_coordination.py\n!!!!!!!!!!!!!!!!!!!! Interrupted: 1 error during collection !!!!!!!!!!!!!!!!!!!!\n======================== 41 warnings, 1 error in 2.56s =========================\n",
      "stderr": "/Users/apple/Library/Mobile Documents/com~apple~CloudDocs/SProjects/myagent-continuous-ai-builder/venv/lib/python3.9/site-packages/urllib3/__init__.py:35: NotOpenSSLWarning: urllib3 v2 only supports OpenSSL 1.1.1+, currently the 'ssl' module is compiled with 'LibreSSL 2.8.3'. See: https://github.com/urllib3/urllib3/issues/3020\n  warnings.warn(\n",
      "command": "/Users/apple/Library/Mobile Documents/com~apple~CloudDocs/SProjects/myagent-continuous-ai-builder/venv/bin/python -m pytest tests/integration/ -m integration -v"
    },
    "system": {
      "category": "system",
      "status": "FAILED",
      "duration": 69.924800157547,
      "returncode": 2,
      "stdout": "============================= test session starts ==============================\nplatform darwin -- Python 3.9.6, pytest-8.1.1, pluggy-1.6.0 -- /Users/apple/Library/Mobile Documents/com~apple~CloudDocs/SProjects/myagent-continuous-ai-builder/venv/bin/python\ncachedir: .pytest_cache\nrootdir: /Users/apple/Library/Mobile Documents/com~apple~CloudDocs/SProjects/myagent-continuous-ai-builder\nconfigfile: pytest.ini\nplugins: asyncio-0.23.5, anyio-4.12.0, langsmith-0.4.37, cov-4.1.0\nasyncio: mode=strict\ncollecting ... collected 28 items / 1 error / 28 deselected / 0 selected\n\n==================================== ERRORS ====================================\n___________ ERROR collecting tests/system/test_complete_workflows.py ___________\nImportError while importing test module '/Users/apple/Library/Mobile Documents/com~apple~CloudDocs/SProjects/myagent-continuous-ai-builder/tests/system/test_complete_workflows.py'.\nHint: make sure your test modules/packages have valid Python names.\nTraceback:\n/Library/Developer/CommandLineTools/Library/Frameworks/Python3.framework/Versions/3.9/lib/python3.9/importlib/__init__.py:127: in import_module\n    return _bootstrap._gcd_import(name[level:], package, level)\ntests/system/test_complete_workflows.py:31: in <module>\n    from tests.fixtures.test_data import TEST_DATA\nE   ModuleNotFoundError: No module named 'tests.fixtures.test_data'\n=============================== warnings summary ===============================\nvenv/lib/python3.9/site-packages/jupyter_client/connect.py:22\n  /Users/apple/Library/Mobile Documents/com~apple~CloudDocs/SProjects/myagent-continuous-ai-builder/venv/lib/python3.9/site-packages/jupyter_client/connect.py:22: DeprecationWarning: Jupyter is migrating its paths to use standard platformdirs\n  given by the platformdirs library.  To remove this warning and\n  see the appropriate new directories, set the environment variable\n  `JUPYTER_PLATFORM_DIRS=1` and then run `jupyter --paths`.\n  The use of platformdirs will be the default in `jupyter_core` v6\n    from jupyter_core.paths import jupyter_data_dir, jupyter_runtime_dir, secure_write\n\nvenv/lib/python3.9/site-packages/torch/nn/modules/transformer.py:20\n  /Users/apple/Library/Mobile Documents/com~apple~CloudDocs/SProjects/myagent-continuous-ai-builder/venv/lib/python3.9/site-packages/torch/nn/modules/transformer.py:20: UserWarning: Failed to initialize NumPy: _ARRAY_API not found (Triggered internally at /Users/runner/work/pytorch/pytorch/pytorch/torch/csrc/utils/tensor_numpy.cpp:84.)\n    device: torch.device = torch.device(torch._C._get_default_device()),  # torch.device('cpu'),\n\nconfig/settings.py:19\n  /Users/apple/Library/Mobile Documents/com~apple~CloudDocs/SProjects/myagent-continuous-ai-builder/config/settings.py:19: PydanticDeprecatedSince20: Using extra keyword arguments on `Field` is deprecated and will be removed. Use `json_schema_extra` instead. (Extra keys: 'env'). Deprecated in Pydantic V2.0 to be removed in V3.0. See Pydantic V2 Migration Guide at https://errors.pydantic.dev/2.12/migration/\n    DEBUG: bool = Field(default=False, env=\"DEBUG\")\n\nconfig/settings.py:22\n  /Users/apple/Library/Mobile Documents/com~apple~CloudDocs/SProjects/myagent-continuous-ai-builder/config/settings.py:22: PydanticDeprecatedSince20: Using extra keyword arguments on `Field` is deprecated and will be removed. Use `json_schema_extra` instead. (Extra keys: 'env'). Deprecated in Pydantic V2.0 to be removed in V3.0. See Pydantic V2 Migration Guide at https://errors.pydantic.dev/2.12/migration/\n    API_HOST: str = Field(default=\"0.0.0.0\", env=\"API_HOST\")\n\nconfig/settings.py:23\n  /Users/apple/Library/Mobile Documents/com~apple~CloudDocs/SProjects/myagent-continuous-ai-builder/config/settings.py:23: PydanticDeprecatedSince20: Using extra keyword arguments on `Field` is deprecated and will be removed. Use `json_schema_extra` instead. (Extra keys: 'env'). Deprecated in Pydantic V2.0 to be removed in V3.0. See Pydantic V2 Migration Guide at https://errors.pydantic.dev/2.12/migration/\n    API_PORT: int = Field(default=8000, env=\"API_PORT\")\n\nconfig/settings.py:24\n  /Users/apple/Library/Mobile Documents/com~apple~CloudDocs/SProjects/myagent-continuous-ai-builder/config/settings.py:24: PydanticDeprecatedSince20: Using extra keyword arguments on `Field` is deprecated and will be removed. Use `json_schema_extra` instead. (Extra keys: 'env'). Deprecated in Pydantic V2.0 to be removed in V3.0. See Pydantic V2 Migration Guide at https://errors.pydantic.dev/2.12/migration/\n    API_WORKERS: int = Field(default=4, env=\"API_WORKERS\")\n\nconfig/settings.py:25\n  /Users/apple/Library/Mobile Documents/com~apple~CloudDocs/SProjects/myagent-continuous-ai-builder/config/settings.py:25: PydanticDeprecatedSince20: Using extra keyword arguments on `Field` is deprecated and will be removed. Use `json_schema_extra` instead. (Extra keys: 'env'). Deprecated in Pydantic V2.0 to be removed in V3.0. See Pydantic V2 Migration Guide at https://errors.pydantic.dev/2.12/migration/\n    CORS_ORIGINS: List[str] = Field(\n\nconfig/settings.py:31\n  /Users/apple/Library/Mobile Documents/com~apple~CloudDocs/SProjects/myagent-continuous-ai-builder/config/settings.py:31: PydanticDeprecatedSince20: Using extra keyword arguments on `Field` is deprecated and will be removed. Use `json_schema_extra` instead. (Extra keys: 'env'). Deprecated in Pydantic V2.0 to be removed in V3.0. See Pydantic V2 Migration Guide at https://errors.pydantic.dev/2.12/migration/\n    DATABASE_URL: str = Field(\n\nconfig/settings.py:35\n  /Users/apple/Library/Mobile Documents/com~apple~CloudDocs/SProjects/myagent-continuous-ai-builder/config/settings.py:35: PydanticDeprecatedSince20: Using extra keyword arguments on `Field` is deprecated and will be removed. Use `json_schema_extra` instead. (Extra keys: 'env'). Deprecated in Pydantic V2.0 to be removed in V3.0. See Pydantic V2 Migration Guide at https://errors.pydantic.dev/2.12/migration/\n    DATABASE_POOL_SIZE: int = Field(default=20, env=\"DATABASE_POOL_SIZE\")\n\nconfig/settings.py:36\n  /Users/apple/Library/Mobile Documents/com~apple~CloudDocs/SProjects/myagent-continuous-ai-builder/config/settings.py:36: PydanticDeprecatedSince20: Using extra keyword arguments on `Field` is deprecated and will be removed. Use `json_schema_extra` instead. (Extra keys: 'env'). Deprecated in Pydantic V2.0 to be removed in V3.0. See Pydantic V2 Migration Guide at https://errors.pydantic.dev/2.12/migration/\n    DATABASE_MAX_OVERFLOW: int = Field(default=10, env=\"DATABASE_MAX_OVERFLOW\")\n\nconfig/settings.py:39\n  /Users/apple/Library/Mobile Documents/com~apple~CloudDocs/SProjects/myagent-continuous-ai-builder/config/settings.py:39: PydanticDeprecatedSince20: Using extra keyword arguments on `Field` is deprecated and will be removed. Use `json_schema_extra` instead. (Extra keys: 'env'). Deprecated in Pydantic V2.0 to be removed in V3.0. See Pydantic V2 Migration Guide at https://errors.pydantic.dev/2.12/migration/\n    REDIS_URL: str = Field(default=\"redis://localhost:6379/0\", env=\"REDIS_URL\")\n\nconfig/settings.py:40\n  /Users/apple/Library/Mobile Documents/com~apple~CloudDocs/SProjects/myagent-continuous-ai-builder/config/settings.py:40: PydanticDeprecatedSince20: Using extra keyword arguments on `Field` is deprecated and will be removed. Use `json_schema_extra` instead. (Extra keys: 'env'). Deprecated in Pydantic V2.0 to be removed in V3.0. See Pydantic V2 Migration Guide at https://errors.pydantic.dev/2.12/migration/\n    REDIS_MAX_CONNECTIONS: int = Field(default=50, env=\"REDIS_MAX_CONNECTIONS\")\n\nconfig/settings.py:42\n  /Users/apple/Library/Mobile Documents/com~apple~CloudDocs/SProjects/myagent-continuous-ai-builder/config/settings.py:42: PydanticDeprecatedSince20: Pydantic V1 style `@validator` validators are deprecated. You should migrate to Pydantic V2 style `@field_validator` validators, see the migration guide for more details. Deprecated in Pydantic V2.0 to be removed in V3.0. See Pydantic V2 Migration Guide at https://errors.pydantic.dev/2.12/migration/\n    @validator(\"DATABASE_URL\", pre=True, always=True)\n\nconfig/settings.py:55\n  /Users/apple/Library/Mobile Documents/com~apple~CloudDocs/SProjects/myagent-continuous-ai-builder/config/settings.py:55: PydanticDeprecatedSince20: Using extra keyword arguments on `Field` is deprecated and will be removed. Use `json_schema_extra` instead. (Extra keys: 'env'). Deprecated in Pydantic V2.0 to be removed in V3.0. See Pydantic V2 Migration Guide at https://errors.pydantic.dev/2.12/migration/\n    CHROMADB_HOST: str = Field(default=\"localhost\", env=\"CHROMADB_HOST\")\n\nconfig/settings.py:56\n  /Users/apple/Library/Mobile Documents/com~apple~CloudDocs/SProjects/myagent-continuous-ai-builder/config/settings.py:56: PydanticDeprecatedSince20: Using extra keyword arguments on `Field` is deprecated and will be removed. Use `json_schema_extra` instead. (Extra keys: 'env'). Deprecated in Pydantic V2.0 to be removed in V3.0. See Pydantic V2 Migration Guide at https://errors.pydantic.dev/2.12/migration/\n    CHROMADB_PORT: int = Field(default=8000, env=\"CHROMADB_PORT\")\n\nconfig/settings.py:57\n  /Users/apple/Library/Mobile Documents/com~apple~CloudDocs/SProjects/myagent-continuous-ai-builder/config/settings.py:57: PydanticDeprecatedSince20: Using extra keyword arguments on `Field` is deprecated and will be removed. Use `json_schema_extra` instead. (Extra keys: 'env'). Deprecated in Pydantic V2.0 to be removed in V3.0. See Pydantic V2 Migration Guide at https://errors.pydantic.dev/2.12/migration/\n    CHROMADB_PATH: str = Field(\n\nconfig/settings.py:63\n  /Users/apple/Library/Mobile Documents/com~apple~CloudDocs/SProjects/myagent-continuous-ai-builder/config/settings.py:63: PydanticDeprecatedSince20: Using extra keyword arguments on `Field` is deprecated and will be removed. Use `json_schema_extra` instead. (Extra keys: 'env'). Deprecated in Pydantic V2.0 to be removed in V3.0. See Pydantic V2 Migration Guide at https://errors.pydantic.dev/2.12/migration/\n    OPENAI_API_KEY: Optional[str] = Field(default=None, env=\"OPENAI_API_KEY\")\n\nconfig/settings.py:64\n  /Users/apple/Library/Mobile Documents/com~apple~CloudDocs/SProjects/myagent-continuous-ai-builder/config/settings.py:64: PydanticDeprecatedSince20: Using extra keyword arguments on `Field` is deprecated and will be removed. Use `json_schema_extra` instead. (Extra keys: 'env'). Deprecated in Pydantic V2.0 to be removed in V3.0. See Pydantic V2 Migration Guide at https://errors.pydantic.dev/2.12/migration/\n    ANTHROPIC_API_KEY: Optional[str] = Field(default=None, env=\"ANTHROPIC_API_KEY\")\n\nconfig/settings.py:65\n  /Users/apple/Library/Mobile Documents/com~apple~CloudDocs/SProjects/myagent-continuous-ai-builder/config/settings.py:65: PydanticDeprecatedSince20: Using extra keyword arguments on `Field` is deprecated and will be removed. Use `json_schema_extra` instead. (Extra keys: 'env'). Deprecated in Pydantic V2.0 to be removed in V3.0. See Pydantic V2 Migration Guide at https://errors.pydantic.dev/2.12/migration/\n    OLLAMA_BASE_URL: str = Field(\n\nconfig/settings.py:71\n  /Users/apple/Library/Mobile Documents/com~apple~CloudDocs/SProjects/myagent-continuous-ai-builder/config/settings.py:71: PydanticDeprecatedSince20: Using extra keyword arguments on `Field` is deprecated and will be removed. Use `json_schema_extra` instead. (Extra keys: 'env'). Deprecated in Pydantic V2.0 to be removed in V3.0. See Pydantic V2 Migration Guide at https://errors.pydantic.dev/2.12/migration/\n    DEFAULT_LLM_PROVIDER: str = Field(default=\"openai\", env=\"DEFAULT_LLM_PROVIDER\")\n\nconfig/settings.py:72\n  /Users/apple/Library/Mobile Documents/com~apple~CloudDocs/SProjects/myagent-continuous-ai-builder/config/settings.py:72: PydanticDeprecatedSince20: Using extra keyword arguments on `Field` is deprecated and will be removed. Use `json_schema_extra` instead. (Extra keys: 'env'). Deprecated in Pydantic V2.0 to be removed in V3.0. See Pydantic V2 Migration Guide at https://errors.pydantic.dev/2.12/migration/\n    DEFAULT_MODEL: str = Field(default=\"gpt-5-chat-latest\", env=\"DEFAULT_MODEL\")\n\nconfig/settings.py:73\n  /Users/apple/Library/Mobile Documents/com~apple~CloudDocs/SProjects/myagent-continuous-ai-builder/config/settings.py:73: PydanticDeprecatedSince20: Using extra keyword arguments on `Field` is deprecated and will be removed. Use `json_schema_extra` instead. (Extra keys: 'env'). Deprecated in Pydantic V2.0 to be removed in V3.0. See Pydantic V2 Migration Guide at https://errors.pydantic.dev/2.12/migration/\n    LLM_TEMPERATURE: float = Field(default=0.7, env=\"LLM_TEMPERATURE\")\n\nconfig/settings.py:74\n  /Users/apple/Library/Mobile Documents/com~apple~CloudDocs/SProjects/myagent-continuous-ai-builder/config/settings.py:74: PydanticDeprecatedSince20: Using extra keyword arguments on `Field` is deprecated and will be removed. Use `json_schema_extra` instead. (Extra keys: 'env'). Deprecated in Pydantic V2.0 to be removed in V3.0. See Pydantic V2 Migration Guide at https://errors.pydantic.dev/2.12/migration/\n    LLM_MAX_TOKENS: int = Field(default=2000, env=\"LLM_MAX_TOKENS\")\n\nconfig/settings.py:77\n  /Users/apple/Library/Mobile Documents/com~apple~CloudDocs/SProjects/myagent-continuous-ai-builder/config/settings.py:77: PydanticDeprecatedSince20: Using extra keyword arguments on `Field` is deprecated and will be removed. Use `json_schema_extra` instead. (Extra keys: 'env'). Deprecated in Pydantic V2.0 to be removed in V3.0. See Pydantic V2 Migration Guide at https://errors.pydantic.dev/2.12/migration/\n    TARGET_TEST_COVERAGE: float = Field(default=95.0, env=\"TARGET_TEST_COVERAGE\")\n\nconfig/settings.py:78\n  /Users/apple/Library/Mobile Documents/com~apple~CloudDocs/SProjects/myagent-continuous-ai-builder/config/settings.py:78: PydanticDeprecatedSince20: Using extra keyword arguments on `Field` is deprecated and will be removed. Use `json_schema_extra` instead. (Extra keys: 'env'). Deprecated in Pydantic V2.0 to be removed in V3.0. See Pydantic V2 Migration Guide at https://errors.pydantic.dev/2.12/migration/\n    TARGET_PERFORMANCE_SCORE: float = Field(\n\nconfig/settings.py:82\n  /Users/apple/Library/Mobile Documents/com~apple~CloudDocs/SProjects/myagent-continuous-ai-builder/config/settings.py:82: PydanticDeprecatedSince20: Using extra keyword arguments on `Field` is deprecated and will be removed. Use `json_schema_extra` instead. (Extra keys: 'env'). Deprecated in Pydantic V2.0 to be removed in V3.0. See Pydantic V2 Migration Guide at https://errors.pydantic.dev/2.12/migration/\n    TARGET_DOCUMENTATION_COVERAGE: float = Field(\n\nconfig/settings.py:86\n  /Users/apple/Library/Mobile Documents/com~apple~CloudDocs/SProjects/myagent-continuous-ai-builder/config/settings.py:86: PydanticDeprecatedSince20: Using extra keyword arguments on `Field` is deprecated and will be removed. Use `json_schema_extra` instead. (Extra keys: 'env'). Deprecated in Pydantic V2.0 to be removed in V3.0. See Pydantic V2 Migration Guide at https://errors.pydantic.dev/2.12/migration/\n    TARGET_CODE_QUALITY_SCORE: float = Field(\n\nconfig/settings.py:90\n  /Users/apple/Library/Mobile Documents/com~apple~CloudDocs/SProjects/myagent-continuous-ai-builder/config/settings.py:90: PydanticDeprecatedSince20: Using extra keyword arguments on `Field` is deprecated and will be removed. Use `json_schema_extra` instead. (Extra keys: 'env'). Deprecated in Pydantic V2.0 to be removed in V3.0. See Pydantic V2 Migration Guide at https://errors.pydantic.dev/2.12/migration/\n    TARGET_SECURITY_SCORE: float = Field(default=95.0, env=\"TARGET_SECURITY_SCORE\")\n\nconfig/settings.py:91\n  /Users/apple/Library/Mobile Documents/com~apple~CloudDocs/SProjects/myagent-continuous-ai-builder/config/settings.py:91: PydanticDeprecatedSince20: Using extra keyword arguments on `Field` is deprecated and will be removed. Use `json_schema_extra` instead. (Extra keys: 'env'). Deprecated in Pydantic V2.0 to be removed in V3.0. See Pydantic V2 Migration Guide at https://errors.pydantic.dev/2.12/migration/\n    TARGET_USER_SATISFACTION: float = Field(\n\nconfig/settings.py:97\n  /Users/apple/Library/Mobile Documents/com~apple~CloudDocs/SProjects/myagent-continuous-ai-builder/config/settings.py:97: PydanticDeprecatedSince20: Using extra keyword arguments on `Field` is deprecated and will be removed. Use `json_schema_extra` instead. (Extra keys: 'env'). Deprecated in Pydantic V2.0 to be removed in V3.0. See Pydantic V2 Migration Guide at https://errors.pydantic.dev/2.12/migration/\n    MAX_AGENT_RETRIES: int = Field(default=3, env=\"MAX_AGENT_RETRIES\")\n\nconfig/settings.py:98\n  /Users/apple/Library/Mobile Documents/com~apple~CloudDocs/SProjects/myagent-continuous-ai-builder/config/settings.py:98: PydanticDeprecatedSince20: Using extra keyword arguments on `Field` is deprecated and will be removed. Use `json_schema_extra` instead. (Extra keys: 'env'). Deprecated in Pydantic V2.0 to be removed in V3.0. See Pydantic V2 Migration Guide at https://errors.pydantic.dev/2.12/migration/\n    AGENT_TIMEOUT_SECONDS: int = Field(default=300, env=\"AGENT_TIMEOUT_SECONDS\")\n\nconfig/settings.py:99\n  /Users/apple/Library/Mobile Documents/com~apple~CloudDocs/SProjects/myagent-continuous-ai-builder/config/settings.py:99: PydanticDeprecatedSince20: Using extra keyword arguments on `Field` is deprecated and will be removed. Use `json_schema_extra` instead. (Extra keys: 'env'). Deprecated in Pydantic V2.0 to be removed in V3.0. See Pydantic V2 Migration Guide at https://errors.pydantic.dev/2.12/migration/\n    CHECKPOINT_INTERVAL_HOURS: int = Field(\n\nconfig/settings.py:105\n  /Users/apple/Library/Mobile Documents/com~apple~CloudDocs/SProjects/myagent-continuous-ai-builder/config/settings.py:105: PydanticDeprecatedSince20: Using extra keyword arguments on `Field` is deprecated and will be removed. Use `json_schema_extra` instead. (Extra keys: 'env'). Deprecated in Pydantic V2.0 to be removed in V3.0. See Pydantic V2 Migration Guide at https://errors.pydantic.dev/2.12/migration/\n    PERSISTENCE_DIR: Path = Field(\n\nconfig/settings.py:109\n  /Users/apple/Library/Mobile Documents/com~apple~CloudDocs/SProjects/myagent-continuous-ai-builder/config/settings.py:109: PydanticDeprecatedSince20: Using extra keyword arguments on `Field` is deprecated and will be removed. Use `json_schema_extra` instead. (Extra keys: 'env'). Deprecated in Pydantic V2.0 to be removed in V3.0. See Pydantic V2 Migration Guide at https://errors.pydantic.dev/2.12/migration/\n    LOGS_DIR: Path = Field(default=Path(\"logs\"), env=\"LOGS_DIR\")\n\nconfig/settings.py:112\n  /Users/apple/Library/Mobile Documents/com~apple~CloudDocs/SProjects/myagent-continuous-ai-builder/config/settings.py:112: PydanticDeprecatedSince20: Using extra keyword arguments on `Field` is deprecated and will be removed. Use `json_schema_extra` instead. (Extra keys: 'env'). Deprecated in Pydantic V2.0 to be removed in V3.0. See Pydantic V2 Migration Guide at https://errors.pydantic.dev/2.12/migration/\n    SECRET_KEY: str = Field(\n\nconfig/settings.py:116\n  /Users/apple/Library/Mobile Documents/com~apple~CloudDocs/SProjects/myagent-continuous-ai-builder/config/settings.py:116: PydanticDeprecatedSince20: Using extra keyword arguments on `Field` is deprecated and will be removed. Use `json_schema_extra` instead. (Extra keys: 'env'). Deprecated in Pydantic V2.0 to be removed in V3.0. See Pydantic V2 Migration Guide at https://errors.pydantic.dev/2.12/migration/\n    JWT_ALGORITHM: str = Field(default=\"HS256\", env=\"JWT_ALGORITHM\")\n\nconfig/settings.py:117\n  /Users/apple/Library/Mobile Documents/com~apple~CloudDocs/SProjects/myagent-continuous-ai-builder/config/settings.py:117: PydanticDeprecatedSince20: Using extra keyword arguments on `Field` is deprecated and will be removed. Use `json_schema_extra` instead. (Extra keys: 'env'). Deprecated in Pydantic V2.0 to be removed in V3.0. See Pydantic V2 Migration Guide at https://errors.pydantic.dev/2.12/migration/\n    JWT_EXPIRATION_MINUTES: int = Field(\n\nconfig/settings.py:123\n  /Users/apple/Library/Mobile Documents/com~apple~CloudDocs/SProjects/myagent-continuous-ai-builder/config/settings.py:123: PydanticDeprecatedSince20: Using extra keyword arguments on `Field` is deprecated and will be removed. Use `json_schema_extra` instead. (Extra keys: 'env'). Deprecated in Pydantic V2.0 to be removed in V3.0. See Pydantic V2 Migration Guide at https://errors.pydantic.dev/2.12/migration/\n    RATE_LIMIT_PER_MINUTE: int = Field(default=100, env=\"RATE_LIMIT_PER_MINUTE\")\n\nconfig/settings.py:125\n  /Users/apple/Library/Mobile Documents/com~apple~CloudDocs/SProjects/myagent-continuous-ai-builder/config/settings.py:125: PydanticDeprecatedSince20: Pydantic V1 style `@validator` validators are deprecated. You should migrate to Pydantic V2 style `@field_validator` validators, see the migration guide for more details. Deprecated in Pydantic V2.0 to be removed in V3.0. See Pydantic V2 Migration Guide at https://errors.pydantic.dev/2.12/migration/\n    @validator(\"CORS_ORIGINS\", pre=True)\n\nconfig/settings.py:132\n  /Users/apple/Library/Mobile Documents/com~apple~CloudDocs/SProjects/myagent-continuous-ai-builder/config/settings.py:132: PydanticDeprecatedSince20: Pydantic V1 style `@validator` validators are deprecated. You should migrate to Pydantic V2 style `@field_validator` validators, see the migration guide for more details. Deprecated in Pydantic V2.0 to be removed in V3.0. See Pydantic V2 Migration Guide at https://errors.pydantic.dev/2.12/migration/\n    @validator(\"PERSISTENCE_DIR\", \"LOGS_DIR\", pre=True)\n\nconfig/settings.py:13\n  /Users/apple/Library/Mobile Documents/com~apple~CloudDocs/SProjects/myagent-continuous-ai-builder/config/settings.py:13: PydanticDeprecatedSince20: Support for class-based `config` is deprecated, use ConfigDict instead. Deprecated in Pydantic V2.0 to be removed in V3.0. See Pydantic V2 Migration Guide at https://errors.pydantic.dev/2.12/migration/\n    class Settings(BaseSettings):\n\ntests/system/test_api_performance.py:308\n  /Users/apple/Library/Mobile Documents/com~apple~CloudDocs/SProjects/myagent-continuous-ai-builder/tests/system/test_api_performance.py:308: PytestUnknownMarkWarning: Unknown pytest.mark.performance - is this a typo?  You can register custom marks to avoid this warning - for details, see https://docs.pytest.org/en/stable/how-to/mark.html\n    @pytest.mark.performance\n\ntests/system/test_api_performance.py:461\n  /Users/apple/Library/Mobile Documents/com~apple~CloudDocs/SProjects/myagent-continuous-ai-builder/tests/system/test_api_performance.py:461: PytestUnknownMarkWarning: Unknown pytest.mark.performance - is this a typo?  You can register custom marks to avoid this warning - for details, see https://docs.pytest.org/en/stable/how-to/mark.html\n    @pytest.mark.performance\n\ntests/system/test_api_performance.py:462\n  /Users/apple/Library/Mobile Documents/com~apple~CloudDocs/SProjects/myagent-continuous-ai-builder/tests/system/test_api_performance.py:462: PytestUnknownMarkWarning: Unknown pytest.mark.benchmark - is this a typo?  You can register custom marks to avoid this warning - for details, see https://docs.pytest.org/en/stable/how-to/mark.html\n    @pytest.mark.benchmark\n\ntests/system/test_database_performance.py:426\n  /Users/apple/Library/Mobile Documents/com~apple~CloudDocs/SProjects/myagent-continuous-ai-builder/tests/system/test_database_performance.py:426: PytestUnknownMarkWarning: Unknown pytest.mark.performance - is this a typo?  You can register custom marks to avoid this warning - for details, see https://docs.pytest.org/en/stable/how-to/mark.html\n    @pytest.mark.performance\n\ntests/system/test_database_performance.py:427\n  /Users/apple/Library/Mobile Documents/com~apple~CloudDocs/SProjects/myagent-continuous-ai-builder/tests/system/test_database_performance.py:427: PytestUnknownMarkWarning: Unknown pytest.mark.database - is this a typo?  You can register custom marks to avoid this warning - for details, see https://docs.pytest.org/en/stable/how-to/mark.html\n    @pytest.mark.database\n\ntests/system/test_e2e_calculator_build.py:12\n  /Users/apple/Library/Mobile Documents/com~apple~CloudDocs/SProjects/myagent-continuous-ai-builder/tests/system/test_e2e_calculator_build.py:12: PytestUnknownMarkWarning: Unknown pytest.mark.e2e - is this a typo?  You can register custom marks to avoid this warning - for details, see https://docs.pytest.org/en/stable/how-to/mark.html\n    @pytest.mark.e2e\n\n-- Docs: https://docs.pytest.org/en/stable/how-to/capture-warnings.html\n=========================== short test summary info ============================\nERROR tests/system/test_complete_workflows.py\n!!!!!!!!!!!!!!!!!!!! Interrupted: 1 error during collection !!!!!!!!!!!!!!!!!!!!\n================= 28 deselected, 47 warnings, 1 error in 4.38s =================\n",
      "stderr": "/Users/apple/Library/Mobile Documents/com~apple~CloudDocs/SProjects/myagent-continuous-ai-builder/venv/lib/python3.9/site-packages/urllib3/__init__.py:35: NotOpenSSLWarning: urllib3 v2 only supports OpenSSL 1.1.1+, currently the 'ssl' module is compiled with 'LibreSSL 2.8.3'. See: https://github.com/urllib3/urllib3/issues/3020\n  warnings.warn(\n",
      "command": "/Users/apple/Library/Mobile Documents/com~apple~CloudDocs/SProjects/myagent-continuous-ai-builder/venv/bin/python -m pytest tests/system/ -m system -v"
    }
  },
  "recommendations": [
    "Fix unit test failures before proceeding with integration testing",
    "Review agent coordination and API integration issues",
    "Implement missing test categories: e2e, performance, usability",
    "Improve test coverage in integration tests",
    "Improve test coverage in system tests"
  ]
}
